//  Catapult University Version 2011a.126 (Production Release) Wed Aug  8 00:52:07 PDT 2012
//  
//  Copyright (c) Calypto Design Systems, Inc., 1996-2012, All Rights Reserved.
//                       UNPUBLISHED, LICENSED SOFTWARE.
//            CONFIDENTIAL AND PROPRIETARY INFORMATION WHICH IS THE
//          PROPERTY OF CALYPTO DESIGN SYSTEMS OR ITS LICENSORS
//  
//  Running on Windows 7 nn1114@EEWS304-032 Service Pack 1 6.01.7601 i686
//  
//  Package information: SIFLIBS v17.0_1.1, HLS_PKGS v17.0_1.1, 
//                       DesignPad v2.78_0.0
//  
//  This version may only be used for academic purposes.  Some optimizations 
//  are disabled, so results obtained from this version may be sub-optimal.
//  
//  Start time Wed May 13 21:17:55 2015
# -------------------------------------------------
# Logging session transcript to file "C:\Users\nn1114\AppData\Local\Temp\log6120d8f7d8.0"
# Loading options from registry.
# Warning: set_working_dir: Directory 'C:/Windows/System32' not writable, using C:/Users/nn1114/AppData/Local/Temp
project new -name erosion
project load {H:/FINAL PROJECT/FINAL PROJECT/catapult_proj/erosion/erosion.h}
# Error: invalid command name "////////////////////////////////////////////////////////////////////////////////"
project load {H:/FINAL PROJECT/FINAL PROJECT/catapult_proj/erosion/erosion.ccs}
# Moving session transcript to file "H:\FINAL PROJECT\FINAL PROJECT\catapult_proj\erosion\catapult.log"
# File '$PROJECT_HOME/erosion.h' saved
# File '$PROJECT_HOME/erosion.c' saved
solution file add ./shift_class.h
# /INPUTFILES/3
solution file add ./bmp_io.cpp
# /INPUTFILES/4
solution file add ./bmp_io.h
# /INPUTFILES/5
go analyze
# Info: Starting transformation 'analyze' on solution 'solution.v1' (SOL-8)
# Front End called with arguments: -- {H:\FINAL PROJECT\FINAL PROJECT\catapult_proj\erosion\bmp_io.h} {H:\FINAL PROJECT\FINAL PROJECT\catapult_proj\erosion\bmp_io.cpp} {H:\FINAL PROJECT\FINAL PROJECT\catapult_proj\erosion\shift_class.h} {H:\FINAL PROJECT\FINAL PROJECT\catapult_proj\erosion\erosion.c} {H:\FINAL PROJECT\FINAL PROJECT\catapult_proj\erosion\erosion.h} (CIN-69)
# Edison Design Group C++/C Front End - Version 3.10.1 (CIN-1)
# Warning: $PROJECT_HOME/bmp_io.cpp(1699): $PROJECT_HOME/bmp_io.cpp(1699): variable "garray" is used before its value is set (CRD-549)
# Warning:           detected during compilation of secondary translation unit "H:\FINAL PROJECT\FINAL PROJECT\catapult_proj\erosion\bmp_io.cpp"
# Warning: $PROJECT_HOME/bmp_io.cpp(1700): $PROJECT_HOME/bmp_io.cpp(1700): variable "barray" is used before its value is set (CRD-549)
# Warning:           detected during compilation of secondary translation unit "H:\FINAL PROJECT\FINAL PROJECT\catapult_proj\erosion\bmp_io.cpp"
# Error: $PROJECT_HOME/erosion.c(40): $PROJECT_HOME/erosion.c(40): could not open source file "blur.h" (CRD-5)
# Warning:           detected during compilation of secondary translation unit "H:\FINAL PROJECT\FINAL PROJECT\catapult_proj\erosion\erosion.c"
# Error: Compilation aborted (CIN-5)
# Error: go analyze: Failed analyze
# File '$PROJECT_HOME/erosion.c' saved
go analyze
# Info: Starting transformation 'analyze' on solution 'solution.v1' (SOL-8)
# Front End called with arguments: -- {H:\FINAL PROJECT\FINAL PROJECT\catapult_proj\erosion\bmp_io.h} {H:\FINAL PROJECT\FINAL PROJECT\catapult_proj\erosion\bmp_io.cpp} {H:\FINAL PROJECT\FINAL PROJECT\catapult_proj\erosion\shift_class.h} {H:\FINAL PROJECT\FINAL PROJECT\catapult_proj\erosion\erosion.c} {H:\FINAL PROJECT\FINAL PROJECT\catapult_proj\erosion\erosion.h} (CIN-69)
# Edison Design Group C++/C Front End - Version 3.10.1 (CIN-1)
# Warning: $PROJECT_HOME/bmp_io.cpp(1699): $PROJECT_HOME/bmp_io.cpp(1699): variable "garray" is used before its value is set (CRD-549)
# Warning:           detected during compilation of secondary translation unit "H:\FINAL PROJECT\FINAL PROJECT\catapult_proj\erosion\bmp_io.cpp"
# Warning: $PROJECT_HOME/bmp_io.cpp(1700): $PROJECT_HOME/bmp_io.cpp(1700): variable "barray" is used before its value is set (CRD-549)
# Warning:           detected during compilation of secondary translation unit "H:\FINAL PROJECT\FINAL PROJECT\catapult_proj\erosion\bmp_io.cpp"
# Warning: $PROJECT_HOME/erosion.h(45): $PROJECT_HOME/erosion.h(45): last line of file ends without a newline (CRD-1)
# Warning:           detected during compilation of secondary translation unit "H:\FINAL PROJECT\FINAL PROJECT\catapult_proj\erosion\erosion.c"
# Warning: $PROJECT_HOME/erosion.h(45): $PROJECT_HOME/erosion.h(45): last line of file ends without a newline (CRD-1)
# Warning:           detected during compilation of secondary translation unit "H:\FINAL PROJECT\FINAL PROJECT\catapult_proj\erosion\erosion.h"
# $PROJECT_HOME/erosion.c(49): Pragma 'hls_design<top>' detected on routine 'erosion' (CIN-6)
# Source file analysis completed (CIN-68)
# Info: Completed transformation 'analyze' on solution 'solution.v1': elapsed time 2.12 seconds, memory usage 152592kB, peak memory usage 245084kB (SOL-9)
directive set -CLOCKS {clk {-CLOCK_PERIOD 37.037037037 -CLOCK_EDGE rising -CLOCK_HIGH_TIME 18.52 -CLOCK_OFFSET 0.000000 -CLOCK_UNCERTAINTY 0.0 -RESET_KIND async -RESET_SYNC_NAME rst -RESET_SYNC_ACTIVE high -RESET_ASYNC_NAME arst_n -RESET_ASYNC_ACTIVE low -ENABLE_NAME en -ENABLE_ACTIVE high}}
# /CLOCKS {clk {-CLOCK_PERIOD 37.037037037 -CLOCK_EDGE rising -CLOCK_UNCERTAINTY 0.0 -CLOCK_HIGH_TIME 18.52 -RESET_SYNC_NAME rst -RESET_ASYNC_NAME arst_n -RESET_KIND async -RESET_SYNC_ACTIVE high -RESET_ASYNC_ACTIVE low -ENABLE_NAME en -ENABLE_ACTIVE high}}
directive set -DESIGN_HIERARCHY erosion
# /DESIGN_HIERARCHY erosion
directive set -TECHLIBS {{Altera_accel_CycloneIII.lib Altera_accel_CycloneIII} {mgc_Altera-Cyclone-III-6_beh_psr.lib {{mgc_Altera-Cyclone-III-6_beh_psr part EP3C16F484C}}}}
# /TECHLIBS {{Altera_accel_CycloneIII.lib Altera_accel_CycloneIII} {mgc_Altera-Cyclone-III-6_beh_psr.lib {{mgc_Altera-Cyclone-III-6_beh_psr part EP3C16F484C}}}}
go compile
# Info: Starting transformation 'compile' on solution 'solution.v1' (SOL-8)
# Reading component library '$MGC_HOME\pkgs\siflibs\mgc_busdefs.lib' [mgc_busdefs]... (LIB-49)
# Reading component library '$MGC_HOME\pkgs\siflibs\stdops.lib' [STDOPS]... (LIB-49)
# Reading component library '$MGC_HOME\pkgs\siflibs\mgc_ioport.lib' [mgc_ioport]... (LIB-49)
# Reading component library '$MGC_HOME\pkgs\ccs_altera\Altera_accel_CycloneIII.lib' [Altera_accel_CycloneIII]... (LIB-49)
# Reading component library '$MGC_HOME\pkgs\siflibs\psr2010a_up2\mgc_Altera-Cyclone-III-6_beh_psr.lib' [mgc_Altera-Cyclone-III-6_beh_psr]... (LIB-49)
# Generating synthesis internal form... (CIN-3)
# $PROJECT_HOME/erosion.c(50): Found top design routine 'erosion' specified by directive (CIN-52)
# $PROJECT_HOME/erosion.c(50): Synthesizing routine 'erosion' (CIN-13)
# $PROJECT_HOME/erosion.c(50): Inlining routine 'erosion' (CIN-14)
# $PROJECT_HOME/shift_class.h(13): Inlining member function 'shift_class<ac_int<150, false>, 5>::shift_class' on object 'regs' (CIN-64)
# $PROJECT_HOME/shift_class.h(32): Inlining member function 'shift_class<ac_int<150, false>, 5>::operator<<' on object 'regs' (CIN-64)
# $PROJECT_HOME/shift_class.h(48): Inlining member function 'shift_class<ac_int<150, false>, 5>::operator[]' on object 'regs' (CIN-64)
# $PROJECT_HOME/erosion.c(50): Optimizing block '/erosion' ... (CIN-4)
# $PROJECT_HOME/erosion.c(50): Inout port 'vin' is only used as an input. (OPT-10)
# $PROJECT_HOME/erosion.c(50): Inout port 'vout' is only used as an output. (OPT-11)
# Info: Optimizing partition '/erosion': (Total ops = 83, Real ops = 20, Vars = 29) (SOL-10)
# Info: Optimizing partition '/erosion/core': (Total ops = 83, Real ops = 20, Vars = 27) (SOL-10)
# Info: Optimizing partition '/erosion/core': (Total ops = 83, Real ops = 20, Vars = 27) (SOL-10)
# Info: Optimizing partition '/erosion': (Total ops = 83, Real ops = 20, Vars = 29) (SOL-10)
# Info: Optimizing partition '/erosion': (Total ops = 83, Real ops = 20, Vars = 29) (SOL-10)
# Info: Optimizing partition '/erosion/core': (Total ops = 83, Real ops = 20, Vars = 27) (SOL-10)
# Info: Optimizing partition '/erosion/core': (Total ops = 59, Real ops = 19, Vars = 14) (SOL-10)
# Info: Optimizing partition '/erosion/core': (Total ops = 50, Real ops = 19, Vars = 13) (SOL-10)
# Info: Optimizing partition '/erosion/core': (Total ops = 50, Real ops = 19, Vars = 13) (SOL-10)
# Info: Optimizing partition '/erosion': (Total ops = 50, Real ops = 19, Vars = 15) (SOL-10)
# Info: Optimizing partition '/erosion': (Total ops = 50, Real ops = 19, Vars = 15) (SOL-10)
# Info: Optimizing partition '/erosion/core': (Total ops = 47, Real ops = 16, Vars = 17) (SOL-10)
# Info: Optimizing partition '/erosion/core': (Total ops = 108, Real ops = 16, Vars = 8) (SOL-10)
# Info: Optimizing partition '/erosion': (Total ops = 108, Real ops = 16, Vars = 10) (SOL-10)
# Info: Optimizing partition '/erosion/core': (Total ops = 108, Real ops = 16, Vars = 8) (SOL-10)
# Info: Optimizing partition '/erosion': (Total ops = 108, Real ops = 16, Vars = 10) (SOL-10)
# Info: Optimizing partition '/erosion': (Total ops = 108, Real ops = 16, Vars = 10) (SOL-10)
# Info: Optimizing partition '/erosion/core': (Total ops = 108, Real ops = 16, Vars = 8) (SOL-10)
# $PROJECT_HOME/shift_class.h(34): Loop '/erosion/core/SHIFT' iterated at most 5 times. (LOOP-2)
# $PROJECT_HOME/erosion.c(72): Loop '/erosion/core/ACC1:for' iterated at most 5 times. (LOOP-2)
# $PROJECT_HOME/erosion.c(70): Loop '/erosion/core/ACC1' iterated at most 5 times. (LOOP-2)
# $PROJECT_HOME/erosion.c(63): Loop '/erosion/core/FRAME' iterated at most 420000 times. (LOOP-2)
# Info: Optimizing partition '/erosion/core': (Total ops = 67, Real ops = 15, Vars = 8) (SOL-10)
# Info: Optimizing partition '/erosion/core': (Total ops = 55, Real ops = 15, Vars = 7) (SOL-10)
# Info: Optimizing partition '/erosion': (Total ops = 55, Real ops = 15, Vars = 9) (SOL-10)
# Info: Optimizing partition '/erosion/core': (Total ops = 49, Real ops = 15, Vars = 11) (SOL-10)
# Info: Optimizing partition '/erosion/core': (Total ops = 48, Real ops = 15, Vars = 7) (SOL-10)
# Info: Optimizing partition '/erosion': (Total ops = 48, Real ops = 15, Vars = 9) (SOL-10)
# Info: Optimizing partition '/erosion/core': (Total ops = 48, Real ops = 15, Vars = 7) (SOL-10)
# Info: Optimizing partition '/erosion': (Total ops = 48, Real ops = 15, Vars = 9) (SOL-10)
# Design 'erosion' was read (SOL-1)
# Info: Completed transformation 'compile' on solution 'erosion.v1': elapsed time 1.54 seconds, memory usage 158024kB, peak memory usage 245084kB (SOL-9)
# File '$PROJECT_HOME/erosion.c' saved
# Input file has changed
go new
solution file set {$PROJECT_HOME/erosion.c} -updated
# Info: Branching solution 'solution.v1' at state 'new' (PRJ-2)
go analyze
# Info: Starting transformation 'analyze' on solution 'solution.v1' (SOL-8)
# Front End called with arguments: -- {H:\FINAL PROJECT\FINAL PROJECT\catapult_proj\erosion\bmp_io.h} {H:\FINAL PROJECT\FINAL PROJECT\catapult_proj\erosion\bmp_io.cpp} {H:\FINAL PROJECT\FINAL PROJECT\catapult_proj\erosion\shift_class.h} {H:\FINAL PROJECT\FINAL PROJECT\catapult_proj\erosion\erosion.c} {H:\FINAL PROJECT\FINAL PROJECT\catapult_proj\erosion\erosion.h} (CIN-69)
# Edison Design Group C++/C Front End - Version 3.10.1 (CIN-1)
# Warning: $PROJECT_HOME/bmp_io.cpp(1699): $PROJECT_HOME/bmp_io.cpp(1699): variable "garray" is used before its value is set (CRD-549)
# Warning:           detected during compilation of secondary translation unit "H:\FINAL PROJECT\FINAL PROJECT\catapult_proj\erosion\bmp_io.cpp"
# Warning: $PROJECT_HOME/bmp_io.cpp(1700): $PROJECT_HOME/bmp_io.cpp(1700): variable "barray" is used before its value is set (CRD-549)
# Warning:           detected during compilation of secondary translation unit "H:\FINAL PROJECT\FINAL PROJECT\catapult_proj\erosion\bmp_io.cpp"
# Warning: $PROJECT_HOME/erosion.h(45): $PROJECT_HOME/erosion.h(45): last line of file ends without a newline (CRD-1)
# Warning:           detected during compilation of secondary translation unit "H:\FINAL PROJECT\FINAL PROJECT\catapult_proj\erosion\erosion.c"
# Warning: $PROJECT_HOME/erosion.h(45): $PROJECT_HOME/erosion.h(45): last line of file ends without a newline (CRD-1)
# Warning:           detected during compilation of secondary translation unit "H:\FINAL PROJECT\FINAL PROJECT\catapult_proj\erosion\erosion.h"
# $PROJECT_HOME/erosion.c(49): Pragma 'hls_design<top>' detected on routine 'erosion' (CIN-6)
# Source file analysis completed (CIN-68)
# Info: Completed transformation 'analyze' on solution 'solution.v1': elapsed time 2.04 seconds, memory usage 163836kB, peak memory usage 255836kB (SOL-9)
go compile
# Info: Starting transformation 'compile' on solution 'solution.v1' (SOL-8)
# Generating synthesis internal form... (CIN-3)
# $PROJECT_HOME/erosion.c(50): Found top design routine 'erosion' specified by directive (CIN-52)
# $PROJECT_HOME/erosion.c(50): Synthesizing routine 'erosion' (CIN-13)
# $PROJECT_HOME/erosion.c(50): Inlining routine 'erosion' (CIN-14)
# $PROJECT_HOME/shift_class.h(13): Inlining member function 'shift_class<ac_int<150, false>, 5>::shift_class' on object 'regs' (CIN-64)
# $PROJECT_HOME/shift_class.h(32): Inlining member function 'shift_class<ac_int<150, false>, 5>::operator<<' on object 'regs' (CIN-64)
# $PROJECT_HOME/shift_class.h(48): Inlining member function 'shift_class<ac_int<150, false>, 5>::operator[]' on object 'regs' (CIN-64)
# $PROJECT_HOME/erosion.c(50): Optimizing block '/erosion' ... (CIN-4)
# $PROJECT_HOME/erosion.c(50): Inout port 'vin' is only used as an input. (OPT-10)
# $PROJECT_HOME/erosion.c(50): Inout port 'vout' is only used as an output. (OPT-11)
# Info: Optimizing partition '/erosion': (Total ops = 83, Real ops = 20, Vars = 29) (SOL-10)
# Info: Optimizing partition '/erosion/core': (Total ops = 83, Real ops = 20, Vars = 27) (SOL-10)
# Info: Optimizing partition '/erosion/core': (Total ops = 83, Real ops = 20, Vars = 27) (SOL-10)
# Info: Optimizing partition '/erosion': (Total ops = 83, Real ops = 20, Vars = 29) (SOL-10)
# Info: Optimizing partition '/erosion': (Total ops = 83, Real ops = 20, Vars = 29) (SOL-10)
# Info: Optimizing partition '/erosion/core': (Total ops = 83, Real ops = 20, Vars = 27) (SOL-10)
# Info: Optimizing partition '/erosion/core': (Total ops = 59, Real ops = 19, Vars = 14) (SOL-10)
# Info: Optimizing partition '/erosion/core': (Total ops = 50, Real ops = 19, Vars = 13) (SOL-10)
# Info: Optimizing partition '/erosion/core': (Total ops = 50, Real ops = 19, Vars = 13) (SOL-10)
# Info: Optimizing partition '/erosion': (Total ops = 50, Real ops = 19, Vars = 15) (SOL-10)
# Info: Optimizing partition '/erosion': (Total ops = 50, Real ops = 19, Vars = 15) (SOL-10)
# Info: Optimizing partition '/erosion/core': (Total ops = 47, Real ops = 16, Vars = 17) (SOL-10)
# Info: Optimizing partition '/erosion/core': (Total ops = 108, Real ops = 16, Vars = 8) (SOL-10)
# Info: Optimizing partition '/erosion': (Total ops = 108, Real ops = 16, Vars = 10) (SOL-10)
# Info: Optimizing partition '/erosion/core': (Total ops = 108, Real ops = 16, Vars = 8) (SOL-10)
# Info: Optimizing partition '/erosion': (Total ops = 108, Real ops = 16, Vars = 10) (SOL-10)
# Info: Optimizing partition '/erosion': (Total ops = 108, Real ops = 16, Vars = 10) (SOL-10)
# Info: Optimizing partition '/erosion/core': (Total ops = 108, Real ops = 16, Vars = 8) (SOL-10)
# $PROJECT_HOME/shift_class.h(34): Loop '/erosion/core/SHIFT' iterated at most 5 times. (LOOP-2)
# $PROJECT_HOME/erosion.c(72): Loop '/erosion/core/ACC1:for' iterated at most 5 times. (LOOP-2)
# $PROJECT_HOME/erosion.c(70): Loop '/erosion/core/ACC1' iterated at most 5 times. (LOOP-2)
# $PROJECT_HOME/erosion.c(63): Loop '/erosion/core/FRAME' iterated at most 420000 times. (LOOP-2)
# Info: Optimizing partition '/erosion/core': (Total ops = 67, Real ops = 15, Vars = 8) (SOL-10)
# Info: Optimizing partition '/erosion/core': (Total ops = 55, Real ops = 15, Vars = 7) (SOL-10)
# Info: Optimizing partition '/erosion': (Total ops = 55, Real ops = 15, Vars = 9) (SOL-10)
# Info: Optimizing partition '/erosion/core': (Total ops = 49, Real ops = 15, Vars = 11) (SOL-10)
# Info: Optimizing partition '/erosion/core': (Total ops = 48, Real ops = 15, Vars = 7) (SOL-10)
# Info: Optimizing partition '/erosion': (Total ops = 48, Real ops = 15, Vars = 9) (SOL-10)
# Info: Optimizing partition '/erosion/core': (Total ops = 48, Real ops = 15, Vars = 7) (SOL-10)
# Info: Optimizing partition '/erosion': (Total ops = 48, Real ops = 15, Vars = 9) (SOL-10)
# Design 'erosion' was read (SOL-1)
# Info: Completed transformation 'compile' on solution 'erosion.v2': elapsed time 1.50 seconds, memory usage 164012kB, peak memory usage 255836kB (SOL-9)
directive set /erosion/vin -STREAM 150
# /erosion/vin/STREAM 150
directive set /erosion/vout -STREAM 30
# /erosion/vout/STREAM 30
directive set /erosion/core/main/FRAME -PIPELINE_INIT_INTERVAL 1
# /erosion/core/main/FRAME/PIPELINE_INIT_INTERVAL 1
directive set /erosion/core/main/FRAME -DISTRIBUTED_PIPELINE true
# /erosion/core/main/FRAME/DISTRIBUTED_PIPELINE true
directive set /erosion/core/main/FRAME/ACC1 -PIPELINE_INIT_INTERVAL 1
# /erosion/core/main/FRAME/ACC1/PIPELINE_INIT_INTERVAL 1
directive set /erosion/core/main/FRAME/ACC1/ACC1:for -PIPELINE_INIT_INTERVAL 1
# /erosion/core/main/FRAME/ACC1/ACC1:for/PIPELINE_INIT_INTERVAL 1
go extract
# Info: Starting transformation 'architect' on solution 'erosion.v2' (SOL-8)
# $PROJECT_HOME/shift_class.h(34): Loop '/erosion/core/SHIFT' is left rolled. (LOOP-4)
# $PROJECT_HOME/erosion.c(72): Loop '/erosion/core/ACC1:for' is left rolled. (LOOP-4)
# $PROJECT_HOME/erosion.c(70): Loop '/erosion/core/ACC1' is left rolled. (LOOP-4)
# $PROJECT_HOME/erosion.c(63): Loop '/erosion/core/FRAME' is left rolled. (LOOP-4)
# $PROJECT_HOME/erosion.c(50): Loop '/erosion/core/main' is left rolled. (LOOP-4)
# $PROJECT_HOME/erosion.c(50): I/O-Port inferred - resource 'vin:rsc' (from var: vin) mapped to 'mgc_ioport.mgc_in_wire' (size: 150). (MEM-2)
# $PROJECT_HOME/erosion.c(50): I/O-Port inferred - resource 'vout:rsc' (from var: vout) mapped to 'mgc_ioport.mgc_out_stdreg' (size: 30). (MEM-2)
# Info: Optimizing partition '/erosion': (Total ops = 49, Real ops = 16, Vars = 12) (SOL-10)
# Info: Optimizing partition '/erosion/core': (Total ops = 49, Real ops = 16, Vars = 7) (SOL-10)
# Info: Optimizing partition '/erosion/core': (Total ops = 49, Real ops = 16, Vars = 7) (SOL-10)
# Info: Optimizing partition '/erosion': (Total ops = 49, Real ops = 16, Vars = 12) (SOL-10)
# Info: Optimizing partition '/erosion': (Total ops = 72, Real ops = 23, Vars = 20) (SOL-10)
# Info: Optimizing partition '/erosion/core': (Total ops = 66, Real ops = 26, Vars = 23) (SOL-10)
# Info: Optimizing partition '/erosion/core': (Total ops = 68, Real ops = 26, Vars = 12) (SOL-10)
# Info: Optimizing partition '/erosion': (Total ops = 68, Real ops = 26, Vars = 17) (SOL-10)
# Info: Optimizing partition '/erosion/core': (Total ops = 80, Real ops = 27, Vars = 17) (SOL-10)
# Info: Optimizing partition '/erosion/core': (Total ops = 80, Real ops = 27, Vars = 17) (SOL-10)
# Info: Optimizing partition '/erosion/core': (Total ops = 372, Real ops = 82, Vars = 189) (SOL-10)
# Info: Optimizing partition '/erosion/core': (Total ops = 195, Real ops = 61, Vars = 63) (SOL-10)
# Info: Optimizing partition '/erosion/core': (Total ops = 194, Real ops = 61, Vars = 61) (SOL-10)
# Design 'erosion' contains '63' real operations. (SOL-11)
# Info: Completed transformation 'architect' on solution 'erosion.v2': elapsed time 1.47 seconds, memory usage 165144kB, peak memory usage 255836kB (SOL-9)
# Info: Starting transformation 'allocate' on solution 'erosion.v2' (SOL-8)
# Performing concurrent resource allocation and scheduling on '/erosion/core' (CRAAS-1)
# Info: Select qualified components for data operations ... (CRAAS-3)
# Info: Apply resource constraints on data operations ... (CRAAS-4)
# $PROJECT_HOME/erosion.c(63): Prescheduled LOOP 'FRAME' (2 c-steps) (SCHD-7)
# $PROJECT_HOME/erosion.c(50): Prescheduled LOOP 'main' (1 c-steps) (SCHD-7)
# $PROJECT_HOME/erosion.c(50): Prescheduled LOOP 'core:rlp' (0 c-steps) (SCHD-7)
# $PROJECT_HOME/erosion.c(50): Prescheduled SEQUENTIAL 'core' (total length 25200001 c-steps) (SCHD-8)
# Info: Initial schedule of SEQUENTIAL 'core': Latency = 12600000, Area (Datapath, Register, Total) = 11644.56, 0.00, 11644.56 (CRAAS-11)
# At least one feasible schedule exists. (CRAAS-9)
# Info: Final schedule of SEQUENTIAL 'core': Latency = 12600000, Area (Datapath, Register, Total) = 11644.56, 0.00, 11644.56 (CRAAS-12)
# Resource allocation and scheduling done. (CRAAS-2)
# Netlist written to file 'schedule.gnt' (NET-4)
# Info: Completed transformation 'allocate' on solution 'erosion.v2': elapsed time 0.28 seconds, memory usage 166188kB, peak memory usage 255836kB (SOL-9)
# Info: Starting transformation 'schedule' on solution 'erosion.v2' (SOL-8)
# Performing concurrent resource allocation and scheduling on '/erosion/core' (CRAAS-1)
# Global signal 'vin:rsc.z' added to design 'erosion' for component 'vin:rsc:mgc_in_wire' (LIB-3)
# Global signal 'vout:rsc.z' added to design 'erosion' for component 'vout:rsc:mgc_out_stdreg' (LIB-3)
# Info: Optimizing partition '/erosion': (Total ops = 249, Real ops = 65, Vars = 87) (SOL-10)
# Info: Optimizing partition '/erosion/erosion:core': (Total ops = 239, Real ops = 64, Vars = 79) (SOL-10)
# Info: Optimizing partition '/erosion/erosion:core/core': (Total ops = 233, Real ops = 64, Vars = 78) (SOL-10)
# Info: Optimizing partition '/erosion/erosion:core/core': (Total ops = 183, Real ops = 63, Vars = 59) (SOL-10)
# Info: Optimizing partition '/erosion/erosion:core/core': (Total ops = 183, Real ops = 63, Vars = 58) (SOL-10)
# Info: Optimizing partition '/erosion/erosion:core/core': (Total ops = 183, Real ops = 63, Vars = 58) (SOL-10)
# Info: Optimizing partition '/erosion': (Total ops = 197, Real ops = 63, Vars = 70) (SOL-10)
# Info: Optimizing partition '/erosion/erosion:core': (Total ops = 188, Real ops = 63, Vars = 63) (SOL-10)
# Info: Optimizing partition '/erosion/erosion:core/core': (Total ops = 197, Real ops = 77, Vars = 74) (SOL-10)
# Info: Optimizing partition '/erosion/erosion:core/core': (Total ops = 197, Real ops = 77, Vars = 73) (SOL-10)
# Info: Optimizing partition '/erosion': (Total ops = 211, Real ops = 77, Vars = 85) (SOL-10)
# Info: Optimizing partition '/erosion/erosion:core': (Total ops = 202, Real ops = 77, Vars = 78) (SOL-10)
# Info: Optimizing partition '/erosion/erosion:core/core': (Total ops = 197, Real ops = 77, Vars = 73) (SOL-10)
# Info: Optimizing partition '/erosion': (Total ops = 211, Real ops = 77, Vars = 85) (SOL-10)
# Info: Optimizing partition '/erosion/erosion:core': (Total ops = 202, Real ops = 77, Vars = 78) (SOL-10)
# Report written to file 'cycle.rpt'
# Netlist written to file 'cycle.v' (NET-4)
# Info: Completed transformation 'schedule' on solution 'erosion.v2': elapsed time 2.59 seconds, memory usage 170372kB, peak memory usage 255836kB (SOL-9)
# Info: Starting transformation 'dpfsm' on solution 'erosion.v2' (SOL-8)
# Performing FSM extraction... (FSM-1)
# Info: Optimizing partition '/erosion': (Total ops = 1776, Real ops = 356, Vars = 6821) (SOL-10)
# Info: Optimizing partition '/erosion/erosion:core': (Total ops = 1767, Real ops = 356, Vars = 6814) (SOL-10)
# Info: Optimizing partition '/erosion/erosion:core/erosion:core:fsm': (Total ops = 9, Real ops = 3, Vars = 80) (SOL-10)
# Info: Optimizing partition '/erosion/erosion:core/erosion:core:fsm/erosion:core:fsm': (Total ops = 1, Real ops = 1, Vars = 1) (SOL-10)
# Info: Optimizing partition '/erosion': (Total ops = 388, Real ops = 175, Vars = 98) (SOL-10)
# Info: Optimizing partition '/erosion/erosion:core': (Total ops = 379, Real ops = 175, Vars = 91) (SOL-10)
# Info: Optimizing partition '/erosion/erosion:core/erosion:core:fsm': (Total ops = 8, Real ops = 3, Vars = 6) (SOL-10)
# Info: Optimizing partition '/erosion/erosion:core/erosion:core:fsm/erosion:core:fsm': (Total ops = 1, Real ops = 1, Vars = 1) (SOL-10)
# Info: Optimizing partition '/erosion': (Total ops = 248, Real ops = 143, Vars = 97) (SOL-10)
# Info: Optimizing partition '/erosion/erosion:core': (Total ops = 239, Real ops = 143, Vars = 90) (SOL-10)
# Info: Optimizing partition '/erosion/erosion:core/erosion:core:fsm': (Total ops = 8, Real ops = 3, Vars = 6) (SOL-10)
# Info: Optimizing partition '/erosion/erosion:core/erosion:core:fsm/erosion:core:fsm': (Total ops = 1, Real ops = 1, Vars = 1) (SOL-10)
# Info: Optimizing partition '/erosion': (Total ops = 248, Real ops = 143, Vars = 96) (SOL-10)
# Info: Optimizing partition '/erosion/erosion:core': (Total ops = 239, Real ops = 143, Vars = 89) (SOL-10)
# Info: Optimizing partition '/erosion/erosion:core/erosion:core:fsm': (Total ops = 8, Real ops = 3, Vars = 6) (SOL-10)
# Info: Optimizing partition '/erosion/erosion:core': (Total ops = 239, Real ops = 143, Vars = 89) (SOL-10)
# Info: Optimizing partition '/erosion': (Total ops = 248, Real ops = 143, Vars = 96) (SOL-10)
# Info: Optimizing partition '/erosion': (Total ops = 248, Real ops = 143, Vars = 96) (SOL-10)
# Info: Optimizing partition '/erosion/erosion:core': (Total ops = 239, Real ops = 143, Vars = 89) (SOL-10)
# Info: Optimizing partition '/erosion/erosion:core/erosion:core:fsm': (Total ops = 8, Real ops = 3, Vars = 6) (SOL-10)
# Info: Optimizing partition '/erosion/erosion:core/erosion:core:fsm/erosion:core:fsm': (Total ops = 1, Real ops = 1, Vars = 1) (SOL-10)
# Info: Optimizing partition '/erosion': (Total ops = 273, Real ops = 165, Vars = 122) (SOL-10)
# Info: Optimizing partition '/erosion/erosion:core': (Total ops = 264, Real ops = 165, Vars = 115) (SOL-10)
# Info: Optimizing partition '/erosion/erosion:core/erosion:core:fsm': (Total ops = 8, Real ops = 3, Vars = 6) (SOL-10)
# Info: Optimizing partition '/erosion/erosion:core/erosion:core:fsm/erosion:core:fsm': (Total ops = 1, Real ops = 1, Vars = 1) (SOL-10)
# Info: Optimizing partition '/erosion': (Total ops = 264, Real ops = 157, Vars = 103) (SOL-10)
# Info: Optimizing partition '/erosion/erosion:core': (Total ops = 255, Real ops = 157, Vars = 96) (SOL-10)
# Info: Optimizing partition '/erosion/erosion:core/erosion:core:fsm': (Total ops = 8, Real ops = 3, Vars = 6) (SOL-10)
# Info: Optimizing partition '/erosion/erosion:core/erosion:core:fsm/erosion:core:fsm': (Total ops = 1, Real ops = 1, Vars = 1) (SOL-10)
# Info: Optimizing partition '/erosion': (Total ops = 263, Real ops = 157, Vars = 103) (SOL-10)
# Info: Optimizing partition '/erosion/erosion:core': (Total ops = 254, Real ops = 157, Vars = 96) (SOL-10)
# Info: Optimizing partition '/erosion/erosion:core/erosion:core:fsm': (Total ops = 8, Real ops = 3, Vars = 6) (SOL-10)
# Info: Optimizing partition '/erosion/erosion:core/erosion:core:fsm/erosion:core:fsm': (Total ops = 1, Real ops = 1, Vars = 1) (SOL-10)
# Info: Optimizing partition '/erosion': (Total ops = 260, Real ops = 154, Vars = 101) (SOL-10)
# Info: Optimizing partition '/erosion/erosion:core': (Total ops = 251, Real ops = 154, Vars = 94) (SOL-10)
# Info: Completed transformation 'dpfsm' on solution 'erosion.v2': elapsed time 27.94 seconds, memory usage 172952kB, peak memory usage 255836kB (SOL-9)
# Info: Starting transformation 'extract' on solution 'erosion.v2' (SOL-8)
# Warning: Reassigned operation ACC1:for:acc:mgc_Altera-Cyclone-III-6_beh_psr.mgc_add(4,0,3,0,4) to mgc_Altera-Cyclone-III-6_beh_psr.mgc_add(3,0,2,0,3) (ASG-1)
# Warning: Reassigned operation ACC1:acc:mgc_Altera-Cyclone-III-6_beh_psr.mgc_add(4,0,3,0,4) to mgc_Altera-Cyclone-III-6_beh_psr.mgc_add(3,0,2,0,3) (ASG-1)
# Info: Optimizing partition '/erosion': (Total ops = 5762, Real ops = 209, Vars = 5754) (SOL-10)
# Info: Optimizing partition '/erosion/erosion:core': (Total ops = 5753, Real ops = 209, Vars = 5747) (SOL-10)
# Info: Optimizing partition '/erosion/erosion:core/erosion:core:fsm': (Total ops = 8, Real ops = 3, Vars = 6) (SOL-10)
# Info: Optimizing partition '/erosion/erosion:core/erosion:core:fsm/erosion:core:fsm': (Total ops = 1, Real ops = 1, Vars = 1) (SOL-10)
# Info: Optimizing partition '/erosion': (Total ops = 237, Real ops = 138, Vars = 101) (SOL-10)
# Info: Optimizing partition '/erosion/erosion:core': (Total ops = 228, Real ops = 138, Vars = 94) (SOL-10)
# Info: Optimizing partition '/erosion/erosion:core/erosion:core:fsm': (Total ops = 8, Real ops = 3, Vars = 6) (SOL-10)
# Info: Optimizing partition '/erosion/erosion:core/erosion:core:fsm/erosion:core:fsm': (Total ops = 1, Real ops = 1, Vars = 1) (SOL-10)
# Info: Optimizing partition '/erosion': (Total ops = 232, Real ops = 139, Vars = 96) (SOL-10)
# Info: Optimizing partition '/erosion/erosion:core': (Total ops = 223, Real ops = 139, Vars = 89) (SOL-10)
# Info: Optimizing partition '/erosion/erosion:core/erosion:core:fsm': (Total ops = 8, Real ops = 3, Vars = 6) (SOL-10)
# Info: Optimizing partition '/erosion/erosion:core/erosion:core:fsm/erosion:core:fsm': (Total ops = 1, Real ops = 1, Vars = 1) (SOL-10)
# Info: Optimizing partition '/erosion': (Total ops = 238, Real ops = 143, Vars = 97) (SOL-10)
# Info: Optimizing partition '/erosion/erosion:core': (Total ops = 229, Real ops = 143, Vars = 90) (SOL-10)
# Info: Optimizing partition '/erosion/erosion:core/erosion:core:fsm': (Total ops = 8, Real ops = 3, Vars = 6) (SOL-10)
# Info: Optimizing partition '/erosion/erosion:core/erosion:core:fsm/erosion:core:fsm': (Total ops = 1, Real ops = 1, Vars = 1) (SOL-10)
# Info: Optimizing partition '/erosion': (Total ops = 235, Real ops = 141, Vars = 96) (SOL-10)
# Info: Optimizing partition '/erosion/erosion:core': (Total ops = 226, Real ops = 141, Vars = 89) (SOL-10)
# Info: Optimizing partition '/erosion/erosion:core/erosion:core:fsm': (Total ops = 8, Real ops = 3, Vars = 6) (SOL-10)
# Info: Optimizing partition '/erosion/erosion:core': (Total ops = 226, Real ops = 141, Vars = 89) (SOL-10)
# Info: Optimizing partition '/erosion/erosion:core': (Total ops = 226, Real ops = 141, Vars = 89) (SOL-10)
# Info: Optimizing partition '/erosion': (Total ops = 235, Real ops = 141, Vars = 96) (SOL-10)
# Info: Optimizing partition '/erosion': (Total ops = 235, Real ops = 141, Vars = 96) (SOL-10)
# Info: Optimizing partition '/erosion/erosion:core': (Total ops = 226, Real ops = 141, Vars = 89) (SOL-10)
# Info: Optimizing partition '/erosion/erosion:core/erosion:core:fsm': (Total ops = 8, Real ops = 3, Vars = 6) (SOL-10)
# Info: Optimizing partition '/erosion/erosion:core/erosion:core:fsm/erosion:core:fsm': (Total ops = 1, Real ops = 1, Vars = 1) (SOL-10)
# Info: Optimizing partition '/erosion': (Total ops = 235, Real ops = 141, Vars = 96) (SOL-10)
# Info: Optimizing partition '/erosion/erosion:core': (Total ops = 226, Real ops = 141, Vars = 89) (SOL-10)
# Info: Optimizing partition '/erosion/erosion:core/erosion:core:fsm': (Total ops = 8, Real ops = 3, Vars = 6) (SOL-10)
# Info: Optimizing partition '/erosion/erosion:core/erosion:core:fsm/erosion:core:fsm': (Total ops = 1, Real ops = 1, Vars = 1) (SOL-10)
# Warning: Reassigned operation and#93:mgc_Altera-Cyclone-III-6_beh_psr.mgc_and(1,3) to mgc_Altera-Cyclone-III-6_beh_psr.mgc_and(1,4) (ASG-1)
# Warning: Reassigned operation and#98:mgc_Altera-Cyclone-III-6_beh_psr.mgc_and(1,3) to mgc_Altera-Cyclone-III-6_beh_psr.mgc_and(1,4) (ASG-1)
# Warning: Reassigned operation and#103:mgc_Altera-Cyclone-III-6_beh_psr.mgc_and(1,3) to mgc_Altera-Cyclone-III-6_beh_psr.mgc_and(1,4) (ASG-1)
# Warning: Reassigned operation and#108:mgc_Altera-Cyclone-III-6_beh_psr.mgc_and(1,3) to mgc_Altera-Cyclone-III-6_beh_psr.mgc_and(1,4) (ASG-1)
# Warning: Reassigned operation and#114:mgc_Altera-Cyclone-III-6_beh_psr.mgc_and(1,3) to mgc_Altera-Cyclone-III-6_beh_psr.mgc_and(1,4) (ASG-1)
# Info: Optimizing partition '/erosion': (Total ops = 5729, Real ops = 185, Vars = 5721) (SOL-10)
# Info: Optimizing partition '/erosion/erosion:core': (Total ops = 5720, Real ops = 185, Vars = 5714) (SOL-10)
# Info: Optimizing partition '/erosion/erosion:core/erosion:core:fsm': (Total ops = 7, Real ops = 2, Vars = 6) (SOL-10)
# Info: Optimizing partition '/erosion/erosion:core/erosion:core:fsm/erosion:core:fsm': (Total ops = 1, Real ops = 1, Vars = 1) (SOL-10)
# Netlist written to file 'schematic.nlv' (NET-4)
# Info: Optimizing partition '/erosion': (Total ops = 5729, Real ops = 185, Vars = 5721) (SOL-10)
# Info: Optimizing partition '/erosion/erosion:core': (Total ops = 5720, Real ops = 185, Vars = 5714) (SOL-10)
# Info: Optimizing partition '/erosion/erosion:core/erosion:core:fsm': (Total ops = 8, Real ops = 3, Vars = 6) (SOL-10)
# Info: Optimizing partition '/erosion/erosion:core/erosion:core:fsm/erosion:core:fsm': (Total ops = 1, Real ops = 1, Vars = 1) (SOL-10)
# Info: Optimizing partition '/erosion': (Total ops = 235, Real ops = 141, Vars = 96) (SOL-10)
# Info: Optimizing partition '/erosion/erosion:core': (Total ops = 226, Real ops = 141, Vars = 89) (SOL-10)
# Info: Optimizing partition '/erosion': (Total ops = 235, Real ops = 141, Vars = 96) (SOL-10)
# Info: Optimizing partition '/erosion/erosion:core': (Total ops = 226, Real ops = 141, Vars = 89) (SOL-10)
# Info: Optimizing partition '/erosion/erosion:core/erosion:core:fsm': (Total ops = 8, Real ops = 3, Vars = 6) (SOL-10)
# Info: Optimizing partition '/erosion/erosion:core/erosion:core:fsm/erosion:core:fsm': (Total ops = 1, Real ops = 1, Vars = 1) (SOL-10)
# Report written to file 'rtl.rpt'
# Netlist written to file 'rtl.v' (NET-4)
# generate concat
# order file name is: rtl.v_order.txt
# Add dependent file: ./rtl_mgc_ioport.v
# Add dependent file: ./rtl_mgc_ioport_v2001.v
# Add dependent file: ./rtl.v
# Finished writing concatenated file: H:/FINAL PROJECT/FINAL PROJECT/catapult_proj/erosion/erosion/erosion.v2/concat_rtl.v
# Synthesis timing script written to file './rtl.v.psr_timing'
# IO timing constraints written to synthesis script file
# Synthesis script written to file 'rtl.v.psr'
# Info: Completed transformation 'extract' on solution 'erosion.v2': elapsed time 23.42 seconds, memory usage 179624kB, peak memory usage 255836kB (SOL-9)
# File '$PROJECT_HOME/erosion.h' saved
# Input file has changed
go new
solution file set {$PROJECT_HOME/erosion.h} -recurse -updated
# Info: Branching solution 'solution.v1' at state 'new' (PRJ-2)
go analyze
# Info: Starting transformation 'analyze' on solution 'solution.v1' (SOL-8)
# Front End called with arguments: -- {H:\FINAL PROJECT\FINAL PROJECT\catapult_proj\erosion\bmp_io.h} {H:\FINAL PROJECT\FINAL PROJECT\catapult_proj\erosion\bmp_io.cpp} {H:\FINAL PROJECT\FINAL PROJECT\catapult_proj\erosion\shift_class.h} {H:\FINAL PROJECT\FINAL PROJECT\catapult_proj\erosion\erosion.c} {H:\FINAL PROJECT\FINAL PROJECT\catapult_proj\erosion\erosion.h} (CIN-69)
# Edison Design Group C++/C Front End - Version 3.10.1 (CIN-1)
# Warning: $PROJECT_HOME/bmp_io.cpp(1699): $PROJECT_HOME/bmp_io.cpp(1699): variable "garray" is used before its value is set (CRD-549)
# Warning:           detected during compilation of secondary translation unit "H:\FINAL PROJECT\FINAL PROJECT\catapult_proj\erosion\bmp_io.cpp"
# Warning: $PROJECT_HOME/bmp_io.cpp(1700): $PROJECT_HOME/bmp_io.cpp(1700): variable "barray" is used before its value is set (CRD-549)
# Warning:           detected during compilation of secondary translation unit "H:\FINAL PROJECT\FINAL PROJECT\catapult_proj\erosion\bmp_io.cpp"
# Warning: $PROJECT_HOME/erosion.h(45): $PROJECT_HOME/erosion.h(45): last line of file ends without a newline (CRD-1)
# Warning:           detected during compilation of secondary translation unit "H:\FINAL PROJECT\FINAL PROJECT\catapult_proj\erosion\erosion.c"
# Warning: $PROJECT_HOME/erosion.h(45): $PROJECT_HOME/erosion.h(45): last line of file ends without a newline (CRD-1)
# Warning:           detected during compilation of secondary translation unit "H:\FINAL PROJECT\FINAL PROJECT\catapult_proj\erosion\erosion.h"
# $PROJECT_HOME/erosion.c(49): Pragma 'hls_design<top>' detected on routine 'erosion' (CIN-6)
# Source file analysis completed (CIN-68)
# Info: Completed transformation 'analyze' on solution 'solution.v1': elapsed time 2.19 seconds, memory usage 189628kB, peak memory usage 279756kB (SOL-9)
go compile
# Info: Starting transformation 'compile' on solution 'solution.v1' (SOL-8)
# Generating synthesis internal form... (CIN-3)
# $PROJECT_HOME/erosion.c(50): Found top design routine 'erosion' specified by directive (CIN-52)
# $PROJECT_HOME/erosion.c(50): Synthesizing routine 'erosion' (CIN-13)
# $PROJECT_HOME/erosion.c(50): Inlining routine 'erosion' (CIN-14)
# $PROJECT_HOME/shift_class.h(13): Inlining member function 'shift_class<ac_int<150, false>, 5>::shift_class' on object 'regs' (CIN-64)
# $PROJECT_HOME/shift_class.h(32): Inlining member function 'shift_class<ac_int<150, false>, 5>::operator<<' on object 'regs' (CIN-64)
# $PROJECT_HOME/shift_class.h(48): Inlining member function 'shift_class<ac_int<150, false>, 5>::operator[]' on object 'regs' (CIN-64)
# $PROJECT_HOME/erosion.c(50): Optimizing block '/erosion' ... (CIN-4)
# $PROJECT_HOME/erosion.c(50): Inout port 'vin' is only used as an input. (OPT-10)
# $PROJECT_HOME/erosion.c(50): Inout port 'vout' is only used as an output. (OPT-11)
# Info: Optimizing partition '/erosion': (Total ops = 83, Real ops = 20, Vars = 29) (SOL-10)
# Info: Optimizing partition '/erosion/core': (Total ops = 83, Real ops = 20, Vars = 27) (SOL-10)
# Info: Optimizing partition '/erosion/core': (Total ops = 83, Real ops = 20, Vars = 27) (SOL-10)
# Info: Optimizing partition '/erosion': (Total ops = 83, Real ops = 20, Vars = 29) (SOL-10)
# Info: Optimizing partition '/erosion': (Total ops = 83, Real ops = 20, Vars = 29) (SOL-10)
# Info: Optimizing partition '/erosion/core': (Total ops = 83, Real ops = 20, Vars = 27) (SOL-10)
# Info: Optimizing partition '/erosion/core': (Total ops = 59, Real ops = 19, Vars = 14) (SOL-10)
# Info: Optimizing partition '/erosion/core': (Total ops = 50, Real ops = 19, Vars = 13) (SOL-10)
# Info: Optimizing partition '/erosion/core': (Total ops = 50, Real ops = 19, Vars = 13) (SOL-10)
# Info: Optimizing partition '/erosion': (Total ops = 50, Real ops = 19, Vars = 15) (SOL-10)
# Info: Optimizing partition '/erosion': (Total ops = 50, Real ops = 19, Vars = 15) (SOL-10)
# Info: Optimizing partition '/erosion/core': (Total ops = 47, Real ops = 16, Vars = 17) (SOL-10)
# Info: Optimizing partition '/erosion/core': (Total ops = 108, Real ops = 16, Vars = 8) (SOL-10)
# Info: Optimizing partition '/erosion': (Total ops = 108, Real ops = 16, Vars = 10) (SOL-10)
# Info: Optimizing partition '/erosion/core': (Total ops = 108, Real ops = 16, Vars = 8) (SOL-10)
# Info: Optimizing partition '/erosion': (Total ops = 108, Real ops = 16, Vars = 10) (SOL-10)
# Info: Optimizing partition '/erosion': (Total ops = 108, Real ops = 16, Vars = 10) (SOL-10)
# Info: Optimizing partition '/erosion/core': (Total ops = 108, Real ops = 16, Vars = 8) (SOL-10)
# $PROJECT_HOME/shift_class.h(34): Loop '/erosion/core/SHIFT' iterated at most 5 times. (LOOP-2)
# $PROJECT_HOME/erosion.c(72): Loop '/erosion/core/ACC1:for' iterated at most 5 times. (LOOP-2)
# $PROJECT_HOME/erosion.c(70): Loop '/erosion/core/ACC1' iterated at most 5 times. (LOOP-2)
# $PROJECT_HOME/erosion.c(63): Loop '/erosion/core/FRAME' iterated at most 307200 times. (LOOP-2)
# Info: Optimizing partition '/erosion/core': (Total ops = 67, Real ops = 15, Vars = 8) (SOL-10)
# Info: Optimizing partition '/erosion/core': (Total ops = 55, Real ops = 15, Vars = 7) (SOL-10)
# Info: Optimizing partition '/erosion': (Total ops = 55, Real ops = 15, Vars = 9) (SOL-10)
# Info: Optimizing partition '/erosion/core': (Total ops = 49, Real ops = 15, Vars = 11) (SOL-10)
# Info: Optimizing partition '/erosion/core': (Total ops = 48, Real ops = 15, Vars = 7) (SOL-10)
# Info: Optimizing partition '/erosion': (Total ops = 48, Real ops = 15, Vars = 9) (SOL-10)
# Info: Optimizing partition '/erosion/core': (Total ops = 48, Real ops = 15, Vars = 7) (SOL-10)
# Info: Optimizing partition '/erosion': (Total ops = 48, Real ops = 15, Vars = 9) (SOL-10)
# Design 'erosion' was read (SOL-1)
# Info: Completed transformation 'compile' on solution 'erosion.v3': elapsed time 1.62 seconds, memory usage 195052kB, peak memory usage 279756kB (SOL-9)
go extract
# Info: Starting transformation 'architect' on solution 'erosion.v3' (SOL-8)
# $PROJECT_HOME/shift_class.h(34): Loop '/erosion/core/SHIFT' is left rolled. (LOOP-4)
# $PROJECT_HOME/erosion.c(72): Loop '/erosion/core/ACC1:for' is left rolled. (LOOP-4)
# $PROJECT_HOME/erosion.c(70): Loop '/erosion/core/ACC1' is left rolled. (LOOP-4)
# $PROJECT_HOME/erosion.c(63): Loop '/erosion/core/FRAME' is left rolled. (LOOP-4)
# $PROJECT_HOME/erosion.c(50): Loop '/erosion/core/main' is left rolled. (LOOP-4)
# $PROJECT_HOME/erosion.c(50): I/O-Port inferred - resource 'vin:rsc' (from var: vin) mapped to 'mgc_ioport.mgc_in_wire' (size: 150). (MEM-2)
# $PROJECT_HOME/erosion.c(50): I/O-Port inferred - resource 'vout:rsc' (from var: vout) mapped to 'mgc_ioport.mgc_out_stdreg' (size: 30). (MEM-2)
# Info: Optimizing partition '/erosion': (Total ops = 49, Real ops = 16, Vars = 12) (SOL-10)
# Info: Optimizing partition '/erosion/core': (Total ops = 49, Real ops = 16, Vars = 7) (SOL-10)
# Info: Optimizing partition '/erosion/core': (Total ops = 49, Real ops = 16, Vars = 7) (SOL-10)
# Info: Optimizing partition '/erosion': (Total ops = 49, Real ops = 16, Vars = 12) (SOL-10)
# Info: Optimizing partition '/erosion': (Total ops = 72, Real ops = 23, Vars = 20) (SOL-10)
# Info: Optimizing partition '/erosion/core': (Total ops = 66, Real ops = 26, Vars = 23) (SOL-10)
# Info: Optimizing partition '/erosion/core': (Total ops = 68, Real ops = 26, Vars = 12) (SOL-10)
# Info: Optimizing partition '/erosion': (Total ops = 68, Real ops = 26, Vars = 17) (SOL-10)
# Info: Optimizing partition '/erosion/core': (Total ops = 80, Real ops = 27, Vars = 17) (SOL-10)
# Info: Optimizing partition '/erosion/core': (Total ops = 80, Real ops = 27, Vars = 17) (SOL-10)
# Info: Optimizing partition '/erosion/core': (Total ops = 372, Real ops = 82, Vars = 189) (SOL-10)
# Info: Optimizing partition '/erosion/core': (Total ops = 195, Real ops = 61, Vars = 63) (SOL-10)
# Info: Optimizing partition '/erosion/core': (Total ops = 194, Real ops = 61, Vars = 61) (SOL-10)
# Design 'erosion' contains '63' real operations. (SOL-11)
# Info: Completed transformation 'architect' on solution 'erosion.v3': elapsed time 2.46 seconds, memory usage 195116kB, peak memory usage 279756kB (SOL-9)
# Info: Starting transformation 'allocate' on solution 'erosion.v3' (SOL-8)
# Performing concurrent resource allocation and scheduling on '/erosion/core' (CRAAS-1)
# Info: Select qualified components for data operations ... (CRAAS-3)
# Info: Apply resource constraints on data operations ... (CRAAS-4)
# $PROJECT_HOME/erosion.c(63): Prescheduled LOOP 'FRAME' (2 c-steps) (SCHD-7)
# $PROJECT_HOME/erosion.c(50): Prescheduled LOOP 'main' (1 c-steps) (SCHD-7)
# $PROJECT_HOME/erosion.c(50): Prescheduled LOOP 'core:rlp' (0 c-steps) (SCHD-7)
# $PROJECT_HOME/erosion.c(50): Prescheduled SEQUENTIAL 'core' (total length 18432001 c-steps) (SCHD-8)
# Info: Initial schedule of SEQUENTIAL 'core': Latency = 9216000, Area (Datapath, Register, Total) = 11637.62, 0.00, 11637.62 (CRAAS-11)
# At least one feasible schedule exists. (CRAAS-9)
# Info: Final schedule of SEQUENTIAL 'core': Latency = 9216000, Area (Datapath, Register, Total) = 11637.62, 0.00, 11637.62 (CRAAS-12)
# Resource allocation and scheduling done. (CRAAS-2)
# Netlist written to file 'schedule.gnt' (NET-4)
# Info: Completed transformation 'allocate' on solution 'erosion.v3': elapsed time 0.31 seconds, memory usage 196088kB, peak memory usage 279756kB (SOL-9)
# Info: Starting transformation 'schedule' on solution 'erosion.v3' (SOL-8)
# Performing concurrent resource allocation and scheduling on '/erosion/core' (CRAAS-1)
# Global signal 'vin:rsc.z' added to design 'erosion' for component 'vin:rsc:mgc_in_wire' (LIB-3)
# Global signal 'vout:rsc.z' added to design 'erosion' for component 'vout:rsc:mgc_out_stdreg' (LIB-3)
# Info: Optimizing partition '/erosion': (Total ops = 249, Real ops = 65, Vars = 87) (SOL-10)
# Info: Optimizing partition '/erosion/erosion:core': (Total ops = 239, Real ops = 64, Vars = 79) (SOL-10)
# Info: Optimizing partition '/erosion/erosion:core/core': (Total ops = 233, Real ops = 64, Vars = 78) (SOL-10)
# Info: Optimizing partition '/erosion/erosion:core/core': (Total ops = 183, Real ops = 63, Vars = 59) (SOL-10)
# Info: Optimizing partition '/erosion/erosion:core/core': (Total ops = 183, Real ops = 63, Vars = 58) (SOL-10)
# Info: Optimizing partition '/erosion/erosion:core/core': (Total ops = 183, Real ops = 63, Vars = 58) (SOL-10)
# Info: Optimizing partition '/erosion': (Total ops = 197, Real ops = 63, Vars = 70) (SOL-10)
# Info: Optimizing partition '/erosion/erosion:core': (Total ops = 188, Real ops = 63, Vars = 63) (SOL-10)
# Info: Optimizing partition '/erosion/erosion:core/core': (Total ops = 197, Real ops = 77, Vars = 74) (SOL-10)
# Info: Optimizing partition '/erosion/erosion:core/core': (Total ops = 197, Real ops = 77, Vars = 73) (SOL-10)
# Info: Optimizing partition '/erosion': (Total ops = 211, Real ops = 77, Vars = 85) (SOL-10)
# Info: Optimizing partition '/erosion/erosion:core': (Total ops = 202, Real ops = 77, Vars = 78) (SOL-10)
# Info: Optimizing partition '/erosion/erosion:core/core': (Total ops = 197, Real ops = 77, Vars = 73) (SOL-10)
# Info: Optimizing partition '/erosion': (Total ops = 211, Real ops = 77, Vars = 85) (SOL-10)
# Info: Optimizing partition '/erosion/erosion:core': (Total ops = 202, Real ops = 77, Vars = 78) (SOL-10)
# Report written to file 'cycle.rpt'
# Netlist written to file 'cycle.v' (NET-4)
# Info: Completed transformation 'schedule' on solution 'erosion.v3': elapsed time 2.73 seconds, memory usage 199804kB, peak memory usage 279756kB (SOL-9)
# Info: Starting transformation 'dpfsm' on solution 'erosion.v3' (SOL-8)
# Performing FSM extraction... (FSM-1)
# Info: Optimizing partition '/erosion': (Total ops = 1776, Real ops = 356, Vars = 6821) (SOL-10)
# Info: Optimizing partition '/erosion/erosion:core': (Total ops = 1767, Real ops = 356, Vars = 6814) (SOL-10)
# Info: Optimizing partition '/erosion/erosion:core/erosion:core:fsm': (Total ops = 9, Real ops = 3, Vars = 80) (SOL-10)
# Info: Optimizing partition '/erosion/erosion:core/erosion:core:fsm/erosion:core:fsm': (Total ops = 1, Real ops = 1, Vars = 1) (SOL-10)
# Info: Optimizing partition '/erosion': (Total ops = 388, Real ops = 175, Vars = 98) (SOL-10)
# Info: Optimizing partition '/erosion/erosion:core': (Total ops = 379, Real ops = 175, Vars = 91) (SOL-10)
# Info: Optimizing partition '/erosion/erosion:core/erosion:core:fsm': (Total ops = 8, Real ops = 3, Vars = 6) (SOL-10)
# Info: Optimizing partition '/erosion/erosion:core/erosion:core:fsm/erosion:core:fsm': (Total ops = 1, Real ops = 1, Vars = 1) (SOL-10)
# Info: Optimizing partition '/erosion': (Total ops = 248, Real ops = 143, Vars = 97) (SOL-10)
# Info: Optimizing partition '/erosion/erosion:core': (Total ops = 239, Real ops = 143, Vars = 90) (SOL-10)
# Info: Optimizing partition '/erosion/erosion:core/erosion:core:fsm': (Total ops = 8, Real ops = 3, Vars = 6) (SOL-10)
# Info: Optimizing partition '/erosion/erosion:core/erosion:core:fsm/erosion:core:fsm': (Total ops = 1, Real ops = 1, Vars = 1) (SOL-10)
# Info: Optimizing partition '/erosion': (Total ops = 248, Real ops = 143, Vars = 96) (SOL-10)
# Info: Optimizing partition '/erosion/erosion:core': (Total ops = 239, Real ops = 143, Vars = 89) (SOL-10)
# Info: Optimizing partition '/erosion/erosion:core/erosion:core:fsm': (Total ops = 8, Real ops = 3, Vars = 6) (SOL-10)
# Info: Optimizing partition '/erosion/erosion:core': (Total ops = 239, Real ops = 143, Vars = 89) (SOL-10)
# Info: Optimizing partition '/erosion': (Total ops = 248, Real ops = 143, Vars = 96) (SOL-10)
# Info: Optimizing partition '/erosion': (Total ops = 248, Real ops = 143, Vars = 96) (SOL-10)
# Info: Optimizing partition '/erosion/erosion:core': (Total ops = 239, Real ops = 143, Vars = 89) (SOL-10)
# Info: Optimizing partition '/erosion/erosion:core/erosion:core:fsm': (Total ops = 8, Real ops = 3, Vars = 6) (SOL-10)
# Info: Optimizing partition '/erosion/erosion:core/erosion:core:fsm/erosion:core:fsm': (Total ops = 1, Real ops = 1, Vars = 1) (SOL-10)
# Info: Optimizing partition '/erosion': (Total ops = 273, Real ops = 165, Vars = 122) (SOL-10)
# Info: Optimizing partition '/erosion/erosion:core': (Total ops = 264, Real ops = 165, Vars = 115) (SOL-10)
# Info: Optimizing partition '/erosion/erosion:core/erosion:core:fsm': (Total ops = 8, Real ops = 3, Vars = 6) (SOL-10)
# Info: Optimizing partition '/erosion/erosion:core/erosion:core:fsm/erosion:core:fsm': (Total ops = 1, Real ops = 1, Vars = 1) (SOL-10)
# Info: Optimizing partition '/erosion': (Total ops = 264, Real ops = 157, Vars = 103) (SOL-10)
# Info: Optimizing partition '/erosion/erosion:core': (Total ops = 255, Real ops = 157, Vars = 96) (SOL-10)
# Info: Optimizing partition '/erosion/erosion:core/erosion:core:fsm': (Total ops = 8, Real ops = 3, Vars = 6) (SOL-10)
# Info: Optimizing partition '/erosion/erosion:core/erosion:core:fsm/erosion:core:fsm': (Total ops = 1, Real ops = 1, Vars = 1) (SOL-10)
# Info: Optimizing partition '/erosion': (Total ops = 263, Real ops = 157, Vars = 103) (SOL-10)
# Info: Optimizing partition '/erosion/erosion:core': (Total ops = 254, Real ops = 157, Vars = 96) (SOL-10)
# Info: Optimizing partition '/erosion/erosion:core/erosion:core:fsm': (Total ops = 8, Real ops = 3, Vars = 6) (SOL-10)
# Info: Optimizing partition '/erosion/erosion:core/erosion:core:fsm/erosion:core:fsm': (Total ops = 1, Real ops = 1, Vars = 1) (SOL-10)
# Info: Optimizing partition '/erosion': (Total ops = 260, Real ops = 154, Vars = 101) (SOL-10)
# Info: Optimizing partition '/erosion/erosion:core': (Total ops = 251, Real ops = 154, Vars = 94) (SOL-10)
# Info: Completed transformation 'dpfsm' on solution 'erosion.v3': elapsed time 27.18 seconds, memory usage 201704kB, peak memory usage 279756kB (SOL-9)
# Info: Starting transformation 'extract' on solution 'erosion.v3' (SOL-8)
# Warning: Reassigned operation ACC1:for:acc:mgc_Altera-Cyclone-III-6_beh_psr.mgc_add(4,0,3,0,4) to mgc_Altera-Cyclone-III-6_beh_psr.mgc_add(3,0,2,0,3) (ASG-1)
# Warning: Reassigned operation ACC1:acc:mgc_Altera-Cyclone-III-6_beh_psr.mgc_add(4,0,3,0,4) to mgc_Altera-Cyclone-III-6_beh_psr.mgc_add(3,0,2,0,3) (ASG-1)
# Info: Optimizing partition '/erosion': (Total ops = 5762, Real ops = 209, Vars = 5754) (SOL-10)
# Info: Optimizing partition '/erosion/erosion:core': (Total ops = 5753, Real ops = 209, Vars = 5747) (SOL-10)
# Info: Optimizing partition '/erosion/erosion:core/erosion:core:fsm': (Total ops = 8, Real ops = 3, Vars = 6) (SOL-10)
# Info: Optimizing partition '/erosion/erosion:core/erosion:core:fsm/erosion:core:fsm': (Total ops = 1, Real ops = 1, Vars = 1) (SOL-10)
# Info: Optimizing partition '/erosion': (Total ops = 237, Real ops = 138, Vars = 101) (SOL-10)
# Info: Optimizing partition '/erosion/erosion:core': (Total ops = 228, Real ops = 138, Vars = 94) (SOL-10)
# Info: Optimizing partition '/erosion/erosion:core/erosion:core:fsm': (Total ops = 8, Real ops = 3, Vars = 6) (SOL-10)
# Info: Optimizing partition '/erosion/erosion:core/erosion:core:fsm/erosion:core:fsm': (Total ops = 1, Real ops = 1, Vars = 1) (SOL-10)
# Info: Optimizing partition '/erosion': (Total ops = 232, Real ops = 139, Vars = 96) (SOL-10)
# Info: Optimizing partition '/erosion/erosion:core': (Total ops = 223, Real ops = 139, Vars = 89) (SOL-10)
# Info: Optimizing partition '/erosion/erosion:core/erosion:core:fsm': (Total ops = 8, Real ops = 3, Vars = 6) (SOL-10)
# Info: Optimizing partition '/erosion/erosion:core/erosion:core:fsm/erosion:core:fsm': (Total ops = 1, Real ops = 1, Vars = 1) (SOL-10)
# Info: Optimizing partition '/erosion': (Total ops = 238, Real ops = 143, Vars = 97) (SOL-10)
# Info: Optimizing partition '/erosion/erosion:core': (Total ops = 229, Real ops = 143, Vars = 90) (SOL-10)
# Info: Optimizing partition '/erosion/erosion:core/erosion:core:fsm': (Total ops = 8, Real ops = 3, Vars = 6) (SOL-10)
# Info: Optimizing partition '/erosion/erosion:core/erosion:core:fsm/erosion:core:fsm': (Total ops = 1, Real ops = 1, Vars = 1) (SOL-10)
# Info: Optimizing partition '/erosion': (Total ops = 235, Real ops = 141, Vars = 96) (SOL-10)
# Info: Optimizing partition '/erosion/erosion:core': (Total ops = 226, Real ops = 141, Vars = 89) (SOL-10)
# Info: Optimizing partition '/erosion/erosion:core/erosion:core:fsm': (Total ops = 8, Real ops = 3, Vars = 6) (SOL-10)
# Info: Optimizing partition '/erosion/erosion:core': (Total ops = 226, Real ops = 141, Vars = 89) (SOL-10)
# Info: Optimizing partition '/erosion/erosion:core': (Total ops = 226, Real ops = 141, Vars = 89) (SOL-10)
# Info: Optimizing partition '/erosion': (Total ops = 235, Real ops = 141, Vars = 96) (SOL-10)
# Info: Optimizing partition '/erosion': (Total ops = 235, Real ops = 141, Vars = 96) (SOL-10)
# Info: Optimizing partition '/erosion/erosion:core': (Total ops = 226, Real ops = 141, Vars = 89) (SOL-10)
# Info: Optimizing partition '/erosion/erosion:core/erosion:core:fsm': (Total ops = 8, Real ops = 3, Vars = 6) (SOL-10)
# Info: Optimizing partition '/erosion/erosion:core/erosion:core:fsm/erosion:core:fsm': (Total ops = 1, Real ops = 1, Vars = 1) (SOL-10)
# Info: Optimizing partition '/erosion': (Total ops = 235, Real ops = 141, Vars = 96) (SOL-10)
# Info: Optimizing partition '/erosion/erosion:core': (Total ops = 226, Real ops = 141, Vars = 89) (SOL-10)
# Info: Optimizing partition '/erosion/erosion:core/erosion:core:fsm': (Total ops = 8, Real ops = 3, Vars = 6) (SOL-10)
# Info: Optimizing partition '/erosion/erosion:core/erosion:core:fsm/erosion:core:fsm': (Total ops = 1, Real ops = 1, Vars = 1) (SOL-10)
# Warning: Reassigned operation and#93:mgc_Altera-Cyclone-III-6_beh_psr.mgc_and(1,3) to mgc_Altera-Cyclone-III-6_beh_psr.mgc_and(1,4) (ASG-1)
# Warning: Reassigned operation and#98:mgc_Altera-Cyclone-III-6_beh_psr.mgc_and(1,3) to mgc_Altera-Cyclone-III-6_beh_psr.mgc_and(1,4) (ASG-1)
# Warning: Reassigned operation and#103:mgc_Altera-Cyclone-III-6_beh_psr.mgc_and(1,3) to mgc_Altera-Cyclone-III-6_beh_psr.mgc_and(1,4) (ASG-1)
# Warning: Reassigned operation and#108:mgc_Altera-Cyclone-III-6_beh_psr.mgc_and(1,3) to mgc_Altera-Cyclone-III-6_beh_psr.mgc_and(1,4) (ASG-1)
# Warning: Reassigned operation and#114:mgc_Altera-Cyclone-III-6_beh_psr.mgc_and(1,3) to mgc_Altera-Cyclone-III-6_beh_psr.mgc_and(1,4) (ASG-1)
# Info: Optimizing partition '/erosion': (Total ops = 5729, Real ops = 185, Vars = 5721) (SOL-10)
# Info: Optimizing partition '/erosion/erosion:core': (Total ops = 5720, Real ops = 185, Vars = 5714) (SOL-10)
# Info: Optimizing partition '/erosion/erosion:core/erosion:core:fsm': (Total ops = 7, Real ops = 2, Vars = 6) (SOL-10)
# Info: Optimizing partition '/erosion/erosion:core/erosion:core:fsm/erosion:core:fsm': (Total ops = 1, Real ops = 1, Vars = 1) (SOL-10)
# Netlist written to file 'schematic.nlv' (NET-4)
# Info: Optimizing partition '/erosion': (Total ops = 5729, Real ops = 185, Vars = 5721) (SOL-10)
# Info: Optimizing partition '/erosion/erosion:core': (Total ops = 5720, Real ops = 185, Vars = 5714) (SOL-10)
# Info: Optimizing partition '/erosion/erosion:core/erosion:core:fsm': (Total ops = 8, Real ops = 3, Vars = 6) (SOL-10)
# Info: Optimizing partition '/erosion/erosion:core/erosion:core:fsm/erosion:core:fsm': (Total ops = 1, Real ops = 1, Vars = 1) (SOL-10)
# Info: Optimizing partition '/erosion': (Total ops = 235, Real ops = 141, Vars = 96) (SOL-10)
# Info: Optimizing partition '/erosion/erosion:core': (Total ops = 226, Real ops = 141, Vars = 89) (SOL-10)
# Info: Optimizing partition '/erosion': (Total ops = 235, Real ops = 141, Vars = 96) (SOL-10)
# Info: Optimizing partition '/erosion/erosion:core': (Total ops = 226, Real ops = 141, Vars = 89) (SOL-10)
# Info: Optimizing partition '/erosion/erosion:core/erosion:core:fsm': (Total ops = 8, Real ops = 3, Vars = 6) (SOL-10)
# Info: Optimizing partition '/erosion/erosion:core/erosion:core:fsm/erosion:core:fsm': (Total ops = 1, Real ops = 1, Vars = 1) (SOL-10)
# Report written to file 'rtl.rpt'
# Netlist written to file 'rtl.v' (NET-4)
# generate concat
# order file name is: rtl.v_order.txt
# Add dependent file: ./rtl_mgc_ioport.v
# Add dependent file: ./rtl_mgc_ioport_v2001.v
# Add dependent file: ./rtl.v
# Finished writing concatenated file: H:/FINAL PROJECT/FINAL PROJECT/catapult_proj/erosion/erosion/erosion.v3/concat_rtl.v
# Synthesis timing script written to file './rtl.v.psr_timing'
# IO timing constraints written to synthesis script file
# Synthesis script written to file 'rtl.v.psr'
# Info: Completed transformation 'extract' on solution 'erosion.v3': elapsed time 27.25 seconds, memory usage 210400kB, peak memory usage 279756kB (SOL-9)
project save
# Saving project file 'H:/FINAL PROJECT/FINAL PROJECT/catapult_proj/erosion/erosion.ccs'. (PRJ-5)
quit -f
