//  Catapult University Version 2011a.126 (Production Release) Wed Aug  8 00:52:07 PDT 2012
//  
//  Copyright (c) Calypto Design Systems, Inc., 1996-2012, All Rights Reserved.
//                       UNPUBLISHED, LICENSED SOFTWARE.
//            CONFIDENTIAL AND PROPRIETARY INFORMATION WHICH IS THE
//          PROPERTY OF CALYPTO DESIGN SYSTEMS OR ITS LICENSORS
//  
//  Running on Windows 7 nn1114@EEWS104A-002 Service Pack 1 6.01.7601 i686
//  
//  Package information: SIFLIBS v17.0_1.1, HLS_PKGS v17.0_1.1, 
//                       DesignPad v2.78_0.0
//  
//  This version may only be used for academic purposes.  Some optimizations 
//  are disabled, so results obtained from this version may be sub-optimal.
//  
//  Start time Wed May 13 16:17:01 2015
# -------------------------------------------------
# Logging session transcript to file "C:\Users\nn1114\AppData\Local\Temp\log15623d3f14.0"
# Loading options from registry.
# Warning: set_working_dir: Directory 'C:/Windows/System32' not writable, using C:/Users/nn1114/AppData/Local/Temp
project new -name skin
set_working_dir {H:/FINAL PROJECT/FINAL PROJECT/catapult_proj/skin}
solution file add ./skin.c
# /INPUTFILES/1
solution file add ./skin.h
# /INPUTFILES/2
go analyze
# Creating project directory 'H:\FINAL PROJECT\FINAL PROJECT\catapult_proj\skin\skin'. (PRJ-1)
# Moving session transcript to file "H:\FINAL PROJECT\FINAL PROJECT\catapult_proj\skin\catapult.log"
# Info: Starting transformation 'analyze' on solution 'solution.v1' (SOL-8)
# Front End called with arguments: -- {H:\FINAL PROJECT\FINAL PROJECT\catapult_proj\skin\skin.h} {H:\FINAL PROJECT\FINAL PROJECT\catapult_proj\skin\skin.c} (CIN-69)
# Edison Design Group C++/C Front End - Version 3.10.1 (CIN-1)
# $PROJECT_HOME/skin.c(55): Pragma 'hls_design<top>' detected on routine 'detect_skin' (CIN-6)
# Source file analysis completed (CIN-68)
# Info: Completed transformation 'analyze' on solution 'solution.v1': elapsed time 1.84 seconds, memory usage 144076kB, peak memory usage 199076kB (SOL-9)
directive set -TECHLIBS {{Altera_accel_CycloneIII.lib Altera_accel_CycloneIII} {mgc_Altera-Cyclone-III-6_beh_psr.lib {{mgc_Altera-Cyclone-III-6_beh_psr part EP3C16F484C}}}}
# /TECHLIBS {{Altera_accel_CycloneIII.lib Altera_accel_CycloneIII} {mgc_Altera-Cyclone-III-6_beh_psr.lib {{mgc_Altera-Cyclone-III-6_beh_psr part EP3C16F484C}}}}
directive set -CLOCKS {clk {-CLOCK_PERIOD 37.037037037 -CLOCK_EDGE rising -CLOCK_HIGH_TIME 18.52 -CLOCK_OFFSET 0.000000 -CLOCK_UNCERTAINTY 0.0 -RESET_KIND async -RESET_SYNC_NAME rst -RESET_SYNC_ACTIVE high -RESET_ASYNC_NAME arst_n -RESET_ASYNC_ACTIVE low -ENABLE_NAME en -ENABLE_ACTIVE high}}
# /CLOCKS {clk {-CLOCK_PERIOD 37.037037037 -CLOCK_EDGE rising -CLOCK_UNCERTAINTY 0.0 -CLOCK_HIGH_TIME 18.52 -RESET_SYNC_NAME rst -RESET_ASYNC_NAME arst_n -RESET_KIND async -RESET_SYNC_ACTIVE high -RESET_ASYNC_ACTIVE low -ENABLE_NAME en -ENABLE_ACTIVE high}}
directive set -DESIGN_HIERARCHY detect_skin
# /DESIGN_HIERARCHY detect_skin
go compile
# Info: Starting transformation 'compile' on solution 'solution.v1' (SOL-8)
# Reading component library '$MGC_HOME\pkgs\siflibs\mgc_busdefs.lib' [mgc_busdefs]... (LIB-49)
# Reading component library '$MGC_HOME\pkgs\siflibs\stdops.lib' [STDOPS]... (LIB-49)
# Reading component library '$MGC_HOME\pkgs\siflibs\mgc_ioport.lib' [mgc_ioport]... (LIB-49)
# Reading component library '$MGC_HOME\pkgs\ccs_altera\Altera_accel_CycloneIII.lib' [Altera_accel_CycloneIII]... (LIB-49)
# Reading component library '$MGC_HOME\pkgs\siflibs\psr2010a_up2\mgc_Altera-Cyclone-III-6_beh_psr.lib' [mgc_Altera-Cyclone-III-6_beh_psr]... (LIB-49)
# Generating synthesis internal form... (CIN-3)
# $PROJECT_HOME/skin.c(56): Found top design routine 'detect_skin' specified by directive (CIN-52)
# $PROJECT_HOME/skin.c(56): Synthesizing routine 'detect_skin' (CIN-13)
# $PROJECT_HOME/skin.c(56): Inlining routine 'detect_skin' (CIN-14)
# $PROJECT_HOME/skin.c(56): Optimizing block '/detect_skin' ... (CIN-4)
# $PROJECT_HOME/skin.c(56): Inout port 'pixin' is only used as an input. (OPT-10)
# $PROJECT_HOME/skin.c(56): Inout port 'pixout' is only used as an output. (OPT-11)
# Info: Optimizing partition '/detect_skin': (Total ops = 92, Real ops = 28, Vars = 22) (SOL-10)
# Info: Optimizing partition '/detect_skin/core': (Total ops = 92, Real ops = 28, Vars = 20) (SOL-10)
# Info: Optimizing partition '/detect_skin/core': (Total ops = 84, Real ops = 28, Vars = 22) (SOL-10)
# Info: Optimizing partition '/detect_skin': (Total ops = 84, Real ops = 28, Vars = 24) (SOL-10)
# Info: Optimizing partition '/detect_skin': (Total ops = 84, Real ops = 28, Vars = 24) (SOL-10)
# Info: Optimizing partition '/detect_skin/core': (Total ops = 84, Real ops = 28, Vars = 22) (SOL-10)
# Info: Optimizing partition '/detect_skin/core': (Total ops = 6, Real ops = 0, Vars = 0) (SOL-10)
# Info: Optimizing partition '/detect_skin/core': (Total ops = 2, Real ops = 0, Vars = 0) (SOL-10)
# Info: Optimizing partition '/detect_skin': (Total ops = 2, Real ops = 0, Vars = 2) (SOL-10)
# Info: Optimizing partition '/detect_skin': (Total ops = 2, Real ops = 0, Vars = 2) (SOL-10)
# Info: Optimizing partition '/detect_skin/core': (Total ops = 2, Real ops = 0, Vars = 0) (SOL-10)
# Info: Optimizing partition '/detect_skin': (Total ops = 2, Real ops = 0, Vars = 2) (SOL-10)
# Info: Optimizing partition '/detect_skin': (Total ops = 2, Real ops = 0, Vars = 2) (SOL-10)
# Warning: $PROJECT_HOME/skin.c(56): Input port 'pixin' is never used. (OPT-4)
# Info: Optimizing partition '/detect_skin/core': (Total ops = 2, Real ops = 0, Vars = 0) (SOL-10)
# Info: Optimizing partition '/detect_skin/core': (Total ops = 1, Real ops = 0, Vars = 0) (SOL-10)
# Info: Optimizing partition '/detect_skin': (Total ops = 1, Real ops = 0, Vars = 2) (SOL-10)
# Info: Optimizing partition '/detect_skin/core': (Total ops = 1, Real ops = 0, Vars = 0) (SOL-10)
# Info: Optimizing partition '/detect_skin': (Total ops = 1, Real ops = 0, Vars = 2) (SOL-10)
# Info: Optimizing partition '/detect_skin': (Total ops = 1, Real ops = 0, Vars = 2) (SOL-10)
# Info: Optimizing partition '/detect_skin/core': (Total ops = 1, Real ops = 0, Vars = 0) (SOL-10)
# Design 'detect_skin' was read (SOL-1)
# Info: Completed transformation 'compile' on solution 'detect_skin.v1': elapsed time 0.48 seconds, memory usage 157148kB, peak memory usage 199076kB (SOL-9)
# File '$PROJECT_HOME/skin.c' saved
# Input file has changed
go new
solution file set {$PROJECT_HOME/skin.c} -updated
# Info: Branching solution 'solution.v1' at state 'new' (PRJ-2)
go analyze
# Info: Starting transformation 'analyze' on solution 'solution.v1' (SOL-8)
# Front End called with arguments: -- {H:\FINAL PROJECT\FINAL PROJECT\catapult_proj\skin\skin.h} {H:\FINAL PROJECT\FINAL PROJECT\catapult_proj\skin\skin.c} (CIN-69)
# Edison Design Group C++/C Front End - Version 3.10.1 (CIN-1)
# $PROJECT_HOME/skin.c(55): Pragma 'hls_design<top>' detected on routine 'detect_skin' (CIN-6)
# Source file analysis completed (CIN-68)
# Info: Completed transformation 'analyze' on solution 'solution.v1': elapsed time 1.72 seconds, memory usage 150892kB, peak memory usage 207292kB (SOL-9)
go compile
# Info: Starting transformation 'compile' on solution 'solution.v1' (SOL-8)
# Generating synthesis internal form... (CIN-3)
# $PROJECT_HOME/skin.c(56): Found top design routine 'detect_skin' specified by directive (CIN-52)
# $PROJECT_HOME/skin.c(56): Synthesizing routine 'detect_skin' (CIN-13)
# $PROJECT_HOME/skin.c(56): Inlining routine 'detect_skin' (CIN-14)
# $PROJECT_HOME/skin.c(56): Optimizing block '/detect_skin' ... (CIN-4)
# $PROJECT_HOME/skin.c(56): Inout port 'pixin' is only used as an input. (OPT-10)
# $PROJECT_HOME/skin.c(56): Inout port 'pixout' is only used as an output. (OPT-11)
# Info: Optimizing partition '/detect_skin': (Total ops = 97, Real ops = 32, Vars = 25) (SOL-10)
# Info: Optimizing partition '/detect_skin/core': (Total ops = 97, Real ops = 32, Vars = 23) (SOL-10)
# Info: Optimizing partition '/detect_skin/core': (Total ops = 97, Real ops = 32, Vars = 23) (SOL-10)
# Info: Optimizing partition '/detect_skin': (Total ops = 97, Real ops = 32, Vars = 25) (SOL-10)
# Info: Optimizing partition '/detect_skin': (Total ops = 97, Real ops = 32, Vars = 25) (SOL-10)
# Info: Optimizing partition '/detect_skin/core': (Total ops = 97, Real ops = 32, Vars = 23) (SOL-10)
# Info: Optimizing partition '/detect_skin/core': (Total ops = 6, Real ops = 0, Vars = 0) (SOL-10)
# Info: Optimizing partition '/detect_skin/core': (Total ops = 2, Real ops = 0, Vars = 0) (SOL-10)
# Info: Optimizing partition '/detect_skin': (Total ops = 2, Real ops = 0, Vars = 2) (SOL-10)
# Info: Optimizing partition '/detect_skin': (Total ops = 2, Real ops = 0, Vars = 2) (SOL-10)
# Info: Optimizing partition '/detect_skin/core': (Total ops = 2, Real ops = 0, Vars = 0) (SOL-10)
# Info: Optimizing partition '/detect_skin': (Total ops = 2, Real ops = 0, Vars = 2) (SOL-10)
# Info: Optimizing partition '/detect_skin': (Total ops = 2, Real ops = 0, Vars = 2) (SOL-10)
# Warning: $PROJECT_HOME/skin.c(56): Input port 'pixin' is never used. (OPT-4)
# Info: Optimizing partition '/detect_skin/core': (Total ops = 2, Real ops = 0, Vars = 0) (SOL-10)
# Info: Optimizing partition '/detect_skin/core': (Total ops = 1, Real ops = 0, Vars = 0) (SOL-10)
# Info: Optimizing partition '/detect_skin': (Total ops = 1, Real ops = 0, Vars = 2) (SOL-10)
# Info: Optimizing partition '/detect_skin/core': (Total ops = 1, Real ops = 0, Vars = 0) (SOL-10)
# Info: Optimizing partition '/detect_skin': (Total ops = 1, Real ops = 0, Vars = 2) (SOL-10)
# Info: Optimizing partition '/detect_skin': (Total ops = 1, Real ops = 0, Vars = 2) (SOL-10)
# Info: Optimizing partition '/detect_skin/core': (Total ops = 1, Real ops = 0, Vars = 0) (SOL-10)
# Design 'detect_skin' was read (SOL-1)
# Info: Completed transformation 'compile' on solution 'detect_skin.v2': elapsed time 0.51 seconds, memory usage 162628kB, peak memory usage 207292kB (SOL-9)
# File '$PROJECT_HOME/skin.c' saved
# Input file has changed
go new
solution file set {$PROJECT_HOME/skin.c} -updated
# Info: Branching solution 'solution.v1' at state 'new' (PRJ-2)
go analyze
# Info: Starting transformation 'analyze' on solution 'solution.v1' (SOL-8)
# Front End called with arguments: -- {H:\FINAL PROJECT\FINAL PROJECT\catapult_proj\skin\skin.h} {H:\FINAL PROJECT\FINAL PROJECT\catapult_proj\skin\skin.c} (CIN-69)
# Edison Design Group C++/C Front End - Version 3.10.1 (CIN-1)
# $PROJECT_HOME/skin.c(55): Pragma 'hls_design<top>' detected on routine 'detect_skin' (CIN-6)
# Source file analysis completed (CIN-68)
# Info: Completed transformation 'analyze' on solution 'solution.v1': elapsed time 1.72 seconds, memory usage 167184kB, peak memory usage 213324kB (SOL-9)
go compile
# Info: Starting transformation 'compile' on solution 'solution.v1' (SOL-8)
# Generating synthesis internal form... (CIN-3)
# $PROJECT_HOME/skin.c(56): Found top design routine 'detect_skin' specified by directive (CIN-52)
# $PROJECT_HOME/skin.c(56): Synthesizing routine 'detect_skin' (CIN-13)
# $PROJECT_HOME/skin.c(56): Inlining routine 'detect_skin' (CIN-14)
# $PROJECT_HOME/skin.c(56): Optimizing block '/detect_skin' ... (CIN-4)
# $PROJECT_HOME/skin.c(56): Inout port 'pixin' is only used as an input. (OPT-10)
# $PROJECT_HOME/skin.c(56): Inout port 'pixout' is only used as an output. (OPT-11)
# Info: Optimizing partition '/detect_skin': (Total ops = 98, Real ops = 32, Vars = 25) (SOL-10)
# Info: Optimizing partition '/detect_skin/core': (Total ops = 98, Real ops = 32, Vars = 23) (SOL-10)
# Info: Optimizing partition '/detect_skin/core': (Total ops = 98, Real ops = 32, Vars = 23) (SOL-10)
# Info: Optimizing partition '/detect_skin': (Total ops = 98, Real ops = 32, Vars = 25) (SOL-10)
# Info: Optimizing partition '/detect_skin': (Total ops = 98, Real ops = 32, Vars = 25) (SOL-10)
# Info: Optimizing partition '/detect_skin/core': (Total ops = 98, Real ops = 32, Vars = 23) (SOL-10)
# Info: Optimizing partition '/detect_skin/core': (Total ops = 6, Real ops = 0, Vars = 0) (SOL-10)
# Info: Optimizing partition '/detect_skin/core': (Total ops = 2, Real ops = 0, Vars = 0) (SOL-10)
# Info: Optimizing partition '/detect_skin': (Total ops = 2, Real ops = 0, Vars = 2) (SOL-10)
# Info: Optimizing partition '/detect_skin': (Total ops = 2, Real ops = 0, Vars = 2) (SOL-10)
# Info: Optimizing partition '/detect_skin/core': (Total ops = 2, Real ops = 0, Vars = 0) (SOL-10)
# Info: Optimizing partition '/detect_skin': (Total ops = 2, Real ops = 0, Vars = 2) (SOL-10)
# Info: Optimizing partition '/detect_skin': (Total ops = 2, Real ops = 0, Vars = 2) (SOL-10)
# Warning: $PROJECT_HOME/skin.c(56): Input port 'pixin' is never used. (OPT-4)
# Info: Optimizing partition '/detect_skin/core': (Total ops = 2, Real ops = 0, Vars = 0) (SOL-10)
# Info: Optimizing partition '/detect_skin/core': (Total ops = 1, Real ops = 0, Vars = 0) (SOL-10)
# Info: Optimizing partition '/detect_skin': (Total ops = 1, Real ops = 0, Vars = 2) (SOL-10)
# Info: Optimizing partition '/detect_skin/core': (Total ops = 1, Real ops = 0, Vars = 0) (SOL-10)
# Info: Optimizing partition '/detect_skin': (Total ops = 1, Real ops = 0, Vars = 2) (SOL-10)
# Info: Optimizing partition '/detect_skin': (Total ops = 1, Real ops = 0, Vars = 2) (SOL-10)
# Info: Optimizing partition '/detect_skin/core': (Total ops = 1, Real ops = 0, Vars = 0) (SOL-10)
# Design 'detect_skin' was read (SOL-1)
# Info: Completed transformation 'compile' on solution 'detect_skin.v3': elapsed time 0.58 seconds, memory usage 167540kB, peak memory usage 213324kB (SOL-9)
# File '$PROJECT_HOME/skin.h' saved
# Input file has changed
go new
solution file set {$PROJECT_HOME/skin.h} -updated
# Info: Branching solution 'solution.v1' at state 'new' (PRJ-2)
# File '$PROJECT_HOME/skin.h' saved
# File '$PROJECT_HOME/skin.h' saved
# File '$PROJECT_HOME/skin.c' saved
go analyze
# Info: Starting transformation 'analyze' on solution 'solution.v1' (SOL-8)
# Front End called with arguments: -- {H:\FINAL PROJECT\FINAL PROJECT\catapult_proj\skin\skin.h} {H:\FINAL PROJECT\FINAL PROJECT\catapult_proj\skin\skin.c} (CIN-69)
# Edison Design Group C++/C Front End - Version 3.10.1 (CIN-1)
# $PROJECT_HOME/skin.c(55): Pragma 'hls_design<top>' detected on routine 'detect_skin' (CIN-6)
# Source file analysis completed (CIN-68)
# Info: Completed transformation 'analyze' on solution 'solution.v1': elapsed time 2.68 seconds, memory usage 164924kB, peak memory usage 239444kB (SOL-9)
go compile
# Info: Starting transformation 'compile' on solution 'solution.v1' (SOL-8)
# Generating synthesis internal form... (CIN-3)
# $PROJECT_HOME/skin.c(56): Found top design routine 'detect_skin' specified by directive (CIN-52)
# $PROJECT_HOME/skin.c(56): Synthesizing routine 'detect_skin' (CIN-13)
# $PROJECT_HOME/skin.c(56): Inlining routine 'detect_skin' (CIN-14)
# $PROJECT_HOME/skin.c(56): Optimizing block '/detect_skin' ... (CIN-4)
# $PROJECT_HOME/skin.c(56): Inout port 'pixin' is only used as an input. (OPT-10)
# $PROJECT_HOME/skin.c(56): Inout port 'pixout' is only used as an output. (OPT-11)
# Info: Optimizing partition '/detect_skin': (Total ops = 98, Real ops = 32, Vars = 25) (SOL-10)
# Info: Optimizing partition '/detect_skin/core': (Total ops = 98, Real ops = 32, Vars = 23) (SOL-10)
# Info: Optimizing partition '/detect_skin/core': (Total ops = 98, Real ops = 32, Vars = 23) (SOL-10)
# Info: Optimizing partition '/detect_skin': (Total ops = 98, Real ops = 32, Vars = 25) (SOL-10)
# Info: Optimizing partition '/detect_skin': (Total ops = 98, Real ops = 32, Vars = 25) (SOL-10)
# Info: Optimizing partition '/detect_skin/core': (Total ops = 98, Real ops = 32, Vars = 23) (SOL-10)
# Info: Optimizing partition '/detect_skin/core': (Total ops = 6, Real ops = 0, Vars = 0) (SOL-10)
# Info: Optimizing partition '/detect_skin/core': (Total ops = 2, Real ops = 0, Vars = 0) (SOL-10)
# Info: Optimizing partition '/detect_skin': (Total ops = 2, Real ops = 0, Vars = 2) (SOL-10)
# Info: Optimizing partition '/detect_skin': (Total ops = 2, Real ops = 0, Vars = 2) (SOL-10)
# Info: Optimizing partition '/detect_skin/core': (Total ops = 2, Real ops = 0, Vars = 0) (SOL-10)
# Info: Optimizing partition '/detect_skin': (Total ops = 2, Real ops = 0, Vars = 2) (SOL-10)
# Info: Optimizing partition '/detect_skin': (Total ops = 2, Real ops = 0, Vars = 2) (SOL-10)
# Warning: $PROJECT_HOME/skin.c(56): Input port 'pixin' is never used. (OPT-4)
# Info: Optimizing partition '/detect_skin/core': (Total ops = 2, Real ops = 0, Vars = 0) (SOL-10)
# Info: Optimizing partition '/detect_skin/core': (Total ops = 1, Real ops = 0, Vars = 0) (SOL-10)
# Info: Optimizing partition '/detect_skin': (Total ops = 1, Real ops = 0, Vars = 2) (SOL-10)
# Info: Optimizing partition '/detect_skin/core': (Total ops = 1, Real ops = 0, Vars = 0) (SOL-10)
# Info: Optimizing partition '/detect_skin': (Total ops = 1, Real ops = 0, Vars = 2) (SOL-10)
# Info: Optimizing partition '/detect_skin': (Total ops = 1, Real ops = 0, Vars = 2) (SOL-10)
# Info: Optimizing partition '/detect_skin/core': (Total ops = 1, Real ops = 0, Vars = 0) (SOL-10)
# Design 'detect_skin' was read (SOL-1)
# Info: Completed transformation 'compile' on solution 'detect_skin.v4': elapsed time 0.67 seconds, memory usage 169264kB, peak memory usage 239444kB (SOL-9)
# File '$PROJECT_HOME/skin.c' saved
# Input file has changed
go new
solution file set {$PROJECT_HOME/skin.c} -updated
# Info: Branching solution 'solution.v1' at state 'new' (PRJ-2)
go analyze
# Info: Starting transformation 'analyze' on solution 'solution.v1' (SOL-8)
# Front End called with arguments: -- {H:\FINAL PROJECT\FINAL PROJECT\catapult_proj\skin\skin.h} {H:\FINAL PROJECT\FINAL PROJECT\catapult_proj\skin\skin.c} (CIN-69)
# Edison Design Group C++/C Front End - Version 3.10.1 (CIN-1)
# $PROJECT_HOME/skin.c(55): Pragma 'hls_design<top>' detected on routine 'detect_skin' (CIN-6)
# Source file analysis completed (CIN-68)
# Info: Completed transformation 'analyze' on solution 'solution.v1': elapsed time 2.67 seconds, memory usage 171364kB, peak memory usage 246408kB (SOL-9)
go compile
# Info: Starting transformation 'compile' on solution 'solution.v1' (SOL-8)
# Generating synthesis internal form... (CIN-3)
# $PROJECT_HOME/skin.c(56): Found top design routine 'detect_skin' specified by directive (CIN-52)
# $PROJECT_HOME/skin.c(56): Synthesizing routine 'detect_skin' (CIN-13)
# $PROJECT_HOME/skin.c(56): Inlining routine 'detect_skin' (CIN-14)
# $PROJECT_HOME/skin.c(56): Optimizing block '/detect_skin' ... (CIN-4)
# $PROJECT_HOME/skin.c(56): Inout port 'pixin' is only used as an input. (OPT-10)
# $PROJECT_HOME/skin.c(56): Inout port 'pixout' is only used as an output. (OPT-11)
# Info: Optimizing partition '/detect_skin': (Total ops = 101, Real ops = 32, Vars = 25) (SOL-10)
# Info: Optimizing partition '/detect_skin/core': (Total ops = 101, Real ops = 32, Vars = 23) (SOL-10)
# Info: Optimizing partition '/detect_skin/core': (Total ops = 101, Real ops = 32, Vars = 23) (SOL-10)
# Info: Optimizing partition '/detect_skin': (Total ops = 101, Real ops = 32, Vars = 25) (SOL-10)
# Info: Optimizing partition '/detect_skin': (Total ops = 101, Real ops = 32, Vars = 25) (SOL-10)
# Info: Optimizing partition '/detect_skin/core': (Total ops = 101, Real ops = 32, Vars = 23) (SOL-10)
# Info: Optimizing partition '/detect_skin/core': (Total ops = 79, Real ops = 28, Vars = 17) (SOL-10)
# Info: Optimizing partition '/detect_skin/core': (Total ops = 79, Real ops = 28, Vars = 17) (SOL-10)
# Info: Optimizing partition '/detect_skin': (Total ops = 79, Real ops = 28, Vars = 19) (SOL-10)
# Info: Optimizing partition '/detect_skin': (Total ops = 79, Real ops = 28, Vars = 19) (SOL-10)
# Info: Optimizing partition '/detect_skin/core': (Total ops = 84, Real ops = 28, Vars = 29) (SOL-10)
# Info: Optimizing partition '/detect_skin/core': (Total ops = 59, Real ops = 26, Vars = 12) (SOL-10)
# Info: Optimizing partition '/detect_skin': (Total ops = 59, Real ops = 26, Vars = 14) (SOL-10)
# Info: Optimizing partition '/detect_skin/core': (Total ops = 59, Real ops = 26, Vars = 12) (SOL-10)
# Info: Optimizing partition '/detect_skin': (Total ops = 59, Real ops = 26, Vars = 14) (SOL-10)
# Info: Optimizing partition '/detect_skin': (Total ops = 59, Real ops = 26, Vars = 14) (SOL-10)
# Info: Optimizing partition '/detect_skin/core': (Total ops = 59, Real ops = 26, Vars = 12) (SOL-10)
# Info: Optimizing partition '/detect_skin/core': (Total ops = 66, Real ops = 29, Vars = 16) (SOL-10)
# Info: Optimizing partition '/detect_skin/core': (Total ops = 59, Real ops = 29, Vars = 16) (SOL-10)
# Info: Optimizing partition '/detect_skin/core': (Total ops = 58, Real ops = 29, Vars = 12) (SOL-10)
# Info: Optimizing partition '/detect_skin': (Total ops = 58, Real ops = 29, Vars = 14) (SOL-10)
# Info: Optimizing partition '/detect_skin': (Total ops = 58, Real ops = 29, Vars = 14) (SOL-10)
# Info: Optimizing partition '/detect_skin/core': (Total ops = 58, Real ops = 29, Vars = 12) (SOL-10)
# Design 'detect_skin' was read (SOL-1)
# Info: Completed transformation 'compile' on solution 'detect_skin.v5': elapsed time 0.94 seconds, memory usage 175816kB, peak memory usage 246408kB (SOL-9)
directive set /detect_skin/pixin -STREAM 30
# /detect_skin/pixin/STREAM 30
directive set /detect_skin/pixout -STREAM 30
# /detect_skin/pixout/STREAM 30
directive set /detect_skin/core/main -PIPELINE_INIT_INTERVAL 1
# /detect_skin/core/main/PIPELINE_INIT_INTERVAL 1
go extract
# Info: Starting transformation 'architect' on solution 'detect_skin.v5' (SOL-8)
# $PROJECT_HOME/skin.c(56): Loop '/detect_skin/core/main' is left rolled. (LOOP-4)
# $PROJECT_HOME/skin.c(56): I/O-Port inferred - resource 'pixin:rsc' (from var: pixin) mapped to 'mgc_ioport.mgc_in_wire' (size: 30). (MEM-2)
# $PROJECT_HOME/skin.c(56): I/O-Port inferred - resource 'pixout:rsc' (from var: pixout) mapped to 'mgc_ioport.mgc_out_stdreg' (size: 30). (MEM-2)
# Info: Optimizing partition '/detect_skin': (Total ops = 62, Real ops = 30, Vars = 17) (SOL-10)
# Info: Optimizing partition '/detect_skin/core': (Total ops = 62, Real ops = 30, Vars = 12) (SOL-10)
# Info: Optimizing partition '/detect_skin/core': (Total ops = 69, Real ops = 30, Vars = 11) (SOL-10)
# Info: Optimizing partition '/detect_skin/core': (Total ops = 69, Real ops = 30, Vars = 11) (SOL-10)
# Info: Optimizing partition '/detect_skin': (Total ops = 69, Real ops = 30, Vars = 16) (SOL-10)
# Info: Optimizing partition '/detect_skin/core': (Total ops = 69, Real ops = 30, Vars = 12) (SOL-10)
# Info: Optimizing partition '/detect_skin/core': (Total ops = 70, Real ops = 30, Vars = 12) (SOL-10)
# Info: Optimizing partition '/detect_skin/core': (Total ops = 66, Real ops = 30, Vars = 10) (SOL-10)
# Info: Optimizing partition '/detect_skin/core': (Total ops = 66, Real ops = 30, Vars = 10) (SOL-10)
# Info: Optimizing partition '/detect_skin': (Total ops = 66, Real ops = 30, Vars = 15) (SOL-10)
# Info: Optimizing partition '/detect_skin/core': (Total ops = 66, Real ops = 30, Vars = 10) (SOL-10)
# Info: Optimizing partition '/detect_skin': (Total ops = 66, Real ops = 30, Vars = 15) (SOL-10)
# Info: Optimizing partition '/detect_skin': (Total ops = 66, Real ops = 30, Vars = 15) (SOL-10)
# Info: Optimizing partition '/detect_skin/core': (Total ops = 66, Real ops = 30, Vars = 10) (SOL-10)
# Info: Optimizing partition '/detect_skin/core': (Total ops = 140, Real ops = 38, Vars = 56) (SOL-10)
# Info: Optimizing partition '/detect_skin/core': (Total ops = 71, Real ops = 35, Vars = 14) (SOL-10)
# Design 'detect_skin' contains '37' real operations. (SOL-11)
# Info: Completed transformation 'architect' on solution 'detect_skin.v5': elapsed time 2.51 seconds, memory usage 176428kB, peak memory usage 246408kB (SOL-9)
# Info: Starting transformation 'allocate' on solution 'detect_skin.v5' (SOL-8)
# Performing concurrent resource allocation and scheduling on '/detect_skin/core' (CRAAS-1)
# Info: Select qualified components for data operations ... (CRAAS-3)
# Info: Apply resource constraints on data operations ... (CRAAS-4)
# $PROJECT_HOME/skin.c(56): Prescheduled LOOP 'main' (2 c-steps) (SCHD-7)
# $PROJECT_HOME/skin.c(56): Prescheduled SEQUENTIAL 'core' (total length 2 c-steps) (SCHD-8)
# Info: Initial schedule of SEQUENTIAL 'core': Latency = 1, Area (Datapath, Register, Total) = 3301.88, 0.00, 3301.88 (CRAAS-11)
# At least one feasible schedule exists. (CRAAS-9)
# Info: Optimized LOOP 'main': Latency = 1, Area (Datapath, Register, Total) = 3214.88, 0.00, 3214.88 (CRAAS-10)
# Info: Optimized LOOP 'main': Latency = 1, Area (Datapath, Register, Total) = 3214.38, 0.00, 3214.38 (CRAAS-10)
# Info: Final schedule of SEQUENTIAL 'core': Latency = 1, Area (Datapath, Register, Total) = 3214.38, 0.00, 3214.38 (CRAAS-12)
# Resource allocation and scheduling done. (CRAAS-2)
# Netlist written to file 'schedule.gnt' (NET-4)
# Info: Completed transformation 'allocate' on solution 'detect_skin.v5': elapsed time 0.44 seconds, memory usage 176428kB, peak memory usage 246408kB (SOL-9)
# Info: Starting transformation 'schedule' on solution 'detect_skin.v5' (SOL-8)
# Performing concurrent resource allocation and scheduling on '/detect_skin/core' (CRAAS-1)
# Global signal 'pixin:rsc.z' added to design 'detect_skin' for component 'pixin:rsc:mgc_in_wire' (LIB-3)
# Global signal 'pixout:rsc.z' added to design 'detect_skin' for component 'pixout:rsc:mgc_out_stdreg' (LIB-3)
# Info: Optimizing partition '/detect_skin': (Total ops = 95, Real ops = 38, Vars = 33) (SOL-10)
# Info: Optimizing partition '/detect_skin/detect_skin:core': (Total ops = 85, Real ops = 37, Vars = 25) (SOL-10)
# Info: Optimizing partition '/detect_skin/detect_skin:core/core': (Total ops = 80, Real ops = 37, Vars = 20) (SOL-10)
# Info: Optimizing partition '/detect_skin/detect_skin:core/core': (Total ops = 76, Real ops = 38, Vars = 16) (SOL-10)
# Info: Optimizing partition '/detect_skin': (Total ops = 90, Real ops = 38, Vars = 28) (SOL-10)
# Info: Optimizing partition '/detect_skin/detect_skin:core': (Total ops = 81, Real ops = 38, Vars = 21) (SOL-10)
# Info: Optimizing partition '/detect_skin/detect_skin:core/core': (Total ops = 76, Real ops = 38, Vars = 16) (SOL-10)
# Info: Optimizing partition '/detect_skin': (Total ops = 90, Real ops = 38, Vars = 28) (SOL-10)
# Info: Optimizing partition '/detect_skin/detect_skin:core': (Total ops = 81, Real ops = 38, Vars = 21) (SOL-10)
# Report written to file 'cycle.rpt'
# Netlist written to file 'cycle.v' (NET-4)
# Info: Completed transformation 'schedule' on solution 'detect_skin.v5': elapsed time 1.20 seconds, memory usage 184644kB, peak memory usage 246408kB (SOL-9)
# Info: Starting transformation 'dpfsm' on solution 'detect_skin.v5' (SOL-8)
# Performing FSM extraction... (FSM-1)
# Info: Optimizing partition '/detect_skin': (Total ops = 112, Real ops = 38, Vars = 77) (SOL-10)
# Info: Optimizing partition '/detect_skin/detect_skin:core': (Total ops = 103, Real ops = 38, Vars = 70) (SOL-10)
# Info: Optimizing partition '/detect_skin': (Total ops = 119, Real ops = 38, Vars = 19) (SOL-10)
# Info: Optimizing partition '/detect_skin/detect_skin:core': (Total ops = 110, Real ops = 38, Vars = 12) (SOL-10)
# Info: Optimizing partition '/detect_skin': (Total ops = 79, Real ops = 32, Vars = 19) (SOL-10)
# Info: Optimizing partition '/detect_skin/detect_skin:core': (Total ops = 70, Real ops = 32, Vars = 12) (SOL-10)
# Info: Optimizing partition '/detect_skin': (Total ops = 79, Real ops = 32, Vars = 20) (SOL-10)
# Info: Optimizing partition '/detect_skin/detect_skin:core': (Total ops = 70, Real ops = 32, Vars = 13) (SOL-10)
# Info: Optimizing partition '/detect_skin/detect_skin:core': (Total ops = 70, Real ops = 32, Vars = 13) (SOL-10)
# Info: Optimizing partition '/detect_skin': (Total ops = 79, Real ops = 32, Vars = 20) (SOL-10)
# Info: Optimizing partition '/detect_skin': (Total ops = 79, Real ops = 32, Vars = 20) (SOL-10)
# Info: Optimizing partition '/detect_skin/detect_skin:core': (Total ops = 70, Real ops = 32, Vars = 13) (SOL-10)
# Info: Optimizing partition '/detect_skin': (Total ops = 79, Real ops = 32, Vars = 20) (SOL-10)
# Info: Optimizing partition '/detect_skin/detect_skin:core': (Total ops = 70, Real ops = 32, Vars = 13) (SOL-10)
# Info: Completed transformation 'dpfsm' on solution 'detect_skin.v5': elapsed time 0.25 seconds, memory usage 184832kB, peak memory usage 246408kB (SOL-9)
# Info: Starting transformation 'extract' on solution 'detect_skin.v5' (SOL-8)
# Warning: Reassigned operation acc#12:mgc_Altera-Cyclone-III-6_beh_psr.mgc_add_pipe(16,1,17,0,18,1,1,0,0,0,2,0,0,0) to mgc_Altera-Cyclone-III-6_beh_psr.mgc_add(17,0,16,1,18) (ASG-1)
# Info: Optimizing partition '/detect_skin': (Total ops = 79, Real ops = 32, Vars = 76) (SOL-10)
# Info: Optimizing partition '/detect_skin/detect_skin:core': (Total ops = 70, Real ops = 32, Vars = 69) (SOL-10)
# Info: Optimizing partition '/detect_skin': (Total ops = 79, Real ops = 32, Vars = 20) (SOL-10)
# Info: Optimizing partition '/detect_skin/detect_skin:core': (Total ops = 70, Real ops = 32, Vars = 13) (SOL-10)
# Info: Optimizing partition '/detect_skin': (Total ops = 79, Real ops = 32, Vars = 20) (SOL-10)
# Info: Optimizing partition '/detect_skin/detect_skin:core': (Total ops = 70, Real ops = 32, Vars = 13) (SOL-10)
# Info: Optimizing partition '/detect_skin/detect_skin:core': (Total ops = 70, Real ops = 32, Vars = 13) (SOL-10)
# Info: Optimizing partition '/detect_skin': (Total ops = 79, Real ops = 32, Vars = 20) (SOL-10)
# Info: Optimizing partition '/detect_skin': (Total ops = 79, Real ops = 32, Vars = 20) (SOL-10)
# Info: Optimizing partition '/detect_skin/detect_skin:core': (Total ops = 70, Real ops = 32, Vars = 13) (SOL-10)
# Info: Optimizing partition '/detect_skin': (Total ops = 79, Real ops = 32, Vars = 20) (SOL-10)
# Info: Optimizing partition '/detect_skin/detect_skin:core': (Total ops = 70, Real ops = 32, Vars = 13) (SOL-10)
# Info: Optimizing partition '/detect_skin': (Total ops = 79, Real ops = 32, Vars = 76) (SOL-10)
# Info: Optimizing partition '/detect_skin/detect_skin:core': (Total ops = 70, Real ops = 32, Vars = 69) (SOL-10)
# Netlist written to file 'schematic.nlv' (NET-4)
# Info: Optimizing partition '/detect_skin': (Total ops = 79, Real ops = 32, Vars = 76) (SOL-10)
# Info: Optimizing partition '/detect_skin/detect_skin:core': (Total ops = 70, Real ops = 32, Vars = 69) (SOL-10)
# Info: Optimizing partition '/detect_skin': (Total ops = 79, Real ops = 32, Vars = 20) (SOL-10)
# Info: Optimizing partition '/detect_skin/detect_skin:core': (Total ops = 70, Real ops = 32, Vars = 13) (SOL-10)
# Info: Optimizing partition '/detect_skin': (Total ops = 79, Real ops = 32, Vars = 20) (SOL-10)
# Info: Optimizing partition '/detect_skin/detect_skin:core': (Total ops = 70, Real ops = 32, Vars = 13) (SOL-10)
# Report written to file 'rtl.rpt'
# Netlist written to file 'rtl.v' (NET-4)
# generate concat
# order file name is: rtl.v_order.txt
# Add dependent file: ./rtl_mgc_ioport.v
# Add dependent file: ./rtl_mgc_ioport_v2001.v
# Add dependent file: ./rtl.v
# Finished writing concatenated file: H:/FINAL PROJECT/FINAL PROJECT/catapult_proj/skin/skin/detect_skin.v5/concat_rtl.v
# Synthesis timing script written to file './rtl.v.psr_timing'
# IO timing constraints written to synthesis script file
# Synthesis script written to file 'rtl.v.psr'
# Info: Completed transformation 'extract' on solution 'detect_skin.v5': elapsed time 2.22 seconds, memory usage 184832kB, peak memory usage 246408kB (SOL-9)
project save
# Saving project file 'H:/FINAL PROJECT/FINAL PROJECT/catapult_proj/skin/skin.ccs'. (PRJ-5)
quit -f
