-- Catapult University Version: Report                                              
-- ---------------------------- ---------------------------------------------------
-- Version:                     2011a.126 Production Release                        
-- Build Date:                  Wed Aug  8 00:52:07 PDT 2012                        
                                                                                    
-- Generated by:                nn1114@EEWS304-032                                  
-- Generated date:              Wed May 13 21:58:51 +0100 2015                      

Solution Settings: erosion.v3
  Current state: schedule
  Project: erosion
  
  Design Input Files Specified
    $PROJECT_HOME/erosion.h
      $MGC_HOME/shared/include/ac_int.h
    $PROJECT_HOME/erosion.c
      $MGC_HOME/shared/include/ac_fixed.h
        $MGC_HOME/shared/include/ac_int.h
      $PROJECT_HOME/erosion.h
      $PROJECT_HOME/shift_class.h
    $PROJECT_HOME/shift_class.h
    $PROJECT_HOME/bmp_io.cpp
      $PROJECT_HOME/bmp_io.h
    $PROJECT_HOME/bmp_io.h
  
  Processes/Blocks in Design
    Process       Real Operation(s) count Latency Throughput Reset Length II Comments 
    ------------- ----------------------- ------- ---------- ------------ -- --------
    /erosion/core                      75 9216000    9216002            0  0          
    Design Total:                      75 9216000    9216002            0  0          
    
  Clock Information
    Clock Signal Edge   Period Sharing Alloc (%) Uncertainty Used by Processes/Blocks 
    ------------ ------ ------ ----------------- ----------- ------------------------
    clk          rising 37.037             20.00    0.000000 /erosion/core            
    
  I/O Data Ranges
    Port       Mode DeclType DeclWidth DeclRange ActType ActWidth ActRange 
    ---------- ---- -------- --------- --------- ------- -------- --------
    vin:rsc.z  IN   Unsigned       150                                     
    clk        IN   Unsigned         1                                     
    en         IN   Unsigned         1                                     
    arst_n     IN   Unsigned         1                                     
    vout:rsc.z OUT  Unsigned        30                                     
    
  Memory Resources
    Resource Name: /erosion/vin:rsc
      Memory Component: mgc_in_wire                  Size:         1 x 150
      External:         true                         Packing Mode: sidebyside
      Memory Map:
      Variable     Indices Phys Memory Address     
      ------------ ------- -----------------------
      /erosion/vin   0:149 00000000-00000000 (0-0) 
      
    Resource Name: /erosion/vout:rsc
      Memory Component: mgc_out_stdreg               Size:         1 x 30
      External:         true                         Packing Mode: sidebyside
      Memory Map:
      Variable      Indices Phys Memory Address     
      ------------- ------- -----------------------
      /erosion/vout    0:29 00000000-00000000 (0-0) 
      
  Multi-Cycle (Combinational) Component Usage
    Instance Component Name Delay 
    -------- -------------- -----
    
  Loops
    Process       Loop             Iterations C-Steps Total Cycles   Duration  Unroll Init Comments 
    ------------- ---------------- ---------- ------- ------------- ---------- ------ ---- --------
    /erosion/core core:rlp           Infinite       0      9216002  341.33 ms                       
    /erosion/core   main             Infinite       1      9216002  341.33 ms                       
    /erosion/core    FRAME            9216000       2      9216001  341.33 ms            1          
    
  Loop Execution Profile
    Process       Loop             Total Cycles % of Overall Design Cycles Throughput Cycles Comments 
    ------------- ---------------- ------------ -------------------------- ----------------- --------
    /erosion/core core:rlp                   0                        0.00          9216002           
    /erosion/core   main                     1                        0.00          9216002           
    /erosion/core    FRAME             9216001                      100.00               30           
    
  End of Report
