-- Catapult University Version: Report                                              
-- ---------------------------- ---------------------------------------------------
-- Version:                     2011a.126 Production Release                        
-- Build Date:                  Wed Aug  8 00:52:07 PDT 2012                        
                                                                                    
-- Generated by:                nn1114@EEWS304-032                                  
-- Generated date:              Wed May 13 22:00:40 +0100 2015                      

Solution Settings: erosion.v3
  Current state: extract
  Project: erosion
  
  Design Input Files Specified
    $PROJECT_HOME/erosion.h
      $MGC_HOME/shared/include/ac_int.h
    $PROJECT_HOME/erosion.c
      $MGC_HOME/shared/include/ac_fixed.h
        $MGC_HOME/shared/include/ac_int.h
      $PROJECT_HOME/erosion.h
      $PROJECT_HOME/shift_class.h
    $PROJECT_HOME/shift_class.h
    $PROJECT_HOME/bmp_io.cpp
      $PROJECT_HOME/bmp_io.h
    $PROJECT_HOME/bmp_io.h
  
  Processes/Blocks in Design
    Process       Real Operation(s) count Latency Throughput Reset Length II Comments 
    ------------- ----------------------- ------- ---------- ------------ -- --------
    /erosion/core                      75 9216000    9216002            0  0          
    Design Total:                      75 9216000    9216002            0  0          
    
  Bill Of Materials (Datapath)
    Component Name                          Area Score Area(DSP_block_9-bit_elems) Area(LUTs) Delay Post Alloc Post Assign 
    --------------------------------------- ---------- --------------------------- ---------- ----- ---------- -----------
    [Lib: mgc_Altera-Cyclone-III-6_beh_psr]                                                                                
    mgc_add(19,0,2,1,19)                        20.000                       0.000     20.000 1.908          1           1 
    mgc_add(2,0,1,1,2)                           3.000                       0.000      3.000 0.658          1           1 
    mgc_add(3,0,2,0,3)                           4.306                       0.000      4.306 0.764          0           2 
    mgc_add(3,0,2,1,3)                           4.000                       0.000      4.000 0.764          3           3 
    mgc_add(4,0,3,0,4)                           5.297                       0.000      5.297 0.856          2           0 
    mgc_add(6,0,4,1,6)                           7.000                       0.000      7.000 1.021          1           1 
    mgc_add(8,0,7,0,8)                           9.262                       0.000      9.262 1.165          1           1 
    mgc_add(9,0,6,0,9)                          10.261                       0.000     10.261 1.239          1           1 
    mgc_and(1,2)                                 0.730                       0.000      0.730 0.263          0          13 
    mgc_and(1,3)                                 1.054                       0.000      1.054 0.416          0           3 
    mgc_and(1,4)                                 1.379                       0.000      1.379 0.525          0           5 
    mgc_and(1,6)                                 2.028                       0.000      2.028 0.679          0           1 
    mgc_and(19,2)                               13.867                       0.000     13.867 0.263          0           1 
    mgc_and(3,2)                                 2.189                       0.000      2.189 0.263          3           0 
    mgc_and(30,2)                               21.895                       0.000     21.895 0.263          0           1 
    mgc_mul(3,0,7,0,9)                         330.250                       2.000     10.250 2.933          1           1 
    mgc_mux(1,1,2)                               0.919                       0.000      0.919 0.369          5           7 
    mgc_mux(150,1,2)                           137.913                       0.000    137.913 0.369          6           1 
    mgc_mux(150,2,4)                           333.882                       0.000    333.882 0.936          1           1 
    mgc_mux(19,1,2)                             17.469                       0.000     17.469 0.369          1           1 
    mgc_mux(2,9,512)                           668.133                       0.000    668.133 4.909          0          15 
    mgc_mux(3,1,2)                               2.758                       0.000      2.758 0.369          1           5 
    mgc_mux(30,9,512)                        10022.002                       0.000  10022.002 4.909          1           0 
    mgc_mux(4,1,2)                               3.678                       0.000      3.678 0.369          2           0 
    mgc_mux1hot(1,3)                             2.190                       0.000      2.190 0.773          0           3 
    mgc_mux1hot(150,3)                         328.444                       0.000    328.444 0.773          0           5 
    mgc_mux1hot(3,3)                             6.569                       0.000      6.569 0.773          2           2 
    mgc_nand(1,2)                                0.730                       0.000      0.730 0.268          0          14 
    mgc_nand(1,3)                                1.054                       0.000      1.054 0.425          0           1 
    mgc_nand(1,30)                               9.820                       0.000      9.820 1.314          0           1 
    mgc_nand(1,5)                                1.704                       0.000      1.704 0.622          0           1 
    mgc_nor(1,2)                                 0.730                       0.000      0.730 0.263          0           6 
    mgc_nor(1,3)                                 1.054                       0.000      1.054 0.416          0           1 
    mgc_nor(1,4)                                 1.379                       0.000      1.379 0.525          0           1 
    mgc_nor(3,2)                                 2.189                       0.000      2.189 0.263          0           4 
    mgc_not(1)                                   0.000                       0.000      0.000 0.000          0          31 
    mgc_not(3)                                   0.000                       0.000      0.000 0.000          0           1 
    mgc_or(1,2)                                  0.730                       0.000      0.730 0.268          0          14 
    mgc_or(1,3)                                  1.054                       0.000      1.054 0.425          0           5 
    mgc_or(30,2)                                21.895                       0.000     21.895 0.268          0           1 
    mgc_reg_pos(1,1,0,0,0,1,1)                   0.000                       0.000      0.000 0.000          0           9 
    mgc_reg_pos(150,1,0,0,0,1,1)                 0.000                       0.000      0.000 0.000          0          11 
    mgc_reg_pos(19,1,0,0,0,1,1)                  0.000                       0.000      0.000 0.000          0           1 
    mgc_reg_pos(3,1,0,0,0,1,1)                   0.000                       0.000      0.000 0.000          0           5 
    mgc_reg_pos(30,1,0,0,0,1,1)                  0.000                       0.000      0.000 0.000          0           1 
    [Lib: mgc_ioport]                                                                                                      
    mgc_in_wire(1,150)                           0.000                       0.000      0.000 0.000          1           1 
    mgc_out_stdreg(2,30)                         0.000                       0.000      0.000 0.000          1           1 
                                                                                                                           
    TOTAL AREA (After Assignment):           12726.892                       2.000  12407.000                              
    
  Area Scores
                       Post-Scheduling    Post-DP & FSM  Post-Assignment 
    ----------------- ---------------- ---------------- ----------------
    Total Area Score:   11637.6          14963.5          12726.9        
    Total Reg:              0.0              0.0              0.0        
                                                                         
    DataPath:           11637.6 (100%)   14963.5 (100%)   12726.9 (100%) 
      MUX:              11228.7  (96%)   14422.5  (96%)   12193.4  (96%) 
      FUNC:               402.4   (3%)     402.4   (3%)     400.4   (3%) 
      LOGIC:                6.6   (0%)     138.7   (1%)     133.1   (1%) 
      BUFFER:               0.0              0.0              0.0        
      MEM:                  0.0              0.0              0.0        
      ROM:                  0.0              0.0              0.0        
      REG:                  0.0              0.0              0.0        
                                                                         
    
    FSM:                    0.0              0.0              0.0   (0%) 
      FSM-REG:              0.0              0.0              0.0        
      FSM-COMB:             0.0              0.0              0.0 (100%) 
                                                                         
    
  Register-to-Variable Mappings
    Register                  Size(bits) Gated Register CG Opt Done Variables                                             
    ------------------------- ---------- -------------- ----------- -----------------------------------------------------
    regs.operator<<:din.lpi#2        150         Y                  regs.operator<<:din.lpi#2                             
    regs.regs(0).lpi#2               150         Y                  regs.regs(0).lpi#2                                    
    regs.regs(0).lpi#2.dfm#1         150         Y                  regs.regs(0).lpi#2.dfm#1                              
    regs.regs(1).lpi#2               150         Y                  regs.regs(1).lpi#2                                    
    regs.regs(1).lpi#2.dfm#1         150         Y                  regs.regs(1).lpi#2.dfm#1                              
    regs.regs(2).lpi#2               150         Y                  regs.regs(2).lpi#2                                    
    regs.regs(2).lpi#2.dfm#1         150         Y                  regs.regs(2).lpi#2.dfm#1                              
    regs.regs(3).lpi#2               150         Y                  regs.regs(3).lpi#2                                    
    regs.regs(3).lpi#2.dfm#1         150         Y                  regs.regs(3).lpi#2.dfm#1                              
    regs.regs(4).lpi#2               150         Y                  regs.regs(4).lpi#2                                    
    regs.regs(4).lpi#2.dfm#1         150         Y                  regs.regs(4).lpi#2.dfm#1                              
    vout:rsc:mgc_out_stdreg.d         30         Y                  vout:rsc:mgc_out_stdreg.d                             
    FRAME:p#1.sva                     19         Y                  FRAME:p#1.sva                                         
    ACC1:for:j#1.lpi#2                 3         Y                  ACC1:for:j#1.lpi#2                                    
    ACC1:for:j#1.lpi#2.dfm#4           3         Y                  ACC1:for:j#1.lpi#2.dfm#4                              
    SHIFT:i#1.lpi#5                    3         Y                  SHIFT:i#1.lpi#5                                       
    i#1.lpi#2                          3         Y                  i#1.lpi#2                                             
    i#1.lpi#2.dfm#2                    3         Y                  i#1.lpi#2.dfm#2                                       
    FRAME.stage_0                      1         Y                  FRAME.stage_0                                         
    apply.lpi#2                        1         Y                  apply.lpi#2                                           
    apply.lpi#2.dfm#2                  1         Y                  apply.lpi#2.dfm#2                                     
    exit:ACC1#1.sva                    1         Y                  exit:ACC1#1.sva                                       
    exit:ACC1.lpi#2                    1         Y                  exit:ACC1.lpi#2                                       
    exit:ACC1.lpi#2.dfm#3              1         Y                  exit:ACC1.lpi#2.dfm#3                                 
    exit:ACC1:for.lpi#2.dfm#1          1         Y                  exit:ACC1:for.lpi#2.dfm#1                             
    exit:SHIFT.lpi#2                   1         Y                  exit:SHIFT.lpi#2                                      
    exit:SHIFT.lpi#2.dfm#1             1         Y                  exit:SHIFT.lpi#2.dfm#1                                
                                                                                                                          
    Total:                          1723           1723           0 (Total Gating Ratio: 1.00, CG Opt Gating Ratio: 0.00) 
    
  Timing Report
    Critical Path
      Max Delay:  13.694965999999999
      Slack:      23.342071036999997
      
      Path                                              Startpoint                  Endpoint                             Delay   Slack   
      ------------------------------------------------- --------------------------- ------------------------------------ ------- -------
      1                                                 erosion:core/reg(i#1.lpi#2) erosion:core/reg(ACC1:for:j#1.lpi#2) 13.6950 23.3421 
                                                                                                                                         
        Instance                                        Component                                                        Delta   Delay   
        --------                                        ---------                                                        -----   -----   
        erosion:core/reg(i#1.lpi#2)                     mgc_reg_pos_3_1_0_0_0_1_1                                        0.0000  0.0000  
        erosion:core/i#1.lpi#2                                                                                           0.0000  0.0000  
        erosion:core/ACC1:for:if:asn                                                                                     0.0000  0.0000  
        erosion:core/ACC1:for:if:asn.itm                                                                                 0.0000  0.0000  
        erosion:core/ACC1:for:if:mul                    mgc_mul_3_0_7_0_9                                                2.9328  2.9328  
        erosion:core/ACC1:for:if:mul.itm                                                                                 0.0000  2.9328  
        erosion:core/ACC1:for:if:acc                    mgc_add_9_0_6_0_9                                                1.2389  4.1717  
        erosion:core/ACC1:for:if:acc.ssc                                                                                 0.0000  4.1717  
        erosion:core/ACC1:for:if:mux#14                 mgc_mux_2_9_512                                                  4.9088  9.0805  
        erosion:core/ACC1:for:slc#1.svs.sg14                                                                             0.0000  9.0805  
        erosion:core/slc(ACC1:for:slc#1.svs.sg14)                                                                        0.0000  9.0805  
        erosion:core/slc(ACC1:for:slc#1.svs.sg14).itm                                                                    0.0000  9.0805  
        erosion:core/ACC1:for:nand                      mgc_nand_1_30                                                    1.3145  10.3949 
        erosion:core/ACC1:for:nand.tmp                                                                                   0.0000  10.3949 
        erosion:core/and#125                            mgc_and_1_2                                                      0.2625  10.6574 
        erosion:core/and#125.itm                                                                                         0.0000  10.6574 
        erosion:core/or#117                             mgc_or_1_2                                                       0.2679  10.9253 
        erosion:core/exit:ACC1:for.lpi#2.dfm#1:mx2                                                                       0.0000  10.9253 
        erosion:core/SHIFT:and#8                        mgc_and_1_2                                                      0.2625  11.1878 
        erosion:core/SHIFT:and#8.cse                                                                                     0.0000  11.1878 
        erosion:core/and#144                            mgc_and_1_3                                                      0.4161  11.6039 
        erosion:core/and#144.itm                                                                                         0.0000  11.6039 
        erosion:core/or#121                             mgc_or_1_2                                                       0.2679  11.8718 
        erosion:core/or.dcpl#115                                                                                         0.0000  11.8718 
        erosion:core/nor#7                              mgc_nor_1_4                                                      0.5250  12.3968 
        erosion:core/nor#7.itm                                                                                           0.0000  12.3968 
        erosion:core/exs#8                                                                                               0.0000  12.3968 
        erosion:core/exs#8.itm                                                                                           0.0000  12.3968 
        erosion:core/nor#13                             mgc_nor_3_2                                                      0.2625  12.6593 
        erosion:core/nor#13.itm                                                                                          0.0000  12.6593 
        erosion:core/nor#12                             mgc_nor_3_2                                                      0.2625  12.9218 
        erosion:core/ACC1:for:j#1.lpi#2.dfm#4:mx1w0                                                                      0.0000  12.9218 
        erosion:core/mux1h#37                           mgc_mux1hot_3_3                                                  0.7732  13.6950 
        erosion:core/mux1h#37.itm                                                                                        0.0000  13.6950 
        erosion:core/reg(ACC1:for:j#1.lpi#2)            mgc_reg_pos_3_1_0_0_0_1_1                                        0.0000  13.6950 
                                                                                                                                         
      2                                                 erosion:core/reg(i#1.lpi#2) erosion:core/reg(ACC1:for:j#1.lpi#2) 13.6950 23.3421 
                                                                                                                                         
        Instance                                        Component                                                        Delta   Delay   
        --------                                        ---------                                                        -----   -----   
        erosion:core/reg(i#1.lpi#2)                     mgc_reg_pos_3_1_0_0_0_1_1                                        0.0000  0.0000  
        erosion:core/i#1.lpi#2                                                                                           0.0000  0.0000  
        erosion:core/ACC1:for:if:asn                                                                                     0.0000  0.0000  
        erosion:core/ACC1:for:if:asn.itm                                                                                 0.0000  0.0000  
        erosion:core/ACC1:for:if:mul                    mgc_mul_3_0_7_0_9                                                2.9328  2.9328  
        erosion:core/ACC1:for:if:mul.itm                                                                                 0.0000  2.9328  
        erosion:core/ACC1:for:if:acc                    mgc_add_9_0_6_0_9                                                1.2389  4.1717  
        erosion:core/ACC1:for:if:acc.ssc                                                                                 0.0000  4.1717  
        erosion:core/ACC1:for:if:mux#14                 mgc_mux_2_9_512                                                  4.9088  9.0805  
        erosion:core/ACC1:for:slc#1.svs.sg14                                                                             0.0000  9.0805  
        erosion:core/slc(ACC1:for:slc#1.svs.sg14)#1                                                                      0.0000  9.0805  
        erosion:core/slc(ACC1:for:slc#1.svs.sg14)#1.itm                                                                  0.0000  9.0805  
        erosion:core/ACC1:for:nand                      mgc_nand_1_30                                                    1.3145  10.3949 
        erosion:core/ACC1:for:nand.tmp                                                                                   0.0000  10.3949 
        erosion:core/and#125                            mgc_and_1_2                                                      0.2625  10.6574 
        erosion:core/and#125.itm                                                                                         0.0000  10.6574 
        erosion:core/or#117                             mgc_or_1_2                                                       0.2679  10.9253 
        erosion:core/exit:ACC1:for.lpi#2.dfm#1:mx2                                                                       0.0000  10.9253 
        erosion:core/SHIFT:and#8                        mgc_and_1_2                                                      0.2625  11.1878 
        erosion:core/SHIFT:and#8.cse                                                                                     0.0000  11.1878 
        erosion:core/and#144                            mgc_and_1_3                                                      0.4161  11.6039 
        erosion:core/and#144.itm                                                                                         0.0000  11.6039 
        erosion:core/or#121                             mgc_or_1_2                                                       0.2679  11.8718 
        erosion:core/or.dcpl#115                                                                                         0.0000  11.8718 
        erosion:core/nor#7                              mgc_nor_1_4                                                      0.5250  12.3968 
        erosion:core/nor#7.itm                                                                                           0.0000  12.3968 
        erosion:core/exs#8                                                                                               0.0000  12.3968 
        erosion:core/exs#8.itm                                                                                           0.0000  12.3968 
        erosion:core/nor#13                             mgc_nor_3_2                                                      0.2625  12.6593 
        erosion:core/nor#13.itm                                                                                          0.0000  12.6593 
        erosion:core/nor#12                             mgc_nor_3_2                                                      0.2625  12.9218 
        erosion:core/ACC1:for:j#1.lpi#2.dfm#4:mx1w0                                                                      0.0000  12.9218 
        erosion:core/mux1h#37                           mgc_mux1hot_3_3                                                  0.7732  13.6950 
        erosion:core/mux1h#37.itm                                                                                        0.0000  13.6950 
        erosion:core/reg(ACC1:for:j#1.lpi#2)            mgc_reg_pos_3_1_0_0_0_1_1                                        0.0000  13.6950 
                                                                                                                                         
      3                                                 erosion:core/reg(i#1.lpi#2) erosion:core/reg(ACC1:for:j#1.lpi#2) 13.6950 23.3421 
                                                                                                                                         
        Instance                                        Component                                                        Delta   Delay   
        --------                                        ---------                                                        -----   -----   
        erosion:core/reg(i#1.lpi#2)                     mgc_reg_pos_3_1_0_0_0_1_1                                        0.0000  0.0000  
        erosion:core/i#1.lpi#2                                                                                           0.0000  0.0000  
        erosion:core/ACC1:for:if:asn                                                                                     0.0000  0.0000  
        erosion:core/ACC1:for:if:asn.itm                                                                                 0.0000  0.0000  
        erosion:core/ACC1:for:if:mul                    mgc_mul_3_0_7_0_9                                                2.9328  2.9328  
        erosion:core/ACC1:for:if:mul.itm                                                                                 0.0000  2.9328  
        erosion:core/ACC1:for:if:acc                    mgc_add_9_0_6_0_9                                                1.2389  4.1717  
        erosion:core/ACC1:for:if:acc.ssc                                                                                 0.0000  4.1717  
        erosion:core/ACC1:for:if:mux#2                  mgc_mux_2_9_512                                                  4.9088  9.0805  
        erosion:core/ACC1:for:slc#1.svs.sg8                                                                              0.0000  9.0805  
        erosion:core/slc(ACC1:for:slc#1.svs.sg8)#1                                                                       0.0000  9.0805  
        erosion:core/slc(ACC1:for:slc#1.svs.sg8)#1.itm                                                                   0.0000  9.0805  
        erosion:core/ACC1:for:nand                      mgc_nand_1_30                                                    1.3145  10.3949 
        erosion:core/ACC1:for:nand.tmp                                                                                   0.0000  10.3949 
        erosion:core/and#125                            mgc_and_1_2                                                      0.2625  10.6574 
        erosion:core/and#125.itm                                                                                         0.0000  10.6574 
        erosion:core/or#117                             mgc_or_1_2                                                       0.2679  10.9253 
        erosion:core/exit:ACC1:for.lpi#2.dfm#1:mx2                                                                       0.0000  10.9253 
        erosion:core/SHIFT:and#8                        mgc_and_1_2                                                      0.2625  11.1878 
        erosion:core/SHIFT:and#8.cse                                                                                     0.0000  11.1878 
        erosion:core/and#144                            mgc_and_1_3                                                      0.4161  11.6039 
        erosion:core/and#144.itm                                                                                         0.0000  11.6039 
        erosion:core/or#121                             mgc_or_1_2                                                       0.2679  11.8718 
        erosion:core/or.dcpl#115                                                                                         0.0000  11.8718 
        erosion:core/nor#7                              mgc_nor_1_4                                                      0.5250  12.3968 
        erosion:core/nor#7.itm                                                                                           0.0000  12.3968 
        erosion:core/exs#8                                                                                               0.0000  12.3968 
        erosion:core/exs#8.itm                                                                                           0.0000  12.3968 
        erosion:core/nor#13                             mgc_nor_3_2                                                      0.2625  12.6593 
        erosion:core/nor#13.itm                                                                                          0.0000  12.6593 
        erosion:core/nor#12                             mgc_nor_3_2                                                      0.2625  12.9218 
        erosion:core/ACC1:for:j#1.lpi#2.dfm#4:mx1w0                                                                      0.0000  12.9218 
        erosion:core/mux1h#37                           mgc_mux1hot_3_3                                                  0.7732  13.6950 
        erosion:core/mux1h#37.itm                                                                                        0.0000  13.6950 
        erosion:core/reg(ACC1:for:j#1.lpi#2)            mgc_reg_pos_3_1_0_0_0_1_1                                        0.0000  13.6950 
                                                                                                                                         
      4                                                 erosion:core/reg(i#1.lpi#2) erosion:core/reg(ACC1:for:j#1.lpi#2) 13.6950 23.3421 
                                                                                                                                         
        Instance                                        Component                                                        Delta   Delay   
        --------                                        ---------                                                        -----   -----   
        erosion:core/reg(i#1.lpi#2)                     mgc_reg_pos_3_1_0_0_0_1_1                                        0.0000  0.0000  
        erosion:core/i#1.lpi#2                                                                                           0.0000  0.0000  
        erosion:core/ACC1:for:if:asn                                                                                     0.0000  0.0000  
        erosion:core/ACC1:for:if:asn.itm                                                                                 0.0000  0.0000  
        erosion:core/ACC1:for:if:mul                    mgc_mul_3_0_7_0_9                                                2.9328  2.9328  
        erosion:core/ACC1:for:if:mul.itm                                                                                 0.0000  2.9328  
        erosion:core/ACC1:for:if:acc                    mgc_add_9_0_6_0_9                                                1.2389  4.1717  
        erosion:core/ACC1:for:if:acc.ssc                                                                                 0.0000  4.1717  
        erosion:core/ACC1:for:if:mux#13                 mgc_mux_2_9_512                                                  4.9088  9.0805  
        erosion:core/ACC1:for:slc#1.svs#1                                                                                0.0000  9.0805  
        erosion:core/slc(ACC1:for:slc#1.svs#1)                                                                           0.0000  9.0805  
        erosion:core/slc(ACC1:for:slc#1.svs#1).itm                                                                       0.0000  9.0805  
        erosion:core/ACC1:for:nand                      mgc_nand_1_30                                                    1.3145  10.3949 
        erosion:core/ACC1:for:nand.tmp                                                                                   0.0000  10.3949 
        erosion:core/and#125                            mgc_and_1_2                                                      0.2625  10.6574 
        erosion:core/and#125.itm                                                                                         0.0000  10.6574 
        erosion:core/or#117                             mgc_or_1_2                                                       0.2679  10.9253 
        erosion:core/exit:ACC1:for.lpi#2.dfm#1:mx2                                                                       0.0000  10.9253 
        erosion:core/SHIFT:and#8                        mgc_and_1_2                                                      0.2625  11.1878 
        erosion:core/SHIFT:and#8.cse                                                                                     0.0000  11.1878 
        erosion:core/and#144                            mgc_and_1_3                                                      0.4161  11.6039 
        erosion:core/and#144.itm                                                                                         0.0000  11.6039 
        erosion:core/or#121                             mgc_or_1_2                                                       0.2679  11.8718 
        erosion:core/or.dcpl#115                                                                                         0.0000  11.8718 
        erosion:core/nor#7                              mgc_nor_1_4                                                      0.5250  12.3968 
        erosion:core/nor#7.itm                                                                                           0.0000  12.3968 
        erosion:core/exs#8                                                                                               0.0000  12.3968 
        erosion:core/exs#8.itm                                                                                           0.0000  12.3968 
        erosion:core/nor#13                             mgc_nor_3_2                                                      0.2625  12.6593 
        erosion:core/nor#13.itm                                                                                          0.0000  12.6593 
        erosion:core/nor#12                             mgc_nor_3_2                                                      0.2625  12.9218 
        erosion:core/ACC1:for:j#1.lpi#2.dfm#4:mx1w0                                                                      0.0000  12.9218 
        erosion:core/mux1h#37                           mgc_mux1hot_3_3                                                  0.7732  13.6950 
        erosion:core/mux1h#37.itm                                                                                        0.0000  13.6950 
        erosion:core/reg(ACC1:for:j#1.lpi#2)            mgc_reg_pos_3_1_0_0_0_1_1                                        0.0000  13.6950 
                                                                                                                                         
      5                                                 erosion:core/reg(i#1.lpi#2) erosion:core/reg(ACC1:for:j#1.lpi#2) 13.6950 23.3421 
                                                                                                                                         
        Instance                                        Component                                                        Delta   Delay   
        --------                                        ---------                                                        -----   -----   
        erosion:core/reg(i#1.lpi#2)                     mgc_reg_pos_3_1_0_0_0_1_1                                        0.0000  0.0000  
        erosion:core/i#1.lpi#2                                                                                           0.0000  0.0000  
        erosion:core/ACC1:for:if:asn                                                                                     0.0000  0.0000  
        erosion:core/ACC1:for:if:asn.itm                                                                                 0.0000  0.0000  
        erosion:core/ACC1:for:if:mul                    mgc_mul_3_0_7_0_9                                                2.9328  2.9328  
        erosion:core/ACC1:for:if:mul.itm                                                                                 0.0000  2.9328  
        erosion:core/ACC1:for:if:acc                    mgc_add_9_0_6_0_9                                                1.2389  4.1717  
        erosion:core/ACC1:for:if:acc.ssc                                                                                 0.0000  4.1717  
        erosion:core/ACC1:for:if:mux#7                  mgc_mux_2_9_512                                                  4.9088  9.0805  
        erosion:core/ACC1:for:slc#1.svs.sg3                                                                              0.0000  9.0805  
        erosion:core/slc(ACC1:for:slc#1.svs.sg3)                                                                         0.0000  9.0805  
        erosion:core/slc(ACC1:for:slc#1.svs.sg3).itm                                                                     0.0000  9.0805  
        erosion:core/ACC1:for:nand                      mgc_nand_1_30                                                    1.3145  10.3949 
        erosion:core/ACC1:for:nand.tmp                                                                                   0.0000  10.3949 
        erosion:core/and#125                            mgc_and_1_2                                                      0.2625  10.6574 
        erosion:core/and#125.itm                                                                                         0.0000  10.6574 
        erosion:core/or#117                             mgc_or_1_2                                                       0.2679  10.9253 
        erosion:core/exit:ACC1:for.lpi#2.dfm#1:mx2                                                                       0.0000  10.9253 
        erosion:core/SHIFT:and#8                        mgc_and_1_2                                                      0.2625  11.1878 
        erosion:core/SHIFT:and#8.cse                                                                                     0.0000  11.1878 
        erosion:core/and#144                            mgc_and_1_3                                                      0.4161  11.6039 
        erosion:core/and#144.itm                                                                                         0.0000  11.6039 
        erosion:core/or#121                             mgc_or_1_2                                                       0.2679  11.8718 
        erosion:core/or.dcpl#115                                                                                         0.0000  11.8718 
        erosion:core/nor#7                              mgc_nor_1_4                                                      0.5250  12.3968 
        erosion:core/nor#7.itm                                                                                           0.0000  12.3968 
        erosion:core/exs#8                                                                                               0.0000  12.3968 
        erosion:core/exs#8.itm                                                                                           0.0000  12.3968 
        erosion:core/nor#13                             mgc_nor_3_2                                                      0.2625  12.6593 
        erosion:core/nor#13.itm                                                                                          0.0000  12.6593 
        erosion:core/nor#12                             mgc_nor_3_2                                                      0.2625  12.9218 
        erosion:core/ACC1:for:j#1.lpi#2.dfm#4:mx1w0                                                                      0.0000  12.9218 
        erosion:core/mux1h#37                           mgc_mux1hot_3_3                                                  0.7732  13.6950 
        erosion:core/mux1h#37.itm                                                                                        0.0000  13.6950 
        erosion:core/reg(ACC1:for:j#1.lpi#2)            mgc_reg_pos_3_1_0_0_0_1_1                                        0.0000  13.6950 
                                                                                                                                         
      6                                                 erosion:core/reg(i#1.lpi#2) erosion:core/reg(ACC1:for:j#1.lpi#2) 13.6950 23.3421 
                                                                                                                                         
        Instance                                        Component                                                        Delta   Delay   
        --------                                        ---------                                                        -----   -----   
        erosion:core/reg(i#1.lpi#2)                     mgc_reg_pos_3_1_0_0_0_1_1                                        0.0000  0.0000  
        erosion:core/i#1.lpi#2                                                                                           0.0000  0.0000  
        erosion:core/ACC1:for:if:asn                                                                                     0.0000  0.0000  
        erosion:core/ACC1:for:if:asn.itm                                                                                 0.0000  0.0000  
        erosion:core/ACC1:for:if:mul                    mgc_mul_3_0_7_0_9                                                2.9328  2.9328  
        erosion:core/ACC1:for:if:mul.itm                                                                                 0.0000  2.9328  
        erosion:core/ACC1:for:if:acc                    mgc_add_9_0_6_0_9                                                1.2389  4.1717  
        erosion:core/ACC1:for:if:acc.ssc                                                                                 0.0000  4.1717  
        erosion:core/ACC1:for:if:mux#7                  mgc_mux_2_9_512                                                  4.9088  9.0805  
        erosion:core/ACC1:for:slc#1.svs.sg3                                                                              0.0000  9.0805  
        erosion:core/slc(ACC1:for:slc#1.svs.sg3)#1                                                                       0.0000  9.0805  
        erosion:core/slc(ACC1:for:slc#1.svs.sg3)#1.itm                                                                   0.0000  9.0805  
        erosion:core/ACC1:for:nand                      mgc_nand_1_30                                                    1.3145  10.3949 
        erosion:core/ACC1:for:nand.tmp                                                                                   0.0000  10.3949 
        erosion:core/and#125                            mgc_and_1_2                                                      0.2625  10.6574 
        erosion:core/and#125.itm                                                                                         0.0000  10.6574 
        erosion:core/or#117                             mgc_or_1_2                                                       0.2679  10.9253 
        erosion:core/exit:ACC1:for.lpi#2.dfm#1:mx2                                                                       0.0000  10.9253 
        erosion:core/SHIFT:and#8                        mgc_and_1_2                                                      0.2625  11.1878 
        erosion:core/SHIFT:and#8.cse                                                                                     0.0000  11.1878 
        erosion:core/and#144                            mgc_and_1_3                                                      0.4161  11.6039 
        erosion:core/and#144.itm                                                                                         0.0000  11.6039 
        erosion:core/or#121                             mgc_or_1_2                                                       0.2679  11.8718 
        erosion:core/or.dcpl#115                                                                                         0.0000  11.8718 
        erosion:core/nor#7                              mgc_nor_1_4                                                      0.5250  12.3968 
        erosion:core/nor#7.itm                                                                                           0.0000  12.3968 
        erosion:core/exs#8                                                                                               0.0000  12.3968 
        erosion:core/exs#8.itm                                                                                           0.0000  12.3968 
        erosion:core/nor#13                             mgc_nor_3_2                                                      0.2625  12.6593 
        erosion:core/nor#13.itm                                                                                          0.0000  12.6593 
        erosion:core/nor#12                             mgc_nor_3_2                                                      0.2625  12.9218 
        erosion:core/ACC1:for:j#1.lpi#2.dfm#4:mx1w0                                                                      0.0000  12.9218 
        erosion:core/mux1h#37                           mgc_mux1hot_3_3                                                  0.7732  13.6950 
        erosion:core/mux1h#37.itm                                                                                        0.0000  13.6950 
        erosion:core/reg(ACC1:for:j#1.lpi#2)            mgc_reg_pos_3_1_0_0_0_1_1                                        0.0000  13.6950 
                                                                                                                                         
      7                                                 erosion:core/reg(i#1.lpi#2) erosion:core/reg(ACC1:for:j#1.lpi#2) 13.6950 23.3421 
                                                                                                                                         
        Instance                                        Component                                                        Delta   Delay   
        --------                                        ---------                                                        -----   -----   
        erosion:core/reg(i#1.lpi#2)                     mgc_reg_pos_3_1_0_0_0_1_1                                        0.0000  0.0000  
        erosion:core/i#1.lpi#2                                                                                           0.0000  0.0000  
        erosion:core/ACC1:for:if:asn                                                                                     0.0000  0.0000  
        erosion:core/ACC1:for:if:asn.itm                                                                                 0.0000  0.0000  
        erosion:core/ACC1:for:if:mul                    mgc_mul_3_0_7_0_9                                                2.9328  2.9328  
        erosion:core/ACC1:for:if:mul.itm                                                                                 0.0000  2.9328  
        erosion:core/ACC1:for:if:acc                    mgc_add_9_0_6_0_9                                                1.2389  4.1717  
        erosion:core/ACC1:for:if:acc.ssc                                                                                 0.0000  4.1717  
        erosion:core/ACC1:for:if:mux#11                 mgc_mux_2_9_512                                                  4.9088  9.0805  
        erosion:core/ACC1:for:slc#1.svs.sg1                                                                              0.0000  9.0805  
        erosion:core/slc(ACC1:for:slc#1.svs.sg1)#1                                                                       0.0000  9.0805  
        erosion:core/slc(ACC1:for:slc#1.svs.sg1)#1.itm                                                                   0.0000  9.0805  
        erosion:core/ACC1:for:nand                      mgc_nand_1_30                                                    1.3145  10.3949 
        erosion:core/ACC1:for:nand.tmp                                                                                   0.0000  10.3949 
        erosion:core/and#125                            mgc_and_1_2                                                      0.2625  10.6574 
        erosion:core/and#125.itm                                                                                         0.0000  10.6574 
        erosion:core/or#117                             mgc_or_1_2                                                       0.2679  10.9253 
        erosion:core/exit:ACC1:for.lpi#2.dfm#1:mx2                                                                       0.0000  10.9253 
        erosion:core/SHIFT:and#8                        mgc_and_1_2                                                      0.2625  11.1878 
        erosion:core/SHIFT:and#8.cse                                                                                     0.0000  11.1878 
        erosion:core/and#144                            mgc_and_1_3                                                      0.4161  11.6039 
        erosion:core/and#144.itm                                                                                         0.0000  11.6039 
        erosion:core/or#121                             mgc_or_1_2                                                       0.2679  11.8718 
        erosion:core/or.dcpl#115                                                                                         0.0000  11.8718 
        erosion:core/nor#7                              mgc_nor_1_4                                                      0.5250  12.3968 
        erosion:core/nor#7.itm                                                                                           0.0000  12.3968 
        erosion:core/exs#8                                                                                               0.0000  12.3968 
        erosion:core/exs#8.itm                                                                                           0.0000  12.3968 
        erosion:core/nor#13                             mgc_nor_3_2                                                      0.2625  12.6593 
        erosion:core/nor#13.itm                                                                                          0.0000  12.6593 
        erosion:core/nor#12                             mgc_nor_3_2                                                      0.2625  12.9218 
        erosion:core/ACC1:for:j#1.lpi#2.dfm#4:mx1w0                                                                      0.0000  12.9218 
        erosion:core/mux1h#37                           mgc_mux1hot_3_3                                                  0.7732  13.6950 
        erosion:core/mux1h#37.itm                                                                                        0.0000  13.6950 
        erosion:core/reg(ACC1:for:j#1.lpi#2)            mgc_reg_pos_3_1_0_0_0_1_1                                        0.0000  13.6950 
                                                                                                                                         
      8                                                 erosion:core/reg(i#1.lpi#2) erosion:core/reg(ACC1:for:j#1.lpi#2) 13.6950 23.3421 
                                                                                                                                         
        Instance                                        Component                                                        Delta   Delay   
        --------                                        ---------                                                        -----   -----   
        erosion:core/reg(i#1.lpi#2)                     mgc_reg_pos_3_1_0_0_0_1_1                                        0.0000  0.0000  
        erosion:core/i#1.lpi#2                                                                                           0.0000  0.0000  
        erosion:core/ACC1:for:if:asn                                                                                     0.0000  0.0000  
        erosion:core/ACC1:for:if:asn.itm                                                                                 0.0000  0.0000  
        erosion:core/ACC1:for:if:mul                    mgc_mul_3_0_7_0_9                                                2.9328  2.9328  
        erosion:core/ACC1:for:if:mul.itm                                                                                 0.0000  2.9328  
        erosion:core/ACC1:for:if:acc                    mgc_add_9_0_6_0_9                                                1.2389  4.1717  
        erosion:core/ACC1:for:if:acc.ssc                                                                                 0.0000  4.1717  
        erosion:core/ACC1:for:if:mux#11                 mgc_mux_2_9_512                                                  4.9088  9.0805  
        erosion:core/ACC1:for:slc#1.svs.sg1                                                                              0.0000  9.0805  
        erosion:core/slc(ACC1:for:slc#1.svs.sg1)                                                                         0.0000  9.0805  
        erosion:core/slc(ACC1:for:slc#1.svs.sg1).itm                                                                     0.0000  9.0805  
        erosion:core/ACC1:for:nand                      mgc_nand_1_30                                                    1.3145  10.3949 
        erosion:core/ACC1:for:nand.tmp                                                                                   0.0000  10.3949 
        erosion:core/and#125                            mgc_and_1_2                                                      0.2625  10.6574 
        erosion:core/and#125.itm                                                                                         0.0000  10.6574 
        erosion:core/or#117                             mgc_or_1_2                                                       0.2679  10.9253 
        erosion:core/exit:ACC1:for.lpi#2.dfm#1:mx2                                                                       0.0000  10.9253 
        erosion:core/SHIFT:and#8                        mgc_and_1_2                                                      0.2625  11.1878 
        erosion:core/SHIFT:and#8.cse                                                                                     0.0000  11.1878 
        erosion:core/and#144                            mgc_and_1_3                                                      0.4161  11.6039 
        erosion:core/and#144.itm                                                                                         0.0000  11.6039 
        erosion:core/or#121                             mgc_or_1_2                                                       0.2679  11.8718 
        erosion:core/or.dcpl#115                                                                                         0.0000  11.8718 
        erosion:core/nor#7                              mgc_nor_1_4                                                      0.5250  12.3968 
        erosion:core/nor#7.itm                                                                                           0.0000  12.3968 
        erosion:core/exs#8                                                                                               0.0000  12.3968 
        erosion:core/exs#8.itm                                                                                           0.0000  12.3968 
        erosion:core/nor#13                             mgc_nor_3_2                                                      0.2625  12.6593 
        erosion:core/nor#13.itm                                                                                          0.0000  12.6593 
        erosion:core/nor#12                             mgc_nor_3_2                                                      0.2625  12.9218 
        erosion:core/ACC1:for:j#1.lpi#2.dfm#4:mx1w0                                                                      0.0000  12.9218 
        erosion:core/mux1h#37                           mgc_mux1hot_3_3                                                  0.7732  13.6950 
        erosion:core/mux1h#37.itm                                                                                        0.0000  13.6950 
        erosion:core/reg(ACC1:for:j#1.lpi#2)            mgc_reg_pos_3_1_0_0_0_1_1                                        0.0000  13.6950 
                                                                                                                                         
      9                                                 erosion:core/reg(i#1.lpi#2) erosion:core/reg(ACC1:for:j#1.lpi#2) 13.6950 23.3421 
                                                                                                                                         
        Instance                                        Component                                                        Delta   Delay   
        --------                                        ---------                                                        -----   -----   
        erosion:core/reg(i#1.lpi#2)                     mgc_reg_pos_3_1_0_0_0_1_1                                        0.0000  0.0000  
        erosion:core/i#1.lpi#2                                                                                           0.0000  0.0000  
        erosion:core/ACC1:for:if:asn                                                                                     0.0000  0.0000  
        erosion:core/ACC1:for:if:asn.itm                                                                                 0.0000  0.0000  
        erosion:core/ACC1:for:if:mul                    mgc_mul_3_0_7_0_9                                                2.9328  2.9328  
        erosion:core/ACC1:for:if:mul.itm                                                                                 0.0000  2.9328  
        erosion:core/ACC1:for:if:acc                    mgc_add_9_0_6_0_9                                                1.2389  4.1717  
        erosion:core/ACC1:for:if:acc.ssc                                                                                 0.0000  4.1717  
        erosion:core/ACC1:for:if:mux#13                 mgc_mux_2_9_512                                                  4.9088  9.0805  
        erosion:core/ACC1:for:slc#1.svs#1                                                                                0.0000  9.0805  
        erosion:core/slc(ACC1:for:slc#1.svs#1)#1                                                                         0.0000  9.0805  
        erosion:core/slc(ACC1:for:slc#1.svs#1)#1.itm                                                                     0.0000  9.0805  
        erosion:core/ACC1:for:nand                      mgc_nand_1_30                                                    1.3145  10.3949 
        erosion:core/ACC1:for:nand.tmp                                                                                   0.0000  10.3949 
        erosion:core/and#125                            mgc_and_1_2                                                      0.2625  10.6574 
        erosion:core/and#125.itm                                                                                         0.0000  10.6574 
        erosion:core/or#117                             mgc_or_1_2                                                       0.2679  10.9253 
        erosion:core/exit:ACC1:for.lpi#2.dfm#1:mx2                                                                       0.0000  10.9253 
        erosion:core/SHIFT:and#8                        mgc_and_1_2                                                      0.2625  11.1878 
        erosion:core/SHIFT:and#8.cse                                                                                     0.0000  11.1878 
        erosion:core/and#144                            mgc_and_1_3                                                      0.4161  11.6039 
        erosion:core/and#144.itm                                                                                         0.0000  11.6039 
        erosion:core/or#121                             mgc_or_1_2                                                       0.2679  11.8718 
        erosion:core/or.dcpl#115                                                                                         0.0000  11.8718 
        erosion:core/nor#7                              mgc_nor_1_4                                                      0.5250  12.3968 
        erosion:core/nor#7.itm                                                                                           0.0000  12.3968 
        erosion:core/exs#8                                                                                               0.0000  12.3968 
        erosion:core/exs#8.itm                                                                                           0.0000  12.3968 
        erosion:core/nor#13                             mgc_nor_3_2                                                      0.2625  12.6593 
        erosion:core/nor#13.itm                                                                                          0.0000  12.6593 
        erosion:core/nor#12                             mgc_nor_3_2                                                      0.2625  12.9218 
        erosion:core/ACC1:for:j#1.lpi#2.dfm#4:mx1w0                                                                      0.0000  12.9218 
        erosion:core/mux1h#37                           mgc_mux1hot_3_3                                                  0.7732  13.6950 
        erosion:core/mux1h#37.itm                                                                                        0.0000  13.6950 
        erosion:core/reg(ACC1:for:j#1.lpi#2)            mgc_reg_pos_3_1_0_0_0_1_1                                        0.0000  13.6950 
                                                                                                                                         
      10                                                erosion:core/reg(i#1.lpi#2) erosion:core/reg(ACC1:for:j#1.lpi#2) 13.6950 23.3421 
                                                                                                                                         
        Instance                                        Component                                                        Delta   Delay   
        --------                                        ---------                                                        -----   -----   
        erosion:core/reg(i#1.lpi#2)                     mgc_reg_pos_3_1_0_0_0_1_1                                        0.0000  0.0000  
        erosion:core/i#1.lpi#2                                                                                           0.0000  0.0000  
        erosion:core/ACC1:for:if:asn                                                                                     0.0000  0.0000  
        erosion:core/ACC1:for:if:asn.itm                                                                                 0.0000  0.0000  
        erosion:core/ACC1:for:if:mul                    mgc_mul_3_0_7_0_9                                                2.9328  2.9328  
        erosion:core/ACC1:for:if:mul.itm                                                                                 0.0000  2.9328  
        erosion:core/ACC1:for:if:acc                    mgc_add_9_0_6_0_9                                                1.2389  4.1717  
        erosion:core/ACC1:for:if:acc.ssc                                                                                 0.0000  4.1717  
        erosion:core/ACC1:for:if:mux#5                  mgc_mux_2_9_512                                                  4.9088  9.0805  
        erosion:core/ACC1:for:slc#1.svs.sg4                                                                              0.0000  9.0805  
        erosion:core/slc(ACC1:for:slc#1.svs.sg4)                                                                         0.0000  9.0805  
        erosion:core/slc(ACC1:for:slc#1.svs.sg4).itm                                                                     0.0000  9.0805  
        erosion:core/ACC1:for:nand                      mgc_nand_1_30                                                    1.3145  10.3949 
        erosion:core/ACC1:for:nand.tmp                                                                                   0.0000  10.3949 
        erosion:core/and#125                            mgc_and_1_2                                                      0.2625  10.6574 
        erosion:core/and#125.itm                                                                                         0.0000  10.6574 
        erosion:core/or#117                             mgc_or_1_2                                                       0.2679  10.9253 
        erosion:core/exit:ACC1:for.lpi#2.dfm#1:mx2                                                                       0.0000  10.9253 
        erosion:core/SHIFT:and#8                        mgc_and_1_2                                                      0.2625  11.1878 
        erosion:core/SHIFT:and#8.cse                                                                                     0.0000  11.1878 
        erosion:core/and#144                            mgc_and_1_3                                                      0.4161  11.6039 
        erosion:core/and#144.itm                                                                                         0.0000  11.6039 
        erosion:core/or#121                             mgc_or_1_2                                                       0.2679  11.8718 
        erosion:core/or.dcpl#115                                                                                         0.0000  11.8718 
        erosion:core/nor#7                              mgc_nor_1_4                                                      0.5250  12.3968 
        erosion:core/nor#7.itm                                                                                           0.0000  12.3968 
        erosion:core/exs#8                                                                                               0.0000  12.3968 
        erosion:core/exs#8.itm                                                                                           0.0000  12.3968 
        erosion:core/nor#13                             mgc_nor_3_2                                                      0.2625  12.6593 
        erosion:core/nor#13.itm                                                                                          0.0000  12.6593 
        erosion:core/nor#12                             mgc_nor_3_2                                                      0.2625  12.9218 
        erosion:core/ACC1:for:j#1.lpi#2.dfm#4:mx1w0                                                                      0.0000  12.9218 
        erosion:core/mux1h#37                           mgc_mux1hot_3_3                                                  0.7732  13.6950 
        erosion:core/mux1h#37.itm                                                                                        0.0000  13.6950 
        erosion:core/reg(ACC1:for:j#1.lpi#2)            mgc_reg_pos_3_1_0_0_0_1_1                                        0.0000  13.6950 
                                                                                                                                         
      
    Register Input and Register-to-Output Slack
      Clock period or pin-to-reg delay constraint (clk): 37.037037037
      Clock uncertainty constraint (clk)               : 0.0
      
      Instance                                    Port                             Slack (Delay) Messages 
      ------------------------------------------- ------------------------------ ------- ------- --------
      erosion:core/reg(vout:rsc:mgc_out_stdreg.d) or#113.itm                     24.9647 12.0723          
      erosion:core/reg(FRAME.stage_0)             nand.itm                       25.1514 11.8856          
      erosion:core/reg(FRAME:p#1.sva)             and#137.itm                    25.2124 11.8247          
      erosion:core/reg(i#1.lpi#2)                 mux1h.itm                      23.8671 13.1699          
      erosion:core/reg(exit:ACC1.lpi#2)           mux#6.itm                      24.8685 12.1685          
      erosion:core/reg(ACC1:for:j#1.lpi#2)        mux1h#37.itm                   23.3421 13.6950          
      erosion:core/reg(regs.regs(4).lpi#2)        mux1h#38.itm                   34.3007  2.7363          
      erosion:core/reg(regs.regs(3).lpi#2)        mux1h#39.itm                   34.3007  2.7363          
      erosion:core/reg(regs.regs(2).lpi#2)        mux1h#40.itm                   34.3007  2.7363          
      erosion:core/reg(regs.regs(1).lpi#2)        mux1h#41.itm                   34.3007  2.7363          
      erosion:core/reg(regs.regs(0).lpi#2)        mux1h#42.itm                   34.6667  2.3704          
      erosion:core/reg(exit:SHIFT.lpi#2)          mux#14.itm                     34.7615  2.2755          
      erosion:core/reg(exit:ACC1#1.sva)           nand#14.itm                    25.3182 11.7189          
      erosion:core/reg(SHIFT:i#1.lpi#5)           mux#16.itm                     35.5347  1.5024          
      erosion:core/reg(apply.lpi#2)               mux#17.itm                     25.2375 11.7996          
      erosion:core/reg(exit:ACC1:for.lpi#2.dfm#1) mux#18.itm                     25.5892 11.4478          
      erosion:core/reg(regs.operator<<:din.lpi#2) regs.operator<<:din.lpi#2:mx0  35.8949  1.1421          
      erosion:core/reg(apply.lpi#2.dfm#2)         apply.lpi#2.dfm#1              25.2375 11.7996          
      erosion:core/reg(exit:SHIFT.lpi#2.dfm#1)    exit:SHIFT.lpi#2.dfm#2         33.4745  3.5626          
      erosion:core/reg(ACC1:for:j#1.lpi#2.dfm#4)  ACC1:for:j#1.lpi#2.dfm#4:mx1w0 23.3421 13.6950          
      erosion:core/reg(i#1.lpi#2.dfm#2)           i#1.lpi#2.dfm#2:mx1w0          23.8671 13.1699          
      erosion:core/reg(exit:ACC1.lpi#2.dfm#3)     exit:ACC1.lpi#2.dfm#1:mx0      24.8685 12.1685          
      erosion:core/reg(regs.regs(4).lpi#2.dfm#1)  regs.regs(4).lpi#2             27.5138  9.5233          
      erosion:core/reg(regs.regs(3).lpi#2.dfm#1)  regs.regs(3).lpi#2             27.5138  9.5233          
      erosion:core/reg(regs.regs(2).lpi#2.dfm#1)  regs.regs(2).lpi#2             27.5138  9.5233          
      erosion:core/reg(regs.regs(1).lpi#2.dfm#1)  regs.regs(1).lpi#2             27.5138  9.5233          
      erosion:core/reg(regs.regs(0).lpi#2.dfm#1)  regs.regs(0).lpi#2             27.5138  9.5233          
      erosion                                     vout:rsc.z                     37.0370  0.0000          
      
  Operator Bitwidth Summary
    Operation  Size (bits) Count 
    ---------- ----------- -----
    add                          
    -                   19     1 
    -                    9     1 
    -                    8     1 
    -                    6     1 
    -                    3     5 
    -                    2     1 
    and                          
    -                    6     1 
    -                    4     5 
    -                    3     3 
    -                    2    15 
    mul                          
    -                    9     1 
    mux                          
    -                    9    15 
    -                    2     1 
    -                    1    14 
    mux1h                        
    -                    3    10 
    nand                         
    -                   30     1 
    -                    5     1 
    -                    3     1 
    -                    2    14 
    nor                          
    -                    4     1 
    -                    3     1 
    -                    2    10 
    not                          
    -                    3     1 
    -                    1    31 
    or                           
    -                    3     5 
    -                    2    15 
    read_port                    
    -                  150     1 
    reg                          
    -                  150    11 
    -                   30     1 
    -                   19     1 
    -                    3     5 
    -                    1     9 
    write_port                   
    -                   30     1 
    
  End of Report
