//  Catapult University Version 2011a.126 (Production Release) Wed Aug  8 00:52:07 PDT 2012
//  
//  Copyright (c) Calypto Design Systems, Inc., 1996-2012, All Rights Reserved.
//                       UNPUBLISHED, LICENSED SOFTWARE.
//            CONFIDENTIAL AND PROPRIETARY INFORMATION WHICH IS THE
//          PROPERTY OF CALYPTO DESIGN SYSTEMS OR ITS LICENSORS
//  
//  Running on Windows 7 nn1114@EEWS104A-002 Service Pack 1 6.01.7601 i686
//  
//  Package information: SIFLIBS v17.0_1.1, HLS_PKGS v17.0_1.1, 
//                       DesignPad v2.78_0.0
//  
//  This version may only be used for academic purposes.  Some optimizations 
//  are disabled, so results obtained from this version may be sub-optimal.
//  
//  Start time Fri Mar 06 14:16:01 2015
# -------------------------------------------------
# Logging session transcript to file "C:\Users\nn1114\AppData\Local\Temp\log702822f158c.0"
# Loading options from registry.
project load {H:/lab project/dot_product/dot_product}
# Moving session transcript to file "H:\lab project\dot_product\catapult.log"
# Reading component library '$MGC_HOME\pkgs\siflibs\mgc_busdefs.lib' [mgc_busdefs]... (LIB-49)
# Reading component library '$MGC_HOME\pkgs\siflibs\stdops.lib' [STDOPS]... (LIB-49)
# Reading component library '$MGC_HOME\pkgs\siflibs\mgc_ioport.lib' [mgc_ioport]... (LIB-49)
# Reading component library '$MGC_HOME\pkgs\ccs_altera\Altera_accel_CycloneIII.lib' [Altera_accel_CycloneIII]... (LIB-49)
# Reading component library '$MGC_HOME\pkgs\siflibs\psr2010a_up2\mgc_Altera-Cyclone-III-6_beh_psr.lib' [mgc_Altera-Cyclone-III-6_beh_psr]... (LIB-49)
go compile
directive set /dot_product/core/main -PIPELINE_INIT_INTERVAL 0
# Info: Branching solution 'dot_product.v9' at state 'compile' (PRJ-2)
# Makefile for Original Design + Testbench written to file 'scverify/Verify_orig_cxx_osci.mk'
# /dot_product/core/main/PIPELINE_INIT_INTERVAL 0
directive set /dot_product/core/main/MAC -UNROLL yes
# /dot_product/core/main/MAC/UNROLL yes
flow run /SCVerify/launch_make ././scverify/Verify_orig_cxx_osci.mk {} SIMTOOL=osci sim
# Making '././scverify/Verify_orig_cxx_osci.mk SIMTOOL=osci sim'
#     C:/PROGRA~1/CALYPT~1/CATAPU~1.126/Mgc_home/bin/make -f ././scverify/Verify_orig_cxx_osci.mk SIMTOOL=osci build < "NUL:" (BASIC-15)
# "============================================"
# "Creating simulation directory 'scverify\orig_cxx_osci'"
# mkdir scverify\orig_cxx_osci
# "============================================"
# "Compiling C++ file: ../../../student_files_2015/prj1/dot_product_source/dot_product.cpp"
# "c:\PROGRA~2\MICROS~4.0\VC\bin\cl.exe" -DCCS_DUT_SYSC -DSC_INCLUDE_DYNAMIC_PROCESSES -DSC_USE_STD_STRING -DTOP_HDL_ENTITY=dot_product /W3 -DCCS_MISMATCHED_OUTPUTS_ONLY -DDEADLOCK_DETECTION /D"WIN32" /D"_DEBUG" /D"_CONSOLE" /D"NOGDI" /D"_MBCS" /D"_CRT_SECURE_NO_DEPRECATE" /EHsc /RTCs /MTd /FD /W3 /Z7 /vmg /I"C:/Program Files/Microsoft Platform SDK/Include"   /I. /I../.. /I. /IC:/PROGRA~1/CALYPT~1/CATAPU~1.126/Mgc_home/shared/include /IC:/PROGRA~1/CALYPT~1/CATAPU~1.126/Mgc_home/shared/include /IC:/PROGRA~1/CALYPT~1/CATAPU~1.126/Mgc_home/pkgs/hls_pkgs/src /IC:/PROGRA~1/CALYPT~1/CATAPU~1.126/Mgc_home/pkgs/siflibs /IC:/PROGRA~1/CALYPT~1/CATAPU~1.126/Mgc_home/pkgs/hls_pkgs/mgc_comps_src -DSC_USE_STD_STRING  /c /Tp ../../../student_files_2015/prj1/dot_product_source/dot_product.cpp /Foscverify/orig_cxx_osci/dot_product.cpp.cxxts.obj
# Microsoft (R) 32-bit C/C++ Optimizing Compiler Version 15.00.21022.08 for 80x86
# Copyright (C) Microsoft Corporation.  All rights reserved.
# 
# dot_product.cpp
# ../../../student_files_2015/prj1/dot_product_source/dot_product.cpp(26) : warning C4068: unknown pragma
# ../../../student_files_2015/prj1/dot_product_source/dot_product.cpp(31) : warning C4102: 'MAC' : unreferenced label
# "============================================"
# "Compiling C++ file: ../../../student_files_2015/prj1/dot_product_source/tb_dot_product.cpp"
# "c:\PROGRA~2\MICROS~4.0\VC\bin\cl.exe" -DCCS_DUT_SYSC -DSC_INCLUDE_DYNAMIC_PROCESSES -DSC_USE_STD_STRING -DTOP_HDL_ENTITY=dot_product /W3 -DCCS_MISMATCHED_OUTPUTS_ONLY -DDEADLOCK_DETECTION /D"WIN32" /D"_DEBUG" /D"_CONSOLE" /D"NOGDI" /D"_MBCS" /D"_CRT_SECURE_NO_DEPRECATE" /EHsc /RTCs /MTd /FD /W3 /Z7 /vmg /I"C:/Program Files/Microsoft Platform SDK/Include"   /I. /I../.. /I. /IC:/PROGRA~1/CALYPT~1/CATAPU~1.126/Mgc_home/shared/include /IC:/PROGRA~1/CALYPT~1/CATAPU~1.126/Mgc_home/shared/include /IC:/PROGRA~1/CALYPT~1/CATAPU~1.126/Mgc_home/pkgs/hls_pkgs/src /IC:/PROGRA~1/CALYPT~1/CATAPU~1.126/Mgc_home/pkgs/siflibs /IC:/PROGRA~1/CALYPT~1/CATAPU~1.126/Mgc_home/pkgs/hls_pkgs/mgc_comps_src -DSC_USE_STD_STRING  /c /Tp ../../../student_files_2015/prj1/dot_product_source/tb_dot_product.cpp /Foscverify/orig_cxx_osci/tb_dot_product.cpp.cxxts.obj
# Microsoft (R) 32-bit C/C++ Optimizing Compiler Version 15.00.21022.08 for 80x86
# Copyright (C) Microsoft Corporation.  All rights reserved.
# 
# tb_dot_product.cpp
# ../../../student_files_2015/prj1/dot_product_source/tb_dot_product.cpp(39) : warning C4244: '+=' : conversion from 'Slong' to 'int', possible loss of data
# "============================================"
# "Linking executable"
# "c:\PROGRA~2\MICROS~4.0\VC\bin\link.exe" /SUBSYSTEM:CONSOLE /DEBUG /DYNAMICBASE:NO /LIBPATH:C:/PROGRA~1/CALYPT~1/CATAPU~1.126/Mgc_home/shared/lib/Windows_NT/msvc /LIBPATH:C:/PROGRA~1/CALYPT~1/CATAPU~1.126/Mgc_home/shared/lib /LIBPATH:C:/PROGRA~1/CALYPT~1/CATAPU~1.126/Mgc_home/shared/lib/Windows_NT/msvc scverify/orig_cxx_osci/dot_product.cpp.cxxts.obj scverify/orig_cxx_osci/tb_dot_product.cpp.cxxts.obj libsystemc.lib /out:scverify/orig_cxx_osci/scverify_top.exe
# Microsoft (R) Incremental Linker Version 9.00.21022.08
# Copyright (C) Microsoft Corporation.  All rights reserved.
# 
#     C:/PROGRA~1/CALYPT~1/CATAPU~1.126/Mgc_home/bin/make -f ././scverify/Verify_orig_cxx_osci.mk SIMTOOL=osci sim (BASIC-14)
# chdir ..\..&                    dot_product\dot_product.v9\scverify\orig_cxx_osci\scverify_top.exe 
# Inputs: A = 1, B = 5 
# Inputs: A = 2, B = 4 
# Inputs: A = 3, B = 3 
# Inputs: A = 4, B = 2 
# Inputs: A = 5, B = 1 
# Design output  : 35 
# Expected output: 35 
options set Output OutputVHDL false
# false
options set Output OutputVerilog true
# true
go extract
# Info: Starting transformation 'architect' on solution 'dot_product.v9' (SOL-8)
# $PROJECT_HOME/../student_files_2015/prj1/dot_product_source/dot_product.cpp(31): Loop '/dot_product/core/MAC' is being fully unrolled (5 times). (LOOP-7)
# Info: Optimizing partition '/dot_product/core': (Total ops = 59, Real ops = 26, Vars = 2) (SOL-10)
# Info: Optimizing partition '/dot_product/core': (Total ops = 18, Real ops = 7, Vars = 1) (SOL-10)
# Info: Optimizing partition '/dot_product/core': (Total ops = 18, Real ops = 7, Vars = 0) (SOL-10)
# Info: Optimizing partition '/dot_product/core': (Total ops = 18, Real ops = 7, Vars = 0) (SOL-10)
# $PROJECT_HOME/../student_files_2015/prj1/dot_product_source/dot_product.cpp(27): Loop '/dot_product/core/main' is left rolled. (LOOP-4)
# Info: Optimizing partition '/dot_product': (Total ops = 18, Real ops = 7, Vars = 6) (SOL-10)
# Info: Optimizing partition '/dot_product/core': (Total ops = 18, Real ops = 7, Vars = 0) (SOL-10)
# Info: Optimizing partition '/dot_product': (Total ops = 18, Real ops = 7, Vars = 6) (SOL-10)
# $PROJECT_HOME/../student_files_2015/prj1/dot_product_source/dot_product.cpp(27): I/O-Port inferred - resource 'input_a:rsc' (from var: input_a) mapped to 'mgc_ioport.mgc_in_wire' (size: 8). (MEM-2)
# $PROJECT_HOME/../student_files_2015/prj1/dot_product_source/dot_product.cpp(27): I/O-Port inferred - resource 'input_b:rsc' (from var: input_b) mapped to 'mgc_ioport.mgc_in_wire' (size: 8). (MEM-2)
# $PROJECT_HOME/../student_files_2015/prj1/dot_product_source/dot_product.cpp(27): I/O-Port inferred - resource 'output:rsc' (from var: output) mapped to 'mgc_ioport.mgc_out_stdreg' (size: 8). (MEM-2)
# Info: Optimizing partition '/dot_product': (Total ops = 18, Real ops = 7, Vars = 6) (SOL-10)
# Info: Optimizing partition '/dot_product/core': (Total ops = 18, Real ops = 7, Vars = 0) (SOL-10)
# Info: Optimizing partition '/dot_product/core': (Total ops = 18, Real ops = 7, Vars = 0) (SOL-10)
# Info: Optimizing partition '/dot_product': (Total ops = 18, Real ops = 7, Vars = 6) (SOL-10)
# Info: Optimizing partition '/dot_product/core': (Total ops = 18, Real ops = 7, Vars = 0) (SOL-10)
# Info: Optimizing partition '/dot_product': (Total ops = 18, Real ops = 7, Vars = 6) (SOL-10)
# Info: Optimizing partition '/dot_product': (Total ops = 18, Real ops = 7, Vars = 6) (SOL-10)
# Info: Optimizing partition '/dot_product/core': (Total ops = 18, Real ops = 7, Vars = 0) (SOL-10)
# Info: Optimizing partition '/dot_product': (Total ops = 18, Real ops = 7, Vars = 6) (SOL-10)
# Info: Optimizing partition '/dot_product/core': (Total ops = 18, Real ops = 7, Vars = 0) (SOL-10)
# Design 'dot_product' contains '10' real operations. (SOL-11)
# Info: Completed transformation 'architect' on solution 'dot_product.v9': elapsed time 4.73 seconds, memory usage 174696kB, peak memory usage 182912kB (SOL-9)
# Info: Starting transformation 'allocate' on solution 'dot_product.v9' (SOL-8)
# Performing concurrent resource allocation and scheduling on '/dot_product/core' (CRAAS-1)
# Info: Select qualified components for data operations ... (CRAAS-3)
# Info: Apply resource constraints on data operations ... (CRAAS-4)
# $PROJECT_HOME/../student_files_2015/prj1/dot_product_source/dot_product.cpp(27): Prescheduled LOOP 'main' (2 c-steps) (SCHD-7)
# $PROJECT_HOME/../student_files_2015/prj1/dot_product_source/dot_product.cpp(27): Prescheduled SEQUENTIAL 'core' (total length 2 c-steps) (SCHD-8)
# Info: Initial schedule of SEQUENTIAL 'core': Latency = 5, Area (Datapath, Register, Total) = 367.28, 0.00, 367.28 (CRAAS-11)
# At least one feasible schedule exists. (CRAAS-9)
# Info: Final schedule of SEQUENTIAL 'core': Latency = 5, Area (Datapath, Register, Total) = 367.28, 0.00, 367.28 (CRAAS-12)
# Resource allocation and scheduling done. (CRAAS-2)
# Netlist written to file 'schedule.gnt' (NET-4)
# Info: Completed transformation 'allocate' on solution 'dot_product.v9': elapsed time 0.14 seconds, memory usage 174696kB, peak memory usage 182912kB (SOL-9)
# Info: Starting transformation 'schedule' on solution 'dot_product.v9' (SOL-8)
# Performing concurrent resource allocation and scheduling on '/dot_product/core' (CRAAS-1)
# Global signal 'input_a:rsc.z' added to design 'dot_product' for component 'input_a:rsc:mgc_in_wire' (LIB-3)
# Global signal 'input_b:rsc.z' added to design 'dot_product' for component 'input_b:rsc:mgc_in_wire' (LIB-3)
# Global signal 'output:rsc.z' added to design 'dot_product' for component 'output:rsc:mgc_out_stdreg' (LIB-3)
# Info: Optimizing partition '/dot_product': (Total ops = 40, Real ops = 11, Vars = 20) (SOL-10)
# Info: Optimizing partition '/dot_product/dot_product:core': (Total ops = 27, Real ops = 10, Vars = 10) (SOL-10)
# Info: Optimizing partition '/dot_product/dot_product:core/core': (Total ops = 21, Real ops = 10, Vars = 4) (SOL-10)
# Info: Optimizing partition '/dot_product/dot_product:core/core': (Total ops = 10, Real ops = 10, Vars = 4) (SOL-10)
# Info: Optimizing partition '/dot_product': (Total ops = 28, Real ops = 10, Vars = 19) (SOL-10)
# Info: Optimizing partition '/dot_product/dot_product:core': (Total ops = 16, Real ops = 10, Vars = 10) (SOL-10)
# Report written to file 'cycle.rpt'
# Netlist written to file 'cycle.v' (NET-4)
# Error: Streamed resource 'input_a:rsc' must be mapped to an interface synthesis component having an enable handshake signal (i.e. mgc_in_wire_en/mgc_out_stdreg_en).
# Error: Streamed resource 'input_b:rsc' must be mapped to an interface synthesis component having an enable handshake signal (i.e. mgc_in_wire_en/mgc_out_stdreg_en).
# Info: Wrote wave database file to H:/LABPRO~1/dot_product/dot_product/dot_product.v9/scverify/ccs_wave_signals.dat
# Makefile for Cycle Verilog output 'cycle.v' vs Untimed C++ written to file 'scverify/Verify_cycle_v_msim.mk'
# Info: Completed transformation 'schedule' on solution 'dot_product.v9': elapsed time 1.68 seconds, memory usage 178128kB, peak memory usage 182912kB (SOL-9)
# Info: Starting transformation 'dpfsm' on solution 'dot_product.v9' (SOL-8)
# Performing FSM extraction... (FSM-1)
# Info: Optimizing partition '/dot_product': (Total ops = 56, Real ops = 16, Vars = 50) (SOL-10)
# Info: Optimizing partition '/dot_product/dot_product:core': (Total ops = 44, Real ops = 16, Vars = 41) (SOL-10)
# Info: Optimizing partition '/dot_product/dot_product:core/dot_product:core:fsm': (Total ops = 6, Real ops = 2, Vars = 5) (SOL-10)
# Info: Optimizing partition '/dot_product/dot_product:core/dot_product:core:fsm/dot_product:core:fsm': (Total ops = 1, Real ops = 1, Vars = 1) (SOL-10)
# Info: Optimizing partition '/dot_product': (Total ops = 46, Real ops = 13, Vars = 26) (SOL-10)
# Info: Optimizing partition '/dot_product/dot_product:core': (Total ops = 34, Real ops = 13, Vars = 17) (SOL-10)
# Info: Optimizing partition '/dot_product/dot_product:core/dot_product:core:fsm': (Total ops = 6, Real ops = 2, Vars = 5) (SOL-10)
# Info: Optimizing partition '/dot_product/dot_product:core/dot_product:core:fsm/dot_product:core:fsm': (Total ops = 1, Real ops = 1, Vars = 1) (SOL-10)
# Info: Optimizing partition '/dot_product': (Total ops = 38, Real ops = 10, Vars = 25) (SOL-10)
# Info: Optimizing partition '/dot_product/dot_product:core': (Total ops = 26, Real ops = 10, Vars = 16) (SOL-10)
# Info: Optimizing partition '/dot_product/dot_product:core/dot_product:core:fsm': (Total ops = 6, Real ops = 2, Vars = 5) (SOL-10)
# Info: Optimizing partition '/dot_product/dot_product:core': (Total ops = 26, Real ops = 10, Vars = 16) (SOL-10)
# Info: Optimizing partition '/dot_product': (Total ops = 38, Real ops = 10, Vars = 25) (SOL-10)
# Info: Optimizing partition '/dot_product': (Total ops = 38, Real ops = 10, Vars = 25) (SOL-10)
# Info: Optimizing partition '/dot_product/dot_product:core': (Total ops = 26, Real ops = 10, Vars = 16) (SOL-10)
# Info: Optimizing partition '/dot_product/dot_product:core/dot_product:core:fsm': (Total ops = 6, Real ops = 2, Vars = 5) (SOL-10)
# Info: Optimizing partition '/dot_product/dot_product:core/dot_product:core:fsm/dot_product:core:fsm': (Total ops = 1, Real ops = 1, Vars = 1) (SOL-10)
# Info: Optimizing partition '/dot_product': (Total ops = 38, Real ops = 10, Vars = 25) (SOL-10)
# Info: Optimizing partition '/dot_product/dot_product:core': (Total ops = 26, Real ops = 10, Vars = 16) (SOL-10)
# Info: Optimizing partition '/dot_product/dot_product:core/dot_product:core:fsm': (Total ops = 6, Real ops = 2, Vars = 5) (SOL-10)
# Info: Optimizing partition '/dot_product/dot_product:core/dot_product:core:fsm/dot_product:core:fsm': (Total ops = 1, Real ops = 1, Vars = 1) (SOL-10)
# Info: Completed transformation 'dpfsm' on solution 'dot_product.v9': elapsed time 0.20 seconds, memory usage 178128kB, peak memory usage 184396kB (SOL-9)
# Info: Starting transformation 'extract' on solution 'dot_product.v9' (SOL-8)
# Shared Operations MAC:acc#5,MAC:acc#6,MAC:acc on resource MAC:mgc_Altera-Cyclone-III-6_beh_psr.mgc_add(8,0,8,0,8):mgc_Altera-Cyclone-III-6_beh_psr.mgc_add(8,0,8,0,8) (ASG-3)
# Info: Optimizing partition '/dot_product': (Total ops = 46, Real ops = 11, Vars = 36) (SOL-10)
# Info: Optimizing partition '/dot_product/dot_product:core': (Total ops = 34, Real ops = 11, Vars = 27) (SOL-10)
# Info: Optimizing partition '/dot_product/dot_product:core/dot_product:core:fsm': (Total ops = 6, Real ops = 2, Vars = 5) (SOL-10)
# Info: Optimizing partition '/dot_product/dot_product:core/dot_product:core:fsm/dot_product:core:fsm': (Total ops = 1, Real ops = 1, Vars = 1) (SOL-10)
# Info: Optimizing partition '/dot_product': (Total ops = 42, Real ops = 10, Vars = 26) (SOL-10)
# Info: Optimizing partition '/dot_product/dot_product:core': (Total ops = 30, Real ops = 10, Vars = 17) (SOL-10)
# Info: Optimizing partition '/dot_product/dot_product:core/dot_product:core:fsm': (Total ops = 6, Real ops = 2, Vars = 5) (SOL-10)
# Info: Optimizing partition '/dot_product/dot_product:core': (Total ops = 30, Real ops = 10, Vars = 17) (SOL-10)
# Info: Optimizing partition '/dot_product': (Total ops = 42, Real ops = 10, Vars = 26) (SOL-10)
# Info: Optimizing partition '/dot_product': (Total ops = 42, Real ops = 10, Vars = 26) (SOL-10)
# Info: Optimizing partition '/dot_product/dot_product:core': (Total ops = 30, Real ops = 10, Vars = 17) (SOL-10)
# Info: Optimizing partition '/dot_product/dot_product:core/dot_product:core:fsm': (Total ops = 6, Real ops = 2, Vars = 5) (SOL-10)
# Info: Optimizing partition '/dot_product/dot_product:core/dot_product:core:fsm/dot_product:core:fsm': (Total ops = 1, Real ops = 1, Vars = 1) (SOL-10)
# Info: Optimizing partition '/dot_product': (Total ops = 42, Real ops = 10, Vars = 26) (SOL-10)
# Info: Optimizing partition '/dot_product/dot_product:core': (Total ops = 30, Real ops = 10, Vars = 17) (SOL-10)
# Info: Optimizing partition '/dot_product/dot_product:core/dot_product:core:fsm': (Total ops = 6, Real ops = 2, Vars = 5) (SOL-10)
# Info: Optimizing partition '/dot_product/dot_product:core/dot_product:core:fsm/dot_product:core:fsm': (Total ops = 1, Real ops = 1, Vars = 1) (SOL-10)
# Info: Optimizing partition '/dot_product': (Total ops = 43, Real ops = 11, Vars = 33) (SOL-10)
# Info: Optimizing partition '/dot_product/dot_product:core': (Total ops = 31, Real ops = 11, Vars = 24) (SOL-10)
# Info: Optimizing partition '/dot_product/dot_product:core/dot_product:core:fsm': (Total ops = 6, Real ops = 2, Vars = 5) (SOL-10)
# Info: Optimizing partition '/dot_product/dot_product:core/dot_product:core:fsm/dot_product:core:fsm': (Total ops = 1, Real ops = 1, Vars = 1) (SOL-10)
# Netlist written to file 'schematic.nlv' (NET-4)
# Info: Optimizing partition '/dot_product': (Total ops = 43, Real ops = 11, Vars = 33) (SOL-10)
# Info: Optimizing partition '/dot_product/dot_product:core': (Total ops = 31, Real ops = 11, Vars = 24) (SOL-10)
# Info: Optimizing partition '/dot_product/dot_product:core/dot_product:core:fsm': (Total ops = 6, Real ops = 2, Vars = 5) (SOL-10)
# Info: Optimizing partition '/dot_product/dot_product:core/dot_product:core:fsm/dot_product:core:fsm': (Total ops = 1, Real ops = 1, Vars = 1) (SOL-10)
# Info: Optimizing partition '/dot_product': (Total ops = 42, Real ops = 10, Vars = 26) (SOL-10)
# Info: Optimizing partition '/dot_product/dot_product:core': (Total ops = 30, Real ops = 10, Vars = 17) (SOL-10)
# Info: Optimizing partition '/dot_product/dot_product:core': (Total ops = 29, Real ops = 11, Vars = 17) (SOL-10)
# Info: Optimizing partition '/dot_product/dot_product:core/dot_product:core:fsm': (Total ops = 6, Real ops = 2, Vars = 5) (SOL-10)
# Info: Optimizing partition '/dot_product/dot_product:core/dot_product:core:fsm/dot_product:core:fsm': (Total ops = 1, Real ops = 1, Vars = 1) (SOL-10)
# Info: Optimizing partition '/dot_product/dot_product:core': (Total ops = 28, Real ops = 11, Vars = 17) (SOL-10)
# Info: Optimizing partition '/dot_product/dot_product:core/dot_product:core:fsm': (Total ops = 6, Real ops = 2, Vars = 5) (SOL-10)
# Info: Optimizing partition '/dot_product/dot_product:core/dot_product:core:fsm/dot_product:core:fsm': (Total ops = 1, Real ops = 1, Vars = 1) (SOL-10)
# Info: Optimizing partition '/dot_product': (Total ops = 40, Real ops = 11, Vars = 26) (SOL-10)
# Info: Optimizing partition '/dot_product/dot_product:core': (Total ops = 28, Real ops = 11, Vars = 17) (SOL-10)
# Info: Optimizing partition '/dot_product/dot_product:core/dot_product:core:fsm': (Total ops = 6, Real ops = 2, Vars = 5) (SOL-10)
# Info: Optimizing partition '/dot_product/dot_product:core/dot_product:core:fsm/dot_product:core:fsm': (Total ops = 1, Real ops = 1, Vars = 1) (SOL-10)
# Report written to file 'rtl.rpt'
# Netlist written to file 'rtl.v' (NET-4)
# generate concat
# order file name is: rtl.v_order.txt
# Add dependent file: ./rtl_mgc_ioport.v
# Add dependent file: ./rtl_mgc_ioport_v2001.v
# Add dependent file: ./rtl.v
# Finished writing concatenated file: H:/lab project/dot_product/dot_product/dot_product.v9/concat_rtl.v
# Makefile for RTL Verilog output 'rtl.v' vs Untimed C++ written to file 'scverify/Verify_rtl_v_msim.mk'
# Synthesis timing script written to file './scverify/mapped.psrv_timing'
# IO timing constraints written to synthesis script file
# Synthesis script written to file 'mapped.psrv'
# Makefile for Mapped Verilog output 'rtl.v' vs Untimed C++ written to file 'scverify/Verify_mapped_v_msim.mk'
# Synthesis timing script written to file './scverify/gate.psrv_timing'
# IO timing constraints written to synthesis script file
# Synthesis script written to file 'gate.psrv'
# Makefile for Gate Verilog output 'gate.v' vs Untimed C++ written to file 'scverify/Verify_gate_v_msim.mk'
# Synthesis timing script written to file './rtl.v.psr_timing'
# IO timing constraints written to synthesis script file
# Synthesis script written to file 'rtl.v.psr'
# Info: Completed transformation 'extract' on solution 'dot_product.v9': elapsed time 4.45 seconds, memory usage 180572kB, peak memory usage 184680kB (SOL-9)
project save
# Saving project file 'H:/lab project/dot_product/dot_product.ccs'. (PRJ-5)
project load {H:/lab project/student_files_2015/prj2/catapult_proj/vga_mouse/vga_mouse_square.c}
# Error: invalid command name "////////////////////////////////////////////////////////////////////////////////"
project load {H:/lab project/student_files_2015/prj2/catapult_proj/vga_mouse/vga_mouse_square.c}
# Error: invalid command name "////////////////////////////////////////////////////////////////////////////////"
quit -f
