-- Catapult University Version: Report                                              
-- ---------------------------- ---------------------------------------------------
-- Version:                     2011a.126 Production Release                        
-- Build Date:                  Wed Aug  8 00:52:07 PDT 2012                        
                                                                                    
-- Generated by:                lb3314@EEWS104A-019                                 
-- Generated date:              Tue Mar 24 18:28:09 +0000 2015                      

Solution Settings: edge.v7
  Current state: extract
  Project: edge_detect
  
  Design Input Files Specified
    $PROJECT_HOME/edge.h
      $MGC_HOME/shared/include/ac_int.h
    $PROJECT_HOME/edge.c
      $MGC_HOME/shared/include/ac_fixed.h
        $MGC_HOME/shared/include/ac_int.h
      $PROJECT_HOME/edge.h
      $PROJECT_HOME/shift_class.h
    $PROJECT_HOME/bmp_io.cpp
      $PROJECT_HOME/bmp_io.h
    $PROJECT_HOME/shift_class.h
    $PROJECT_HOME/bmp_io.h
  
  Processes/Blocks in Design
    Process       Real Operation(s) count Latency Throughput Reset Length II Comments 
    ------------- ----------------------- ------- ---------- ------------ -- --------
    /edge/core                         10       1          1            0  1          
    Design Total:                      10       1          1            0  0          
    
  Bill Of Materials (Datapath)
    Component Name                          Area Score Area(LUTs) Delay Post Alloc Post Assign 
    --------------------------------------- ---------- ---------- ----- ---------- -----------
    [Lib: mgc_Altera-Cyclone-III-6_beh_psr]                                                    
    mgc_add(10,0,10,0,10)                       11.241     11.241 1.301          1           2 
    mgc_add(11,0,11,0,11)                       12.233     12.233 1.368          4           2 
    mgc_add(2,0,1,1,2)                           3.000      3.000 0.658          0           1 
    mgc_add(9,0,9,0,9)                          10.250     10.250 1.233          0           1 
    mgc_not(10)                                  0.000      0.000 0.000          0           2 
    mgc_not(9)                                   0.000      0.000 0.000          0           1 
    mgc_reg_pos(10,1,0,0,0,1,1)                  0.000      0.000 0.000          0           5 
    mgc_reg_pos(9,1,0,0,0,1,1)                   0.000      0.000 0.000          0           2 
    [Lib: mgc_ioport]                                                                          
    mgc_in_wire(1,90)                            0.000      0.000 0.000          1           1 
    mgc_out_stdreg(2,30)                         0.000      0.000 0.000          1           1 
                                                                                               
    TOTAL AREA (After Assignment):              60.197     60.000                              
    
  Area Scores
                      Post-Scheduling Post-DP & FSM Post-Assignment 
    ----------------- --------------- ------------- ---------------
    Total Area Score:     60.2          60.2            60.2        
    Total Reg:             0.0           0.0             0.0        
                                                                    
    DataPath:             60.2 (100%)   60.2 (100%)     60.2 (100%) 
      MUX:                 0.0           0.0             0.0        
      FUNC:               60.2 (100%)   60.2 (100%)     60.2 (100%) 
      LOGIC:               0.0           0.0             0.0        
      BUFFER:              0.0           0.0             0.0        
      MEM:                 0.0           0.0             0.0        
      ROM:                 0.0           0.0             0.0        
      REG:                 0.0           0.0             0.0        
                                                                    
    
    FSM:                   0.0           0.0             0.0        
      FSM-REG:             0.0           0.0             0.0        
      FSM-COMB:            0.0           0.0             0.0        
                                                                    
    
  Register-to-Variable Mappings
    Register                           Size(bits) Gated Register CG Opt Done Variables                                             
    ---------------------------------- ---------- -------------- ----------- -----------------------------------------------------
    ACC1:asn#2.itm                             10         Y                  ACC1:asn#2.itm                                        
    ACC1:asn.itm                               10         Y                  ACC1:asn.itm                                          
    reg(vout:rsc:mgc_out_stdreg.d).tmp         10         Y                  reg(vout:rsc:mgc_out_stdreg.d).tmp                    
    regs.regs(1).sg1.sva                       10         Y                  regs.regs(1).sg1.sva                                  
    regs.regs(1).sg5.sva                       10         Y                  regs.regs(1).sg5.sva                                  
    ACC1:asn#3.itm                              9         Y                  ACC1:asn#3.itm                                        
    regs.regs(1).sg3.sva                        9         Y                  regs.regs(1).sg3.sva                                  
                                                                                                                                   
    Total:                                     68             68           0 (Total Gating Ratio: 1.00, CG Opt Gating Ratio: 0.00) 
    
  Timing Report
    Critical Path
      Max Delay:  3.902945
      Slack:      33.134091999999995
      
      Path                                        Startpoint                      Endpoint                                 Delay  Slack   
      ------------------------------------------- ------------------------------- ---------------------------------------- ------ -------
      1                                           edge:core/reg(ACC1:asn.itm)     edge:core/reg(vout:rsc:mgc_out_stdreg.d) 3.9029 33.1341 
                                                                                                                                          
        Instance                                  Component                                                                Delta  Delay   
        --------                                  ---------                                                                -----  -----   
        edge:core/reg(ACC1:asn.itm)               mgc_reg_pos_10_1_0_0_0_1_1                                               0.0000 0.0000  
        edge:core/ACC1:asn.itm                                                                                             0.0000 0.0000  
        edge:core/conc#10                                                                                                  0.0000 0.0000  
        edge:core/conc#10.itm                                                                                              0.0000 0.0000  
        edge:core/ACC1:acc#5                      mgc_add_11_0_11_0_11                                                     1.3684 1.3684  
        edge:core/ACC1:acc#5.itm                                                                                           0.0000 1.3684  
        edge:core/slc                                                                                                      0.0000 1.3684  
        edge:core/slc.slc                                                                                                  0.0000 1.3684  
        edge:core/slc(slc.slc)                                                                                             0.0000 1.3684  
        edge:core/slc(slc.slc).itm                                                                                         0.0000 1.3684  
        edge:core/ACC1:acc                        mgc_add_9_0_9_0_9                                                        1.2331 2.6015  
        edge:core/ACC1:acc.itm                                                                                             0.0000 2.6015  
        edge:core/ACC1:conc                                                                                                0.0000 2.6015  
        edge:core/ACC1:conc.itm                                                                                            0.0000 2.6015  
        edge:core/ACC1-3:acc#3                    mgc_add_10_0_10_0_10                                                     1.3014 3.9029  
        edge:core/ACC1-3:acc#3.itm                                                                                         0.0000 3.9029  
        edge:core/reg(vout:rsc:mgc_out_stdreg.d)  mgc_reg_pos_10_1_0_0_0_1_1                                               0.0000 3.9029  
                                                                                                                                          
      2                                           edge:core/reg(ACC1:asn#2.itm)   edge:core/reg(vout:rsc:mgc_out_stdreg.d) 3.9029 33.1341 
                                                                                                                                          
        Instance                                  Component                                                                Delta  Delay   
        --------                                  ---------                                                                -----  -----   
        edge:core/reg(ACC1:asn#2.itm)             mgc_reg_pos_10_1_0_0_0_1_1                                               0.0000 0.0000  
        edge:core/ACC1:asn#2.itm                                                                                           0.0000 0.0000  
        edge:core/conc#11                                                                                                  0.0000 0.0000  
        edge:core/conc#11.itm                                                                                              0.0000 0.0000  
        edge:core/ACC1:acc#5                      mgc_add_11_0_11_0_11                                                     1.3684 1.3684  
        edge:core/ACC1:acc#5.itm                                                                                           0.0000 1.3684  
        edge:core/slc                                                                                                      0.0000 1.3684  
        edge:core/slc.slc                                                                                                  0.0000 1.3684  
        edge:core/slc(slc.slc)                                                                                             0.0000 1.3684  
        edge:core/slc(slc.slc).itm                                                                                         0.0000 1.3684  
        edge:core/ACC1:acc                        mgc_add_9_0_9_0_9                                                        1.2331 2.6015  
        edge:core/ACC1:acc.itm                                                                                             0.0000 2.6015  
        edge:core/ACC1:conc                                                                                                0.0000 2.6015  
        edge:core/ACC1:conc.itm                                                                                            0.0000 2.6015  
        edge:core/ACC1-3:acc#3                    mgc_add_10_0_10_0_10                                                     1.3014 3.9029  
        edge:core/ACC1-3:acc#3.itm                                                                                         0.0000 3.9029  
        edge:core/reg(vout:rsc:mgc_out_stdreg.d)  mgc_reg_pos_10_1_0_0_0_1_1                                               0.0000 3.9029  
                                                                                                                                          
      3                                           edge:core/vin:rsc:mgc_in_wire.d edge:core/reg(vout:rsc:mgc_out_stdreg.d) 3.8360 33.2011 
                                                                                                                                          
        Instance                                  Component                                                                Delta  Delay   
        --------                                  ---------                                                                -----  -----   
        edge:core/vin:rsc:mgc_in_wire.d                                                                                    0.0000 0.0000  
        edge:core/SHIFT:if:else:else:if:slc#1                                                                              0.0000 0.0000  
        edge:core/SHIFT:if:else:else:if:slc#1.itm                                                                          0.0000 0.0000  
        edge:core/ACC1:not#5                      mgc_not_9                                                                0.0000 0.0000  
        edge:core/ACC1:not#5.itm                                                                                           0.0000 0.0000  
        edge:core/conc#12                                                                                                  0.0000 0.0000  
        edge:core/conc#12.itm                                                                                              0.0000 0.0000  
        edge:core/acc                             mgc_add_10_0_10_0_10                                                     1.3014 1.3014  
        edge:core/acc.itm                                                                                                  0.0000 1.3014  
        edge:core/slc#1                                                                                                    0.0000 1.3014  
        edge:core/slc#1.itm                                                                                                0.0000 1.3014  
        edge:core/ACC1:acc                        mgc_add_9_0_9_0_9                                                        1.2331 2.5345  
        edge:core/ACC1:acc.itm                                                                                             0.0000 2.5345  
        edge:core/ACC1:conc                                                                                                0.0000 2.5345  
        edge:core/ACC1:conc.itm                                                                                            0.0000 2.5345  
        edge:core/ACC1-3:acc#3                    mgc_add_10_0_10_0_10                                                     1.3014 3.8360  
        edge:core/ACC1-3:acc#3.itm                                                                                         0.0000 3.8360  
        edge:core/reg(vout:rsc:mgc_out_stdreg.d)  mgc_reg_pos_10_1_0_0_0_1_1                                               0.0000 3.8360  
                                                                                                                                          
      4                                           edge:core/reg(ACC1:asn#3.itm)   edge:core/reg(vout:rsc:mgc_out_stdreg.d) 3.8360 33.2011 
                                                                                                                                          
        Instance                                  Component                                                                Delta  Delay   
        --------                                  ---------                                                                -----  -----   
        edge:core/reg(ACC1:asn#3.itm)             mgc_reg_pos_9_1_0_0_0_1_1                                                0.0000 0.0000  
        edge:core/ACC1:asn#3.itm                                                                                           0.0000 0.0000  
        edge:core/conc#13                                                                                                  0.0000 0.0000  
        edge:core/conc#13.itm                                                                                              0.0000 0.0000  
        edge:core/acc                             mgc_add_10_0_10_0_10                                                     1.3014 1.3014  
        edge:core/acc.itm                                                                                                  0.0000 1.3014  
        edge:core/slc#1                                                                                                    0.0000 1.3014  
        edge:core/slc#1.itm                                                                                                0.0000 1.3014  
        edge:core/ACC1:acc                        mgc_add_9_0_9_0_9                                                        1.2331 2.5345  
        edge:core/ACC1:acc.itm                                                                                             0.0000 2.5345  
        edge:core/ACC1:conc                                                                                                0.0000 2.5345  
        edge:core/ACC1:conc.itm                                                                                            0.0000 2.5345  
        edge:core/ACC1-3:acc#3                    mgc_add_10_0_10_0_10                                                     1.3014 3.8360  
        edge:core/ACC1-3:acc#3.itm                                                                                         0.0000 3.8360  
        edge:core/reg(vout:rsc:mgc_out_stdreg.d)  mgc_reg_pos_10_1_0_0_0_1_1                                               0.0000 3.8360  
                                                                                                                                          
      5                                           edge:core/reg(ACC1:asn.itm)     edge:core/reg(vout:rsc:mgc_out_stdreg.d) 3.3276 33.7095 
                                                                                                                                          
        Instance                                  Component                                                                Delta  Delay   
        --------                                  ---------                                                                -----  -----   
        edge:core/reg(ACC1:asn.itm)               mgc_reg_pos_10_1_0_0_0_1_1                                               0.0000 0.0000  
        edge:core/ACC1:asn.itm                                                                                             0.0000 0.0000  
        edge:core/conc#10                                                                                                  0.0000 0.0000  
        edge:core/conc#10.itm                                                                                              0.0000 0.0000  
        edge:core/ACC1:acc#5                      mgc_add_11_0_11_0_11                                                     1.3684 1.3684  
        edge:core/ACC1:acc#5.itm                                                                                           0.0000 1.3684  
        edge:core/slc                                                                                                      0.0000 1.3684  
        edge:core/slc.slc                                                                                                  0.0000 1.3684  
        edge:core/slc(slc.slc)#1                                                                                           0.0000 1.3684  
        edge:core/slc(slc.slc)#1.itm                                                                                       0.0000 1.3684  
        edge:core/conc#14                                                                                                  0.0000 1.3684  
        edge:core/conc#14.itm                                                                                              0.0000 1.3684  
        edge:core/ACC1:acc#9                      mgc_add_2_0_1_1_2                                                        0.6577 2.0261  
        edge:core/ACC1:acc#9.itm                                                                                           0.0000 2.0261  
        edge:core/ACC1:slc#4                                                                                               0.0000 2.0261  
        edge:core/ACC1:slc#4.itm                                                                                           0.0000 2.0261  
        edge:core/ACC1:conc                                                                                                0.0000 2.0261  
        edge:core/ACC1:conc.itm                                                                                            0.0000 2.0261  
        edge:core/ACC1-3:acc#3                    mgc_add_10_0_10_0_10                                                     1.3014 3.3276  
        edge:core/ACC1-3:acc#3.itm                                                                                         0.0000 3.3276  
        edge:core/reg(vout:rsc:mgc_out_stdreg.d)  mgc_reg_pos_10_1_0_0_0_1_1                                               0.0000 3.3276  
                                                                                                                                          
      6                                           edge:core/reg(ACC1:asn#2.itm)   edge:core/reg(vout:rsc:mgc_out_stdreg.d) 3.3276 33.7095 
                                                                                                                                          
        Instance                                  Component                                                                Delta  Delay   
        --------                                  ---------                                                                -----  -----   
        edge:core/reg(ACC1:asn#2.itm)             mgc_reg_pos_10_1_0_0_0_1_1                                               0.0000 0.0000  
        edge:core/ACC1:asn#2.itm                                                                                           0.0000 0.0000  
        edge:core/conc#11                                                                                                  0.0000 0.0000  
        edge:core/conc#11.itm                                                                                              0.0000 0.0000  
        edge:core/ACC1:acc#5                      mgc_add_11_0_11_0_11                                                     1.3684 1.3684  
        edge:core/ACC1:acc#5.itm                                                                                           0.0000 1.3684  
        edge:core/slc                                                                                                      0.0000 1.3684  
        edge:core/slc.slc                                                                                                  0.0000 1.3684  
        edge:core/slc(slc.slc)#1                                                                                           0.0000 1.3684  
        edge:core/slc(slc.slc)#1.itm                                                                                       0.0000 1.3684  
        edge:core/conc#14                                                                                                  0.0000 1.3684  
        edge:core/conc#14.itm                                                                                              0.0000 1.3684  
        edge:core/ACC1:acc#9                      mgc_add_2_0_1_1_2                                                        0.6577 2.0261  
        edge:core/ACC1:acc#9.itm                                                                                           0.0000 2.0261  
        edge:core/ACC1:slc#4                                                                                               0.0000 2.0261  
        edge:core/ACC1:slc#4.itm                                                                                           0.0000 2.0261  
        edge:core/ACC1:conc                                                                                                0.0000 2.0261  
        edge:core/ACC1:conc.itm                                                                                            0.0000 2.0261  
        edge:core/ACC1-3:acc#3                    mgc_add_10_0_10_0_10                                                     1.3014 3.3276  
        edge:core/ACC1-3:acc#3.itm                                                                                         0.0000 3.3276  
        edge:core/reg(vout:rsc:mgc_out_stdreg.d)  mgc_reg_pos_10_1_0_0_0_1_1                                               0.0000 3.3276  
                                                                                                                                          
      7                                           edge:core/vin:rsc:mgc_in_wire.d edge:core/reg(vout:rsc:mgc_out_stdreg.d) 2.6698 34.3672 
                                                                                                                                          
        Instance                                  Component                                                                Delta  Delay   
        --------                                  ---------                                                                -----  -----   
        edge:core/vin:rsc:mgc_in_wire.d                                                                                    0.0000 0.0000  
        edge:core/SHIFT:if:else:else:if:slc#2                                                                              0.0000 0.0000  
        edge:core/SHIFT:if:else:else:if:slc#2.itm                                                                          0.0000 0.0000  
        edge:core/ACC1:not                        mgc_not_10                                                               0.0000 0.0000  
        edge:core/ACC1:not.itm                                                                                             0.0000 0.0000  
        edge:core/conc#15                                                                                                  0.0000 0.0000  
        edge:core/conc#15.itm                                                                                              0.0000 0.0000  
        edge:core/ACC1:acc#6                      mgc_add_11_0_11_0_11                                                     1.3684 1.3684  
        edge:core/ACC1:acc#6.itm                                                                                           0.0000 1.3684  
        edge:core/ACC1:slc#2                                                                                               0.0000 1.3684  
        edge:core/ACC1:slc#2.itm                                                                                           0.0000 1.3684  
        edge:core/ACC1-3:acc#3                    mgc_add_10_0_10_0_10                                                     1.3014 2.6698  
        edge:core/ACC1-3:acc#3.itm                                                                                         0.0000 2.6698  
        edge:core/reg(vout:rsc:mgc_out_stdreg.d)  mgc_reg_pos_10_1_0_0_0_1_1                                               0.0000 2.6698  
                                                                                                                                          
      8                                           edge:core/vin:rsc:mgc_in_wire.d edge:core/reg(vout:rsc:mgc_out_stdreg.d) 2.6698 34.3672 
                                                                                                                                          
        Instance                                  Component                                                                Delta  Delay   
        --------                                  ---------                                                                -----  -----   
        edge:core/vin:rsc:mgc_in_wire.d                                                                                    0.0000 0.0000  
        edge:core/SHIFT:if:else:else:if:slc                                                                                0.0000 0.0000  
        edge:core/SHIFT:if:else:else:if:slc.itm                                                                            0.0000 0.0000  
        edge:core/ACC1:not#3                      mgc_not_10                                                               0.0000 0.0000  
        edge:core/ACC1:not#3.itm                                                                                           0.0000 0.0000  
        edge:core/conc#16                                                                                                  0.0000 0.0000  
        edge:core/conc#16.itm                                                                                              0.0000 0.0000  
        edge:core/ACC1:acc#6                      mgc_add_11_0_11_0_11                                                     1.3684 1.3684  
        edge:core/ACC1:acc#6.itm                                                                                           0.0000 1.3684  
        edge:core/ACC1:slc#2                                                                                               0.0000 1.3684  
        edge:core/ACC1:slc#2.itm                                                                                           0.0000 1.3684  
        edge:core/ACC1-3:acc#3                    mgc_add_10_0_10_0_10                                                     1.3014 2.6698  
        edge:core/ACC1-3:acc#3.itm                                                                                         0.0000 2.6698  
        edge:core/reg(vout:rsc:mgc_out_stdreg.d)  mgc_reg_pos_10_1_0_0_0_1_1                                               0.0000 2.6698  
                                                                                                                                          
      
    Register Input and Register-to-Output Slack
      Clock period or pin-to-reg delay constraint (clk): 37.037037
      Clock uncertainty constraint (clk)               : 0.0
      
      Instance                                 Port                              Slack (Delay) Messages 
      ---------------------------------------- ------------------------------- ------- ------- --------
      edge:core/reg(ACC1:asn#3.itm)            regs.regs(1).sg3.sva            37.0370  0.0000          
      edge:core/reg(ACC1:asn.itm)              regs.regs(1).sg1.sva            37.0370  0.0000          
      edge:core/reg(ACC1:asn#2.itm)            regs.regs(1).sg5.sva            37.0370  0.0000          
      edge:core/reg(regs.regs(1).sg3.sva)      SHIFT:if:else:else:if:slc#3.itm 37.0370  0.0000          
      edge:core/reg(regs.regs(1).sg5.sva)      SHIFT:if:else:else:if:slc#4.itm 37.0370  0.0000          
      edge:core/reg(regs.regs(1).sg1.sva)      SHIFT:if:else:else:if:slc#5.itm 37.0370  0.0000          
      edge:core/reg(vout:rsc:mgc_out_stdreg.d) ACC1-3:acc#3.itm                33.1341  3.9029          
      edge                                     vout:rsc.z                      37.0370  0.0000          
      
  Operator Bitwidth Summary
    Operation  Size (bits) Count 
    ---------- ----------- -----
    add                          
    -                   11     2 
    -                   10     2 
    -                    9     1 
    -                    2     1 
    not                          
    -                   10     2 
    -                    9     1 
    read_port                    
    -                   90     1 
    reg                          
    -                   10     5 
    -                    9     2 
    write_port                   
    -                   30     1 
    
  End of Report
