-- Catapult University Version: Report                                              
-- ---------------------------- ---------------------------------------------------
-- Version:                     2011a.126 Production Release                        
-- Build Date:                  Wed Aug  8 00:52:07 PDT 2012                        
                                                                                    
-- Generated by:                nn1114@EEWS104A-002                                 
-- Generated date:              Wed May 13 16:34:56 +0100 2015                      

Solution Settings: detect_skin.v5
  Current state: schedule
  Project: skin
  
  Design Input Files Specified
    $PROJECT_HOME/skin.c
      $PROJECT_HOME/skin.h
        $MGC_HOME/shared/include/ac_fixed.h
          $MGC_HOME/shared/include/ac_int.h
    $PROJECT_HOME/skin.h
      $MGC_HOME/shared/include/ac_fixed.h
        $MGC_HOME/shared/include/ac_int.h
  
  Processes/Blocks in Design
    Process           Real Operation(s) count Latency Throughput Reset Length II Comments 
    ----------------- ----------------------- ------- ---------- ------------ -- --------
    /detect_skin/core                      38       1          1            0  1          
    Design Total:                          38       1          1            0  1          
    
  Clock Information
    Clock Signal Edge   Period Sharing Alloc (%) Uncertainty Used by Processes/Blocks 
    ------------ ------ ------ ----------------- ----------- ------------------------
    clk          rising 37.037             20.00    0.000000 /detect_skin/core        
    
  I/O Data Ranges
    Port         Mode DeclType DeclWidth DeclRange ActType ActWidth ActRange 
    ------------ ---- -------- --------- --------- ------- -------- --------
    pixin:rsc.z  IN   Unsigned        30                                     
    clk          IN   Unsigned         1                                     
    en           IN   Unsigned         1                                     
    arst_n       IN   Unsigned         1                                     
    pixout:rsc.z OUT  Unsigned        30                                     
    
  Memory Resources
    Resource Name: /detect_skin/pixin:rsc
      Memory Component: mgc_in_wire                  Size:         1 x 30
      External:         true                         Packing Mode: sidebyside
      Memory Map:
      Variable           Indices Phys Memory Address     
      ------------------ ------- -----------------------
      /detect_skin/pixin    0:29 00000000-00000000 (0-0) 
      
    Resource Name: /detect_skin/pixout:rsc
      Memory Component: mgc_out_stdreg               Size:         1 x 30
      External:         true                         Packing Mode: sidebyside
      Memory Map:
      Variable            Indices Phys Memory Address     
      ------------------- ------- -----------------------
      /detect_skin/pixout    0:29 00000000-00000000 (0-0) 
      
  Multi-Cycle (Combinational) Component Usage
    Instance Component Name Delay 
    -------- -------------- -----
    
  Loops
    Process           Loop             Iterations C-Steps Total Cycles  Duration  Unroll Init Comments 
    ----------------- ---------------- ---------- ------- ------------- --------- ------ ---- --------
    /detect_skin/core main               Infinite       2            1  37.04 ns            1          
    
  Loop Execution Profile
    Process           Loop             Total Cycles % of Overall Design Cycles Throughput Cycles Comments 
    ----------------- ---------------- ------------ -------------------------- ----------------- --------
    /detect_skin/core main                       1                      100.00                1           
    
  End of Report
