-- Catapult University Version: Report                                              
-- ---------------------------- ---------------------------------------------------
-- Version:                     2011a.126 Production Release                        
-- Build Date:                  Wed Aug  8 00:52:07 PDT 2012                        
                                                                                    
-- Generated by:                nn1114@EEWS104A-002                                 
-- Generated date:              Wed May 13 16:35:03 +0100 2015                      

Solution Settings: detect_skin.v5
  Current state: extract
  Project: skin
  
  Design Input Files Specified
    $PROJECT_HOME/skin.c
      $PROJECT_HOME/skin.h
        $MGC_HOME/shared/include/ac_fixed.h
          $MGC_HOME/shared/include/ac_int.h
    $PROJECT_HOME/skin.h
      $MGC_HOME/shared/include/ac_fixed.h
        $MGC_HOME/shared/include/ac_int.h
  
  Processes/Blocks in Design
    Process           Real Operation(s) count Latency Throughput Reset Length II Comments 
    ----------------- ----------------------- ------- ---------- ------------ -- --------
    /detect_skin/core                      38       1          1            0  1          
    Design Total:                          38       1          1            0  1          
    
  Bill Of Materials (Datapath)
    Component Name                          Area Score Area(DSP_block_9-bit_elems) Area(LUTs) Delay Post Alloc Post Assign 
    --------------------------------------- ---------- --------------------------- ---------- ----- ---------- -----------
    [Lib: mgc_Altera-Cyclone-III-6_beh_psr]                                                                                
    mgc_add(17,0,16,1,18)                       18.000                       0.000     18.000 1.591          0           1 
    mgc_add(17,0,17,1,18)                       18.000                       0.000     18.000 1.590          2           2 
    mgc_add(18,0,18,0,18)                       19.172                       0.000     19.172 1.814          0           1 
    mgc_add(19,0,19,1,20)                       20.000                       0.000     20.000 1.713          3           2 
    mgc_add(20,0,20,0,20)                       21.154                       0.000     21.154 1.937          3           2 
    mgc_add(21,0,20,1,21)                       22.000                       0.000     22.000 1.999          2           2 
    mgc_add(21,0,21,0,21)                       22.146                       0.000     22.146 1.997          1           1 
    mgc_add(8,0,8,0,8)                           9.259                       0.000      9.259 1.163          2           2 
    mgc_and(1,2)                                 0.730                       0.000      0.730 0.263          0           1 
    mgc_mul(10,0,10,0,20)                      330.250                       2.000     10.250 2.967          1           1 
    mgc_mul(10,0,10,1,20)                      330.000                       2.000     10.000 2.967          8           8 
    mgc_nor(1,4)                                 1.379                       0.000      1.379 0.525          0           1 
    mgc_not(1)                                   0.000                       0.000      0.000 0.000          0           1 
    mgc_not(10)                                  0.000                       0.000      0.000 0.000          0           1 
    mgc_not(12)                                  0.000                       0.000      0.000 0.000          0           1 
    mgc_not(19)                                  0.000                       0.000      0.000 0.000          0           1 
    mgc_not(2)                                   0.000                       0.000      0.000 0.000          0           1 
    mgc_not(8)                                   0.000                       0.000      0.000 0.000          0           2 
    mgc_reg_pos(1,1,0,0,0,1,1)                   0.000                       0.000      0.000 0.000          0           1 
    [Lib: mgc_ioport]                                                                                                      
    mgc_in_wire(1,30)                            0.000                       0.000      0.000 0.000          1           1 
    mgc_out_stdreg(2,30)                         0.000                       0.000      0.000 0.000          1           1 
                                                                                                                           
    TOTAL AREA (After Assignment):            3212.502                      18.000    333.000                              
    
  Area Scores
                      Post-Scheduling   Post-DP & FSM Post-Assignment 
    ----------------- --------------- --------------- ---------------
    Total Area Score:   3214.4          3194.5          3212.5        
    Total Reg:             0.0             0.0             0.0        
                                                                      
    DataPath:           3214.4 (100%)   3194.5 (100%)   3212.5 (100%) 
      MUX:                 0.0             0.0             0.0        
      FUNC:             3214.4 (100%)   3192.4 (100%)   3210.4 (100%) 
      LOGIC:               0.0             2.1   (0%)      2.1   (0%) 
      BUFFER:              0.0             0.0             0.0        
      MEM:                 0.0             0.0             0.0        
      ROM:                 0.0             0.0             0.0        
      REG:                 0.0             0.0             0.0        
                                                                      
    
    FSM:                   0.0             0.0             0.0        
      FSM-REG:             0.0             0.0             0.0        
      FSM-COMB:            0.0             0.0             0.0        
                                                                      
    
  Register-to-Variable Mappings
    Register                             Size(bits) Gated Register CG Opt Done Variables                                             
    ------------------------------------ ---------- -------------- ----------- -----------------------------------------------------
    reg(pixout:rsc:mgc_out_stdreg.d).reg          1         Y                  reg(pixout:rsc:mgc_out_stdreg.d).reg                  
                                                                                                                                     
    Total:                                        1              1           0 (Total Gating Ratio: 1.00, CG Opt Gating Ratio: 0.00) 
    
  Timing Report
    Critical Path
      Max Delay:  10.443332999999999
      Slack:      26.593704037
      
      Path                                                  Startpoint                               Endpoint                                          Delay   Slack   
      ----------------------------------------------------- ---------------------------------------- ------------------------------------------------- ------- -------
      1                                                     detect_skin:core/pixin:rsc:mgc_in_wire.d detect_skin:core/reg(pixout:rsc:mgc_out_stdreg.d) 10.4433 26.5937 
                                                                                                                                                                       
        Instance                                            Component                                                                                  Delta   Delay   
        --------                                            ---------                                                                                  -----   -----   
        detect_skin:core/pixin:rsc:mgc_in_wire.d                                                                                                       0.0000  0.0000  
        detect_skin:core/slc(pixin:rsc:mgc_in_wire.d)                                                                                                  0.0000  0.0000  
        detect_skin:core/slc(pixin:rsc:mgc_in_wire.d).itm                                                                                              0.0000  0.0000  
        detect_skin:core/mul#9                              mgc_mul_10_0_10_1_20                                                                       2.9668  2.9668  
        detect_skin:core/mul#9.itm                                                                                                                     0.0000  2.9668  
        detect_skin:core/acc#9                              mgc_add_19_0_19_1_20                                                                       1.7130  4.6799  
        detect_skin:core/acc#9.sdt                                                                                                                     0.0000  4.6799  
        detect_skin:core/slc(acc#9.sdt)#3                                                                                                              0.0000  4.6799  
        detect_skin:core/slc(acc#9.sdt)#3.itm                                                                                                          0.0000  4.6799  
        detect_skin:core/acc#11                             mgc_add_18_0_18_0_18                                                                       1.8140  6.4939  
        detect_skin:core/acc#11.psp                                                                                                                    0.0000  6.4939  
        detect_skin:core/slc(acc#11.psp)#3                                                                                                             0.0000  6.4939  
        detect_skin:core/slc(acc#11.psp)#3.itm                                                                                                         0.0000  6.4939  
        detect_skin:core/acc#4                              mgc_add_8_0_8_0_8                                                                          1.1631  7.6570  
        detect_skin:core/Cb.sg1.sva#1                                                                                                                  0.0000  7.6570  
        detect_skin:core/aif:not#1                          mgc_not_8                                                                                  0.0000  7.6570  
        detect_skin:core/aif:not#1.itm                                                                                                                 0.0000  7.6570  
        detect_skin:core/conc#27                                                                                                                       0.0000  7.6570  
        detect_skin:core/conc#27.itm                                                                                                                   0.0000  7.6570  
        detect_skin:core/aif:acc                            mgc_add_21_0_20_1_21                                                                       1.9988  9.6558  
        detect_skin:core/aif:acc.itm                                                                                                                   0.0000  9.6558  
        detect_skin:core/aif:slc                                                                                                                       0.0000  9.6558  
        detect_skin:core/aif:slc.itm                                                                                                                   0.0000  9.6558  
        detect_skin:core/if:nor                             mgc_nor_1_4                                                                                0.5250  10.1808 
        detect_skin:core/if:nor.itm                                                                                                                    0.0000  10.1808 
        detect_skin:core/if:and#3                           mgc_and_1_2                                                                                0.2625  10.4433 
        detect_skin:core/if:and#3.itm                                                                                                                  0.0000  10.4433 
        detect_skin:core/reg(pixout:rsc:mgc_out_stdreg.d)   mgc_reg_pos_1_1_0_0_0_1_1                                                                  0.0000  10.4433 
                                                                                                                                                                       
      2                                                     detect_skin:core/pixin:rsc:mgc_in_wire.d detect_skin:core/reg(pixout:rsc:mgc_out_stdreg.d) 10.4433 26.5937 
                                                                                                                                                                       
        Instance                                            Component                                                                                  Delta   Delay   
        --------                                            ---------                                                                                  -----   -----   
        detect_skin:core/pixin:rsc:mgc_in_wire.d                                                                                                       0.0000  0.0000  
        detect_skin:core/slc(pixin:rsc:mgc_in_wire.d)#1                                                                                                0.0000  0.0000  
        detect_skin:core/slc(pixin:rsc:mgc_in_wire.d)#1.itm                                                                                            0.0000  0.0000  
        detect_skin:core/mul#3                              mgc_mul_10_0_10_1_20                                                                       2.9668  2.9668  
        detect_skin:core/mul#3.itm                                                                                                                     0.0000  2.9668  
        detect_skin:core/acc#9                              mgc_add_19_0_19_1_20                                                                       1.7130  4.6799  
        detect_skin:core/acc#9.sdt                                                                                                                     0.0000  4.6799  
        detect_skin:core/slc(acc#9.sdt)#3                                                                                                              0.0000  4.6799  
        detect_skin:core/slc(acc#9.sdt)#3.itm                                                                                                          0.0000  4.6799  
        detect_skin:core/acc#11                             mgc_add_18_0_18_0_18                                                                       1.8140  6.4939  
        detect_skin:core/acc#11.psp                                                                                                                    0.0000  6.4939  
        detect_skin:core/slc(acc#11.psp)#3                                                                                                             0.0000  6.4939  
        detect_skin:core/slc(acc#11.psp)#3.itm                                                                                                         0.0000  6.4939  
        detect_skin:core/acc#4                              mgc_add_8_0_8_0_8                                                                          1.1631  7.6570  
        detect_skin:core/Cb.sg1.sva#1                                                                                                                  0.0000  7.6570  
        detect_skin:core/aif:not#1                          mgc_not_8                                                                                  0.0000  7.6570  
        detect_skin:core/aif:not#1.itm                                                                                                                 0.0000  7.6570  
        detect_skin:core/conc#27                                                                                                                       0.0000  7.6570  
        detect_skin:core/conc#27.itm                                                                                                                   0.0000  7.6570  
        detect_skin:core/aif:acc                            mgc_add_21_0_20_1_21                                                                       1.9988  9.6558  
        detect_skin:core/aif:acc.itm                                                                                                                   0.0000  9.6558  
        detect_skin:core/aif:slc                                                                                                                       0.0000  9.6558  
        detect_skin:core/aif:slc.itm                                                                                                                   0.0000  9.6558  
        detect_skin:core/if:nor                             mgc_nor_1_4                                                                                0.5250  10.1808 
        detect_skin:core/if:nor.itm                                                                                                                    0.0000  10.1808 
        detect_skin:core/if:and#3                           mgc_and_1_2                                                                                0.2625  10.4433 
        detect_skin:core/if:and#3.itm                                                                                                                  0.0000  10.4433 
        detect_skin:core/reg(pixout:rsc:mgc_out_stdreg.d)   mgc_reg_pos_1_1_0_0_0_1_1                                                                  0.0000  10.4433 
                                                                                                                                                                       
      3                                                     detect_skin:core/pixin:rsc:mgc_in_wire.d detect_skin:core/reg(pixout:rsc:mgc_out_stdreg.d) 10.4426 26.5944 
                                                                                                                                                                       
        Instance                                            Component                                                                                  Delta   Delay   
        --------                                            ---------                                                                                  -----   -----   
        detect_skin:core/pixin:rsc:mgc_in_wire.d                                                                                                       0.0000  0.0000  
        detect_skin:core/slc(pixin:rsc:mgc_in_wire.d)#6                                                                                                0.0000  0.0000  
        detect_skin:core/slc(pixin:rsc:mgc_in_wire.d)#6.itm                                                                                            0.0000  0.0000  
        detect_skin:core/mul#13                             mgc_mul_10_0_10_1_20                                                                       2.9668  2.9668  
        detect_skin:core/mul#13.itm                                                                                                                    0.0000  2.9668  
        detect_skin:core/acc#12                             mgc_add_17_0_16_1_18                                                                       1.5911  4.5580  
        detect_skin:core/acc#12.itm                                                                                                                    0.0000  4.5580  
        detect_skin:core/conc#9                                                                                                                        0.0000  4.5580  
        detect_skin:core/conc#9.itm                                                                                                                    0.0000  4.5580  
        detect_skin:core/acc#5                              mgc_add_20_0_20_0_20                                                                       1.9366  6.4946  
        detect_skin:core/acc.sdt#2.sva                                                                                                                 0.0000  6.4946  
        detect_skin:core/slc(acc.sdt#2.sva)#2                                                                                                          0.0000  6.4946  
        detect_skin:core/slc(acc.sdt#2.sva)#2.itm                                                                                                      0.0000  6.4946  
        detect_skin:core/acc#7                              mgc_add_8_0_8_0_8                                                                          1.1631  7.6577  
        detect_skin:core/Cr.sg1.sva#1                                                                                                                  0.0000  7.6577  
        detect_skin:core/aif#3:not#1                        mgc_not_8                                                                                  0.0000  7.6577  
        detect_skin:core/aif#3:not#1.itm                                                                                                               0.0000  7.6577  
        detect_skin:core/conc#26                                                                                                                       0.0000  7.6577  
        detect_skin:core/conc#26.itm                                                                                                                   0.0000  7.6577  
        detect_skin:core/aif#3:acc                          mgc_add_21_0_21_0_21                                                                       1.9974  9.6551  
        detect_skin:core/aif#3:acc.itm                                                                                                                 0.0000  9.6551  
        detect_skin:core/aif#3:slc                                                                                                                     0.0000  9.6551  
        detect_skin:core/aif#3:slc.itm                                                                                                                 0.0000  9.6551  
        detect_skin:core/if:nor                             mgc_nor_1_4                                                                                0.5250  10.1801 
        detect_skin:core/if:nor.itm                                                                                                                    0.0000  10.1801 
        detect_skin:core/if:and#3                           mgc_and_1_2                                                                                0.2625  10.4426 
        detect_skin:core/if:and#3.itm                                                                                                                  0.0000  10.4426 
        detect_skin:core/reg(pixout:rsc:mgc_out_stdreg.d)   mgc_reg_pos_1_1_0_0_0_1_1                                                                  0.0000  10.4426 
                                                                                                                                                                       
      4                                                     detect_skin:core/pixin:rsc:mgc_in_wire.d detect_skin:core/reg(pixout:rsc:mgc_out_stdreg.d) 10.4426 26.5944 
                                                                                                                                                                       
        Instance                                            Component                                                                                  Delta   Delay   
        --------                                            ---------                                                                                  -----   -----   
        detect_skin:core/pixin:rsc:mgc_in_wire.d                                                                                                       0.0000  0.0000  
        detect_skin:core/slc(pixin:rsc:mgc_in_wire.d)#4                                                                                                0.0000  0.0000  
        detect_skin:core/slc(pixin:rsc:mgc_in_wire.d)#4.itm                                                                                            0.0000  0.0000  
        detect_skin:core/mul#12                             mgc_mul_10_0_10_1_20                                                                       2.9668  2.9668  
        detect_skin:core/mul#12.sdt                                                                                                                    0.0000  2.9668  
        detect_skin:core/slc(mul#12.sdt)#2                                                                                                             0.0000  2.9668  
        detect_skin:core/slc(mul#12.sdt)#2.itm                                                                                                         0.0000  2.9668  
        detect_skin:core/acc#12                             mgc_add_17_0_16_1_18                                                                       1.5911  4.5580  
        detect_skin:core/acc#12.itm                                                                                                                    0.0000  4.5580  
        detect_skin:core/conc#9                                                                                                                        0.0000  4.5580  
        detect_skin:core/conc#9.itm                                                                                                                    0.0000  4.5580  
        detect_skin:core/acc#5                              mgc_add_20_0_20_0_20                                                                       1.9366  6.4946  
        detect_skin:core/acc.sdt#2.sva                                                                                                                 0.0000  6.4946  
        detect_skin:core/slc(acc.sdt#2.sva)#2                                                                                                          0.0000  6.4946  
        detect_skin:core/slc(acc.sdt#2.sva)#2.itm                                                                                                      0.0000  6.4946  
        detect_skin:core/acc#7                              mgc_add_8_0_8_0_8                                                                          1.1631  7.6577  
        detect_skin:core/Cr.sg1.sva#1                                                                                                                  0.0000  7.6577  
        detect_skin:core/aif#3:not#1                        mgc_not_8                                                                                  0.0000  7.6577  
        detect_skin:core/aif#3:not#1.itm                                                                                                               0.0000  7.6577  
        detect_skin:core/conc#26                                                                                                                       0.0000  7.6577  
        detect_skin:core/conc#26.itm                                                                                                                   0.0000  7.6577  
        detect_skin:core/aif#3:acc                          mgc_add_21_0_21_0_21                                                                       1.9974  9.6551  
        detect_skin:core/aif#3:acc.itm                                                                                                                 0.0000  9.6551  
        detect_skin:core/aif#3:slc                                                                                                                     0.0000  9.6551  
        detect_skin:core/aif#3:slc.itm                                                                                                                 0.0000  9.6551  
        detect_skin:core/if:nor                             mgc_nor_1_4                                                                                0.5250  10.1801 
        detect_skin:core/if:nor.itm                                                                                                                    0.0000  10.1801 
        detect_skin:core/if:and#3                           mgc_and_1_2                                                                                0.2625  10.4426 
        detect_skin:core/if:and#3.itm                                                                                                                  0.0000  10.4426 
        detect_skin:core/reg(pixout:rsc:mgc_out_stdreg.d)   mgc_reg_pos_1_1_0_0_0_1_1                                                                  0.0000  10.4426 
                                                                                                                                                                       
      5                                                     detect_skin:core/pixin:rsc:mgc_in_wire.d detect_skin:core/reg(pixout:rsc:mgc_out_stdreg.d) 10.0349 27.0022 
                                                                                                                                                                       
        Instance                                            Component                                                                                  Delta   Delay   
        --------                                            ---------                                                                                  -----   -----   
        detect_skin:core/pixin:rsc:mgc_in_wire.d                                                                                                       0.0000  0.0000  
        detect_skin:core/slc(pixin:rsc:mgc_in_wire.d)#6                                                                                                0.0000  0.0000  
        detect_skin:core/slc(pixin:rsc:mgc_in_wire.d)#6.itm                                                                                            0.0000  0.0000  
        detect_skin:core/mul#13                             mgc_mul_10_0_10_1_20                                                                       2.9668  2.9668  
        detect_skin:core/mul#13.itm                                                                                                                    0.0000  2.9668  
        detect_skin:core/acc#12                             mgc_add_17_0_16_1_18                                                                       1.5911  4.5580  
        detect_skin:core/acc#12.itm                                                                                                                    0.0000  4.5580  
        detect_skin:core/conc#9                                                                                                                        0.0000  4.5580  
        detect_skin:core/conc#9.itm                                                                                                                    0.0000  4.5580  
        detect_skin:core/acc#5                              mgc_add_20_0_20_0_20                                                                       1.9366  6.4946  
        detect_skin:core/acc.sdt#2.sva                                                                                                                 0.0000  6.4946  
        detect_skin:core/slc(acc.sdt#2.sva)#2                                                                                                          0.0000  6.4946  
        detect_skin:core/slc(acc.sdt#2.sva)#2.itm                                                                                                      0.0000  6.4946  
        detect_skin:core/acc#7                              mgc_add_8_0_8_0_8                                                                          1.1631  7.6577  
        detect_skin:core/Cr.sg1.sva#1                                                                                                                  0.0000  7.6577  
        detect_skin:core/Cr:conc                                                                                                                       0.0000  7.6577  
        detect_skin:core/Cr:conc.itm                                                                                                                   0.0000  7.6577  
        detect_skin:core/if:acc#1                           mgc_add_17_0_17_1_18                                                                       1.5896  9.2473  
        detect_skin:core/if:acc#1.itm                                                                                                                  0.0000  9.2473  
        detect_skin:core/aif#1:slc                                                                                                                     0.0000  9.2473  
        detect_skin:core/aif#1:slc.itm                                                                                                                 0.0000  9.2473  
        detect_skin:core/if:nor                             mgc_nor_1_4                                                                                0.5250  9.7724  
        detect_skin:core/if:nor.itm                                                                                                                    0.0000  9.7724  
        detect_skin:core/if:and#3                           mgc_and_1_2                                                                                0.2625  10.0349 
        detect_skin:core/if:and#3.itm                                                                                                                  0.0000  10.0349 
        detect_skin:core/reg(pixout:rsc:mgc_out_stdreg.d)   mgc_reg_pos_1_1_0_0_0_1_1                                                                  0.0000  10.0349 
                                                                                                                                                                       
      6                                                     detect_skin:core/pixin:rsc:mgc_in_wire.d detect_skin:core/reg(pixout:rsc:mgc_out_stdreg.d) 10.0349 27.0022 
                                                                                                                                                                       
        Instance                                            Component                                                                                  Delta   Delay   
        --------                                            ---------                                                                                  -----   -----   
        detect_skin:core/pixin:rsc:mgc_in_wire.d                                                                                                       0.0000  0.0000  
        detect_skin:core/slc(pixin:rsc:mgc_in_wire.d)#4                                                                                                0.0000  0.0000  
        detect_skin:core/slc(pixin:rsc:mgc_in_wire.d)#4.itm                                                                                            0.0000  0.0000  
        detect_skin:core/mul#12                             mgc_mul_10_0_10_1_20                                                                       2.9668  2.9668  
        detect_skin:core/mul#12.sdt                                                                                                                    0.0000  2.9668  
        detect_skin:core/slc(mul#12.sdt)#2                                                                                                             0.0000  2.9668  
        detect_skin:core/slc(mul#12.sdt)#2.itm                                                                                                         0.0000  2.9668  
        detect_skin:core/acc#12                             mgc_add_17_0_16_1_18                                                                       1.5911  4.5580  
        detect_skin:core/acc#12.itm                                                                                                                    0.0000  4.5580  
        detect_skin:core/conc#9                                                                                                                        0.0000  4.5580  
        detect_skin:core/conc#9.itm                                                                                                                    0.0000  4.5580  
        detect_skin:core/acc#5                              mgc_add_20_0_20_0_20                                                                       1.9366  6.4946  
        detect_skin:core/acc.sdt#2.sva                                                                                                                 0.0000  6.4946  
        detect_skin:core/slc(acc.sdt#2.sva)#2                                                                                                          0.0000  6.4946  
        detect_skin:core/slc(acc.sdt#2.sva)#2.itm                                                                                                      0.0000  6.4946  
        detect_skin:core/acc#7                              mgc_add_8_0_8_0_8                                                                          1.1631  7.6577  
        detect_skin:core/Cr.sg1.sva#1                                                                                                                  0.0000  7.6577  
        detect_skin:core/Cr:conc                                                                                                                       0.0000  7.6577  
        detect_skin:core/Cr:conc.itm                                                                                                                   0.0000  7.6577  
        detect_skin:core/if:acc#1                           mgc_add_17_0_17_1_18                                                                       1.5896  9.2473  
        detect_skin:core/if:acc#1.itm                                                                                                                  0.0000  9.2473  
        detect_skin:core/aif#1:slc                                                                                                                     0.0000  9.2473  
        detect_skin:core/aif#1:slc.itm                                                                                                                 0.0000  9.2473  
        detect_skin:core/if:nor                             mgc_nor_1_4                                                                                0.5250  9.7724  
        detect_skin:core/if:nor.itm                                                                                                                    0.0000  9.7724  
        detect_skin:core/if:and#3                           mgc_and_1_2                                                                                0.2625  10.0349 
        detect_skin:core/if:and#3.itm                                                                                                                  0.0000  10.0349 
        detect_skin:core/reg(pixout:rsc:mgc_out_stdreg.d)   mgc_reg_pos_1_1_0_0_0_1_1                                                                  0.0000  10.0349 
                                                                                                                                                                       
      7                                                     detect_skin:core/pixin:rsc:mgc_in_wire.d detect_skin:core/reg(pixout:rsc:mgc_out_stdreg.d) 10.0341 27.0029 
                                                                                                                                                                       
        Instance                                            Component                                                                                  Delta   Delay   
        --------                                            ---------                                                                                  -----   -----   
        detect_skin:core/pixin:rsc:mgc_in_wire.d                                                                                                       0.0000  0.0000  
        detect_skin:core/slc(pixin:rsc:mgc_in_wire.d)                                                                                                  0.0000  0.0000  
        detect_skin:core/slc(pixin:rsc:mgc_in_wire.d).itm                                                                                              0.0000  0.0000  
        detect_skin:core/mul#9                              mgc_mul_10_0_10_1_20                                                                       2.9668  2.9668  
        detect_skin:core/mul#9.itm                                                                                                                     0.0000  2.9668  
        detect_skin:core/acc#9                              mgc_add_19_0_19_1_20                                                                       1.7130  4.6799  
        detect_skin:core/acc#9.sdt                                                                                                                     0.0000  4.6799  
        detect_skin:core/slc(acc#9.sdt)#3                                                                                                              0.0000  4.6799  
        detect_skin:core/slc(acc#9.sdt)#3.itm                                                                                                          0.0000  4.6799  
        detect_skin:core/acc#11                             mgc_add_18_0_18_0_18                                                                       1.8140  6.4939  
        detect_skin:core/acc#11.psp                                                                                                                    0.0000  6.4939  
        detect_skin:core/slc(acc#11.psp)#3                                                                                                             0.0000  6.4939  
        detect_skin:core/slc(acc#11.psp)#3.itm                                                                                                         0.0000  6.4939  
        detect_skin:core/acc#4                              mgc_add_8_0_8_0_8                                                                          1.1631  7.6570  
        detect_skin:core/Cb.sg1.sva#1                                                                                                                  0.0000  7.6570  
        detect_skin:core/Cb:conc                                                                                                                       0.0000  7.6570  
        detect_skin:core/Cb:conc.itm                                                                                                                   0.0000  7.6570  
        detect_skin:core/if:acc                             mgc_add_17_0_17_1_18                                                                       1.5896  9.2466  
        detect_skin:core/if:acc.itm                                                                                                                    0.0000  9.2466  
        detect_skin:core/slc                                                                                                                           0.0000  9.2466  
        detect_skin:core/slc.itm                                                                                                                       0.0000  9.2466  
        detect_skin:core/if:nor                             mgc_nor_1_4                                                                                0.5250  9.7716  
        detect_skin:core/if:nor.itm                                                                                                                    0.0000  9.7716  
        detect_skin:core/if:and#3                           mgc_and_1_2                                                                                0.2625  10.0341 
        detect_skin:core/if:and#3.itm                                                                                                                  0.0000  10.0341 
        detect_skin:core/reg(pixout:rsc:mgc_out_stdreg.d)   mgc_reg_pos_1_1_0_0_0_1_1                                                                  0.0000  10.0341 
                                                                                                                                                                       
      8                                                     detect_skin:core/pixin:rsc:mgc_in_wire.d detect_skin:core/reg(pixout:rsc:mgc_out_stdreg.d) 10.0341 27.0029 
                                                                                                                                                                       
        Instance                                            Component                                                                                  Delta   Delay   
        --------                                            ---------                                                                                  -----   -----   
        detect_skin:core/pixin:rsc:mgc_in_wire.d                                                                                                       0.0000  0.0000  
        detect_skin:core/slc(pixin:rsc:mgc_in_wire.d)#1                                                                                                0.0000  0.0000  
        detect_skin:core/slc(pixin:rsc:mgc_in_wire.d)#1.itm                                                                                            0.0000  0.0000  
        detect_skin:core/mul#3                              mgc_mul_10_0_10_1_20                                                                       2.9668  2.9668  
        detect_skin:core/mul#3.itm                                                                                                                     0.0000  2.9668  
        detect_skin:core/acc#9                              mgc_add_19_0_19_1_20                                                                       1.7130  4.6799  
        detect_skin:core/acc#9.sdt                                                                                                                     0.0000  4.6799  
        detect_skin:core/slc(acc#9.sdt)#3                                                                                                              0.0000  4.6799  
        detect_skin:core/slc(acc#9.sdt)#3.itm                                                                                                          0.0000  4.6799  
        detect_skin:core/acc#11                             mgc_add_18_0_18_0_18                                                                       1.8140  6.4939  
        detect_skin:core/acc#11.psp                                                                                                                    0.0000  6.4939  
        detect_skin:core/slc(acc#11.psp)#3                                                                                                             0.0000  6.4939  
        detect_skin:core/slc(acc#11.psp)#3.itm                                                                                                         0.0000  6.4939  
        detect_skin:core/acc#4                              mgc_add_8_0_8_0_8                                                                          1.1631  7.6570  
        detect_skin:core/Cb.sg1.sva#1                                                                                                                  0.0000  7.6570  
        detect_skin:core/Cb:conc                                                                                                                       0.0000  7.6570  
        detect_skin:core/Cb:conc.itm                                                                                                                   0.0000  7.6570  
        detect_skin:core/if:acc                             mgc_add_17_0_17_1_18                                                                       1.5896  9.2466  
        detect_skin:core/if:acc.itm                                                                                                                    0.0000  9.2466  
        detect_skin:core/slc                                                                                                                           0.0000  9.2466  
        detect_skin:core/slc.itm                                                                                                                       0.0000  9.2466  
        detect_skin:core/if:nor                             mgc_nor_1_4                                                                                0.5250  9.7716  
        detect_skin:core/if:nor.itm                                                                                                                    0.0000  9.7716  
        detect_skin:core/if:and#3                           mgc_and_1_2                                                                                0.2625  10.0341 
        detect_skin:core/if:and#3.itm                                                                                                                  0.0000  10.0341 
        detect_skin:core/reg(pixout:rsc:mgc_out_stdreg.d)   mgc_reg_pos_1_1_0_0_0_1_1                                                                  0.0000  10.0341 
                                                                                                                                                                       
      9                                                     detect_skin:core/pixin:rsc:mgc_in_wire.d detect_skin:core/reg(pixout:rsc:mgc_out_stdreg.d) 9.2802  27.7568 
                                                                                                                                                                       
        Instance                                            Component                                                                                  Delta   Delay   
        --------                                            ---------                                                                                  -----   -----   
        detect_skin:core/pixin:rsc:mgc_in_wire.d                                                                                                       0.0000  0.0000  
        detect_skin:core/slc(pixin:rsc:mgc_in_wire.d)                                                                                                  0.0000  0.0000  
        detect_skin:core/slc(pixin:rsc:mgc_in_wire.d).itm                                                                                              0.0000  0.0000  
        detect_skin:core/mul#9                              mgc_mul_10_0_10_1_20                                                                       2.9668  2.9668  
        detect_skin:core/mul#9.itm                                                                                                                     0.0000  2.9668  
        detect_skin:core/acc#9                              mgc_add_19_0_19_1_20                                                                       1.7130  4.6799  
        detect_skin:core/acc#9.sdt                                                                                                                     0.0000  4.6799  
        detect_skin:core/slc(acc#9.sdt)#3                                                                                                              0.0000  4.6799  
        detect_skin:core/slc(acc#9.sdt)#3.itm                                                                                                          0.0000  4.6799  
        detect_skin:core/acc#11                             mgc_add_18_0_18_0_18                                                                       1.8140  6.4939  
        detect_skin:core/acc#11.psp                                                                                                                    0.0000  6.4939  
        detect_skin:core/slc(acc#11.psp)#1                                                                                                             0.0000  6.4939  
        detect_skin:core/slc(acc#11.psp)#1.itm                                                                                                         0.0000  6.4939  
        detect_skin:core/aif:not#2                          mgc_not_10                                                                                 0.0000  6.4939  
        detect_skin:core/aif:not#2.itm                                                                                                                 0.0000  6.4939  
        detect_skin:core/conc#27                                                                                                                       0.0000  6.4939  
        detect_skin:core/conc#27.itm                                                                                                                   0.0000  6.4939  
        detect_skin:core/aif:acc                            mgc_add_21_0_20_1_21                                                                       1.9988  8.4927  
        detect_skin:core/aif:acc.itm                                                                                                                   0.0000  8.4927  
        detect_skin:core/aif:slc                                                                                                                       0.0000  8.4927  
        detect_skin:core/aif:slc.itm                                                                                                                   0.0000  8.4927  
        detect_skin:core/if:nor                             mgc_nor_1_4                                                                                0.5250  9.0177  
        detect_skin:core/if:nor.itm                                                                                                                    0.0000  9.0177  
        detect_skin:core/if:and#3                           mgc_and_1_2                                                                                0.2625  9.2802  
        detect_skin:core/if:and#3.itm                                                                                                                  0.0000  9.2802  
        detect_skin:core/reg(pixout:rsc:mgc_out_stdreg.d)   mgc_reg_pos_1_1_0_0_0_1_1                                                                  0.0000  9.2802  
                                                                                                                                                                       
      10                                                    detect_skin:core/pixin:rsc:mgc_in_wire.d detect_skin:core/reg(pixout:rsc:mgc_out_stdreg.d) 9.2802  27.7568 
                                                                                                                                                                       
        Instance                                            Component                                                                                  Delta   Delay   
        --------                                            ---------                                                                                  -----   -----   
        detect_skin:core/pixin:rsc:mgc_in_wire.d                                                                                                       0.0000  0.0000  
        detect_skin:core/slc(pixin:rsc:mgc_in_wire.d)#1                                                                                                0.0000  0.0000  
        detect_skin:core/slc(pixin:rsc:mgc_in_wire.d)#1.itm                                                                                            0.0000  0.0000  
        detect_skin:core/mul#3                              mgc_mul_10_0_10_1_20                                                                       2.9668  2.9668  
        detect_skin:core/mul#3.itm                                                                                                                     0.0000  2.9668  
        detect_skin:core/acc#9                              mgc_add_19_0_19_1_20                                                                       1.7130  4.6799  
        detect_skin:core/acc#9.sdt                                                                                                                     0.0000  4.6799  
        detect_skin:core/slc(acc#9.sdt)#3                                                                                                              0.0000  4.6799  
        detect_skin:core/slc(acc#9.sdt)#3.itm                                                                                                          0.0000  4.6799  
        detect_skin:core/acc#11                             mgc_add_18_0_18_0_18                                                                       1.8140  6.4939  
        detect_skin:core/acc#11.psp                                                                                                                    0.0000  6.4939  
        detect_skin:core/slc(acc#11.psp)#1                                                                                                             0.0000  6.4939  
        detect_skin:core/slc(acc#11.psp)#1.itm                                                                                                         0.0000  6.4939  
        detect_skin:core/aif:not#2                          mgc_not_10                                                                                 0.0000  6.4939  
        detect_skin:core/aif:not#2.itm                                                                                                                 0.0000  6.4939  
        detect_skin:core/conc#27                                                                                                                       0.0000  6.4939  
        detect_skin:core/conc#27.itm                                                                                                                   0.0000  6.4939  
        detect_skin:core/aif:acc                            mgc_add_21_0_20_1_21                                                                       1.9988  8.4927  
        detect_skin:core/aif:acc.itm                                                                                                                   0.0000  8.4927  
        detect_skin:core/aif:slc                                                                                                                       0.0000  8.4927  
        detect_skin:core/aif:slc.itm                                                                                                                   0.0000  8.4927  
        detect_skin:core/if:nor                             mgc_nor_1_4                                                                                0.5250  9.0177  
        detect_skin:core/if:nor.itm                                                                                                                    0.0000  9.0177  
        detect_skin:core/if:and#3                           mgc_and_1_2                                                                                0.2625  9.2802  
        detect_skin:core/if:and#3.itm                                                                                                                  0.0000  9.2802  
        detect_skin:core/reg(pixout:rsc:mgc_out_stdreg.d)   mgc_reg_pos_1_1_0_0_0_1_1                                                                  0.0000  9.2802  
                                                                                                                                                                       
      
    Register Input and Register-to-Output Slack
      Clock period or pin-to-reg delay constraint (clk): 37.037037037
      Clock uncertainty constraint (clk)               : 0.0
      
      Instance                                          Port           Slack (Delay) Messages 
      ------------------------------------------------- ------------ ------- ------- --------
      detect_skin:core/reg(pixout:rsc:mgc_out_stdreg.d) if:and#3.itm 26.5937 10.4433          
      detect_skin                                       pixout:rsc.z 37.0370  0.0000          
      
  Operator Bitwidth Summary
    Operation  Size (bits) Count 
    ---------- ----------- -----
    add                          
    -                   21     3 
    -                   20     4 
    -                   18     4 
    -                    8     2 
    and                          
    -                    2     1 
    mul                          
    -                   20     9 
    nor                          
    -                    4     1 
    not                          
    -                   19     1 
    -                   12     1 
    -                   10     1 
    -                    8     2 
    -                    2     1 
    -                    1     1 
    read_port                    
    -                   30     1 
    reg                          
    -                    1     1 
    write_port                   
    -                   30     1 
    
  End of Report
