//  Catapult University Version 2011a.126 (Production Release) Wed Aug  8 00:52:07 PDT 2012
//  
//  Copyright (c) Calypto Design Systems, Inc., 1996-2012, All Rights Reserved.
//                       UNPUBLISHED, LICENSED SOFTWARE.
//            CONFIDENTIAL AND PROPRIETARY INFORMATION WHICH IS THE
//          PROPERTY OF CALYPTO DESIGN SYSTEMS OR ITS LICENSORS
//  
//  Running on Windows 7 nn1114@EEWS104A-002 Service Pack 1 6.01.7601 i686
//  
//  Package information: SIFLIBS v17.0_1.1, HLS_PKGS v17.0_1.1, 
//                       DesignPad v2.78_0.0
//  
//  This version may only be used for academic purposes.  Some optimizations 
//  are disabled, so results obtained from this version may be sub-optimal.
//  
//  Start time Wed May 13 16:05:22 2015
# -------------------------------------------------
# Logging session transcript to file "C:\Users\nn1114\AppData\Local\Temp\log570425129c0.0"
# Loading options from registry.
# Warning: set_working_dir: Directory 'C:/Windows/System32' not writable, using C:/Users/nn1114/AppData/Local/Temp
project load {H:/FINAL PROJECT/FINAL PROJECT/catapult_proj/value_to_pix/value_to_pix}
# Moving session transcript to file "H:\FINAL PROJECT\FINAL PROJECT\catapult_proj\value_to_pix\catapult.log"
# Reading component library '$MGC_HOME\pkgs\siflibs\mgc_busdefs.lib' [mgc_busdefs]... (LIB-49)
# Reading component library '$MGC_HOME\pkgs\siflibs\stdops.lib' [STDOPS]... (LIB-49)
# Reading component library '$MGC_HOME\pkgs\siflibs\mgc_ioport.lib' [mgc_ioport]... (LIB-49)
# Reading component library '$MGC_HOME\pkgs\ccs_altera\Altera_accel_CycloneIII.lib' [Altera_accel_CycloneIII]... (LIB-49)
# Reading component library '$MGC_HOME\pkgs\siflibs\psr2010a_up2\mgc_Altera-Cyclone-III-6_beh_psr.lib' [mgc_Altera-Cyclone-III-6_beh_psr]... (LIB-49)
directive set -DESIGN_HIERARCHY value_to_pix
# /DESIGN_HIERARCHY value_to_pix
go compile
# Info: Starting transformation 'compile' on solution 'solution.v2' (SOL-8)
# Generating synthesis internal form... (CIN-3)
# $PROJECT_HOME/value_to_pix.c(56): Found top design routine 'value_to_pix' specified by directive (CIN-52)
# $PROJECT_HOME/value_to_pix.c(56): Synthesizing routine 'value_to_pix' (CIN-13)
# $PROJECT_HOME/value_to_pix.c(56): Inlining routine 'value_to_pix' (CIN-14)
# $PROJECT_HOME/value_to_pix.c(56): Optimizing block '/value_to_pix' ... (CIN-4)
# $PROJECT_HOME/value_to_pix.c(56): Inout port 'vin' is only used as an input. (OPT-10)
# $PROJECT_HOME/value_to_pix.c(56): Inout port 'pixout' is only used as an output. (OPT-11)
# Info: Optimizing partition '/value_to_pix': (Total ops = 14, Real ops = 1, Vars = 8) (SOL-10)
# Info: Optimizing partition '/value_to_pix/core': (Total ops = 14, Real ops = 1, Vars = 6) (SOL-10)
# Info: Optimizing partition '/value_to_pix/core': (Total ops = 14, Real ops = 1, Vars = 6) (SOL-10)
# Info: Optimizing partition '/value_to_pix': (Total ops = 14, Real ops = 1, Vars = 8) (SOL-10)
# Info: Optimizing partition '/value_to_pix': (Total ops = 14, Real ops = 1, Vars = 8) (SOL-10)
# Info: Optimizing partition '/value_to_pix/core': (Total ops = 14, Real ops = 1, Vars = 6) (SOL-10)
# Info: Optimizing partition '/value_to_pix/core': (Total ops = 8, Real ops = 1, Vars = 0) (SOL-10)
# Info: Optimizing partition '/value_to_pix/core': (Total ops = 8, Real ops = 1, Vars = 0) (SOL-10)
# Info: Optimizing partition '/value_to_pix': (Total ops = 8, Real ops = 1, Vars = 2) (SOL-10)
# Info: Optimizing partition '/value_to_pix': (Total ops = 8, Real ops = 1, Vars = 2) (SOL-10)
# Info: Optimizing partition '/value_to_pix/core': (Total ops = 8, Real ops = 1, Vars = 0) (SOL-10)
# Info: Optimizing partition '/value_to_pix': (Total ops = 8, Real ops = 1, Vars = 2) (SOL-10)
# Info: Optimizing partition '/value_to_pix': (Total ops = 8, Real ops = 1, Vars = 2) (SOL-10)
# Info: Optimizing partition '/value_to_pix/core': (Total ops = 8, Real ops = 1, Vars = 0) (SOL-10)
# Info: Optimizing partition '/value_to_pix/core': (Total ops = 3, Real ops = 0, Vars = 0) (SOL-10)
# Info: Optimizing partition '/value_to_pix': (Total ops = 3, Real ops = 0, Vars = 2) (SOL-10)
# Info: Optimizing partition '/value_to_pix/core': (Total ops = 3, Real ops = 0, Vars = 0) (SOL-10)
# Info: Optimizing partition '/value_to_pix': (Total ops = 3, Real ops = 0, Vars = 2) (SOL-10)
# Info: Optimizing partition '/value_to_pix': (Total ops = 3, Real ops = 0, Vars = 2) (SOL-10)
# Info: Optimizing partition '/value_to_pix/core': (Total ops = 3, Real ops = 0, Vars = 0) (SOL-10)
# Info: Optimizing partition '/value_to_pix/core': (Total ops = 2, Real ops = 0, Vars = 0) (SOL-10)
# Info: Optimizing partition '/value_to_pix': (Total ops = 2, Real ops = 0, Vars = 2) (SOL-10)
# Design 'value_to_pix' was read (SOL-1)
# Info: Completed transformation 'compile' on solution 'value_to_pix.v1': elapsed time 0.45 seconds, memory usage 153696kB, peak memory usage 175348kB (SOL-9)
directive set /value_to_pix/vin -STREAM 1
# /value_to_pix/vin/STREAM 1
directive set /value_to_pix/pixout -STREAM 30
# /value_to_pix/pixout/STREAM 30
directive set /value_to_pix/core/main -PIPELINE_INIT_INTERVAL 1
# /value_to_pix/core/main/PIPELINE_INIT_INTERVAL 1
go extract
# Info: Starting transformation 'architect' on solution 'value_to_pix.v1' (SOL-8)
# $PROJECT_HOME/value_to_pix.c(56): Loop '/value_to_pix/core/main' is left rolled. (LOOP-4)
# $PROJECT_HOME/value_to_pix.c(56): I/O-Port inferred - resource 'vin:rsc' (from var: vin) mapped to 'mgc_ioport.mgc_in_wire' (size: 1). (MEM-2)
# $PROJECT_HOME/value_to_pix.c(56): I/O-Port inferred - resource 'pixout:rsc' (from var: pixout) mapped to 'mgc_ioport.mgc_out_stdreg' (size: 30). (MEM-2)
# Info: Optimizing partition '/value_to_pix': (Total ops = 4, Real ops = 1, Vars = 5) (SOL-10)
# Info: Optimizing partition '/value_to_pix/core': (Total ops = 4, Real ops = 1, Vars = 0) (SOL-10)
# Info: Optimizing partition '/value_to_pix/core': (Total ops = 7, Real ops = 1, Vars = 1) (SOL-10)
# Info: Optimizing partition '/value_to_pix/core': (Total ops = 7, Real ops = 1, Vars = 1) (SOL-10)
# Info: Optimizing partition '/value_to_pix': (Total ops = 7, Real ops = 1, Vars = 6) (SOL-10)
# Info: Optimizing partition '/value_to_pix/core': (Total ops = 7, Real ops = 1, Vars = 2) (SOL-10)
# Info: Optimizing partition '/value_to_pix/core': (Total ops = 7, Real ops = 1, Vars = 2) (SOL-10)
# Info: Optimizing partition '/value_to_pix/core': (Total ops = 4, Real ops = 1, Vars = 1) (SOL-10)
# Info: Optimizing partition '/value_to_pix/core': (Total ops = 4, Real ops = 1, Vars = 0) (SOL-10)
# Info: Optimizing partition '/value_to_pix': (Total ops = 4, Real ops = 1, Vars = 5) (SOL-10)
# Info: Optimizing partition '/value_to_pix/core': (Total ops = 4, Real ops = 1, Vars = 0) (SOL-10)
# Info: Optimizing partition '/value_to_pix': (Total ops = 4, Real ops = 1, Vars = 5) (SOL-10)
# Info: Optimizing partition '/value_to_pix': (Total ops = 4, Real ops = 1, Vars = 5) (SOL-10)
# Info: Optimizing partition '/value_to_pix/core': (Total ops = 4, Real ops = 1, Vars = 0) (SOL-10)
# Info: Optimizing partition '/value_to_pix/core': (Total ops = 4, Real ops = 1, Vars = 0) (SOL-10)
# Design 'value_to_pix' contains '1' real operations. (SOL-11)
# Info: Completed transformation 'architect' on solution 'value_to_pix.v1': elapsed time 1.04 seconds, memory usage 153976kB, peak memory usage 175348kB (SOL-9)
# Info: Starting transformation 'allocate' on solution 'value_to_pix.v1' (SOL-8)
# Performing concurrent resource allocation and scheduling on '/value_to_pix/core' (CRAAS-1)
# Info: Select qualified components for data operations ... (CRAAS-3)
# Info: Apply resource constraints on data operations ... (CRAAS-4)
# $PROJECT_HOME/value_to_pix.c(56): Prescheduled LOOP 'main' (2 c-steps) (SCHD-7)
# $PROJECT_HOME/value_to_pix.c(56): Prescheduled SEQUENTIAL 'core' (total length 2 c-steps) (SCHD-8)
# Info: Initial schedule of SEQUENTIAL 'core': Latency = 1, Area (Datapath, Register, Total) = 0.00, 0.00, 0.00 (CRAAS-11)
# At least one feasible schedule exists. (CRAAS-9)
# Info: Final schedule of SEQUENTIAL 'core': Latency = 1, Area (Datapath, Register, Total) = 0.00, 0.00, 0.00 (CRAAS-12)
# Resource allocation and scheduling done. (CRAAS-2)
# Netlist written to file 'schedule.gnt' (NET-4)
# Info: Completed transformation 'allocate' on solution 'value_to_pix.v1': elapsed time 0.03 seconds, memory usage 154356kB, peak memory usage 175348kB (SOL-9)
# Info: Starting transformation 'schedule' on solution 'value_to_pix.v1' (SOL-8)
# Performing concurrent resource allocation and scheduling on '/value_to_pix/core' (CRAAS-1)
# Global signal 'vin:rsc.z' added to design 'value_to_pix' for component 'vin:rsc:mgc_in_wire' (LIB-3)
# Global signal 'pixout:rsc.z' added to design 'value_to_pix' for component 'pixout:rsc:mgc_out_stdreg' (LIB-3)
# Info: Optimizing partition '/value_to_pix': (Total ops = 22, Real ops = 2, Vars = 15) (SOL-10)
# Info: Optimizing partition '/value_to_pix/value_to_pix:core': (Total ops = 12, Real ops = 1, Vars = 7) (SOL-10)
# Info: Optimizing partition '/value_to_pix/value_to_pix:core/core': (Total ops = 7, Real ops = 1, Vars = 2) (SOL-10)
# Info: Optimizing partition '/value_to_pix/value_to_pix:core/core': (Total ops = 2, Real ops = 1, Vars = 0) (SOL-10)
# Info: Optimizing partition '/value_to_pix': (Total ops = 16, Real ops = 1, Vars = 12) (SOL-10)
# Info: Optimizing partition '/value_to_pix/value_to_pix:core': (Total ops = 7, Real ops = 1, Vars = 5) (SOL-10)
# Info: Optimizing partition '/value_to_pix/value_to_pix:core/core': (Total ops = 2, Real ops = 1, Vars = 0) (SOL-10)
# Info: Optimizing partition '/value_to_pix': (Total ops = 16, Real ops = 1, Vars = 12) (SOL-10)
# Info: Optimizing partition '/value_to_pix/value_to_pix:core': (Total ops = 7, Real ops = 1, Vars = 5) (SOL-10)
# Report written to file 'cycle.rpt'
# Netlist written to file 'cycle.v' (NET-4)
# Info: Completed transformation 'schedule' on solution 'value_to_pix.v1': elapsed time 0.66 seconds, memory usage 156600kB, peak memory usage 175348kB (SOL-9)
# Info: Starting transformation 'dpfsm' on solution 'value_to_pix.v1' (SOL-8)
# Performing FSM extraction... (FSM-1)
# Info: Optimizing partition '/value_to_pix': (Total ops = 18, Real ops = 1, Vars = 15) (SOL-10)
# Info: Optimizing partition '/value_to_pix/value_to_pix:core': (Total ops = 9, Real ops = 1, Vars = 8) (SOL-10)
# Info: Optimizing partition '/value_to_pix': (Total ops = 18, Real ops = 1, Vars = 12) (SOL-10)
# Info: Optimizing partition '/value_to_pix/value_to_pix:core': (Total ops = 9, Real ops = 1, Vars = 5) (SOL-10)
# Info: Optimizing partition '/value_to_pix': (Total ops = 16, Real ops = 1, Vars = 12) (SOL-10)
# Info: Optimizing partition '/value_to_pix/value_to_pix:core': (Total ops = 7, Real ops = 1, Vars = 5) (SOL-10)
# Info: Optimizing partition '/value_to_pix': (Total ops = 16, Real ops = 1, Vars = 13) (SOL-10)
# Info: Optimizing partition '/value_to_pix/value_to_pix:core': (Total ops = 7, Real ops = 1, Vars = 6) (SOL-10)
# Info: Optimizing partition '/value_to_pix/value_to_pix:core': (Total ops = 7, Real ops = 1, Vars = 6) (SOL-10)
# Info: Optimizing partition '/value_to_pix': (Total ops = 16, Real ops = 1, Vars = 13) (SOL-10)
# Info: Optimizing partition '/value_to_pix': (Total ops = 16, Real ops = 1, Vars = 13) (SOL-10)
# Info: Optimizing partition '/value_to_pix/value_to_pix:core': (Total ops = 7, Real ops = 1, Vars = 6) (SOL-10)
# Info: Optimizing partition '/value_to_pix': (Total ops = 16, Real ops = 1, Vars = 13) (SOL-10)
# Info: Optimizing partition '/value_to_pix/value_to_pix:core': (Total ops = 7, Real ops = 1, Vars = 6) (SOL-10)
# Info: Completed transformation 'dpfsm' on solution 'value_to_pix.v1': elapsed time 0.13 seconds, memory usage 156660kB, peak memory usage 175348kB (SOL-9)
# Info: Starting transformation 'extract' on solution 'value_to_pix.v1' (SOL-8)
# Info: Optimizing partition '/value_to_pix': (Total ops = 16, Real ops = 1, Vars = 13) (SOL-10)
# Info: Optimizing partition '/value_to_pix/value_to_pix:core': (Total ops = 7, Real ops = 1, Vars = 6) (SOL-10)
# Info: Optimizing partition '/value_to_pix/value_to_pix:core': (Total ops = 7, Real ops = 1, Vars = 6) (SOL-10)
# Info: Optimizing partition '/value_to_pix': (Total ops = 16, Real ops = 1, Vars = 13) (SOL-10)
# Info: Optimizing partition '/value_to_pix': (Total ops = 16, Real ops = 1, Vars = 13) (SOL-10)
# Info: Optimizing partition '/value_to_pix/value_to_pix:core': (Total ops = 7, Real ops = 1, Vars = 6) (SOL-10)
# Info: Optimizing partition '/value_to_pix': (Total ops = 16, Real ops = 1, Vars = 13) (SOL-10)
# Info: Optimizing partition '/value_to_pix/value_to_pix:core': (Total ops = 7, Real ops = 1, Vars = 6) (SOL-10)
# Info: Optimizing partition '/value_to_pix': (Total ops = 16, Real ops = 1, Vars = 13) (SOL-10)
# Info: Optimizing partition '/value_to_pix/value_to_pix:core': (Total ops = 7, Real ops = 1, Vars = 6) (SOL-10)
# Netlist written to file 'schematic.nlv' (NET-4)
# Info: Optimizing partition '/value_to_pix': (Total ops = 16, Real ops = 1, Vars = 13) (SOL-10)
# Info: Optimizing partition '/value_to_pix/value_to_pix:core': (Total ops = 7, Real ops = 1, Vars = 6) (SOL-10)
# Info: Optimizing partition '/value_to_pix': (Total ops = 16, Real ops = 1, Vars = 13) (SOL-10)
# Info: Optimizing partition '/value_to_pix/value_to_pix:core': (Total ops = 7, Real ops = 1, Vars = 6) (SOL-10)
# Report written to file 'rtl.rpt'
# Netlist written to file 'rtl.v' (NET-4)
# generate concat
# order file name is: rtl.v_order.txt
# Add dependent file: ./rtl_mgc_ioport.v
# Add dependent file: ./rtl_mgc_ioport_v2001.v
# Add dependent file: ./rtl.v
# Finished writing concatenated file: H:/FINAL PROJECT/FINAL PROJECT/catapult_proj/value_to_pix/value_to_pix/value_to_pix.v1/concat_rtl.v
# Synthesis timing script written to file './rtl.v.psr_timing'
# IO timing constraints written to synthesis script file
# Synthesis script written to file 'rtl.v.psr'
# Info: Completed transformation 'extract' on solution 'value_to_pix.v1': elapsed time 1.33 seconds, memory usage 157416kB, peak memory usage 175348kB (SOL-9)
project save
# Saving project file 'H:/FINAL PROJECT/FINAL PROJECT/catapult_proj/value_to_pix/value_to_pix.ccs'. (PRJ-5)
quit -f
