//  Catapult University Version 2011a.126 (Production Release) Wed Aug  8 00:52:07 PDT 2012
//  
//  Copyright (c) Calypto Design Systems, Inc., 1996-2012, All Rights Reserved.
//                       UNPUBLISHED, LICENSED SOFTWARE.
//            CONFIDENTIAL AND PROPRIETARY INFORMATION WHICH IS THE
//          PROPERTY OF CALYPTO DESIGN SYSTEMS OR ITS LICENSORS
//  
//  Running on Windows 7 lb3314@EEWS104A-019 Service Pack 1 6.01.7601 i686
//  
//  Package information: SIFLIBS v17.0_1.1, HLS_PKGS v17.0_1.1, 
//                       DesignPad v2.78_0.0
//  
//  This version may only be used for academic purposes.  Some optimizations 
//  are disabled, so results obtained from this version may be sub-optimal.
//  
//  Start time Tue Mar 24 17:50:47 2015
# -------------------------------------------------
# Logging session transcript to file "C:\Users\lb3314\AppData\Local\Temp\log9922493c68.0"
# Loading options from registry.
# Warning: set_working_dir: Directory 'C:/Windows/System32' not writable, using C:/Users/lb3314/AppData/Local/Temp
project load {H:/lab proj/prj2/catapult_proj/compare/compare}
# Error: project load: project not found
project load {H:/lab proj/prj2/catapult_proj/compare/compare}
# Error: project load: project not found
project load {H:/lab proj/prj2/catapult_proj/compare/compare}
# Error: project load: project not found
project load {H:/lab proj/prj2/catapult_proj/compare/compare}
# Error: project load: project not found
project new -name compare
set_working_dir {H:/lab proj/prj2/catapult_proj/compare}
solution file add ./compare.cpp
# /INPUTFILES/1
solution file add ./compare.h
# /INPUTFILES/2
go analyze
# Creating project directory 'H:\lab proj\prj2\catapult_proj\compare\compare'. (PRJ-1)
# Moving session transcript to file "H:\lab proj\prj2\catapult_proj\compare\catapult.log"
# Info: Starting transformation 'analyze' on solution 'solution.v1' (SOL-8)
# Front End called with arguments: -- {H:\lab proj\prj2\catapult_proj\compare\compare.h} {H:\lab proj\prj2\catapult_proj\compare\compare.cpp} (CIN-69)
# Edison Design Group C++/C Front End - Version 3.10.1 (CIN-1)
# Error: $PROJECT_HOME/compare.cpp(23): $PROJECT_HOME/compare.cpp(23): could not open source file "black_white.h" (CRD-5)
# Warning:           detected during compilation of secondary translation unit "H:\lab proj\prj2\catapult_proj\compare\compare.cpp"
# Error: Compilation aborted (CIN-5)
# Error: go analyze: Failed analyze
# File '$PROJECT_HOME/compare.cpp' saved
# File '$PROJECT_HOME/compare.h' saved
go analyze
# Info: Starting transformation 'analyze' on solution 'solution.v1' (SOL-8)
# Front End called with arguments: -- {H:\lab proj\prj2\catapult_proj\compare\compare.h} {H:\lab proj\prj2\catapult_proj\compare\compare.cpp} (CIN-69)
# Edison Design Group C++/C Front End - Version 3.10.1 (CIN-1)
# $PROJECT_HOME/compare.cpp(26): Pragma 'hls_design<top>' detected on routine 'compare' (CIN-6)
# Source file analysis completed (CIN-68)
# Info: Completed transformation 'analyze' on solution 'solution.v1': elapsed time 1.53 seconds, memory usage 146268kB, peak memory usage 193412kB (SOL-9)
directive set -TECHLIBS {{Altera_accel_CycloneIII.lib Altera_accel_CycloneIII} {mgc_Altera-Cyclone-III-6_beh_psr.lib {{mgc_Altera-Cyclone-III-6_beh_psr part EP3C16F484C}}}}
# /TECHLIBS {{Altera_accel_CycloneIII.lib Altera_accel_CycloneIII} {mgc_Altera-Cyclone-III-6_beh_psr.lib {{mgc_Altera-Cyclone-III-6_beh_psr part EP3C16F484C}}}}
directive set -CLOCKS {clk {-CLOCK_PERIOD 37.037037037 -CLOCK_EDGE rising -CLOCK_HIGH_TIME 18.52 -CLOCK_OFFSET 0.000000 -CLOCK_UNCERTAINTY 0.0 -RESET_KIND async -RESET_SYNC_NAME rst -RESET_SYNC_ACTIVE high -RESET_ASYNC_NAME arst_n -RESET_ASYNC_ACTIVE low -ENABLE_NAME en -ENABLE_ACTIVE high}}
# /CLOCKS {clk {-CLOCK_PERIOD 37.037037037 -CLOCK_EDGE rising -CLOCK_UNCERTAINTY 0.0 -CLOCK_HIGH_TIME 18.52 -RESET_SYNC_NAME rst -RESET_ASYNC_NAME arst_n -RESET_KIND async -RESET_SYNC_ACTIVE high -RESET_ASYNC_ACTIVE low -ENABLE_NAME en -ENABLE_ACTIVE high}}
go compile
# Info: Starting transformation 'compile' on solution 'solution.v1' (SOL-8)
# Reading component library '$MGC_HOME\pkgs\siflibs\mgc_busdefs.lib' [mgc_busdefs]... (LIB-49)
# Reading component library '$MGC_HOME\pkgs\siflibs\stdops.lib' [STDOPS]... (LIB-49)
# Reading component library '$MGC_HOME\pkgs\siflibs\mgc_ioport.lib' [mgc_ioport]... (LIB-49)
# Reading component library '$MGC_HOME\pkgs\ccs_altera\Altera_accel_CycloneIII.lib' [Altera_accel_CycloneIII]... (LIB-49)
# Reading component library '$MGC_HOME\pkgs\siflibs\psr2010a_up2\mgc_Altera-Cyclone-III-6_beh_psr.lib' [mgc_Altera-Cyclone-III-6_beh_psr]... (LIB-49)
# Generating synthesis internal form... (CIN-3)
# $PROJECT_HOME/compare.cpp(27): Found top design routine 'compare' specified by directive (CIN-52)
# $PROJECT_HOME/compare.cpp(27): Synthesizing routine 'compare' (CIN-13)
# $PROJECT_HOME/compare.cpp(27): Inlining routine 'compare' (CIN-14)
# $PROJECT_HOME/compare.cpp(27): Optimizing block '/compare' ... (CIN-4)
# $PROJECT_HOME/compare.cpp(27): Inout port 'input_in' is only used as an input. (OPT-10)
# $PROJECT_HOME/compare.cpp(27): Inout port 'output' is only used as an output. (OPT-11)
# Info: Optimizing partition '/compare': (Total ops = 19, Real ops = 3, Vars = 10) (SOL-10)
# Info: Optimizing partition '/compare/core': (Total ops = 19, Real ops = 3, Vars = 8) (SOL-10)
# Info: Optimizing partition '/compare/core': (Total ops = 19, Real ops = 3, Vars = 8) (SOL-10)
# Info: Optimizing partition '/compare': (Total ops = 19, Real ops = 3, Vars = 10) (SOL-10)
# Info: Optimizing partition '/compare': (Total ops = 19, Real ops = 3, Vars = 10) (SOL-10)
# Info: Optimizing partition '/compare/core': (Total ops = 19, Real ops = 3, Vars = 8) (SOL-10)
# Info: Optimizing partition '/compare/core': (Total ops = 11, Real ops = 3, Vars = 0) (SOL-10)
# Info: Optimizing partition '/compare/core': (Total ops = 11, Real ops = 3, Vars = 0) (SOL-10)
# Info: Optimizing partition '/compare': (Total ops = 11, Real ops = 3, Vars = 2) (SOL-10)
# Info: Optimizing partition '/compare': (Total ops = 11, Real ops = 3, Vars = 2) (SOL-10)
# Info: Optimizing partition '/compare/core': (Total ops = 11, Real ops = 3, Vars = 0) (SOL-10)
# Info: Optimizing partition '/compare': (Total ops = 11, Real ops = 3, Vars = 2) (SOL-10)
# Info: Optimizing partition '/compare': (Total ops = 11, Real ops = 3, Vars = 2) (SOL-10)
# Info: Optimizing partition '/compare/core': (Total ops = 11, Real ops = 3, Vars = 0) (SOL-10)
# Info: Optimizing partition '/compare/core': (Total ops = 46, Real ops = 12, Vars = 5) (SOL-10)
# Info: Optimizing partition '/compare': (Total ops = 46, Real ops = 12, Vars = 7) (SOL-10)
# Info: Optimizing partition '/compare/core': (Total ops = 46, Real ops = 12, Vars = 5) (SOL-10)
# Info: Optimizing partition '/compare': (Total ops = 46, Real ops = 12, Vars = 7) (SOL-10)
# Info: Optimizing partition '/compare': (Total ops = 46, Real ops = 12, Vars = 7) (SOL-10)
# Info: Optimizing partition '/compare/core': (Total ops = 46, Real ops = 12, Vars = 5) (SOL-10)
# Info: Optimizing partition '/compare/core': (Total ops = 46, Real ops = 12, Vars = 5) (SOL-10)
# Info: Optimizing partition '/compare': (Total ops = 46, Real ops = 12, Vars = 7) (SOL-10)
# Design 'compare' was read (SOL-1)
# Info: Completed transformation 'compile' on solution 'compare.v1': elapsed time 0.45 seconds, memory usage 156044kB, peak memory usage 193412kB (SOL-9)
# File '$PROJECT_HOME/compare.cpp' saved
# Input file has changed
go new
solution file set {$PROJECT_HOME/compare.cpp} -updated
# Info: Branching solution 'solution.v1' at state 'new' (PRJ-2)
go compile
# Info: Starting transformation 'analyze' on solution 'solution.v1' (SOL-8)
# Front End called with arguments: -- {H:\lab proj\prj2\catapult_proj\compare\compare.h} {H:\lab proj\prj2\catapult_proj\compare\compare.cpp} (CIN-69)
# Edison Design Group C++/C Front End - Version 3.10.1 (CIN-1)
# $PROJECT_HOME/compare.cpp(26): Pragma 'hls_design<top>' detected on routine 'compare' (CIN-6)
# Source file analysis completed (CIN-68)
# Info: Completed transformation 'analyze' on solution 'solution.v1': elapsed time 1.45 seconds, memory usage 158532kB, peak memory usage 203608kB (SOL-9)
# Info: Starting transformation 'compile' on solution 'solution.v1' (SOL-8)
# Generating synthesis internal form... (CIN-3)
# $PROJECT_HOME/compare.cpp(27): Found top design routine 'compare' specified by directive (CIN-52)
# $PROJECT_HOME/compare.cpp(27): Synthesizing routine 'compare' (CIN-13)
# $PROJECT_HOME/compare.cpp(27): Inlining routine 'compare' (CIN-14)
# $PROJECT_HOME/compare.cpp(27): Optimizing block '/compare' ... (CIN-4)
# $PROJECT_HOME/compare.cpp(27): Inout port 'input_in' is only used as an input. (OPT-10)
# $PROJECT_HOME/compare.cpp(27): Inout port 'input_treshold' is only used as an input. (OPT-10)
# $PROJECT_HOME/compare.cpp(27): Inout port 'output' is only used as an output. (OPT-11)
# Info: Optimizing partition '/compare': (Total ops = 21, Real ops = 3, Vars = 11) (SOL-10)
# Info: Optimizing partition '/compare/core': (Total ops = 21, Real ops = 3, Vars = 8) (SOL-10)
# Info: Optimizing partition '/compare/core': (Total ops = 21, Real ops = 3, Vars = 8) (SOL-10)
# Info: Optimizing partition '/compare': (Total ops = 21, Real ops = 3, Vars = 11) (SOL-10)
# Info: Optimizing partition '/compare': (Total ops = 21, Real ops = 3, Vars = 11) (SOL-10)
# Info: Optimizing partition '/compare/core': (Total ops = 21, Real ops = 3, Vars = 8) (SOL-10)
# Info: Optimizing partition '/compare/core': (Total ops = 13, Real ops = 3, Vars = 0) (SOL-10)
# Info: Optimizing partition '/compare/core': (Total ops = 13, Real ops = 3, Vars = 0) (SOL-10)
# Info: Optimizing partition '/compare': (Total ops = 13, Real ops = 3, Vars = 3) (SOL-10)
# Info: Optimizing partition '/compare': (Total ops = 13, Real ops = 3, Vars = 3) (SOL-10)
# Info: Optimizing partition '/compare/core': (Total ops = 13, Real ops = 3, Vars = 0) (SOL-10)
# Info: Optimizing partition '/compare': (Total ops = 13, Real ops = 3, Vars = 3) (SOL-10)
# Info: Optimizing partition '/compare': (Total ops = 13, Real ops = 3, Vars = 3) (SOL-10)
# Info: Optimizing partition '/compare/core': (Total ops = 13, Real ops = 3, Vars = 0) (SOL-10)
# Info: Optimizing partition '/compare/core': (Total ops = 50, Real ops = 15, Vars = 5) (SOL-10)
# Info: Optimizing partition '/compare': (Total ops = 50, Real ops = 15, Vars = 8) (SOL-10)
# Info: Optimizing partition '/compare/core': (Total ops = 50, Real ops = 15, Vars = 5) (SOL-10)
# Info: Optimizing partition '/compare': (Total ops = 50, Real ops = 15, Vars = 8) (SOL-10)
# Info: Optimizing partition '/compare': (Total ops = 50, Real ops = 15, Vars = 8) (SOL-10)
# Info: Optimizing partition '/compare/core': (Total ops = 50, Real ops = 15, Vars = 5) (SOL-10)
# Info: Optimizing partition '/compare/core': (Total ops = 49, Real ops = 15, Vars = 5) (SOL-10)
# Info: Optimizing partition '/compare': (Total ops = 49, Real ops = 15, Vars = 8) (SOL-10)
# Design 'compare' was read (SOL-1)
# Info: Completed transformation 'compile' on solution 'compare.v2': elapsed time 0.55 seconds, memory usage 156812kB, peak memory usage 203608kB (SOL-9)
directive set /compare/input_in -STREAM 30
# /compare/input_in/STREAM 30
directive set /compare/input_treshold -STREAM 10
# /compare/input_treshold/STREAM 10
directive set /compare/output -STREAM 30
# /compare/output/STREAM 30
directive set /compare/core/main -PIPELINE_INIT_INTERVAL 1
# /compare/core/main/PIPELINE_INIT_INTERVAL 1
directive set /compare/core/main -DISTRIBUTED_PIPELINE true
# /compare/core/main/DISTRIBUTED_PIPELINE true
go extract
# Info: Starting transformation 'architect' on solution 'compare.v2' (SOL-8)
# $PROJECT_HOME/compare.cpp(27): Loop '/compare/core/main' is left rolled. (LOOP-4)
# $PROJECT_HOME/compare.cpp(27): I/O-Port inferred - resource 'input_in:rsc' (from var: input_in) mapped to 'mgc_ioport.mgc_in_wire' (size: 30). (MEM-2)
# $PROJECT_HOME/compare.cpp(27): I/O-Port inferred - resource 'input_treshold:rsc' (from var: input_treshold) mapped to 'mgc_ioport.mgc_in_wire' (size: 10). (MEM-2)
# $PROJECT_HOME/compare.cpp(27): I/O-Port inferred - resource 'output:rsc' (from var: output) mapped to 'mgc_ioport.mgc_out_stdreg' (size: 30). (MEM-2)
# Info: Optimizing partition '/compare': (Total ops = 52, Real ops = 16, Vars = 11) (SOL-10)
# Info: Optimizing partition '/compare/core': (Total ops = 52, Real ops = 16, Vars = 5) (SOL-10)
# Info: Optimizing partition '/compare/core': (Total ops = 54, Real ops = 16, Vars = 6) (SOL-10)
# Info: Optimizing partition '/compare/core': (Total ops = 54, Real ops = 16, Vars = 6) (SOL-10)
# Info: Optimizing partition '/compare': (Total ops = 54, Real ops = 16, Vars = 12) (SOL-10)
# Info: Optimizing partition '/compare/core': (Total ops = 54, Real ops = 16, Vars = 7) (SOL-10)
# Info: Optimizing partition '/compare/core': (Total ops = 55, Real ops = 17, Vars = 7) (SOL-10)
# Info: Optimizing partition '/compare/core': (Total ops = 52, Real ops = 17, Vars = 6) (SOL-10)
# Info: Optimizing partition '/compare/core': (Total ops = 52, Real ops = 17, Vars = 5) (SOL-10)
# Info: Optimizing partition '/compare': (Total ops = 52, Real ops = 17, Vars = 11) (SOL-10)
# Info: Optimizing partition '/compare/core': (Total ops = 52, Real ops = 17, Vars = 5) (SOL-10)
# Info: Optimizing partition '/compare': (Total ops = 52, Real ops = 17, Vars = 11) (SOL-10)
# Info: Optimizing partition '/compare': (Total ops = 52, Real ops = 17, Vars = 11) (SOL-10)
# Info: Optimizing partition '/compare/core': (Total ops = 52, Real ops = 17, Vars = 5) (SOL-10)
# Info: Optimizing partition '/compare/core': (Total ops = 77, Real ops = 17, Vars = 20) (SOL-10)
# Info: Optimizing partition '/compare/core': (Total ops = 52, Real ops = 17, Vars = 5) (SOL-10)
# Design 'compare' contains '22' real operations. (SOL-11)
# Info: Completed transformation 'architect' on solution 'compare.v2': elapsed time 0.97 seconds, memory usage 160924kB, peak memory usage 203608kB (SOL-9)
# Info: Starting transformation 'allocate' on solution 'compare.v2' (SOL-8)
# Performing concurrent resource allocation and scheduling on '/compare/core' (CRAAS-1)
# Info: Select qualified components for data operations ... (CRAAS-3)
# Info: Apply resource constraints on data operations ... (CRAAS-4)
# $PROJECT_HOME/compare.cpp(27): Prescheduled LOOP 'main' (2 c-steps) (SCHD-7)
# $PROJECT_HOME/compare.cpp(27): Prescheduled SEQUENTIAL 'core' (total length 2 c-steps) (SCHD-8)
# Info: Initial schedule of SEQUENTIAL 'core': Latency = 1, Area (Datapath, Register, Total) = 111.22, 0.00, 111.22 (CRAAS-11)
# At least one feasible schedule exists. (CRAAS-9)
# Info: Optimized LOOP 'main': Latency = 1, Area (Datapath, Register, Total) = 110.47, 0.00, 110.47 (CRAAS-10)
# Info: Final schedule of SEQUENTIAL 'core': Latency = 1, Area (Datapath, Register, Total) = 110.47, 0.00, 110.47 (CRAAS-12)
# Resource allocation and scheduling done. (CRAAS-2)
# Netlist written to file 'schedule.gnt' (NET-4)
# Info: Completed transformation 'allocate' on solution 'compare.v2': elapsed time 0.13 seconds, memory usage 161224kB, peak memory usage 203608kB (SOL-9)
# Info: Starting transformation 'schedule' on solution 'compare.v2' (SOL-8)
# Performing concurrent resource allocation and scheduling on '/compare/core' (CRAAS-1)
# Warning: Cannot build distributed pipeline in process 'core' because of missing handshake for resource 'output:rsc' (SCHD-15)
# Global signal 'input_in:rsc.z' added to design 'compare' for component 'input_in:rsc:mgc_in_wire' (LIB-3)
# Global signal 'input_treshold:rsc.z' added to design 'compare' for component 'input_treshold:rsc:mgc_in_wire' (LIB-3)
# Global signal 'output:rsc.z' added to design 'compare' for component 'output:rsc:mgc_out_stdreg' (LIB-3)
# Info: Optimizing partition '/compare': (Total ops = 96, Real ops = 23, Vars = 23) (SOL-10)
# Info: Optimizing partition '/compare/compare:core': (Total ops = 83, Real ops = 22, Vars = 13) (SOL-10)
# Info: Optimizing partition '/compare/compare:core/core': (Total ops = 77, Real ops = 22, Vars = 7) (SOL-10)
# Info: Optimizing partition '/compare/compare:core/core': (Total ops = 63, Real ops = 22, Vars = 5) (SOL-10)
# Info: Optimizing partition '/compare': (Total ops = 81, Real ops = 22, Vars = 20) (SOL-10)
# Info: Optimizing partition '/compare/compare:core': (Total ops = 69, Real ops = 22, Vars = 11) (SOL-10)
# Info: Optimizing partition '/compare/compare:core/core': (Total ops = 63, Real ops = 22, Vars = 5) (SOL-10)
# Info: Optimizing partition '/compare': (Total ops = 81, Real ops = 22, Vars = 20) (SOL-10)
# Info: Optimizing partition '/compare/compare:core': (Total ops = 69, Real ops = 22, Vars = 11) (SOL-10)
# Report written to file 'cycle.rpt'
# Netlist written to file 'cycle.v' (NET-4)
# Info: Completed transformation 'schedule' on solution 'compare.v2': elapsed time 0.86 seconds, memory usage 164212kB, peak memory usage 203608kB (SOL-9)
# Info: Starting transformation 'dpfsm' on solution 'compare.v2' (SOL-8)
# Performing FSM extraction... (FSM-1)
# Info: Optimizing partition '/compare': (Total ops = 126, Real ops = 22, Vars = 61) (SOL-10)
# Info: Optimizing partition '/compare/compare:core': (Total ops = 114, Real ops = 22, Vars = 52) (SOL-10)
# Info: Optimizing partition '/compare': (Total ops = 133, Real ops = 22, Vars = 19) (SOL-10)
# Info: Optimizing partition '/compare/compare:core': (Total ops = 121, Real ops = 22, Vars = 10) (SOL-10)
# Info: Optimizing partition '/compare': (Total ops = 79, Real ops = 22, Vars = 19) (SOL-10)
# Info: Optimizing partition '/compare/compare:core': (Total ops = 67, Real ops = 22, Vars = 10) (SOL-10)
# Info: Optimizing partition '/compare': (Total ops = 79, Real ops = 22, Vars = 20) (SOL-10)
# Info: Optimizing partition '/compare/compare:core': (Total ops = 67, Real ops = 22, Vars = 11) (SOL-10)
# Info: Optimizing partition '/compare/compare:core': (Total ops = 67, Real ops = 22, Vars = 11) (SOL-10)
# Info: Optimizing partition '/compare': (Total ops = 79, Real ops = 22, Vars = 20) (SOL-10)
# Info: Optimizing partition '/compare': (Total ops = 79, Real ops = 22, Vars = 20) (SOL-10)
# Info: Optimizing partition '/compare/compare:core': (Total ops = 67, Real ops = 22, Vars = 11) (SOL-10)
# Info: Optimizing partition '/compare': (Total ops = 79, Real ops = 22, Vars = 20) (SOL-10)
# Info: Optimizing partition '/compare/compare:core': (Total ops = 67, Real ops = 22, Vars = 11) (SOL-10)
# Info: Completed transformation 'dpfsm' on solution 'compare.v2': elapsed time 0.17 seconds, memory usage 164212kB, peak memory usage 203608kB (SOL-9)
# Info: Starting transformation 'extract' on solution 'compare.v2' (SOL-8)
# Warning: Reassigned operation acc#1:mgc_Altera-Cyclone-III-6_beh_psr.mgc_add(12,0,12,0,12) to mgc_Altera-Cyclone-III-6_beh_psr.mgc_add(12,0,11,1,12) (ASG-1)
# Info: Optimizing partition '/compare': (Total ops = 79, Real ops = 22, Vars = 75) (SOL-10)
# Info: Optimizing partition '/compare/compare:core': (Total ops = 67, Real ops = 22, Vars = 66) (SOL-10)
# Info: Optimizing partition '/compare': (Total ops = 79, Real ops = 22, Vars = 20) (SOL-10)
# Info: Optimizing partition '/compare/compare:core': (Total ops = 67, Real ops = 22, Vars = 11) (SOL-10)
# Info: Optimizing partition '/compare': (Total ops = 79, Real ops = 22, Vars = 20) (SOL-10)
# Info: Optimizing partition '/compare/compare:core': (Total ops = 67, Real ops = 22, Vars = 11) (SOL-10)
# Info: Optimizing partition '/compare/compare:core': (Total ops = 67, Real ops = 22, Vars = 11) (SOL-10)
# Info: Optimizing partition '/compare': (Total ops = 79, Real ops = 22, Vars = 20) (SOL-10)
# Info: Optimizing partition '/compare': (Total ops = 79, Real ops = 22, Vars = 20) (SOL-10)
# Info: Optimizing partition '/compare/compare:core': (Total ops = 67, Real ops = 22, Vars = 11) (SOL-10)
# Info: Optimizing partition '/compare': (Total ops = 79, Real ops = 22, Vars = 20) (SOL-10)
# Info: Optimizing partition '/compare/compare:core': (Total ops = 67, Real ops = 22, Vars = 11) (SOL-10)
# Warning: Reassigned operation if:or:mgc_Altera-Cyclone-III-6_beh_psr.mgc_or(1,10) to mgc_Altera-Cyclone-III-6_beh_psr.mgc_or(1,9) (ASG-1)
# Info: Optimizing partition '/compare': (Total ops = 79, Real ops = 22, Vars = 75) (SOL-10)
# Info: Optimizing partition '/compare/compare:core': (Total ops = 67, Real ops = 22, Vars = 66) (SOL-10)
# Netlist written to file 'schematic.nlv' (NET-4)
# Info: Optimizing partition '/compare': (Total ops = 79, Real ops = 22, Vars = 75) (SOL-10)
# Info: Optimizing partition '/compare/compare:core': (Total ops = 67, Real ops = 22, Vars = 66) (SOL-10)
# Info: Optimizing partition '/compare': (Total ops = 79, Real ops = 22, Vars = 20) (SOL-10)
# Info: Optimizing partition '/compare/compare:core': (Total ops = 67, Real ops = 22, Vars = 11) (SOL-10)
# Info: Optimizing partition '/compare': (Total ops = 79, Real ops = 22, Vars = 20) (SOL-10)
# Info: Optimizing partition '/compare/compare:core': (Total ops = 67, Real ops = 22, Vars = 11) (SOL-10)
# Report written to file 'rtl.rpt'
# Netlist written to file 'rtl.v' (NET-4)
# generate concat
# order file name is: rtl.v_order.txt
# Add dependent file: ./rtl_mgc_ioport.v
# Add dependent file: ./rtl_mgc_ioport_v2001.v
# Add dependent file: ./rtl.v
# Finished writing concatenated file: H:/lab proj/prj2/catapult_proj/compare/compare/compare.v2/concat_rtl.v
# Synthesis timing script written to file './rtl.v.psr_timing'
# IO timing constraints written to synthesis script file
# Synthesis script written to file 'rtl.v.psr'
# Info: Completed transformation 'extract' on solution 'compare.v2': elapsed time 1.61 seconds, memory usage 164572kB, peak memory usage 203608kB (SOL-9)
project save
# Saving project file 'H:/lab proj/prj2/catapult_proj/compare/compare.ccs'. (PRJ-5)
project load {H:/lab proj/prj2/catapult_proj/vga_edge/edge_detect.ccs}
# Moving session transcript to file "H:\lab proj\prj2\catapult_proj\vga_edge\catapult.log"
# Reading component library '$MGC_HOME\pkgs\siflibs\mgc_busdefs.lib' [mgc_busdefs]... (LIB-49)
# Reading component library '$MGC_HOME\pkgs\siflibs\stdops.lib' [STDOPS]... (LIB-49)
# Reading component library '$MGC_HOME\pkgs\siflibs\mgc_ioport.lib' [mgc_ioport]... (LIB-49)
# Reading component library '$MGC_HOME\pkgs\ccs_altera\Altera_accel_CycloneIII.lib' [Altera_accel_CycloneIII]... (LIB-49)
# Reading component library '$MGC_HOME\pkgs\siflibs\psr2010a_up2\mgc_Altera-Cyclone-III-6_beh_psr.lib' [mgc_Altera-Cyclone-III-6_beh_psr]... (LIB-49)
# Input file has changed
go new
solution file set {$PROJECT_HOME/bmp_io.cpp} -updated
# Info: Branching solution 'solution.v2' at state 'new' (PRJ-2)
# 1
# File '$PROJECT_HOME/edge.c' saved
go allocate
# Info: Starting transformation 'analyze' on solution 'solution.v2' (SOL-8)
# Front End called with arguments: -- {H:\lab proj\prj2\catapult_proj\vga_edge\bmp_io.h} {H:\lab proj\prj2\catapult_proj\vga_edge\shift_class.h} {H:\lab proj\prj2\catapult_proj\vga_edge\bmp_io.cpp} {H:\lab proj\prj2\catapult_proj\vga_edge\edge.c} {H:\lab proj\prj2\catapult_proj\vga_edge\edge.h} (CIN-69)
# Edison Design Group C++/C Front End - Version 3.10.1 (CIN-1)
# Warning: $PROJECT_HOME/bmp_io.cpp(1699): $PROJECT_HOME/bmp_io.cpp(1699): variable "garray" is used before its value is set (CRD-549)
# Warning:           detected during compilation of secondary translation unit "H:\lab proj\prj2\catapult_proj\vga_edge\bmp_io.cpp"
# Warning: $PROJECT_HOME/bmp_io.cpp(1700): $PROJECT_HOME/bmp_io.cpp(1700): variable "barray" is used before its value is set (CRD-549)
# Warning:           detected during compilation of secondary translation unit "H:\lab proj\prj2\catapult_proj\vga_edge\bmp_io.cpp"
# $PROJECT_HOME/edge.c(49): Pragma 'hls_design<top>' detected on routine 'edge' (CIN-6)
# Source file analysis completed (CIN-68)
# Info: Completed transformation 'analyze' on solution 'solution.v2': elapsed time 2.68 seconds, memory usage 182116kB, peak memory usage 279688kB (SOL-9)
# Info: Starting transformation 'compile' on solution 'solution.v2' (SOL-8)
# Generating synthesis internal form... (CIN-3)
# $PROJECT_HOME/edge.c(50): Found top design routine 'edge' specified by directive (CIN-52)
# $PROJECT_HOME/edge.c(50): Synthesizing routine 'edge' (CIN-13)
# $PROJECT_HOME/edge.c(50): Inlining routine 'edge' (CIN-14)
# $PROJECT_HOME/shift_class.h(13): Inlining member function 'shift_class<ac_int<90, false>, 3>::shift_class' on object 'regs' (CIN-64)
# $PROJECT_HOME/shift_class.h(32): Inlining member function 'shift_class<ac_int<90, false>, 3>::operator<<' on object 'regs' (CIN-64)
# $PROJECT_HOME/shift_class.h(48): Inlining member function 'shift_class<ac_int<90, false>, 3>::operator[]' on object 'regs' (CIN-64)
# $PROJECT_HOME/shift_class.h(48): Inlining member function 'shift_class<ac_int<90, false>, 3>::operator[]' on object 'regs' (CIN-64)
# $PROJECT_HOME/shift_class.h(48): Inlining member function 'shift_class<ac_int<90, false>, 3>::operator[]' on object 'regs' (CIN-64)
# $PROJECT_HOME/edge.c(50): Optimizing block '/edge' ... (CIN-4)
# $PROJECT_HOME/edge.c(50): Inout port 'vin' is only used as an input. (OPT-10)
# $PROJECT_HOME/edge.c(50): Inout port 'vout' is only used as an output. (OPT-11)
# Info: Optimizing partition '/edge': (Total ops = 152, Real ops = 32, Vars = 52) (SOL-10)
# Info: Optimizing partition '/edge/core': (Total ops = 152, Real ops = 32, Vars = 50) (SOL-10)
# Info: Optimizing partition '/edge/core': (Total ops = 148, Real ops = 32, Vars = 51) (SOL-10)
# Info: Optimizing partition '/edge': (Total ops = 148, Real ops = 32, Vars = 53) (SOL-10)
# Info: Optimizing partition '/edge': (Total ops = 148, Real ops = 32, Vars = 53) (SOL-10)
# Info: Optimizing partition '/edge/core': (Total ops = 148, Real ops = 32, Vars = 51) (SOL-10)
# Info: Optimizing partition '/edge/core': (Total ops = 116, Real ops = 29, Vars = 27) (SOL-10)
# Info: Optimizing partition '/edge/core': (Total ops = 105, Real ops = 29, Vars = 26) (SOL-10)
# Info: Optimizing partition '/edge/core': (Total ops = 105, Real ops = 29, Vars = 26) (SOL-10)
# Info: Optimizing partition '/edge': (Total ops = 105, Real ops = 29, Vars = 28) (SOL-10)
# Info: Optimizing partition '/edge': (Total ops = 105, Real ops = 29, Vars = 28) (SOL-10)
# Info: Optimizing partition '/edge/core': (Total ops = 96, Real ops = 29, Vars = 38) (SOL-10)
# Info: Optimizing partition '/edge/core': (Total ops = 98, Real ops = 21, Vars = 10) (SOL-10)
# Info: Optimizing partition '/edge': (Total ops = 98, Real ops = 21, Vars = 12) (SOL-10)
# Info: Optimizing partition '/edge/core': (Total ops = 98, Real ops = 21, Vars = 10) (SOL-10)
# Info: Optimizing partition '/edge': (Total ops = 98, Real ops = 21, Vars = 12) (SOL-10)
# Info: Optimizing partition '/edge': (Total ops = 98, Real ops = 21, Vars = 12) (SOL-10)
# Info: Optimizing partition '/edge/core': (Total ops = 98, Real ops = 21, Vars = 10) (SOL-10)
# $PROJECT_HOME/edge.c(73): Loop '/edge/core/RESET' iterated at most 3 times. (LOOP-2)
# $PROJECT_HOME/shift_class.h(34): Loop '/edge/core/SHIFT' iterated at most 3 times. (LOOP-2)
# $PROJECT_HOME/edge.c(91): Loop '/edge/core/ACC1' iterated at most 3 times. (LOOP-2)
# $PROJECT_HOME/edge.c(68): Loop '/edge/core/FRAME' iterated at most 1 times. (LOOP-2)
# Info: Optimizing partition '/edge/core': (Total ops = 61, Real ops = 15, Vars = 6) (SOL-10)
# Info: Optimizing partition '/edge/core': (Total ops = 49, Real ops = 11, Vars = 6) (SOL-10)
# Info: Optimizing partition '/edge/core': (Total ops = 48, Real ops = 11, Vars = 6) (SOL-10)
# Info: Optimizing partition '/edge': (Total ops = 48, Real ops = 11, Vars = 8) (SOL-10)
# Info: Optimizing partition '/edge/core': (Total ops = 47, Real ops = 11, Vars = 9) (SOL-10)
# Info: Optimizing partition '/edge/core': (Total ops = 46, Real ops = 11, Vars = 6) (SOL-10)
# Info: Optimizing partition '/edge': (Total ops = 46, Real ops = 11, Vars = 8) (SOL-10)
# Info: Optimizing partition '/edge/core': (Total ops = 46, Real ops = 11, Vars = 6) (SOL-10)
# Info: Optimizing partition '/edge': (Total ops = 46, Real ops = 11, Vars = 8) (SOL-10)
# Design 'edge' was read (SOL-1)
# Info: Completed transformation 'compile' on solution 'edge.v6': elapsed time 2.11 seconds, memory usage 178560kB, peak memory usage 279688kB (SOL-9)
# Info: Starting transformation 'architect' on solution 'edge.v6' (SOL-8)
# $PROJECT_HOME/shift_class.h(34): Loop '/edge/core/SHIFT' is being fully unrolled (3 times). (LOOP-7)
# $PROJECT_HOME/edge.c(91): Loop '/edge/core/ACC1' is being fully unrolled (3 times). (LOOP-7)
# Info: Optimizing partition '/edge/core': (Total ops = 105, Real ops = 30, Vars = 6) (SOL-10)
# Info: Optimizing partition '/edge/core': (Total ops = 34, Real ops = 7, Vars = 4) (SOL-10)
# Info: Optimizing partition '/edge/core': (Total ops = 33, Real ops = 7, Vars = 3) (SOL-10)
# Info: Optimizing partition '/edge/core': (Total ops = 33, Real ops = 7, Vars = 3) (SOL-10)
# $PROJECT_HOME/edge.c(50): Loop '/edge/core/main' is left rolled. (LOOP-4)
# Info: Optimizing partition '/edge': (Total ops = 33, Real ops = 7, Vars = 8) (SOL-10)
# Info: Optimizing partition '/edge/core': (Total ops = 33, Real ops = 7, Vars = 4) (SOL-10)
# Info: Optimizing partition '/edge/core': (Total ops = 33, Real ops = 7, Vars = 3) (SOL-10)
# Info: Optimizing partition '/edge': (Total ops = 33, Real ops = 7, Vars = 8) (SOL-10)
# Info: Optimizing partition '/edge/core': (Total ops = 33, Real ops = 7, Vars = 3) (SOL-10)
# Info: Optimizing partition '/edge': (Total ops = 33, Real ops = 7, Vars = 8) (SOL-10)
# $PROJECT_HOME/edge.c(50): I/O-Port inferred - resource 'vin:rsc' (from var: vin) mapped to 'mgc_ioport.mgc_in_wire' (size: 90). (MEM-2)
# $PROJECT_HOME/edge.c(50): I/O-Port inferred - resource 'vout:rsc' (from var: vout) mapped to 'mgc_ioport.mgc_out_stdreg' (size: 30). (MEM-2)
# Info: Optimizing partition '/edge': (Total ops = 35, Real ops = 7, Vars = 8) (SOL-10)
# Info: Optimizing partition '/edge/core': (Total ops = 35, Real ops = 7, Vars = 3) (SOL-10)
# Info: Optimizing partition '/edge': (Total ops = 34, Real ops = 7, Vars = 10) (SOL-10)
# Info: Optimizing partition '/edge/core': (Total ops = 40, Real ops = 7, Vars = 12) (SOL-10)
# Info: Optimizing partition '/edge/core': (Total ops = 37, Real ops = 7, Vars = 9) (SOL-10)
# Info: Optimizing partition '/edge': (Total ops = 37, Real ops = 7, Vars = 14) (SOL-10)
# Info: Optimizing partition '/edge/core': (Total ops = 37, Real ops = 7, Vars = 9) (SOL-10)
# Info: Optimizing partition '/edge': (Total ops = 37, Real ops = 7, Vars = 14) (SOL-10)
# Info: Optimizing partition '/edge/core': (Total ops = 114, Real ops = 11, Vars = 57) (SOL-10)
# Info: Optimizing partition '/edge/core': (Total ops = 39, Real ops = 10, Vars = 12) (SOL-10)
# Info: Optimizing partition '/edge/core': (Total ops = 39, Real ops = 10, Vars = 11) (SOL-10)
# Design 'edge' contains '15' real operations. (SOL-11)
# Info: Completed transformation 'architect' on solution 'edge.v6': elapsed time 4.76 seconds, memory usage 179220kB, peak memory usage 279688kB (SOL-9)
# Info: Starting transformation 'allocate' on solution 'edge.v6' (SOL-8)
# Performing concurrent resource allocation and scheduling on '/edge/core' (CRAAS-1)
# Info: Select qualified components for data operations ... (CRAAS-3)
# Info: Apply resource constraints on data operations ... (CRAAS-4)
# $PROJECT_HOME/edge.c(50): Prescheduled LOOP 'main' (2 c-steps) (SCHD-7)
# $PROJECT_HOME/edge.c(50): Prescheduled LOOP 'core:rlp' (0 c-steps) (SCHD-7)
# $PROJECT_HOME/edge.c(50): Prescheduled SEQUENTIAL 'core' (total length 2 c-steps) (SCHD-8)
# Info: Initial schedule of SEQUENTIAL 'core': Latency = 1, Area (Datapath, Register, Total) = 106.83, 0.00, 106.83 (CRAAS-11)
# At least one feasible schedule exists. (CRAAS-9)
# Info: Final schedule of SEQUENTIAL 'core': Latency = 1, Area (Datapath, Register, Total) = 106.83, 0.00, 106.83 (CRAAS-12)
# Resource allocation and scheduling done. (CRAAS-2)
# Netlist written to file 'schedule.gnt' (NET-4)
# Info: Completed transformation 'allocate' on solution 'edge.v6': elapsed time 0.14 seconds, memory usage 179388kB, peak memory usage 279688kB (SOL-9)
go extract
# Info: Starting transformation 'schedule' on solution 'edge.v6' (SOL-8)
# Performing concurrent resource allocation and scheduling on '/edge/core' (CRAAS-1)
# Warning: Cannot build distributed pipeline in process 'core' because of missing handshake for resource 'vout:rsc' (SCHD-15)
# Global signal 'vin:rsc.z' added to design 'edge' for component 'vin:rsc:mgc_in_wire' (LIB-3)
# Global signal 'vout:rsc.z' added to design 'edge' for component 'vout:rsc:mgc_out_stdreg' (LIB-3)
# Info: Optimizing partition '/edge': (Total ops = 68, Real ops = 16, Vars = 29) (SOL-10)
# Info: Optimizing partition '/edge/edge:core': (Total ops = 58, Real ops = 15, Vars = 21) (SOL-10)
# Info: Optimizing partition '/edge/edge:core/core': (Total ops = 53, Real ops = 15, Vars = 21) (SOL-10)
# Info: Optimizing partition '/edge/edge:core/core': (Total ops = 47, Real ops = 14, Vars = 15) (SOL-10)
# Info: Optimizing partition '/edge': (Total ops = 61, Real ops = 14, Vars = 27) (SOL-10)
# Info: Optimizing partition '/edge/edge:core': (Total ops = 52, Real ops = 14, Vars = 20) (SOL-10)
# Info: Optimizing partition '/edge/edge:core/core': (Total ops = 49, Real ops = 16, Vars = 19) (SOL-10)
# Info: Optimizing partition '/edge/edge:core/core': (Total ops = 53, Real ops = 18, Vars = 15) (SOL-10)
# Info: Optimizing partition '/edge': (Total ops = 67, Real ops = 18, Vars = 27) (SOL-10)
# Info: Optimizing partition '/edge/edge:core': (Total ops = 58, Real ops = 18, Vars = 20) (SOL-10)
# Report written to file 'cycle.rpt'
# Netlist written to file 'cycle.v' (NET-4)
# Info: Completed transformation 'schedule' on solution 'edge.v6': elapsed time 0.87 seconds, memory usage 183860kB, peak memory usage 279688kB (SOL-9)
# Info: Starting transformation 'dpfsm' on solution 'edge.v6' (SOL-8)
# Performing FSM extraction... (FSM-1)
# Info: Optimizing partition '/edge': (Total ops = 83, Real ops = 22, Vars = 67) (SOL-10)
# Info: Optimizing partition '/edge/edge:core': (Total ops = 74, Real ops = 22, Vars = 60) (SOL-10)
# Info: Optimizing partition '/edge': (Total ops = 105, Real ops = 24, Vars = 23) (SOL-10)
# Info: Optimizing partition '/edge/edge:core': (Total ops = 96, Real ops = 24, Vars = 16) (SOL-10)
# Info: Optimizing partition '/edge': (Total ops = 62, Real ops = 26, Vars = 26) (SOL-10)
# Info: Optimizing partition '/edge/edge:core': (Total ops = 53, Real ops = 26, Vars = 19) (SOL-10)
# Info: Optimizing partition '/edge': (Total ops = 60, Real ops = 24, Vars = 23) (SOL-10)
# Info: Optimizing partition '/edge/edge:core': (Total ops = 51, Real ops = 24, Vars = 16) (SOL-10)
# Info: Optimizing partition '/edge': (Total ops = 60, Real ops = 24, Vars = 23) (SOL-10)
# Info: Optimizing partition '/edge/edge:core': (Total ops = 51, Real ops = 24, Vars = 16) (SOL-10)
# Info: Optimizing partition '/edge/edge:core': (Total ops = 51, Real ops = 24, Vars = 16) (SOL-10)
# Info: Optimizing partition '/edge': (Total ops = 60, Real ops = 24, Vars = 23) (SOL-10)
# Info: Optimizing partition '/edge': (Total ops = 60, Real ops = 24, Vars = 23) (SOL-10)
# Info: Optimizing partition '/edge/edge:core': (Total ops = 51, Real ops = 24, Vars = 16) (SOL-10)
# Info: Optimizing partition '/edge': (Total ops = 60, Real ops = 24, Vars = 23) (SOL-10)
# Info: Optimizing partition '/edge/edge:core': (Total ops = 51, Real ops = 24, Vars = 16) (SOL-10)
# Info: Optimizing partition '/edge': (Total ops = 60, Real ops = 24, Vars = 23) (SOL-10)
# Info: Optimizing partition '/edge/edge:core': (Total ops = 51, Real ops = 24, Vars = 16) (SOL-10)
# Info: Completed transformation 'dpfsm' on solution 'edge.v6': elapsed time 0.22 seconds, memory usage 184156kB, peak memory usage 279688kB (SOL-9)
# Info: Starting transformation 'extract' on solution 'edge.v6' (SOL-8)
# Warning: Reassigned operation ACC1:acc#12:DEFAULT to mgc_Altera-Cyclone-III-6_beh_psr.mgc_add(11,0,11,0,12) (ASG-1)
# Warning: Reassigned operation ACC1:acc:DEFAULT to mgc_Altera-Cyclone-III-6_beh_psr.mgc_add(11,0,11,0,11) (ASG-1)
# Info: Optimizing partition '/edge': (Total ops = 61, Real ops = 25, Vars = 58) (SOL-10)
# Info: Optimizing partition '/edge/edge:core': (Total ops = 52, Real ops = 25, Vars = 51) (SOL-10)
# Info: Optimizing partition '/edge': (Total ops = 61, Real ops = 25, Vars = 23) (SOL-10)
# Info: Optimizing partition '/edge/edge:core': (Total ops = 52, Real ops = 25, Vars = 16) (SOL-10)
# Info: Optimizing partition '/edge': (Total ops = 61, Real ops = 25, Vars = 23) (SOL-10)
# Info: Optimizing partition '/edge/edge:core': (Total ops = 52, Real ops = 25, Vars = 16) (SOL-10)
# Info: Optimizing partition '/edge/edge:core': (Total ops = 52, Real ops = 25, Vars = 16) (SOL-10)
# Info: Optimizing partition '/edge/edge:core': (Total ops = 52, Real ops = 25, Vars = 16) (SOL-10)
# Info: Optimizing partition '/edge': (Total ops = 61, Real ops = 25, Vars = 23) (SOL-10)
# Info: Optimizing partition '/edge': (Total ops = 61, Real ops = 25, Vars = 23) (SOL-10)
# Info: Optimizing partition '/edge/edge:core': (Total ops = 52, Real ops = 25, Vars = 16) (SOL-10)
# Info: Optimizing partition '/edge': (Total ops = 61, Real ops = 25, Vars = 23) (SOL-10)
# Info: Optimizing partition '/edge/edge:core': (Total ops = 52, Real ops = 25, Vars = 16) (SOL-10)
# Info: Optimizing partition '/edge': (Total ops = 61, Real ops = 25, Vars = 58) (SOL-10)
# Info: Optimizing partition '/edge/edge:core': (Total ops = 52, Real ops = 25, Vars = 51) (SOL-10)
# Netlist written to file 'schematic.nlv' (NET-4)
# Info: Optimizing partition '/edge': (Total ops = 61, Real ops = 25, Vars = 58) (SOL-10)
# Info: Optimizing partition '/edge/edge:core': (Total ops = 52, Real ops = 25, Vars = 51) (SOL-10)
# Info: Optimizing partition '/edge': (Total ops = 61, Real ops = 25, Vars = 23) (SOL-10)
# Info: Optimizing partition '/edge/edge:core': (Total ops = 52, Real ops = 25, Vars = 16) (SOL-10)
# Info: Optimizing partition '/edge': (Total ops = 61, Real ops = 25, Vars = 23) (SOL-10)
# Info: Optimizing partition '/edge/edge:core': (Total ops = 52, Real ops = 25, Vars = 16) (SOL-10)
# Report written to file 'rtl.rpt'
# Netlist written to file 'rtl.v' (NET-4)
# generate concat
# order file name is: rtl.v_order.txt
# Add dependent file: ./rtl_mgc_ioport.v
# Add dependent file: ./rtl_mgc_ioport_v2001.v
# Add dependent file: ./rtl.v
# Finished writing concatenated file: H:/lab proj/prj2/catapult_proj/vga_edge/edge_detect/edge.v6/concat_rtl.v
# Synthesis timing script written to file './rtl.v.psr_timing'
# IO timing constraints written to synthesis script file
# Synthesis script written to file 'rtl.v.psr'
# Info: Completed transformation 'extract' on solution 'edge.v6': elapsed time 3.06 seconds, memory usage 184672kB, peak memory usage 279688kB (SOL-9)
# File '$PROJECT_HOME/edge.c' saved
# Input file has changed
go new
solution file set {$PROJECT_HOME/edge.c} -updated
# Info: Branching solution 'solution.v2' at state 'new' (PRJ-2)
# File '$PROJECT_HOME/edge.c' saved
go extract
# Info: Starting transformation 'analyze' on solution 'solution.v2' (SOL-8)
# Front End called with arguments: -- {H:\lab proj\prj2\catapult_proj\vga_edge\bmp_io.h} {H:\lab proj\prj2\catapult_proj\vga_edge\shift_class.h} {H:\lab proj\prj2\catapult_proj\vga_edge\bmp_io.cpp} {H:\lab proj\prj2\catapult_proj\vga_edge\edge.c} {H:\lab proj\prj2\catapult_proj\vga_edge\edge.h} (CIN-69)
# Edison Design Group C++/C Front End - Version 3.10.1 (CIN-1)
# Warning: $PROJECT_HOME/bmp_io.cpp(1699): $PROJECT_HOME/bmp_io.cpp(1699): variable "garray" is used before its value is set (CRD-549)
# Warning:           detected during compilation of secondary translation unit "H:\lab proj\prj2\catapult_proj\vga_edge\bmp_io.cpp"
# Warning: $PROJECT_HOME/bmp_io.cpp(1700): $PROJECT_HOME/bmp_io.cpp(1700): variable "barray" is used before its value is set (CRD-549)
# Warning:           detected during compilation of secondary translation unit "H:\lab proj\prj2\catapult_proj\vga_edge\bmp_io.cpp"
# $PROJECT_HOME/edge.c(49): Pragma 'hls_design<top>' detected on routine 'edge' (CIN-6)
# Source file analysis completed (CIN-68)
# Info: Completed transformation 'analyze' on solution 'solution.v2': elapsed time 2.50 seconds, memory usage 195640kB, peak memory usage 287080kB (SOL-9)
# Info: Starting transformation 'compile' on solution 'solution.v2' (SOL-8)
# Generating synthesis internal form... (CIN-3)
# $PROJECT_HOME/edge.c(50): Found top design routine 'edge' specified by directive (CIN-52)
# $PROJECT_HOME/edge.c(50): Synthesizing routine 'edge' (CIN-13)
# $PROJECT_HOME/edge.c(50): Inlining routine 'edge' (CIN-14)
# $PROJECT_HOME/shift_class.h(13): Inlining member function 'shift_class<ac_int<90, false>, 3>::shift_class' on object 'regs' (CIN-64)
# $PROJECT_HOME/shift_class.h(32): Inlining member function 'shift_class<ac_int<90, false>, 3>::operator<<' on object 'regs' (CIN-64)
# $PROJECT_HOME/shift_class.h(48): Inlining member function 'shift_class<ac_int<90, false>, 3>::operator[]' on object 'regs' (CIN-64)
# $PROJECT_HOME/shift_class.h(48): Inlining member function 'shift_class<ac_int<90, false>, 3>::operator[]' on object 'regs' (CIN-64)
# $PROJECT_HOME/shift_class.h(48): Inlining member function 'shift_class<ac_int<90, false>, 3>::operator[]' on object 'regs' (CIN-64)
# $PROJECT_HOME/edge.c(50): Optimizing block '/edge' ... (CIN-4)
# $PROJECT_HOME/edge.c(50): Inout port 'vin' is only used as an input. (OPT-10)
# $PROJECT_HOME/edge.c(50): Inout port 'vout' is only used as an output. (OPT-11)
# Info: Optimizing partition '/edge': (Total ops = 141, Real ops = 29, Vars = 50) (SOL-10)
# Info: Optimizing partition '/edge/core': (Total ops = 141, Real ops = 29, Vars = 48) (SOL-10)
# Info: Optimizing partition '/edge/core': (Total ops = 137, Real ops = 29, Vars = 49) (SOL-10)
# Info: Optimizing partition '/edge': (Total ops = 137, Real ops = 29, Vars = 51) (SOL-10)
# Info: Optimizing partition '/edge': (Total ops = 137, Real ops = 29, Vars = 51) (SOL-10)
# Info: Optimizing partition '/edge/core': (Total ops = 137, Real ops = 29, Vars = 49) (SOL-10)
# Info: Optimizing partition '/edge/core': (Total ops = 107, Real ops = 26, Vars = 27) (SOL-10)
# Info: Optimizing partition '/edge/core': (Total ops = 96, Real ops = 26, Vars = 26) (SOL-10)
# Info: Optimizing partition '/edge/core': (Total ops = 96, Real ops = 26, Vars = 26) (SOL-10)
# Info: Optimizing partition '/edge': (Total ops = 96, Real ops = 26, Vars = 28) (SOL-10)
# Info: Optimizing partition '/edge': (Total ops = 96, Real ops = 26, Vars = 28) (SOL-10)
# Info: Optimizing partition '/edge/core': (Total ops = 90, Real ops = 26, Vars = 39) (SOL-10)
# Info: Optimizing partition '/edge/core': (Total ops = 88, Real ops = 19, Vars = 10) (SOL-10)
# Info: Optimizing partition '/edge': (Total ops = 88, Real ops = 19, Vars = 12) (SOL-10)
# Info: Optimizing partition '/edge/core': (Total ops = 88, Real ops = 19, Vars = 10) (SOL-10)
# Info: Optimizing partition '/edge': (Total ops = 88, Real ops = 19, Vars = 12) (SOL-10)
# Info: Optimizing partition '/edge': (Total ops = 88, Real ops = 19, Vars = 12) (SOL-10)
# Info: Optimizing partition '/edge/core': (Total ops = 88, Real ops = 19, Vars = 10) (SOL-10)
# $PROJECT_HOME/edge.c(73): Loop '/edge/core/RESET' iterated at most 3 times. (LOOP-2)
# $PROJECT_HOME/shift_class.h(34): Loop '/edge/core/SHIFT' iterated at most 3 times. (LOOP-2)
# $PROJECT_HOME/edge.c(91): Loop '/edge/core/ACC1' iterated at most 3 times. (LOOP-2)
# $PROJECT_HOME/edge.c(68): Loop '/edge/core/FRAME' iterated at most 1 times. (LOOP-2)
# Info: Optimizing partition '/edge/core': (Total ops = 50, Real ops = 13, Vars = 6) (SOL-10)
# Info: Optimizing partition '/edge/core': (Total ops = 37, Real ops = 9, Vars = 6) (SOL-10)
# Info: Optimizing partition '/edge': (Total ops = 37, Real ops = 9, Vars = 8) (SOL-10)
# Info: Optimizing partition '/edge/core': (Total ops = 36, Real ops = 9, Vars = 9) (SOL-10)
# Info: Optimizing partition '/edge/core': (Total ops = 35, Real ops = 9, Vars = 6) (SOL-10)
# Info: Optimizing partition '/edge': (Total ops = 35, Real ops = 9, Vars = 8) (SOL-10)
# Info: Optimizing partition '/edge/core': (Total ops = 35, Real ops = 9, Vars = 6) (SOL-10)
# Info: Optimizing partition '/edge': (Total ops = 35, Real ops = 9, Vars = 8) (SOL-10)
# Design 'edge' was read (SOL-1)
# Info: Completed transformation 'compile' on solution 'edge.v7': elapsed time 2.37 seconds, memory usage 196012kB, peak memory usage 287080kB (SOL-9)
# Info: Starting transformation 'architect' on solution 'edge.v7' (SOL-8)
# $PROJECT_HOME/shift_class.h(34): Loop '/edge/core/SHIFT' is being fully unrolled (3 times). (LOOP-7)
# $PROJECT_HOME/edge.c(91): Loop '/edge/core/ACC1' is being fully unrolled (3 times). (LOOP-7)
# Info: Optimizing partition '/edge/core': (Total ops = 94, Real ops = 28, Vars = 6) (SOL-10)
# Info: Optimizing partition '/edge/core': (Total ops = 21, Real ops = 5, Vars = 3) (SOL-10)
# Info: Optimizing partition '/edge/core': (Total ops = 20, Real ops = 5, Vars = 2) (SOL-10)
# Info: Optimizing partition '/edge/core': (Total ops = 20, Real ops = 5, Vars = 2) (SOL-10)
# $PROJECT_HOME/edge.c(50): Loop '/edge/core/main' is left rolled. (LOOP-4)
# Info: Optimizing partition '/edge': (Total ops = 20, Real ops = 5, Vars = 7) (SOL-10)
# Info: Optimizing partition '/edge/core': (Total ops = 20, Real ops = 5, Vars = 2) (SOL-10)
# Info: Optimizing partition '/edge': (Total ops = 20, Real ops = 5, Vars = 7) (SOL-10)
# $PROJECT_HOME/edge.c(50): I/O-Port inferred - resource 'vin:rsc' (from var: vin) mapped to 'mgc_ioport.mgc_in_wire' (size: 90). (MEM-2)
# $PROJECT_HOME/edge.c(50): I/O-Port inferred - resource 'vout:rsc' (from var: vout) mapped to 'mgc_ioport.mgc_out_stdreg' (size: 30). (MEM-2)
# Info: Optimizing partition '/edge': (Total ops = 22, Real ops = 5, Vars = 7) (SOL-10)
# Info: Optimizing partition '/edge/core': (Total ops = 22, Real ops = 5, Vars = 2) (SOL-10)
# Info: Optimizing partition '/edge': (Total ops = 21, Real ops = 5, Vars = 9) (SOL-10)
# Info: Optimizing partition '/edge/core': (Total ops = 27, Real ops = 5, Vars = 11) (SOL-10)
# Info: Optimizing partition '/edge/core': (Total ops = 24, Real ops = 5, Vars = 8) (SOL-10)
# Info: Optimizing partition '/edge': (Total ops = 24, Real ops = 5, Vars = 13) (SOL-10)
# Info: Optimizing partition '/edge/core': (Total ops = 24, Real ops = 5, Vars = 8) (SOL-10)
# Info: Optimizing partition '/edge': (Total ops = 24, Real ops = 5, Vars = 13) (SOL-10)
# Info: Optimizing partition '/edge/core': (Total ops = 84, Real ops = 5, Vars = 44) (SOL-10)
# Info: Optimizing partition '/edge/core': (Total ops = 25, Real ops = 5, Vars = 9) (SOL-10)
# Design 'edge' contains '9' real operations. (SOL-11)
# Info: Completed transformation 'architect' on solution 'edge.v7': elapsed time 5.51 seconds, memory usage 196156kB, peak memory usage 287080kB (SOL-9)
# Info: Starting transformation 'allocate' on solution 'edge.v7' (SOL-8)
# Performing concurrent resource allocation and scheduling on '/edge/core' (CRAAS-1)
# Info: Select qualified components for data operations ... (CRAAS-3)
# Info: Apply resource constraints on data operations ... (CRAAS-4)
# $PROJECT_HOME/edge.c(50): Prescheduled LOOP 'main' (2 c-steps) (SCHD-7)
# $PROJECT_HOME/edge.c(50): Prescheduled LOOP 'core:rlp' (0 c-steps) (SCHD-7)
# $PROJECT_HOME/edge.c(50): Prescheduled SEQUENTIAL 'core' (total length 2 c-steps) (SCHD-8)
# Info: Initial schedule of SEQUENTIAL 'core': Latency = 1, Area (Datapath, Register, Total) = 60.17, 0.00, 60.17 (CRAAS-11)
# At least one feasible schedule exists. (CRAAS-9)
# Info: Final schedule of SEQUENTIAL 'core': Latency = 1, Area (Datapath, Register, Total) = 60.17, 0.00, 60.17 (CRAAS-12)
# Resource allocation and scheduling done. (CRAAS-2)
# Netlist written to file 'schedule.gnt' (NET-4)
# Info: Completed transformation 'allocate' on solution 'edge.v7': elapsed time 0.09 seconds, memory usage 196468kB, peak memory usage 287080kB (SOL-9)
# Info: Starting transformation 'schedule' on solution 'edge.v7' (SOL-8)
# Performing concurrent resource allocation and scheduling on '/edge/core' (CRAAS-1)
# Warning: Cannot build distributed pipeline in process 'core' because of missing handshake for resource 'vout:rsc' (SCHD-15)
# Global signal 'vin:rsc.z' added to design 'edge' for component 'vin:rsc:mgc_in_wire' (LIB-3)
# Global signal 'vout:rsc.z' added to design 'edge' for component 'vout:rsc:mgc_out_stdreg' (LIB-3)
# Info: Optimizing partition '/edge': (Total ops = 65, Real ops = 10, Vars = 27) (SOL-10)
# Info: Optimizing partition '/edge/edge:core': (Total ops = 55, Real ops = 9, Vars = 19) (SOL-10)
# Info: Optimizing partition '/edge/edge:core/core': (Total ops = 51, Real ops = 9, Vars = 17) (SOL-10)
# Info: Optimizing partition '/edge/edge:core/core': (Total ops = 40, Real ops = 9, Vars = 12) (SOL-10)
# Info: Optimizing partition '/edge': (Total ops = 54, Real ops = 9, Vars = 24) (SOL-10)
# Info: Optimizing partition '/edge/edge:core': (Total ops = 45, Real ops = 9, Vars = 17) (SOL-10)
# Info: Optimizing partition '/edge/edge:core/core': (Total ops = 40, Real ops = 9, Vars = 12) (SOL-10)
# Info: Optimizing partition '/edge': (Total ops = 54, Real ops = 9, Vars = 24) (SOL-10)
# Info: Optimizing partition '/edge/edge:core': (Total ops = 45, Real ops = 9, Vars = 17) (SOL-10)
# Report written to file 'cycle.rpt'
# Netlist written to file 'cycle.v' (NET-4)
# Info: Completed transformation 'schedule' on solution 'edge.v7': elapsed time 0.80 seconds, memory usage 198024kB, peak memory usage 287080kB (SOL-9)
# Info: Starting transformation 'dpfsm' on solution 'edge.v7' (SOL-8)
# Performing FSM extraction... (FSM-1)
# Info: Optimizing partition '/edge': (Total ops = 62, Real ops = 15, Vars = 46) (SOL-10)
# Info: Optimizing partition '/edge/edge:core': (Total ops = 53, Real ops = 15, Vars = 39) (SOL-10)
# Info: Optimizing partition '/edge': (Total ops = 76, Real ops = 15, Vars = 20) (SOL-10)
# Info: Optimizing partition '/edge/edge:core': (Total ops = 67, Real ops = 15, Vars = 13) (SOL-10)
# Info: Optimizing partition '/edge': (Total ops = 49, Real ops = 17, Vars = 23) (SOL-10)
# Info: Optimizing partition '/edge/edge:core': (Total ops = 40, Real ops = 17, Vars = 16) (SOL-10)
# Info: Optimizing partition '/edge': (Total ops = 47, Real ops = 15, Vars = 20) (SOL-10)
# Info: Optimizing partition '/edge/edge:core': (Total ops = 38, Real ops = 15, Vars = 13) (SOL-10)
# Info: Optimizing partition '/edge': (Total ops = 47, Real ops = 15, Vars = 20) (SOL-10)
# Info: Optimizing partition '/edge/edge:core': (Total ops = 38, Real ops = 15, Vars = 13) (SOL-10)
# Info: Optimizing partition '/edge/edge:core': (Total ops = 38, Real ops = 15, Vars = 13) (SOL-10)
# Info: Optimizing partition '/edge': (Total ops = 47, Real ops = 15, Vars = 20) (SOL-10)
# Info: Optimizing partition '/edge': (Total ops = 47, Real ops = 15, Vars = 20) (SOL-10)
# Info: Optimizing partition '/edge/edge:core': (Total ops = 38, Real ops = 15, Vars = 13) (SOL-10)
# Info: Optimizing partition '/edge': (Total ops = 47, Real ops = 15, Vars = 20) (SOL-10)
# Info: Optimizing partition '/edge/edge:core': (Total ops = 38, Real ops = 15, Vars = 13) (SOL-10)
# Info: Completed transformation 'dpfsm' on solution 'edge.v7': elapsed time 0.19 seconds, memory usage 198524kB, peak memory usage 287080kB (SOL-9)
# Info: Starting transformation 'extract' on solution 'edge.v7' (SOL-8)
# Warning: Reassigned operation ACC1:acc:DEFAULT to mgc_Altera-Cyclone-III-6_beh_psr.mgc_add(9,0,9,0,9) (ASG-1)
# Warning: Reassigned operation ACC1:acc#9:DEFAULT to mgc_Altera-Cyclone-III-6_beh_psr.mgc_add(2,0,1,1,2) (ASG-1)
# Info: Optimizing partition '/edge': (Total ops = 51, Real ops = 16, Vars = 48) (SOL-10)
# Info: Optimizing partition '/edge/edge:core': (Total ops = 42, Real ops = 16, Vars = 41) (SOL-10)
# Info: Optimizing partition '/edge': (Total ops = 51, Real ops = 16, Vars = 20) (SOL-10)
# Info: Optimizing partition '/edge/edge:core': (Total ops = 42, Real ops = 16, Vars = 13) (SOL-10)
# Info: Optimizing partition '/edge': (Total ops = 51, Real ops = 16, Vars = 20) (SOL-10)
# Info: Optimizing partition '/edge/edge:core': (Total ops = 42, Real ops = 16, Vars = 13) (SOL-10)
# Info: Optimizing partition '/edge/edge:core': (Total ops = 42, Real ops = 16, Vars = 13) (SOL-10)
# Info: Optimizing partition '/edge': (Total ops = 51, Real ops = 16, Vars = 20) (SOL-10)
# Info: Optimizing partition '/edge': (Total ops = 51, Real ops = 16, Vars = 20) (SOL-10)
# Info: Optimizing partition '/edge/edge:core': (Total ops = 42, Real ops = 16, Vars = 13) (SOL-10)
# Info: Optimizing partition '/edge': (Total ops = 51, Real ops = 16, Vars = 20) (SOL-10)
# Info: Optimizing partition '/edge/edge:core': (Total ops = 42, Real ops = 16, Vars = 13) (SOL-10)
# Info: Optimizing partition '/edge': (Total ops = 51, Real ops = 16, Vars = 48) (SOL-10)
# Info: Optimizing partition '/edge/edge:core': (Total ops = 42, Real ops = 16, Vars = 41) (SOL-10)
# Netlist written to file 'schematic.nlv' (NET-4)
# Info: Optimizing partition '/edge': (Total ops = 51, Real ops = 16, Vars = 48) (SOL-10)
# Info: Optimizing partition '/edge/edge:core': (Total ops = 42, Real ops = 16, Vars = 41) (SOL-10)
# Info: Optimizing partition '/edge': (Total ops = 50, Real ops = 16, Vars = 20) (SOL-10)
# Info: Optimizing partition '/edge/edge:core': (Total ops = 41, Real ops = 16, Vars = 13) (SOL-10)
# Info: Optimizing partition '/edge': (Total ops = 50, Real ops = 16, Vars = 20) (SOL-10)
# Info: Optimizing partition '/edge/edge:core': (Total ops = 41, Real ops = 16, Vars = 13) (SOL-10)
# Report written to file 'rtl.rpt'
# Netlist written to file 'rtl.v' (NET-4)
# generate concat
# order file name is: rtl.v_order.txt
# Add dependent file: ./rtl_mgc_ioport.v
# Add dependent file: ./rtl_mgc_ioport_v2001.v
# Add dependent file: ./rtl.v
# Finished writing concatenated file: H:/lab proj/prj2/catapult_proj/vga_edge/edge_detect/edge.v7/concat_rtl.v
# Synthesis timing script written to file './rtl.v.psr_timing'
# IO timing constraints written to synthesis script file
# Synthesis script written to file 'rtl.v.psr'
# Info: Completed transformation 'extract' on solution 'edge.v7': elapsed time 3.15 seconds, memory usage 199316kB, peak memory usage 287080kB (SOL-9)
# File '$PROJECT_HOME/edge.c' saved
# Input file has changed
go new
solution file set {$PROJECT_HOME/edge.c} -updated
# Info: Branching solution 'solution.v2' at state 'new' (PRJ-2)
# File '$PROJECT_HOME/edge.c' saved
go analyze
# Info: Starting transformation 'analyze' on solution 'solution.v2' (SOL-8)
# Front End called with arguments: -- {H:\lab proj\prj2\catapult_proj\vga_edge\bmp_io.h} {H:\lab proj\prj2\catapult_proj\vga_edge\shift_class.h} {H:\lab proj\prj2\catapult_proj\vga_edge\bmp_io.cpp} {H:\lab proj\prj2\catapult_proj\vga_edge\edge.c} {H:\lab proj\prj2\catapult_proj\vga_edge\edge.h} (CIN-69)
# Edison Design Group C++/C Front End - Version 3.10.1 (CIN-1)
# Warning: $PROJECT_HOME/bmp_io.cpp(1699): $PROJECT_HOME/bmp_io.cpp(1699): variable "garray" is used before its value is set (CRD-549)
# Warning:           detected during compilation of secondary translation unit "H:\lab proj\prj2\catapult_proj\vga_edge\bmp_io.cpp"
# Warning: $PROJECT_HOME/bmp_io.cpp(1700): $PROJECT_HOME/bmp_io.cpp(1700): variable "barray" is used before its value is set (CRD-549)
# Warning:           detected during compilation of secondary translation unit "H:\lab proj\prj2\catapult_proj\vga_edge\bmp_io.cpp"
# $PROJECT_HOME/edge.c(49): Pragma 'hls_design<top>' detected on routine 'edge' (CIN-6)
# Source file analysis completed (CIN-68)
# Info: Completed transformation 'analyze' on solution 'solution.v2': elapsed time 2.67 seconds, memory usage 200348kB, peak memory usage 291496kB (SOL-9)
go compile
# Info: Starting transformation 'compile' on solution 'solution.v2' (SOL-8)
# Generating synthesis internal form... (CIN-3)
# $PROJECT_HOME/edge.c(50): Found top design routine 'edge' specified by directive (CIN-52)
# $PROJECT_HOME/edge.c(50): Synthesizing routine 'edge' (CIN-13)
# $PROJECT_HOME/edge.c(50): Inlining routine 'edge' (CIN-14)
# $PROJECT_HOME/shift_class.h(13): Inlining member function 'shift_class<ac_int<90, false>, 3>::shift_class' on object 'regs' (CIN-64)
# $PROJECT_HOME/shift_class.h(32): Inlining member function 'shift_class<ac_int<90, false>, 3>::operator<<' on object 'regs' (CIN-64)
# $PROJECT_HOME/shift_class.h(48): Inlining member function 'shift_class<ac_int<90, false>, 3>::operator[]' on object 'regs' (CIN-64)
# $PROJECT_HOME/shift_class.h(48): Inlining member function 'shift_class<ac_int<90, false>, 3>::operator[]' on object 'regs' (CIN-64)
# $PROJECT_HOME/edge.c(50): Optimizing block '/edge' ... (CIN-4)
# $PROJECT_HOME/edge.c(50): Inout port 'vin' is only used as an input. (OPT-10)
# $PROJECT_HOME/edge.c(50): Inout port 'vout' is only used as an output. (OPT-11)
# Info: Optimizing partition '/edge': (Total ops = 135, Real ops = 29, Vars = 48) (SOL-10)
# Info: Optimizing partition '/edge/core': (Total ops = 135, Real ops = 29, Vars = 46) (SOL-10)
# Info: Optimizing partition '/edge/core': (Total ops = 135, Real ops = 29, Vars = 46) (SOL-10)
# Info: Optimizing partition '/edge': (Total ops = 135, Real ops = 29, Vars = 48) (SOL-10)
# Info: Optimizing partition '/edge': (Total ops = 135, Real ops = 29, Vars = 48) (SOL-10)
# Info: Optimizing partition '/edge/core': (Total ops = 135, Real ops = 29, Vars = 46) (SOL-10)
# Info: Optimizing partition '/edge/core': (Total ops = 104, Real ops = 26, Vars = 24) (SOL-10)
# Info: Optimizing partition '/edge/core': (Total ops = 94, Real ops = 26, Vars = 23) (SOL-10)
# Info: Optimizing partition '/edge/core': (Total ops = 94, Real ops = 26, Vars = 23) (SOL-10)
# Info: Optimizing partition '/edge': (Total ops = 94, Real ops = 26, Vars = 25) (SOL-10)
# Info: Optimizing partition '/edge': (Total ops = 94, Real ops = 26, Vars = 25) (SOL-10)
# Info: Optimizing partition '/edge/core': (Total ops = 89, Real ops = 26, Vars = 33) (SOL-10)
# Info: Optimizing partition '/edge/core': (Total ops = 92, Real ops = 20, Vars = 10) (SOL-10)
# Info: Optimizing partition '/edge': (Total ops = 92, Real ops = 20, Vars = 12) (SOL-10)
# Info: Optimizing partition '/edge/core': (Total ops = 92, Real ops = 20, Vars = 10) (SOL-10)
# Info: Optimizing partition '/edge': (Total ops = 92, Real ops = 20, Vars = 12) (SOL-10)
# Info: Optimizing partition '/edge': (Total ops = 92, Real ops = 20, Vars = 12) (SOL-10)
# Info: Optimizing partition '/edge/core': (Total ops = 92, Real ops = 20, Vars = 10) (SOL-10)
# $PROJECT_HOME/edge.c(73): Loop '/edge/core/RESET' iterated at most 3 times. (LOOP-2)
# $PROJECT_HOME/shift_class.h(34): Loop '/edge/core/SHIFT' iterated at most 3 times. (LOOP-2)
# $PROJECT_HOME/edge.c(93): Loop '/edge/core/ACC2' iterated at most 3 times. (LOOP-2)
# $PROJECT_HOME/edge.c(91): Loop '/edge/core/ACC1' iterated at most 3 times. (LOOP-2)
# $PROJECT_HOME/edge.c(68): Loop '/edge/core/FRAME' iterated at most 1 times. (LOOP-2)
# Info: Optimizing partition '/edge/core': (Total ops = 58, Real ops = 14, Vars = 7) (SOL-10)
# Info: Optimizing partition '/edge/core': (Total ops = 47, Real ops = 13, Vars = 7) (SOL-10)
# Info: Optimizing partition '/edge': (Total ops = 47, Real ops = 13, Vars = 9) (SOL-10)
# Info: Optimizing partition '/edge/core': (Total ops = 45, Real ops = 13, Vars = 14) (SOL-10)
# Info: Optimizing partition '/edge/core': (Total ops = 43, Real ops = 13, Vars = 7) (SOL-10)
# Info: Optimizing partition '/edge': (Total ops = 43, Real ops = 13, Vars = 9) (SOL-10)
# Info: Optimizing partition '/edge/core': (Total ops = 43, Real ops = 13, Vars = 7) (SOL-10)
# Info: Optimizing partition '/edge': (Total ops = 43, Real ops = 13, Vars = 9) (SOL-10)
# Design 'edge' was read (SOL-1)
# Info: Completed transformation 'compile' on solution 'edge.v8': elapsed time 2.60 seconds, memory usage 204048kB, peak memory usage 291496kB (SOL-9)
directive set /edge/core/main/ACC1/ACC2 -UNROLL yes
# /edge/core/main/ACC1/ACC2/UNROLL yes
go allocate
# Info: Starting transformation 'architect' on solution 'edge.v8' (SOL-8)
# $PROJECT_HOME/shift_class.h(34): Loop '/edge/core/SHIFT' is being fully unrolled (3 times). (LOOP-7)
# $PROJECT_HOME/edge.c(93): Loop '/edge/core/ACC2' is being fully unrolled (3 times). (LOOP-7)
# Info: Optimizing partition '/edge/core': (Total ops = 106, Real ops = 34, Vars = 7) (SOL-10)
# Info: Optimizing partition '/edge/core': (Total ops = 40, Real ops = 11, Vars = 6) (SOL-10)
# Info: Optimizing partition '/edge/core': (Total ops = 39, Real ops = 11, Vars = 5) (SOL-10)
# Info: Optimizing partition '/edge/core': (Total ops = 39, Real ops = 11, Vars = 5) (SOL-10)
# Info: Optimizing partition '/edge/core': (Total ops = 30, Real ops = 7, Vars = 5) (SOL-10)
# $PROJECT_HOME/edge.c(91): Loop '/edge/core/ACC1' is being fully unrolled (3 times). (LOOP-7)
# Info: Optimizing partition '/edge/core': (Total ops = 55, Real ops = 19, Vars = 5) (SOL-10)
# Info: Optimizing partition '/edge/core': (Total ops = 12, Real ops = 3, Vars = 2) (SOL-10)
# Info: Optimizing partition '/edge/core': (Total ops = 12, Real ops = 3, Vars = 2) (SOL-10)
# $PROJECT_HOME/edge.c(50): Loop '/edge/core/main' is left rolled. (LOOP-4)
# Info: Optimizing partition '/edge': (Total ops = 12, Real ops = 3, Vars = 7) (SOL-10)
# Info: Optimizing partition '/edge/core': (Total ops = 12, Real ops = 3, Vars = 2) (SOL-10)
# Info: Optimizing partition '/edge': (Total ops = 12, Real ops = 3, Vars = 7) (SOL-10)
# $PROJECT_HOME/edge.c(50): I/O-Port inferred - resource 'vin:rsc' (from var: vin) mapped to 'mgc_ioport.mgc_in_wire' (size: 90). (MEM-2)
# $PROJECT_HOME/edge.c(50): I/O-Port inferred - resource 'vout:rsc' (from var: vout) mapped to 'mgc_ioport.mgc_out_stdreg' (size: 30). (MEM-2)
# Info: Optimizing partition '/edge': (Total ops = 14, Real ops = 3, Vars = 7) (SOL-10)
# Info: Optimizing partition '/edge/core': (Total ops = 14, Real ops = 3, Vars = 2) (SOL-10)
# Info: Optimizing partition '/edge': (Total ops = 13, Real ops = 3, Vars = 9) (SOL-10)
# Info: Optimizing partition '/edge/core': (Total ops = 12, Real ops = 3, Vars = 7) (SOL-10)
# Info: Optimizing partition '/edge/core': (Total ops = 11, Real ops = 3, Vars = 4) (SOL-10)
# Info: Optimizing partition '/edge': (Total ops = 11, Real ops = 3, Vars = 9) (SOL-10)
# Info: Optimizing partition '/edge/core': (Total ops = 11, Real ops = 3, Vars = 4) (SOL-10)
# Info: Optimizing partition '/edge': (Total ops = 11, Real ops = 3, Vars = 9) (SOL-10)
# Info: Optimizing partition '/edge/core': (Total ops = 41, Real ops = 3, Vars = 22) (SOL-10)
# Info: Optimizing partition '/edge/core': (Total ops = 12, Real ops = 3, Vars = 5) (SOL-10)
# Design 'edge' contains '3' real operations. (SOL-11)
# Info: Completed transformation 'architect' on solution 'edge.v8': elapsed time 6.49 seconds, memory usage 204280kB, peak memory usage 291496kB (SOL-9)
# Info: Starting transformation 'allocate' on solution 'edge.v8' (SOL-8)
# Performing concurrent resource allocation and scheduling on '/edge/core' (CRAAS-1)
# Info: Select qualified components for data operations ... (CRAAS-3)
# Info: Apply resource constraints on data operations ... (CRAAS-4)
# $PROJECT_HOME/edge.c(50): Prescheduled LOOP 'main' (2 c-steps) (SCHD-7)
# $PROJECT_HOME/edge.c(50): Prescheduled LOOP 'core:rlp' (0 c-steps) (SCHD-7)
# $PROJECT_HOME/edge.c(50): Prescheduled SEQUENTIAL 'core' (total length 2 c-steps) (SCHD-8)
# Info: Initial schedule of SEQUENTIAL 'core': Latency = 1, Area (Datapath, Register, Total) = 10.25, 0.00, 10.25 (CRAAS-11)
# At least one feasible schedule exists. (CRAAS-9)
# Info: Final schedule of SEQUENTIAL 'core': Latency = 1, Area (Datapath, Register, Total) = 10.25, 0.00, 10.25 (CRAAS-12)
# Resource allocation and scheduling done. (CRAAS-2)
# Netlist written to file 'schedule.gnt' (NET-4)
# Info: Completed transformation 'allocate' on solution 'edge.v8': elapsed time 0.08 seconds, memory usage 204280kB, peak memory usage 291496kB (SOL-9)
go extract
# Info: Starting transformation 'schedule' on solution 'edge.v8' (SOL-8)
# Performing concurrent resource allocation and scheduling on '/edge/core' (CRAAS-1)
# Warning: Cannot build distributed pipeline in process 'core' because of missing handshake for resource 'vout:rsc' (SCHD-15)
# Global signal 'vin:rsc.z' added to design 'edge' for component 'vin:rsc:mgc_in_wire' (LIB-3)
# Global signal 'vout:rsc.z' added to design 'edge' for component 'vout:rsc:mgc_out_stdreg' (LIB-3)
# Info: Optimizing partition '/edge': (Total ops = 34, Real ops = 4, Vars = 21) (SOL-10)
# Info: Optimizing partition '/edge/edge:core': (Total ops = 24, Real ops = 3, Vars = 13) (SOL-10)
# Info: Optimizing partition '/edge/edge:core/core': (Total ops = 19, Real ops = 3, Vars = 8) (SOL-10)
# Info: Optimizing partition '/edge/edge:core/core': (Total ops = 13, Real ops = 3, Vars = 5) (SOL-10)
# Info: Optimizing partition '/edge': (Total ops = 27, Real ops = 3, Vars = 17) (SOL-10)
# Info: Optimizing partition '/edge/edge:core': (Total ops = 18, Real ops = 3, Vars = 10) (SOL-10)
# Info: Optimizing partition '/edge/edge:core/core': (Total ops = 13, Real ops = 3, Vars = 5) (SOL-10)
# Info: Optimizing partition '/edge': (Total ops = 27, Real ops = 3, Vars = 17) (SOL-10)
# Info: Optimizing partition '/edge/edge:core': (Total ops = 18, Real ops = 3, Vars = 10) (SOL-10)
# Report written to file 'cycle.rpt'
# Netlist written to file 'cycle.v' (NET-4)
# Info: Completed transformation 'schedule' on solution 'edge.v8': elapsed time 0.75 seconds, memory usage 205172kB, peak memory usage 291496kB (SOL-9)
# Info: Starting transformation 'dpfsm' on solution 'edge.v8' (SOL-8)
# Performing FSM extraction... (FSM-1)
# Info: Optimizing partition '/edge': (Total ops = 27, Real ops = 5, Vars = 23) (SOL-10)
# Info: Optimizing partition '/edge/edge:core': (Total ops = 18, Real ops = 5, Vars = 16) (SOL-10)
# Info: Optimizing partition '/edge': (Total ops = 34, Real ops = 5, Vars = 15) (SOL-10)
# Info: Optimizing partition '/edge/edge:core': (Total ops = 25, Real ops = 5, Vars = 8) (SOL-10)
# Info: Optimizing partition '/edge': (Total ops = 27, Real ops = 7, Vars = 18) (SOL-10)
# Info: Optimizing partition '/edge/edge:core': (Total ops = 18, Real ops = 7, Vars = 11) (SOL-10)
# Info: Optimizing partition '/edge': (Total ops = 25, Real ops = 5, Vars = 15) (SOL-10)
# Info: Optimizing partition '/edge/edge:core': (Total ops = 16, Real ops = 5, Vars = 8) (SOL-10)
# Info: Optimizing partition '/edge': (Total ops = 25, Real ops = 5, Vars = 15) (SOL-10)
# Info: Optimizing partition '/edge/edge:core': (Total ops = 16, Real ops = 5, Vars = 8) (SOL-10)
# Info: Optimizing partition '/edge/edge:core': (Total ops = 16, Real ops = 5, Vars = 8) (SOL-10)
# Info: Optimizing partition '/edge': (Total ops = 25, Real ops = 5, Vars = 15) (SOL-10)
# Info: Optimizing partition '/edge': (Total ops = 25, Real ops = 5, Vars = 15) (SOL-10)
# Info: Optimizing partition '/edge/edge:core': (Total ops = 16, Real ops = 5, Vars = 8) (SOL-10)
# Info: Optimizing partition '/edge': (Total ops = 25, Real ops = 5, Vars = 15) (SOL-10)
# Info: Optimizing partition '/edge/edge:core': (Total ops = 16, Real ops = 5, Vars = 8) (SOL-10)
# Info: Completed transformation 'dpfsm' on solution 'edge.v8': elapsed time 0.16 seconds, memory usage 205552kB, peak memory usage 291496kB (SOL-9)
# Info: Starting transformation 'extract' on solution 'edge.v8' (SOL-8)
# Info: Optimizing partition '/edge': (Total ops = 25, Real ops = 5, Vars = 22) (SOL-10)
# Info: Optimizing partition '/edge/edge:core': (Total ops = 16, Real ops = 5, Vars = 15) (SOL-10)
# Info: Optimizing partition '/edge': (Total ops = 25, Real ops = 5, Vars = 15) (SOL-10)
# Info: Optimizing partition '/edge/edge:core': (Total ops = 16, Real ops = 5, Vars = 8) (SOL-10)
# Info: Optimizing partition '/edge': (Total ops = 25, Real ops = 5, Vars = 15) (SOL-10)
# Info: Optimizing partition '/edge/edge:core': (Total ops = 16, Real ops = 5, Vars = 8) (SOL-10)
# Info: Optimizing partition '/edge/edge:core': (Total ops = 16, Real ops = 5, Vars = 8) (SOL-10)
# Info: Optimizing partition '/edge': (Total ops = 25, Real ops = 5, Vars = 15) (SOL-10)
# Info: Optimizing partition '/edge': (Total ops = 25, Real ops = 5, Vars = 15) (SOL-10)
# Info: Optimizing partition '/edge/edge:core': (Total ops = 16, Real ops = 5, Vars = 8) (SOL-10)
# Info: Optimizing partition '/edge': (Total ops = 25, Real ops = 5, Vars = 15) (SOL-10)
# Info: Optimizing partition '/edge/edge:core': (Total ops = 16, Real ops = 5, Vars = 8) (SOL-10)
# Info: Optimizing partition '/edge': (Total ops = 25, Real ops = 5, Vars = 22) (SOL-10)
# Info: Optimizing partition '/edge/edge:core': (Total ops = 16, Real ops = 5, Vars = 15) (SOL-10)
# Netlist written to file 'schematic.nlv' (NET-4)
# Info: Optimizing partition '/edge': (Total ops = 25, Real ops = 5, Vars = 22) (SOL-10)
# Info: Optimizing partition '/edge/edge:core': (Total ops = 16, Real ops = 5, Vars = 15) (SOL-10)
# Info: Optimizing partition '/edge': (Total ops = 25, Real ops = 5, Vars = 15) (SOL-10)
# Info: Optimizing partition '/edge/edge:core': (Total ops = 16, Real ops = 5, Vars = 8) (SOL-10)
# Info: Optimizing partition '/edge': (Total ops = 25, Real ops = 5, Vars = 15) (SOL-10)
# Info: Optimizing partition '/edge/edge:core': (Total ops = 16, Real ops = 5, Vars = 8) (SOL-10)
# Report written to file 'rtl.rpt'
# Netlist written to file 'rtl.v' (NET-4)
# generate concat
# order file name is: rtl.v_order.txt
# Add dependent file: ./rtl_mgc_ioport.v
# Add dependent file: ./rtl_mgc_ioport_v2001.v
# Add dependent file: ./rtl.v
# Finished writing concatenated file: H:/lab proj/prj2/catapult_proj/vga_edge/edge_detect/edge.v8/concat_rtl.v
# Synthesis timing script written to file './rtl.v.psr_timing'
# IO timing constraints written to synthesis script file
# Synthesis script written to file 'rtl.v.psr'
# Info: Completed transformation 'extract' on solution 'edge.v8': elapsed time 3.34 seconds, memory usage 206248kB, peak memory usage 291496kB (SOL-9)
# File '$PROJECT_HOME/edge.c' saved
# Input file has changed
go new
solution file set {$PROJECT_HOME/edge.c} -updated
# Info: Branching solution 'solution.v2' at state 'new' (PRJ-2)
go extract
# Info: Starting transformation 'analyze' on solution 'solution.v2' (SOL-8)
# Front End called with arguments: -- {H:\lab proj\prj2\catapult_proj\vga_edge\bmp_io.h} {H:\lab proj\prj2\catapult_proj\vga_edge\shift_class.h} {H:\lab proj\prj2\catapult_proj\vga_edge\bmp_io.cpp} {H:\lab proj\prj2\catapult_proj\vga_edge\edge.c} {H:\lab proj\prj2\catapult_proj\vga_edge\edge.h} (CIN-69)
# Edison Design Group C++/C Front End - Version 3.10.1 (CIN-1)
# Warning: $PROJECT_HOME/bmp_io.cpp(1699): $PROJECT_HOME/bmp_io.cpp(1699): variable "garray" is used before its value is set (CRD-549)
# Warning:           detected during compilation of secondary translation unit "H:\lab proj\prj2\catapult_proj\vga_edge\bmp_io.cpp"
# Warning: $PROJECT_HOME/bmp_io.cpp(1700): $PROJECT_HOME/bmp_io.cpp(1700): variable "barray" is used before its value is set (CRD-549)
# Warning:           detected during compilation of secondary translation unit "H:\lab proj\prj2\catapult_proj\vga_edge\bmp_io.cpp"
# $PROJECT_HOME/edge.c(49): Pragma 'hls_design<top>' detected on routine 'edge' (CIN-6)
# Source file analysis completed (CIN-68)
# Info: Completed transformation 'analyze' on solution 'solution.v2': elapsed time 2.67 seconds, memory usage 207136kB, peak memory usage 299380kB (SOL-9)
# Info: Starting transformation 'compile' on solution 'solution.v2' (SOL-8)
# Generating synthesis internal form... (CIN-3)
# $PROJECT_HOME/edge.c(50): Found top design routine 'edge' specified by directive (CIN-52)
# $PROJECT_HOME/edge.c(50): Synthesizing routine 'edge' (CIN-13)
# $PROJECT_HOME/edge.c(50): Inlining routine 'edge' (CIN-14)
# $PROJECT_HOME/shift_class.h(13): Inlining member function 'shift_class<ac_int<90, false>, 3>::shift_class' on object 'regs' (CIN-64)
# $PROJECT_HOME/shift_class.h(32): Inlining member function 'shift_class<ac_int<90, false>, 3>::operator<<' on object 'regs' (CIN-64)
# $PROJECT_HOME/shift_class.h(48): Inlining member function 'shift_class<ac_int<90, false>, 3>::operator[]' on object 'regs' (CIN-64)
# $PROJECT_HOME/shift_class.h(48): Inlining member function 'shift_class<ac_int<90, false>, 3>::operator[]' on object 'regs' (CIN-64)
# $PROJECT_HOME/edge.c(50): Optimizing block '/edge' ... (CIN-4)
# $PROJECT_HOME/edge.c(50): Inout port 'vin' is only used as an input. (OPT-10)
# $PROJECT_HOME/edge.c(50): Inout port 'vout' is only used as an output. (OPT-11)
# Info: Optimizing partition '/edge': (Total ops = 146, Real ops = 32, Vars = 50) (SOL-10)
# Info: Optimizing partition '/edge/core': (Total ops = 146, Real ops = 32, Vars = 48) (SOL-10)
# Info: Optimizing partition '/edge/core': (Total ops = 146, Real ops = 32, Vars = 48) (SOL-10)
# Info: Optimizing partition '/edge': (Total ops = 146, Real ops = 32, Vars = 50) (SOL-10)
# Info: Optimizing partition '/edge': (Total ops = 146, Real ops = 32, Vars = 50) (SOL-10)
# Info: Optimizing partition '/edge/core': (Total ops = 146, Real ops = 32, Vars = 48) (SOL-10)
# Info: Optimizing partition '/edge/core': (Total ops = 113, Real ops = 29, Vars = 24) (SOL-10)
# Info: Optimizing partition '/edge/core': (Total ops = 103, Real ops = 29, Vars = 23) (SOL-10)
# Info: Optimizing partition '/edge/core': (Total ops = 103, Real ops = 29, Vars = 23) (SOL-10)
# Info: Optimizing partition '/edge': (Total ops = 103, Real ops = 29, Vars = 25) (SOL-10)
# Info: Optimizing partition '/edge': (Total ops = 103, Real ops = 29, Vars = 25) (SOL-10)
# Info: Optimizing partition '/edge/core': (Total ops = 96, Real ops = 29, Vars = 32) (SOL-10)
# Info: Optimizing partition '/edge/core': (Total ops = 102, Real ops = 22, Vars = 10) (SOL-10)
# Info: Optimizing partition '/edge': (Total ops = 102, Real ops = 22, Vars = 12) (SOL-10)
# Info: Optimizing partition '/edge/core': (Total ops = 102, Real ops = 22, Vars = 10) (SOL-10)
# Info: Optimizing partition '/edge': (Total ops = 102, Real ops = 22, Vars = 12) (SOL-10)
# Info: Optimizing partition '/edge': (Total ops = 102, Real ops = 22, Vars = 12) (SOL-10)
# Info: Optimizing partition '/edge/core': (Total ops = 102, Real ops = 22, Vars = 10) (SOL-10)
# $PROJECT_HOME/edge.c(73): Loop '/edge/core/RESET' iterated at most 3 times. (LOOP-2)
# $PROJECT_HOME/shift_class.h(34): Loop '/edge/core/SHIFT' iterated at most 3 times. (LOOP-2)
# $PROJECT_HOME/edge.c(93): Loop '/edge/core/ACC2' iterated at most 3 times. (LOOP-2)
# $PROJECT_HOME/edge.c(91): Loop '/edge/core/ACC1' iterated at most 3 times. (LOOP-2)
# $PROJECT_HOME/edge.c(68): Loop '/edge/core/FRAME' iterated at most 1 times. (LOOP-2)
# Info: Optimizing partition '/edge/core': (Total ops = 69, Real ops = 16, Vars = 7) (SOL-10)
# Info: Optimizing partition '/edge/core': (Total ops = 58, Real ops = 15, Vars = 7) (SOL-10)
# Info: Optimizing partition '/edge': (Total ops = 58, Real ops = 15, Vars = 9) (SOL-10)
# Info: Optimizing partition '/edge/core': (Total ops = 56, Real ops = 15, Vars = 14) (SOL-10)
# Info: Optimizing partition '/edge/core': (Total ops = 54, Real ops = 15, Vars = 7) (SOL-10)
# Info: Optimizing partition '/edge': (Total ops = 54, Real ops = 15, Vars = 9) (SOL-10)
# Info: Optimizing partition '/edge/core': (Total ops = 54, Real ops = 15, Vars = 7) (SOL-10)
# Info: Optimizing partition '/edge': (Total ops = 54, Real ops = 15, Vars = 9) (SOL-10)
# Design 'edge' was read (SOL-1)
# Info: Completed transformation 'compile' on solution 'edge.v9': elapsed time 2.93 seconds, memory usage 207592kB, peak memory usage 299380kB (SOL-9)
# Info: Starting transformation 'architect' on solution 'edge.v9' (SOL-8)
# $PROJECT_HOME/shift_class.h(34): Loop '/edge/core/SHIFT' is being fully unrolled (3 times). (LOOP-7)
# $PROJECT_HOME/edge.c(93): Loop '/edge/core/ACC2' is being fully unrolled (3 times). (LOOP-7)
# Info: Optimizing partition '/edge/core': (Total ops = 117, Real ops = 36, Vars = 7) (SOL-10)
# Info: Optimizing partition '/edge/core': (Total ops = 51, Real ops = 13, Vars = 6) (SOL-10)
# Info: Optimizing partition '/edge/core': (Total ops = 50, Real ops = 13, Vars = 5) (SOL-10)
# Info: Optimizing partition '/edge/core': (Total ops = 50, Real ops = 13, Vars = 5) (SOL-10)
# Info: Optimizing partition '/edge/core': (Total ops = 35, Real ops = 9, Vars = 5) (SOL-10)
# $PROJECT_HOME/edge.c(91): Loop '/edge/core/ACC1' is being fully unrolled (3 times). (LOOP-7)
# Info: Optimizing partition '/edge/core': (Total ops = 63, Real ops = 21, Vars = 5) (SOL-10)
# Info: Optimizing partition '/edge/core': (Total ops = 27, Real ops = 5, Vars = 3) (SOL-10)
# Info: Optimizing partition '/edge/core': (Total ops = 28, Real ops = 5, Vars = 3) (SOL-10)
# Info: Optimizing partition '/edge/core': (Total ops = 28, Real ops = 5, Vars = 3) (SOL-10)
# Info: Optimizing partition '/edge/core': (Total ops = 26, Real ops = 5, Vars = 3) (SOL-10)
# $PROJECT_HOME/edge.c(50): Loop '/edge/core/main' is left rolled. (LOOP-4)
# Info: Optimizing partition '/edge': (Total ops = 26, Real ops = 5, Vars = 8) (SOL-10)
# Info: Optimizing partition '/edge/core': (Total ops = 28, Real ops = 5, Vars = 5) (SOL-10)
# Info: Optimizing partition '/edge/core': (Total ops = 34, Real ops = 5, Vars = 4) (SOL-10)
# Info: Optimizing partition '/edge': (Total ops = 34, Real ops = 5, Vars = 9) (SOL-10)
# Info: Optimizing partition '/edge/core': (Total ops = 31, Real ops = 5, Vars = 5) (SOL-10)
# Info: Optimizing partition '/edge/core': (Total ops = 32, Real ops = 5, Vars = 5) (SOL-10)
# Info: Optimizing partition '/edge/core': (Total ops = 28, Real ops = 5, Vars = 4) (SOL-10)
# Info: Optimizing partition '/edge': (Total ops = 28, Real ops = 5, Vars = 9) (SOL-10)
# Info: Optimizing partition '/edge/core': (Total ops = 28, Real ops = 5, Vars = 4) (SOL-10)
# Info: Optimizing partition '/edge': (Total ops = 28, Real ops = 5, Vars = 9) (SOL-10)
# $PROJECT_HOME/edge.c(50): I/O-Port inferred - resource 'vin:rsc' (from var: vin) mapped to 'mgc_ioport.mgc_in_wire' (size: 90). (MEM-2)
# $PROJECT_HOME/edge.c(50): I/O-Port inferred - resource 'vout:rsc' (from var: vout) mapped to 'mgc_ioport.mgc_out_stdreg' (size: 30). (MEM-2)
# Info: Optimizing partition '/edge': (Total ops = 30, Real ops = 5, Vars = 9) (SOL-10)
# Info: Optimizing partition '/edge/core': (Total ops = 30, Real ops = 5, Vars = 4) (SOL-10)
# Info: Optimizing partition '/edge': (Total ops = 29, Real ops = 5, Vars = 11) (SOL-10)
# Info: Optimizing partition '/edge/core': (Total ops = 28, Real ops = 5, Vars = 9) (SOL-10)
# Info: Optimizing partition '/edge/core': (Total ops = 27, Real ops = 5, Vars = 6) (SOL-10)
# Info: Optimizing partition '/edge': (Total ops = 27, Real ops = 5, Vars = 11) (SOL-10)
# Info: Optimizing partition '/edge/core': (Total ops = 27, Real ops = 5, Vars = 6) (SOL-10)
# Info: Optimizing partition '/edge': (Total ops = 27, Real ops = 5, Vars = 11) (SOL-10)
# Info: Optimizing partition '/edge/core': (Total ops = 82, Real ops = 9, Vars = 40) (SOL-10)
# Info: Optimizing partition '/edge/core': (Total ops = 29, Real ops = 8, Vars = 8) (SOL-10)
# Design 'edge' contains '8' real operations. (SOL-11)
# Info: Completed transformation 'architect' on solution 'edge.v9': elapsed time 7.27 seconds, memory usage 207796kB, peak memory usage 299380kB (SOL-9)
# Info: Starting transformation 'allocate' on solution 'edge.v9' (SOL-8)
# Performing concurrent resource allocation and scheduling on '/edge/core' (CRAAS-1)
# Info: Select qualified components for data operations ... (CRAAS-3)
# Info: Apply resource constraints on data operations ... (CRAAS-4)
# $PROJECT_HOME/edge.c(50): Prescheduled LOOP 'main' (2 c-steps) (SCHD-7)
# $PROJECT_HOME/edge.c(50): Prescheduled LOOP 'core:rlp' (0 c-steps) (SCHD-7)
# $PROJECT_HOME/edge.c(50): Prescheduled SEQUENTIAL 'core' (total length 2 c-steps) (SCHD-8)
# Info: Initial schedule of SEQUENTIAL 'core': Latency = 1, Area (Datapath, Register, Total) = 42.37, 0.00, 42.37 (CRAAS-11)
# At least one feasible schedule exists. (CRAAS-9)
# Info: Final schedule of SEQUENTIAL 'core': Latency = 1, Area (Datapath, Register, Total) = 42.37, 0.00, 42.37 (CRAAS-12)
# Resource allocation and scheduling done. (CRAAS-2)
# Netlist written to file 'schedule.gnt' (NET-4)
# Info: Completed transformation 'allocate' on solution 'edge.v9': elapsed time 0.11 seconds, memory usage 207796kB, peak memory usage 299380kB (SOL-9)
# Info: Starting transformation 'schedule' on solution 'edge.v9' (SOL-8)
# Performing concurrent resource allocation and scheduling on '/edge/core' (CRAAS-1)
# Warning: Cannot build distributed pipeline in process 'core' because of missing handshake for resource 'vout:rsc' (SCHD-15)
# Global signal 'vin:rsc.z' added to design 'edge' for component 'vin:rsc:mgc_in_wire' (LIB-3)
# Global signal 'vout:rsc.z' added to design 'edge' for component 'vout:rsc:mgc_out_stdreg' (LIB-3)
# Info: Optimizing partition '/edge': (Total ops = 51, Real ops = 9, Vars = 24) (SOL-10)
# Info: Optimizing partition '/edge/edge:core': (Total ops = 41, Real ops = 8, Vars = 16) (SOL-10)
# Info: Optimizing partition '/edge/edge:core/core': (Total ops = 35, Real ops = 8, Vars = 12) (SOL-10)
# Info: Optimizing partition '/edge/edge:core/core': (Total ops = 29, Real ops = 8, Vars = 8) (SOL-10)
# Info: Optimizing partition '/edge': (Total ops = 43, Real ops = 8, Vars = 20) (SOL-10)
# Info: Optimizing partition '/edge/edge:core': (Total ops = 34, Real ops = 8, Vars = 13) (SOL-10)
# Info: Optimizing partition '/edge/edge:core/core': (Total ops = 29, Real ops = 8, Vars = 8) (SOL-10)
# Info: Optimizing partition '/edge': (Total ops = 43, Real ops = 8, Vars = 20) (SOL-10)
# Info: Optimizing partition '/edge/edge:core': (Total ops = 34, Real ops = 8, Vars = 13) (SOL-10)
# Report written to file 'cycle.rpt'
# Netlist written to file 'cycle.v' (NET-4)
# Info: Completed transformation 'schedule' on solution 'edge.v9': elapsed time 0.75 seconds, memory usage 208420kB, peak memory usage 299380kB (SOL-9)
# Info: Starting transformation 'dpfsm' on solution 'edge.v9' (SOL-8)
# Performing FSM extraction... (FSM-1)
# Info: Optimizing partition '/edge': (Total ops = 49, Real ops = 10, Vars = 36) (SOL-10)
# Info: Optimizing partition '/edge/edge:core': (Total ops = 40, Real ops = 10, Vars = 29) (SOL-10)
# Info: Optimizing partition '/edge': (Total ops = 50, Real ops = 10, Vars = 18) (SOL-10)
# Info: Optimizing partition '/edge/edge:core': (Total ops = 41, Real ops = 10, Vars = 11) (SOL-10)
# Info: Optimizing partition '/edge': (Total ops = 46, Real ops = 15, Vars = 21) (SOL-10)
# Info: Optimizing partition '/edge/edge:core': (Total ops = 37, Real ops = 15, Vars = 14) (SOL-10)
# Info: Optimizing partition '/edge': (Total ops = 42, Real ops = 11, Vars = 19) (SOL-10)
# Info: Optimizing partition '/edge/edge:core': (Total ops = 33, Real ops = 11, Vars = 12) (SOL-10)
# Info: Optimizing partition '/edge': (Total ops = 42, Real ops = 11, Vars = 19) (SOL-10)
# Info: Optimizing partition '/edge/edge:core': (Total ops = 33, Real ops = 11, Vars = 12) (SOL-10)
# Info: Optimizing partition '/edge/edge:core': (Total ops = 33, Real ops = 11, Vars = 12) (SOL-10)
# Info: Optimizing partition '/edge': (Total ops = 42, Real ops = 11, Vars = 19) (SOL-10)
# Info: Optimizing partition '/edge': (Total ops = 42, Real ops = 11, Vars = 19) (SOL-10)
# Info: Optimizing partition '/edge/edge:core': (Total ops = 33, Real ops = 11, Vars = 12) (SOL-10)
# Info: Optimizing partition '/edge': (Total ops = 42, Real ops = 11, Vars = 19) (SOL-10)
# Info: Optimizing partition '/edge/edge:core': (Total ops = 33, Real ops = 11, Vars = 12) (SOL-10)
# Info: Optimizing partition '/edge': (Total ops = 42, Real ops = 11, Vars = 19) (SOL-10)
# Info: Optimizing partition '/edge/edge:core': (Total ops = 33, Real ops = 11, Vars = 12) (SOL-10)
# Info: Completed transformation 'dpfsm' on solution 'edge.v9': elapsed time 0.19 seconds, memory usage 208420kB, peak memory usage 299380kB (SOL-9)
# Info: Starting transformation 'extract' on solution 'edge.v9' (SOL-8)
# Info: Optimizing partition '/edge': (Total ops = 42, Real ops = 11, Vars = 39) (SOL-10)
# Info: Optimizing partition '/edge/edge:core': (Total ops = 33, Real ops = 11, Vars = 32) (SOL-10)
# Info: Optimizing partition '/edge': (Total ops = 42, Real ops = 11, Vars = 19) (SOL-10)
# Info: Optimizing partition '/edge/edge:core': (Total ops = 33, Real ops = 11, Vars = 12) (SOL-10)
# Info: Optimizing partition '/edge': (Total ops = 42, Real ops = 11, Vars = 19) (SOL-10)
# Info: Optimizing partition '/edge/edge:core': (Total ops = 33, Real ops = 11, Vars = 12) (SOL-10)
# Info: Optimizing partition '/edge/edge:core': (Total ops = 33, Real ops = 11, Vars = 12) (SOL-10)
# Info: Optimizing partition '/edge/edge:core': (Total ops = 33, Real ops = 11, Vars = 12) (SOL-10)
# Info: Optimizing partition '/edge': (Total ops = 42, Real ops = 11, Vars = 19) (SOL-10)
# Info: Optimizing partition '/edge': (Total ops = 42, Real ops = 11, Vars = 19) (SOL-10)
# Info: Optimizing partition '/edge/edge:core': (Total ops = 33, Real ops = 11, Vars = 12) (SOL-10)
# Info: Optimizing partition '/edge': (Total ops = 42, Real ops = 11, Vars = 19) (SOL-10)
# Info: Optimizing partition '/edge/edge:core': (Total ops = 33, Real ops = 11, Vars = 12) (SOL-10)
# Info: Optimizing partition '/edge': (Total ops = 42, Real ops = 11, Vars = 39) (SOL-10)
# Info: Optimizing partition '/edge/edge:core': (Total ops = 33, Real ops = 11, Vars = 32) (SOL-10)
# Netlist written to file 'schematic.nlv' (NET-4)
# Info: Optimizing partition '/edge': (Total ops = 42, Real ops = 11, Vars = 39) (SOL-10)
# Info: Optimizing partition '/edge/edge:core': (Total ops = 33, Real ops = 11, Vars = 32) (SOL-10)
# Info: Optimizing partition '/edge': (Total ops = 43, Real ops = 11, Vars = 19) (SOL-10)
# Info: Optimizing partition '/edge/edge:core': (Total ops = 34, Real ops = 11, Vars = 12) (SOL-10)
# Info: Optimizing partition '/edge': (Total ops = 43, Real ops = 11, Vars = 19) (SOL-10)
# Info: Optimizing partition '/edge/edge:core': (Total ops = 34, Real ops = 11, Vars = 12) (SOL-10)
# Report written to file 'rtl.rpt'
# Netlist written to file 'rtl.v' (NET-4)
# generate concat
# order file name is: rtl.v_order.txt
# Add dependent file: ./rtl_mgc_ioport.v
# Add dependent file: ./rtl_mgc_ioport_v2001.v
# Add dependent file: ./rtl.v
# Finished writing concatenated file: H:/lab proj/prj2/catapult_proj/vga_edge/edge_detect/edge.v9/concat_rtl.v
# Synthesis timing script written to file './rtl.v.psr_timing'
# IO timing constraints written to synthesis script file
# Synthesis script written to file 'rtl.v.psr'
# Info: Completed transformation 'extract' on solution 'edge.v9': elapsed time 3.71 seconds, memory usage 209204kB, peak memory usage 299380kB (SOL-9)
# File '$PROJECT_HOME/edge.c' saved
# Input file has changed
go new
solution file set {$PROJECT_HOME/edge.c} -updated
# Info: Branching solution 'solution.v2' at state 'new' (PRJ-2)
# File '$PROJECT_HOME/edge.c' saved
project save
# Saving project file 'H:/lab proj/prj2/catapult_proj/vga_edge/edge_detect.ccs'. (PRJ-5)
quit -f
