-- Catapult University Version: Report                                              
-- ---------------------------- ---------------------------------------------------
-- Version:                     2011a.126 Production Release                        
-- Build Date:                  Wed Aug  8 00:52:07 PDT 2012                        
                                                                                    
-- Generated by:                nn1114@EEWS104A-002                                 
-- Generated date:              Wed May 13 16:06:17 +0100 2015                      

Solution Settings: value_to_pix.v1
  Current state: schedule
  Project: value_to_pix
  
  Design Input Files Specified
    $PROJECT_HOME/value_to_pix.h
      $MGC_HOME/shared/include/ac_int.h
    $PROJECT_HOME/value_to_pix.c
      $PROJECT_HOME/value_to_pix.h
        $MGC_HOME/shared/include/ac_int.h
  
  Processes/Blocks in Design
    Process            Real Operation(s) count Latency Throughput Reset Length II Comments 
    ------------------ ----------------------- ------- ---------- ------------ -- --------
    /value_to_pix/core                       2       1          1            0  1          
    Design Total:                            2       1          1            0  1          
    
  Clock Information
    Clock Signal Edge   Period Sharing Alloc (%) Uncertainty Used by Processes/Blocks 
    ------------ ------ ------ ----------------- ----------- ------------------------
    clk          rising 37.037             20.00    0.000000 /value_to_pix/core       
    
  I/O Data Ranges
    Port         Mode DeclType DeclWidth DeclRange ActType ActWidth ActRange 
    ------------ ---- -------- --------- --------- ------- -------- --------
    vin:rsc.z    IN   Unsigned         1                                     
    clk          IN   Unsigned         1                                     
    en           IN   Unsigned         1                                     
    arst_n       IN   Unsigned         1                                     
    pixout:rsc.z OUT  Unsigned        30                                     
    
  Memory Resources
    Resource Name: /value_to_pix/vin:rsc
      Memory Component: mgc_in_wire                  Size:         1 x 1
      External:         true                         Packing Mode: sidebyside
      Memory Map:
      Variable          Indices Phys Memory Address     
      ----------------- ------- -----------------------
      /value_to_pix/vin     0:0 00000000-00000000 (0-0) 
      
    Resource Name: /value_to_pix/pixout:rsc
      Memory Component: mgc_out_stdreg               Size:         1 x 30
      External:         true                         Packing Mode: sidebyside
      Memory Map:
      Variable             Indices Phys Memory Address     
      -------------------- ------- -----------------------
      /value_to_pix/pixout    0:29 00000000-00000000 (0-0) 
      
  Multi-Cycle (Combinational) Component Usage
    Instance Component Name Delay 
    -------- -------------- -----
    
  Loops
    Process            Loop             Iterations C-Steps Total Cycles  Duration  Unroll Init Comments 
    ------------------ ---------------- ---------- ------- ------------- --------- ------ ---- --------
    /value_to_pix/core main               Infinite       2            1  37.04 ns            1          
    
  Loop Execution Profile
    Process            Loop             Total Cycles % of Overall Design Cycles Throughput Cycles Comments 
    ------------------ ---------------- ------------ -------------------------- ----------------- --------
    /value_to_pix/core main                       1                      100.00                1           
    
  End of Report
