-- Catapult University Version: Report                                              
-- ---------------------------- ---------------------------------------------------
-- Version:                     2011a.126 Production Release                        
-- Build Date:                  Wed Aug  8 00:52:07 PDT 2012                        
                                                                                    
-- Generated by:                nn1114@EEWS104A-002                                 
-- Generated date:              Wed May 13 12:11:37 +0100 2015                      

Solution Settings: mean_vga.v2
  Current state: schedule
  Project: blur
  
  Design Input Files Specified
    $PROJECT_HOME/blur.h
      $MGC_HOME/shared/include/ac_int.h
    $PROJECT_HOME/bmp_io.cpp
      $PROJECT_HOME/bmp_io.h
    $PROJECT_HOME/bmp_io.h
    $PROJECT_HOME/shift_class.h
    $PROJECT_HOME/blur.c
      $MGC_HOME/shared/include/ac_fixed.h
        $MGC_HOME/shared/include/ac_int.h
      $PROJECT_HOME/blur.h
      $PROJECT_HOME/shift_class.h
    $PROJECT_HOME/tb_blur.cpp
      $MGC_HOME/shared/include/mc_testbench.h
      $MGC_HOME/shared/include/mc_scverify.h
      $MGC_HOME/shared/include/ac_int.h
      $PROJECT_HOME/blur.h
      $PROJECT_HOME/bmp_io.h
  
  Processes/Blocks in Design
    Process        Real Operation(s) count Latency Throughput Reset Length II Comments 
    -------------- ----------------------- ------- ---------- ------------ -- --------
    /mean_vga/core                     168  307200     307200            0  1          
    Design Total:                      168  307200     307200            0  0          
    
  Clock Information
    Clock Signal Edge   Period Sharing Alloc (%) Uncertainty Used by Processes/Blocks 
    ------------ ------ ------ ----------------- ----------- ------------------------
    clk          rising 37.037             20.00    0.000000 /mean_vga/core           
    
  I/O Data Ranges
    Port       Mode DeclType DeclWidth DeclRange ActType ActWidth ActRange 
    ---------- ---- -------- --------- --------- ------- -------- --------
    vin:rsc.z  IN   Unsigned       150                                     
    clk        IN   Unsigned         1                                     
    en         IN   Unsigned         1                                     
    arst_n     IN   Unsigned         1                                     
    vout:rsc.z OUT  Unsigned        30                                     
    
  Memory Resources
    Resource Name: /mean_vga/vin:rsc
      Memory Component: mgc_in_wire                  Size:         1 x 150
      External:         true                         Packing Mode: sidebyside
      Memory Map:
      Variable      Indices Phys Memory Address     
      ------------- ------- -----------------------
      /mean_vga/vin   0:149 00000000-00000000 (0-0) 
      
    Resource Name: /mean_vga/vout:rsc
      Memory Component: mgc_out_stdreg               Size:         1 x 30
      External:         true                         Packing Mode: sidebyside
      Memory Map:
      Variable       Indices Phys Memory Address     
      -------------- ------- -----------------------
      /mean_vga/vout    0:29 00000000-00000000 (0-0) 
      
  Multi-Cycle (Combinational) Component Usage
    Instance Component Name Delay 
    -------- -------------- -----
    
  Loops
    Process        Loop             Iterations C-Steps Total Cycles  Duration  Unroll Init Comments 
    -------------- ---------------- ---------- ------- ------------- --------- ------ ---- --------
    /mean_vga/core core:rlp           Infinite       0       307201  11.38 ms                       
    /mean_vga/core   main             Infinite       2       307201  11.38 ms            1          
    
  Loop Execution Profile
    Process        Loop             Total Cycles % of Overall Design Cycles Throughput Cycles Comments 
    -------------- ---------------- ------------ -------------------------- ----------------- --------
    /mean_vga/core core:rlp                   0                        0.00           307200           
    /mean_vga/core   main                307201                      100.00           307200           
    
  End of Report
