-- Catapult University Version: Report                                              
-- ---------------------------- ---------------------------------------------------
-- Version:                     2011a.126 Production Release                        
-- Build Date:                  Wed Aug  8 00:52:07 PDT 2012                        
                                                                                    
-- Generated by:                nn1114@EEWS104A-002                                 
-- Generated date:              Fri Mar 06 16:16:40 +0000 2015                      

Solution Settings: vga_mouse_square.v1
  Current state: schedule
  Project: vga
  
  Design Input Files Specified
    $PROJECT_HOME/vga_mouse_square.c
      $MGC_HOME/shared/include/ac_int.h
  
  Processes/Blocks in Design
    Process                Real Operation(s) count Latency Throughput Reset Length II Comments 
    ---------------------- ----------------------- ------- ---------- ------------ -- --------
    /vga_mouse_square/core                      28       1          1            0  1          
    Design Total:                               28       1          1            0  1          
    
  Clock Information
    Clock Signal Edge   Period Sharing Alloc (%) Uncertainty Used by Processes/Blocks 
    ------------ ------ ------ ----------------- ----------- ------------------------
    clk          rising 20.000             20.00    0.000000 /vga_mouse_square/core   
    
  I/O Data Ranges
    Port              Mode DeclType DeclWidth DeclRange ActType ActWidth ActRange 
    ----------------- ---- -------- --------- --------- ------- -------- --------
    vga_xy:rsc.z      IN   Unsigned        20                                     
    mouse_xy:rsc.z    IN   Unsigned        20                                     
    cursor_size:rsc.z IN   Unsigned         8                                     
    video_in:rsc.z    IN   Unsigned        30                                     
    clk               IN   Unsigned         1                                     
    en                IN   Unsigned         1                                     
    arst_n            IN   Unsigned         1                                     
    video_out:rsc.z   OUT  Unsigned        30                                     
    
  Memory Resources
    Resource Name: /vga_mouse_square/vga_xy:rsc
      Memory Component: mgc_in_wire                  Size:         1 x 20
      External:         true                         Packing Mode: sidebyside
      Memory Map:
      Variable                 Indices Phys Memory Address     
      ------------------------ ------- -----------------------
      /vga_mouse_square/vga_xy    0:19 00000000-00000000 (0-0) 
      
    Resource Name: /vga_mouse_square/mouse_xy:rsc
      Memory Component: mgc_in_wire                  Size:         1 x 20
      External:         true                         Packing Mode: sidebyside
      Memory Map:
      Variable                   Indices Phys Memory Address     
      -------------------------- ------- -----------------------
      /vga_mouse_square/mouse_xy    0:19 00000000-00000000 (0-0) 
      
    Resource Name: /vga_mouse_square/cursor_size:rsc
      Memory Component: mgc_in_wire                  Size:         1 x 8
      External:         true                         Packing Mode: sidebyside
      Memory Map:
      Variable                      Indices Phys Memory Address     
      ----------------------------- ------- -----------------------
      /vga_mouse_square/cursor_size     0:7 00000000-00000000 (0-0) 
      
    Resource Name: /vga_mouse_square/video_in:rsc
      Memory Component: mgc_in_wire                  Size:         1 x 30
      External:         true                         Packing Mode: sidebyside
      Memory Map:
      Variable                   Indices Phys Memory Address     
      -------------------------- ------- -----------------------
      /vga_mouse_square/video_in    0:29 00000000-00000000 (0-0) 
      
    Resource Name: /vga_mouse_square/video_out:rsc
      Memory Component: mgc_out_stdreg               Size:         1 x 30
      External:         true                         Packing Mode: sidebyside
      Memory Map:
      Variable                    Indices Phys Memory Address     
      --------------------------- ------- -----------------------
      /vga_mouse_square/video_out    0:29 00000000-00000000 (0-0) 
      
  Multi-Cycle (Combinational) Component Usage
    Instance Component Name Delay 
    -------- -------------- -----
    
  Loops
    Process                Loop             Iterations C-Steps Total Cycles  Duration  Unroll Init Comments 
    ---------------------- ---------------- ---------- ------- ------------- --------- ------ ---- --------
    /vga_mouse_square/core main               Infinite       2            1  20.00 ns            1          
    
  Loop Execution Profile
    Process                Loop             Total Cycles % of Overall Design Cycles Throughput Cycles Comments 
    ---------------------- ---------------- ------------ -------------------------- ----------------- --------
    /vga_mouse_square/core main                       1                      100.00                1           
    
  End of Report
