-- Catapult University Version: Report                                              
-- ---------------------------- ---------------------------------------------------
-- Version:                     2011a.126 Production Release                        
-- Build Date:                  Wed Aug  8 00:52:07 PDT 2012                        
                                                                                    
-- Generated by:                nn1114@EEWS104A-002                                 
-- Generated date:              Fri Mar 06 16:16:45 +0000 2015                      

Solution Settings: vga_mouse_square.v1
  Current state: extract
  Project: vga
  
  Design Input Files Specified
    $PROJECT_HOME/vga_mouse_square.c
      $MGC_HOME/shared/include/ac_int.h
  
  Processes/Blocks in Design
    Process                Real Operation(s) count Latency Throughput Reset Length II Comments 
    ---------------------- ----------------------- ------- ---------- ------------ -- --------
    /vga_mouse_square/core                      28       1          1            0  1          
    Design Total:                               28       1          1            0  1          
    
  Bill Of Materials (Datapath)
    Component Name                          Area Score Area(LUTs) Delay Post Alloc Post Assign 
    --------------------------------------- ---------- ---------- ----- ---------- -----------
    [Lib: mgc_Altera-Cyclone-III-6_beh_psr]                                                    
    mgc_add(11,0,11,0,12)                       12.233     12.233 1.368          4           4 
    mgc_add(11,0,11,1,12)                       12.000     12.000 1.206          4           4 
    mgc_and(10,2)                                7.298      7.298 0.263          2           2 
    mgc_not(10)                                  0.000      0.000 0.000          0           4 
    mgc_or(1,4)                                  1.379      1.379 0.536          0           1 
    mgc_reg_pos(10,1,0,0,0,1,1)                  0.000      0.000 0.000          0           3 
    [Lib: mgc_ioport]                                                                          
    mgc_in_wire(1,20)                            0.000      0.000 0.000          1           1 
    mgc_in_wire(2,20)                            0.000      0.000 0.000          1           1 
    mgc_in_wire(3,8)                             0.000      0.000 0.000          1           1 
    mgc_in_wire(4,30)                            0.000      0.000 0.000          1           1 
    mgc_out_stdreg(5,30)                         0.000      0.000 0.000          1           1 
                                                                                               
    TOTAL AREA (After Assignment):             112.906    113.000                              
    
  Area Scores
                      Post-Scheduling Post-DP & FSM Post-Assignment 
    ----------------- --------------- ------------- ---------------
    Total Area Score:    111.5         112.9           112.9        
    Total Reg:             0.0           0.0             0.0        
                                                                    
    DataPath:            111.5 (100%)  112.9 (100%)    112.9 (100%) 
      MUX:                 0.0           0.0             0.0        
      FUNC:               96.9  (87%)   96.9  (86%)     96.9  (86%) 
      LOGIC:              14.6  (13%)   16.0  (14%)     16.0  (14%) 
      BUFFER:              0.0           0.0             0.0        
      MEM:                 0.0           0.0             0.0        
      ROM:                 0.0           0.0             0.0        
      REG:                 0.0           0.0             0.0        
                                                                    
    
    FSM:                   0.0           0.0             0.0        
      FSM-REG:             0.0           0.0             0.0        
      FSM-COMB:            0.0           0.0             0.0        
                                                                    
    
  Register-to-Variable Mappings
    Register                                  Size(bits) Gated Register CG Opt Done Variables                                             
    ----------------------------------------- ---------- -------------- ----------- -----------------------------------------------------
    reg(video_out:rsc:mgc_out_stdreg.d).tmp           10         Y                  reg(video_out:rsc:mgc_out_stdreg.d).tmp               
    reg(video_out:rsc:mgc_out_stdreg.d).tmp#1         10         Y                  reg(video_out:rsc:mgc_out_stdreg.d).tmp#1             
    reg(video_out:rsc:mgc_out_stdreg.d).tmp#2         10         Y                  reg(video_out:rsc:mgc_out_stdreg.d).tmp#2             
                                                                                                                                          
    Total:                                            30             30           0 (Total Gating Ratio: 1.00, CG Opt Gating Ratio: 0.00) 
    
  Timing Report
    Critical Path
      Max Delay:  3.3726169999999995
      Slack:      16.627383000000002
      
      Path                                                          Startpoint                                          Endpoint                                                    Delay  Slack   
      ------------------------------------------------------------- --------------------------------------------------- ----------------------------------------------------------- ------ -------
      1                                                             vga_mouse_square:core/mouse_xy:rsc:mgc_in_wire.d    vga_mouse_square:core/reg(video_out:rsc:mgc_out_stdreg.d)   3.3726 16.6274 
                                                                                                                                                                                                   
        Instance                                                    Component                                                                                                       Delta  Delay   
        --------                                                    ---------                                                                                                       -----  -----   
        vga_mouse_square:core/mouse_xy:rsc:mgc_in_wire.d                                                                                                                            0.0000 0.0000  
        vga_mouse_square:core/slc(mouse_xy:rsc:mgc_in_wire.d)                                                                                                                       0.0000 0.0000  
        vga_mouse_square:core/slc(mouse_xy:rsc:mgc_in_wire.d).itm                                                                                                                   0.0000 0.0000  
        vga_mouse_square:core/conc#12                                                                                                                                               0.0000 0.0000  
        vga_mouse_square:core/conc#12.itm                                                                                                                                           0.0000 0.0000  
        vga_mouse_square:core/if:acc#7                              mgc_add_11_0_11_0_12                                                                                            1.3684 1.3684  
        vga_mouse_square:core/if:acc#7.itm                                                                                                                                          0.0000 1.3684  
        vga_mouse_square:core/if:slc#3                                                                                                                                              0.0000 1.3684  
        vga_mouse_square:core/if:slc#3.itm                                                                                                                                          0.0000 1.3684  
        vga_mouse_square:core/if:acc#3                              mgc_add_11_0_11_1_12                                                                                            1.2059 2.5743  
        vga_mouse_square:core/if:acc#3.itm                                                                                                                                          0.0000 2.5743  
        vga_mouse_square:core/aif#3:slc                                                                                                                                             0.0000 2.5743  
        vga_mouse_square:core/aif#3:slc.itm                                                                                                                                         0.0000 2.5743  
        vga_mouse_square:core/or                                    mgc_or_1_4                                                                                                      0.5358 3.1101  
        vga_mouse_square:core/or.itm                                                                                                                                                0.0000 3.1101  
        vga_mouse_square:core/exs#2                                                                                                                                                 0.0000 3.1101  
        vga_mouse_square:core/exs#3                                                                                                                                                 0.0000 3.1101  
        vga_mouse_square:core/slc(exs#3)                                                                                                                                            0.0000 3.1101  
        vga_mouse_square:core/slc(exs#3).itm                                                                                                                                        0.0000 3.1101  
        vga_mouse_square:core/exs                                                                                                                                                   0.0000 3.1101  
        vga_mouse_square:core/exs.itm                                                                                                                                               0.0000 3.1101  
        vga_mouse_square:core/and                                   mgc_and_10_2                                                                                                    0.2625 3.3726  
        vga_mouse_square:core/and.itm                                                                                                                                               0.0000 3.3726  
        vga_mouse_square:core/reg(video_out:rsc:mgc_out_stdreg.d)   mgc_reg_pos_10_1_0_0_0_1_1                                                                                      0.0000 3.3726  
                                                                                                                                                                                                   
      2                                                             vga_mouse_square:core/mouse_xy:rsc:mgc_in_wire.d    vga_mouse_square:core/reg(video_out:rsc:mgc_out_stdreg.d)#2 3.3726 16.6274 
                                                                                                                                                                                                   
        Instance                                                    Component                                                                                                       Delta  Delay   
        --------                                                    ---------                                                                                                       -----  -----   
        vga_mouse_square:core/mouse_xy:rsc:mgc_in_wire.d                                                                                                                            0.0000 0.0000  
        vga_mouse_square:core/slc(mouse_xy:rsc:mgc_in_wire.d)                                                                                                                       0.0000 0.0000  
        vga_mouse_square:core/slc(mouse_xy:rsc:mgc_in_wire.d).itm                                                                                                                   0.0000 0.0000  
        vga_mouse_square:core/conc#12                                                                                                                                               0.0000 0.0000  
        vga_mouse_square:core/conc#12.itm                                                                                                                                           0.0000 0.0000  
        vga_mouse_square:core/if:acc#7                              mgc_add_11_0_11_0_12                                                                                            1.3684 1.3684  
        vga_mouse_square:core/if:acc#7.itm                                                                                                                                          0.0000 1.3684  
        vga_mouse_square:core/if:slc#3                                                                                                                                              0.0000 1.3684  
        vga_mouse_square:core/if:slc#3.itm                                                                                                                                          0.0000 1.3684  
        vga_mouse_square:core/if:acc#3                              mgc_add_11_0_11_1_12                                                                                            1.2059 2.5743  
        vga_mouse_square:core/if:acc#3.itm                                                                                                                                          0.0000 2.5743  
        vga_mouse_square:core/aif#3:slc                                                                                                                                             0.0000 2.5743  
        vga_mouse_square:core/aif#3:slc.itm                                                                                                                                         0.0000 2.5743  
        vga_mouse_square:core/or                                    mgc_or_1_4                                                                                                      0.5358 3.1101  
        vga_mouse_square:core/or.itm                                                                                                                                                0.0000 3.1101  
        vga_mouse_square:core/exs#2                                                                                                                                                 0.0000 3.1101  
        vga_mouse_square:core/exs#3                                                                                                                                                 0.0000 3.1101  
        vga_mouse_square:core/slc(exs#3)#1                                                                                                                                          0.0000 3.1101  
        vga_mouse_square:core/slc(exs#3)#1.itm                                                                                                                                      0.0000 3.1101  
        vga_mouse_square:core/exs#4                                                                                                                                                 0.0000 3.1101  
        vga_mouse_square:core/exs#4.itm                                                                                                                                             0.0000 3.1101  
        vga_mouse_square:core/and#1                                 mgc_and_10_2                                                                                                    0.2625 3.3726  
        vga_mouse_square:core/and#1.itm                                                                                                                                             0.0000 3.3726  
        vga_mouse_square:core/reg(video_out:rsc:mgc_out_stdreg.d)#2 mgc_reg_pos_10_1_0_0_0_1_1                                                                                      0.0000 3.3726  
                                                                                                                                                                                                   
      3                                                             vga_mouse_square:core/vga_xy:rsc:mgc_in_wire.d      vga_mouse_square:core/reg(video_out:rsc:mgc_out_stdreg.d)#2 3.3726 16.6274 
                                                                                                                                                                                                   
        Instance                                                    Component                                                                                                       Delta  Delay   
        --------                                                    ---------                                                                                                       -----  -----   
        vga_mouse_square:core/vga_xy:rsc:mgc_in_wire.d                                                                                                                              0.0000 0.0000  
        vga_mouse_square:core/slc(vga_xy:rsc:mgc_in_wire.d)                                                                                                                         0.0000 0.0000  
        vga_mouse_square:core/slc(vga_xy:rsc:mgc_in_wire.d).itm                                                                                                                     0.0000 0.0000  
        vga_mouse_square:core/vga_y:not                             mgc_not_10                                                                                                      0.0000 0.0000  
        vga_mouse_square:core/vga_y:not.itm                                                                                                                                         0.0000 0.0000  
        vga_mouse_square:core/conc#13                                                                                                                                               0.0000 0.0000  
        vga_mouse_square:core/conc#13.itm                                                                                                                                           0.0000 0.0000  
        vga_mouse_square:core/if:acc#7                              mgc_add_11_0_11_0_12                                                                                            1.3684 1.3684  
        vga_mouse_square:core/if:acc#7.itm                                                                                                                                          0.0000 1.3684  
        vga_mouse_square:core/if:slc#3                                                                                                                                              0.0000 1.3684  
        vga_mouse_square:core/if:slc#3.itm                                                                                                                                          0.0000 1.3684  
        vga_mouse_square:core/if:acc#3                              mgc_add_11_0_11_1_12                                                                                            1.2059 2.5743  
        vga_mouse_square:core/if:acc#3.itm                                                                                                                                          0.0000 2.5743  
        vga_mouse_square:core/aif#3:slc                                                                                                                                             0.0000 2.5743  
        vga_mouse_square:core/aif#3:slc.itm                                                                                                                                         0.0000 2.5743  
        vga_mouse_square:core/or                                    mgc_or_1_4                                                                                                      0.5358 3.1101  
        vga_mouse_square:core/or.itm                                                                                                                                                0.0000 3.1101  
        vga_mouse_square:core/exs#2                                                                                                                                                 0.0000 3.1101  
        vga_mouse_square:core/exs#3                                                                                                                                                 0.0000 3.1101  
        vga_mouse_square:core/slc(exs#3)#1                                                                                                                                          0.0000 3.1101  
        vga_mouse_square:core/slc(exs#3)#1.itm                                                                                                                                      0.0000 3.1101  
        vga_mouse_square:core/exs#4                                                                                                                                                 0.0000 3.1101  
        vga_mouse_square:core/exs#4.itm                                                                                                                                             0.0000 3.1101  
        vga_mouse_square:core/and#1                                 mgc_and_10_2                                                                                                    0.2625 3.3726  
        vga_mouse_square:core/and#1.itm                                                                                                                                             0.0000 3.3726  
        vga_mouse_square:core/reg(video_out:rsc:mgc_out_stdreg.d)#2 mgc_reg_pos_10_1_0_0_0_1_1                                                                                      0.0000 3.3726  
                                                                                                                                                                                                   
      4                                                             vga_mouse_square:core/mouse_xy:rsc:mgc_in_wire.d    vga_mouse_square:core/reg(video_out:rsc:mgc_out_stdreg.d)#2 3.3726 16.6274 
                                                                                                                                                                                                   
        Instance                                                    Component                                                                                                       Delta  Delay   
        --------                                                    ---------                                                                                                       -----  -----   
        vga_mouse_square:core/mouse_xy:rsc:mgc_in_wire.d                                                                                                                            0.0000 0.0000  
        vga_mouse_square:core/slc(mouse_xy:rsc:mgc_in_wire.d)#1                                                                                                                     0.0000 0.0000  
        vga_mouse_square:core/slc(mouse_xy:rsc:mgc_in_wire.d)#1.itm                                                                                                                 0.0000 0.0000  
        vga_mouse_square:core/conc#18                                                                                                                                               0.0000 0.0000  
        vga_mouse_square:core/conc#18.itm                                                                                                                                           0.0000 0.0000  
        vga_mouse_square:core/if:acc#5                              mgc_add_11_0_11_0_12                                                                                            1.3684 1.3684  
        vga_mouse_square:core/if:acc#5.itm                                                                                                                                          0.0000 1.3684  
        vga_mouse_square:core/if:slc#1                                                                                                                                              0.0000 1.3684  
        vga_mouse_square:core/if:slc#1.itm                                                                                                                                          0.0000 1.3684  
        vga_mouse_square:core/if:acc#1                              mgc_add_11_0_11_1_12                                                                                            1.2059 2.5743  
        vga_mouse_square:core/if:acc#1.itm                                                                                                                                          0.0000 2.5743  
        vga_mouse_square:core/aif:slc                                                                                                                                               0.0000 2.5743  
        vga_mouse_square:core/aif:slc.itm                                                                                                                                           0.0000 2.5743  
        vga_mouse_square:core/or                                    mgc_or_1_4                                                                                                      0.5358 3.1101  
        vga_mouse_square:core/or.itm                                                                                                                                                0.0000 3.1101  
        vga_mouse_square:core/exs#2                                                                                                                                                 0.0000 3.1101  
        vga_mouse_square:core/exs#3                                                                                                                                                 0.0000 3.1101  
        vga_mouse_square:core/slc(exs#3)#1                                                                                                                                          0.0000 3.1101  
        vga_mouse_square:core/slc(exs#3)#1.itm                                                                                                                                      0.0000 3.1101  
        vga_mouse_square:core/exs#4                                                                                                                                                 0.0000 3.1101  
        vga_mouse_square:core/exs#4.itm                                                                                                                                             0.0000 3.1101  
        vga_mouse_square:core/and#1                                 mgc_and_10_2                                                                                                    0.2625 3.3726  
        vga_mouse_square:core/and#1.itm                                                                                                                                             0.0000 3.3726  
        vga_mouse_square:core/reg(video_out:rsc:mgc_out_stdreg.d)#2 mgc_reg_pos_10_1_0_0_0_1_1                                                                                      0.0000 3.3726  
                                                                                                                                                                                                   
      5                                                             vga_mouse_square:core/vga_xy:rsc:mgc_in_wire.d      vga_mouse_square:core/reg(video_out:rsc:mgc_out_stdreg.d)#2 3.3726 16.6274 
                                                                                                                                                                                                   
        Instance                                                    Component                                                                                                       Delta  Delay   
        --------                                                    ---------                                                                                                       -----  -----   
        vga_mouse_square:core/vga_xy:rsc:mgc_in_wire.d                                                                                                                              0.0000 0.0000  
        vga_mouse_square:core/slc(vga_xy:rsc:mgc_in_wire.d)#3                                                                                                                       0.0000 0.0000  
        vga_mouse_square:core/slc(vga_xy:rsc:mgc_in_wire.d)#3.itm                                                                                                                   0.0000 0.0000  
        vga_mouse_square:core/conc#21                                                                                                                                               0.0000 0.0000  
        vga_mouse_square:core/conc#21.itm                                                                                                                                           0.0000 0.0000  
        vga_mouse_square:core/if:acc#4                              mgc_add_11_0_11_0_12                                                                                            1.3684 1.3684  
        vga_mouse_square:core/if:acc#4.itm                                                                                                                                          0.0000 1.3684  
        vga_mouse_square:core/if:slc                                                                                                                                                0.0000 1.3684  
        vga_mouse_square:core/if:slc.itm                                                                                                                                            0.0000 1.3684  
        vga_mouse_square:core/if:acc                                mgc_add_11_0_11_1_12                                                                                            1.2059 2.5743  
        vga_mouse_square:core/if:acc.itm                                                                                                                                            0.0000 2.5743  
        vga_mouse_square:core/slc                                                                                                                                                   0.0000 2.5743  
        vga_mouse_square:core/slc.itm                                                                                                                                               0.0000 2.5743  
        vga_mouse_square:core/or                                    mgc_or_1_4                                                                                                      0.5358 3.1101  
        vga_mouse_square:core/or.itm                                                                                                                                                0.0000 3.1101  
        vga_mouse_square:core/exs#2                                                                                                                                                 0.0000 3.1101  
        vga_mouse_square:core/exs#3                                                                                                                                                 0.0000 3.1101  
        vga_mouse_square:core/slc(exs#3)#1                                                                                                                                          0.0000 3.1101  
        vga_mouse_square:core/slc(exs#3)#1.itm                                                                                                                                      0.0000 3.1101  
        vga_mouse_square:core/exs#4                                                                                                                                                 0.0000 3.1101  
        vga_mouse_square:core/exs#4.itm                                                                                                                                             0.0000 3.1101  
        vga_mouse_square:core/and#1                                 mgc_and_10_2                                                                                                    0.2625 3.3726  
        vga_mouse_square:core/and#1.itm                                                                                                                                             0.0000 3.3726  
        vga_mouse_square:core/reg(video_out:rsc:mgc_out_stdreg.d)#2 mgc_reg_pos_10_1_0_0_0_1_1                                                                                      0.0000 3.3726  
                                                                                                                                                                                                   
      6                                                             vga_mouse_square:core/vga_xy:rsc:mgc_in_wire.d      vga_mouse_square:core/reg(video_out:rsc:mgc_out_stdreg.d)#2 3.3726 16.6274 
                                                                                                                                                                                                   
        Instance                                                    Component                                                                                                       Delta  Delay   
        --------                                                    ---------                                                                                                       -----  -----   
        vga_mouse_square:core/vga_xy:rsc:mgc_in_wire.d                                                                                                                              0.0000 0.0000  
        vga_mouse_square:core/slc(vga_xy:rsc:mgc_in_wire.d)#1                                                                                                                       0.0000 0.0000  
        vga_mouse_square:core/slc(vga_xy:rsc:mgc_in_wire.d)#1.itm                                                                                                                   0.0000 0.0000  
        vga_mouse_square:core/vga_x:not                             mgc_not_10                                                                                                      0.0000 0.0000  
        vga_mouse_square:core/vga_x:not.itm                                                                                                                                         0.0000 0.0000  
        vga_mouse_square:core/conc#19                                                                                                                                               0.0000 0.0000  
        vga_mouse_square:core/conc#19.itm                                                                                                                                           0.0000 0.0000  
        vga_mouse_square:core/if:acc#5                              mgc_add_11_0_11_0_12                                                                                            1.3684 1.3684  
        vga_mouse_square:core/if:acc#5.itm                                                                                                                                          0.0000 1.3684  
        vga_mouse_square:core/if:slc#1                                                                                                                                              0.0000 1.3684  
        vga_mouse_square:core/if:slc#1.itm                                                                                                                                          0.0000 1.3684  
        vga_mouse_square:core/if:acc#1                              mgc_add_11_0_11_1_12                                                                                            1.2059 2.5743  
        vga_mouse_square:core/if:acc#1.itm                                                                                                                                          0.0000 2.5743  
        vga_mouse_square:core/aif:slc                                                                                                                                               0.0000 2.5743  
        vga_mouse_square:core/aif:slc.itm                                                                                                                                           0.0000 2.5743  
        vga_mouse_square:core/or                                    mgc_or_1_4                                                                                                      0.5358 3.1101  
        vga_mouse_square:core/or.itm                                                                                                                                                0.0000 3.1101  
        vga_mouse_square:core/exs#2                                                                                                                                                 0.0000 3.1101  
        vga_mouse_square:core/exs#3                                                                                                                                                 0.0000 3.1101  
        vga_mouse_square:core/slc(exs#3)#1                                                                                                                                          0.0000 3.1101  
        vga_mouse_square:core/slc(exs#3)#1.itm                                                                                                                                      0.0000 3.1101  
        vga_mouse_square:core/exs#4                                                                                                                                                 0.0000 3.1101  
        vga_mouse_square:core/exs#4.itm                                                                                                                                             0.0000 3.1101  
        vga_mouse_square:core/and#1                                 mgc_and_10_2                                                                                                    0.2625 3.3726  
        vga_mouse_square:core/and#1.itm                                                                                                                                             0.0000 3.3726  
        vga_mouse_square:core/reg(video_out:rsc:mgc_out_stdreg.d)#2 mgc_reg_pos_10_1_0_0_0_1_1                                                                                      0.0000 3.3726  
                                                                                                                                                                                                   
      7                                                             vga_mouse_square:core/vga_xy:rsc:mgc_in_wire.d      vga_mouse_square:core/reg(video_out:rsc:mgc_out_stdreg.d)#2 3.3726 16.6274 
                                                                                                                                                                                                   
        Instance                                                    Component                                                                                                       Delta  Delay   
        --------                                                    ---------                                                                                                       -----  -----   
        vga_mouse_square:core/vga_xy:rsc:mgc_in_wire.d                                                                                                                              0.0000 0.0000  
        vga_mouse_square:core/slc(vga_xy:rsc:mgc_in_wire.d)#2                                                                                                                       0.0000 0.0000  
        vga_mouse_square:core/slc(vga_xy:rsc:mgc_in_wire.d)#2.itm                                                                                                                   0.0000 0.0000  
        vga_mouse_square:core/conc#15                                                                                                                                               0.0000 0.0000  
        vga_mouse_square:core/conc#15.itm                                                                                                                                           0.0000 0.0000  
        vga_mouse_square:core/if:acc#6                              mgc_add_11_0_11_0_12                                                                                            1.3684 1.3684  
        vga_mouse_square:core/if:acc#6.itm                                                                                                                                          0.0000 1.3684  
        vga_mouse_square:core/if:slc#2                                                                                                                                              0.0000 1.3684  
        vga_mouse_square:core/if:slc#2.itm                                                                                                                                          0.0000 1.3684  
        vga_mouse_square:core/if:acc#2                              mgc_add_11_0_11_1_12                                                                                            1.2059 2.5743  
        vga_mouse_square:core/if:acc#2.itm                                                                                                                                          0.0000 2.5743  
        vga_mouse_square:core/aif#1:slc                                                                                                                                             0.0000 2.5743  
        vga_mouse_square:core/aif#1:slc.itm                                                                                                                                         0.0000 2.5743  
        vga_mouse_square:core/or                                    mgc_or_1_4                                                                                                      0.5358 3.1101  
        vga_mouse_square:core/or.itm                                                                                                                                                0.0000 3.1101  
        vga_mouse_square:core/exs#2                                                                                                                                                 0.0000 3.1101  
        vga_mouse_square:core/exs#3                                                                                                                                                 0.0000 3.1101  
        vga_mouse_square:core/slc(exs#3)#1                                                                                                                                          0.0000 3.1101  
        vga_mouse_square:core/slc(exs#3)#1.itm                                                                                                                                      0.0000 3.1101  
        vga_mouse_square:core/exs#4                                                                                                                                                 0.0000 3.1101  
        vga_mouse_square:core/exs#4.itm                                                                                                                                             0.0000 3.1101  
        vga_mouse_square:core/and#1                                 mgc_and_10_2                                                                                                    0.2625 3.3726  
        vga_mouse_square:core/and#1.itm                                                                                                                                             0.0000 3.3726  
        vga_mouse_square:core/reg(video_out:rsc:mgc_out_stdreg.d)#2 mgc_reg_pos_10_1_0_0_0_1_1                                                                                      0.0000 3.3726  
                                                                                                                                                                                                   
      8                                                             vga_mouse_square:core/mouse_xy:rsc:mgc_in_wire.d    vga_mouse_square:core/reg(video_out:rsc:mgc_out_stdreg.d)#2 3.3726 16.6274 
                                                                                                                                                                                                   
        Instance                                                    Component                                                                                                       Delta  Delay   
        --------                                                    ---------                                                                                                       -----  -----   
        vga_mouse_square:core/mouse_xy:rsc:mgc_in_wire.d                                                                                                                            0.0000 0.0000  
        vga_mouse_square:core/slc(mouse_xy:rsc:mgc_in_wire.d)#3                                                                                                                     0.0000 0.0000  
        vga_mouse_square:core/slc(mouse_xy:rsc:mgc_in_wire.d)#3.itm                                                                                                                 0.0000 0.0000  
        vga_mouse_square:core/mouse_x:not                           mgc_not_10                                                                                                      0.0000 0.0000  
        vga_mouse_square:core/mouse_x:not.itm                                                                                                                                       0.0000 0.0000  
        vga_mouse_square:core/conc#22                                                                                                                                               0.0000 0.0000  
        vga_mouse_square:core/conc#22.itm                                                                                                                                           0.0000 0.0000  
        vga_mouse_square:core/if:acc#4                              mgc_add_11_0_11_0_12                                                                                            1.3684 1.3684  
        vga_mouse_square:core/if:acc#4.itm                                                                                                                                          0.0000 1.3684  
        vga_mouse_square:core/if:slc                                                                                                                                                0.0000 1.3684  
        vga_mouse_square:core/if:slc.itm                                                                                                                                            0.0000 1.3684  
        vga_mouse_square:core/if:acc                                mgc_add_11_0_11_1_12                                                                                            1.2059 2.5743  
        vga_mouse_square:core/if:acc.itm                                                                                                                                            0.0000 2.5743  
        vga_mouse_square:core/slc                                                                                                                                                   0.0000 2.5743  
        vga_mouse_square:core/slc.itm                                                                                                                                               0.0000 2.5743  
        vga_mouse_square:core/or                                    mgc_or_1_4                                                                                                      0.5358 3.1101  
        vga_mouse_square:core/or.itm                                                                                                                                                0.0000 3.1101  
        vga_mouse_square:core/exs#2                                                                                                                                                 0.0000 3.1101  
        vga_mouse_square:core/exs#3                                                                                                                                                 0.0000 3.1101  
        vga_mouse_square:core/slc(exs#3)#1                                                                                                                                          0.0000 3.1101  
        vga_mouse_square:core/slc(exs#3)#1.itm                                                                                                                                      0.0000 3.1101  
        vga_mouse_square:core/exs#4                                                                                                                                                 0.0000 3.1101  
        vga_mouse_square:core/exs#4.itm                                                                                                                                             0.0000 3.1101  
        vga_mouse_square:core/and#1                                 mgc_and_10_2                                                                                                    0.2625 3.3726  
        vga_mouse_square:core/and#1.itm                                                                                                                                             0.0000 3.3726  
        vga_mouse_square:core/reg(video_out:rsc:mgc_out_stdreg.d)#2 mgc_reg_pos_10_1_0_0_0_1_1                                                                                      0.0000 3.3726  
                                                                                                                                                                                                   
      9                                                             vga_mouse_square:core/mouse_xy:rsc:mgc_in_wire.d    vga_mouse_square:core/reg(video_out:rsc:mgc_out_stdreg.d)#2 3.3726 16.6274 
                                                                                                                                                                                                   
        Instance                                                    Component                                                                                                       Delta  Delay   
        --------                                                    ---------                                                                                                       -----  -----   
        vga_mouse_square:core/mouse_xy:rsc:mgc_in_wire.d                                                                                                                            0.0000 0.0000  
        vga_mouse_square:core/slc(mouse_xy:rsc:mgc_in_wire.d)#2                                                                                                                     0.0000 0.0000  
        vga_mouse_square:core/slc(mouse_xy:rsc:mgc_in_wire.d)#2.itm                                                                                                                 0.0000 0.0000  
        vga_mouse_square:core/mouse_y:not                           mgc_not_10                                                                                                      0.0000 0.0000  
        vga_mouse_square:core/mouse_y:not.itm                                                                                                                                       0.0000 0.0000  
        vga_mouse_square:core/conc#16                                                                                                                                               0.0000 0.0000  
        vga_mouse_square:core/conc#16.itm                                                                                                                                           0.0000 0.0000  
        vga_mouse_square:core/if:acc#6                              mgc_add_11_0_11_0_12                                                                                            1.3684 1.3684  
        vga_mouse_square:core/if:acc#6.itm                                                                                                                                          0.0000 1.3684  
        vga_mouse_square:core/if:slc#2                                                                                                                                              0.0000 1.3684  
        vga_mouse_square:core/if:slc#2.itm                                                                                                                                          0.0000 1.3684  
        vga_mouse_square:core/if:acc#2                              mgc_add_11_0_11_1_12                                                                                            1.2059 2.5743  
        vga_mouse_square:core/if:acc#2.itm                                                                                                                                          0.0000 2.5743  
        vga_mouse_square:core/aif#1:slc                                                                                                                                             0.0000 2.5743  
        vga_mouse_square:core/aif#1:slc.itm                                                                                                                                         0.0000 2.5743  
        vga_mouse_square:core/or                                    mgc_or_1_4                                                                                                      0.5358 3.1101  
        vga_mouse_square:core/or.itm                                                                                                                                                0.0000 3.1101  
        vga_mouse_square:core/exs#2                                                                                                                                                 0.0000 3.1101  
        vga_mouse_square:core/exs#3                                                                                                                                                 0.0000 3.1101  
        vga_mouse_square:core/slc(exs#3)#1                                                                                                                                          0.0000 3.1101  
        vga_mouse_square:core/slc(exs#3)#1.itm                                                                                                                                      0.0000 3.1101  
        vga_mouse_square:core/exs#4                                                                                                                                                 0.0000 3.1101  
        vga_mouse_square:core/exs#4.itm                                                                                                                                             0.0000 3.1101  
        vga_mouse_square:core/and#1                                 mgc_and_10_2                                                                                                    0.2625 3.3726  
        vga_mouse_square:core/and#1.itm                                                                                                                                             0.0000 3.3726  
        vga_mouse_square:core/reg(video_out:rsc:mgc_out_stdreg.d)#2 mgc_reg_pos_10_1_0_0_0_1_1                                                                                      0.0000 3.3726  
                                                                                                                                                                                                   
      10                                                            vga_mouse_square:core/cursor_size:rsc:mgc_in_wire.d vga_mouse_square:core/reg(video_out:rsc:mgc_out_stdreg.d)#2 2.0042 17.9958 
                                                                                                                                                                                                   
        Instance                                                    Component                                                                                                       Delta  Delay   
        --------                                                    ---------                                                                                                       -----  -----   
        vga_mouse_square:core/cursor_size:rsc:mgc_in_wire.d                                                                                                                         0.0000 0.0000  
        vga_mouse_square:core/conc#20                                                                                                                                               0.0000 0.0000  
        vga_mouse_square:core/conc#20.itm                                                                                                                                           0.0000 0.0000  
        vga_mouse_square:core/if:acc#1                              mgc_add_11_0_11_1_12                                                                                            1.2059 1.2059  
        vga_mouse_square:core/if:acc#1.itm                                                                                                                                          0.0000 1.2059  
        vga_mouse_square:core/aif:slc                                                                                                                                               0.0000 1.2059  
        vga_mouse_square:core/aif:slc.itm                                                                                                                                           0.0000 1.2059  
        vga_mouse_square:core/or                                    mgc_or_1_4                                                                                                      0.5358 1.7417  
        vga_mouse_square:core/or.itm                                                                                                                                                0.0000 1.7417  
        vga_mouse_square:core/exs#2                                                                                                                                                 0.0000 1.7417  
        vga_mouse_square:core/exs#3                                                                                                                                                 0.0000 1.7417  
        vga_mouse_square:core/slc(exs#3)#1                                                                                                                                          0.0000 1.7417  
        vga_mouse_square:core/slc(exs#3)#1.itm                                                                                                                                      0.0000 1.7417  
        vga_mouse_square:core/exs#4                                                                                                                                                 0.0000 1.7417  
        vga_mouse_square:core/exs#4.itm                                                                                                                                             0.0000 1.7417  
        vga_mouse_square:core/and#1                                 mgc_and_10_2                                                                                                    0.2625 2.0042  
        vga_mouse_square:core/and#1.itm                                                                                                                                             0.0000 2.0042  
        vga_mouse_square:core/reg(video_out:rsc:mgc_out_stdreg.d)#2 mgc_reg_pos_10_1_0_0_0_1_1                                                                                      0.0000 2.0042  
                                                                                                                                                                                                   
      
    Register Input and Register-to-Output Slack
      Clock period or pin-to-reg delay constraint (clk): 20.0
      Clock uncertainty constraint (clk)               : 0.0
      
      Instance                                                    Port                                    Slack (Delay) Messages 
      ----------------------------------------------------------- ------------------------------------- ------- ------- --------
      vga_mouse_square:core/reg(video_out:rsc:mgc_out_stdreg.d)   and.itm                               16.6274  3.3726          
      vga_mouse_square:core/reg(video_out:rsc:mgc_out_stdreg.d)#1 slc(video_in:rsc:mgc_in_wire.d)#1.itm 20.0000  0.0000          
      vga_mouse_square:core/reg(video_out:rsc:mgc_out_stdreg.d)#2 and#1.itm                             16.6274  3.3726          
      vga_mouse_square                                            video_out:rsc.z                       20.0000  0.0000          
      
  Operator Bitwidth Summary
    Operation  Size (bits) Count 
    ---------- ----------- -----
    add                          
    -                   12     8 
    and                          
    -                    2     2 
    not                          
    -                   10     4 
    or                           
    -                    4     1 
    read_port                    
    -                   30     1 
    -                   20     2 
    -                    8     1 
    reg                          
    -                   10     3 
    write_port                   
    -                   30     1 
    
  End of Report
