//  Catapult University Version 2011a.126 (Production Release) Wed Aug  8 00:52:07 PDT 2012
//  
//  Copyright (c) Calypto Design Systems, Inc., 1996-2012, All Rights Reserved.
//                       UNPUBLISHED, LICENSED SOFTWARE.
//            CONFIDENTIAL AND PROPRIETARY INFORMATION WHICH IS THE
//          PROPERTY OF CALYPTO DESIGN SYSTEMS OR ITS LICENSORS
//  
//  Running on Windows 7 nn1114@EEWS104A-002 Service Pack 1 6.01.7601 i686
//  
//  Package information: SIFLIBS v17.0_1.1, HLS_PKGS v17.0_1.1, 
//                       DesignPad v2.78_0.0
//  
//  This version may only be used for academic purposes.  Some optimizations 
//  are disabled, so results obtained from this version may be sub-optimal.
//  
//  Start time Wed May 13 10:22:59 2015
# -------------------------------------------------
# Logging session transcript to file "C:\Users\nn1114\AppData\Local\Temp\log54242422ab8.0"
# Loading options from registry.
# Warning: set_working_dir: Directory 'C:/Windows/System32' not writable, using C:/Users/nn1114/AppData/Local/Temp
project load {H:/LAB/FINAL PROJECT/PROJECT/FINAL PROJECT/catapult_proj/vga_mouse/vga.ccs}
# Moving session transcript to file "H:\LAB\FINAL PROJECT\PROJECT\FINAL PROJECT\catapult_proj\vga_mouse\catapult.log"
# Reading component library '$MGC_HOME\pkgs\siflibs\mgc_busdefs.lib' [mgc_busdefs]... (LIB-49)
# Reading component library '$MGC_HOME\pkgs\siflibs\stdops.lib' [STDOPS]... (LIB-49)
# Reading component library '$MGC_HOME\pkgs\siflibs\mgc_ioport.lib' [mgc_ioport]... (LIB-49)
# Reading component library '$MGC_HOME\pkgs\ccs_altera\Altera_accel_CycloneIII.lib' [Altera_accel_CycloneIII]... (LIB-49)
# Reading component library '$MGC_HOME\pkgs\siflibs\psr2010a_up2\mgc_Altera-Cyclone-III-6_beh_psr.lib' [mgc_Altera-Cyclone-III-6_beh_psr]... (LIB-49)
go analyze
directive set -CLOCKS {clk {-CLOCK_PERIOD 37.037037037 -CLOCK_EDGE rising -CLOCK_HIGH_TIME 18.52 -CLOCK_OFFSET 0.000000 -CLOCK_UNCERTAINTY 0.0 -RESET_KIND async -RESET_SYNC_NAME rst -RESET_SYNC_ACTIVE high -RESET_ASYNC_NAME arst_n -RESET_ASYNC_ACTIVE low -ENABLE_NAME en -ENABLE_ACTIVE high}}
# Info: Branching solution 'solution.v1' at state 'analyze' (PRJ-2)
# /CLOCKS {clk {-CLOCK_PERIOD 37.037037037 -CLOCK_EDGE rising -CLOCK_UNCERTAINTY 0.0 -CLOCK_HIGH_TIME 18.52 -RESET_SYNC_NAME rst -RESET_ASYNC_NAME arst_n -RESET_KIND async -RESET_SYNC_ACTIVE high -RESET_ASYNC_ACTIVE low -ENABLE_NAME en -ENABLE_ACTIVE high}}
go compile
# Info: Starting transformation 'compile' on solution 'solution.v1' (SOL-8)
# Generating synthesis internal form... (CIN-3)
# H:/lab project/student_files_2015/prj2/catapult_proj/vga_mouse/vga_mouse_square.c(46): Found top design routine 'vga_mouse_square' specified by directive (CIN-52)
# H:/lab project/student_files_2015/prj2/catapult_proj/vga_mouse/vga_mouse_square.c(46): Synthesizing routine 'vga_mouse_square' (CIN-13)
# H:/lab project/student_files_2015/prj2/catapult_proj/vga_mouse/vga_mouse_square.c(46): Inlining routine 'vga_mouse_square' (CIN-14)
# H:/lab project/student_files_2015/prj2/catapult_proj/vga_mouse/vga_mouse_square.c(46): Optimizing block '/vga_mouse_square' ... (CIN-4)
# H:/lab project/student_files_2015/prj2/catapult_proj/vga_mouse/vga_mouse_square.c(46): Inout port 'vga_xy' is only used as an input. (OPT-10)
# H:/lab project/student_files_2015/prj2/catapult_proj/vga_mouse/vga_mouse_square.c(46): Inout port 'mouse_xy' is only used as an input. (OPT-10)
# H:/lab project/student_files_2015/prj2/catapult_proj/vga_mouse/vga_mouse_square.c(47): Inout port 'video_in' is only used as an input. (OPT-10)
# H:/lab project/student_files_2015/prj2/catapult_proj/vga_mouse/vga_mouse_square.c(47): Inout port 'video_out' is only used as an output. (OPT-11)
# Info: Optimizing partition '/vga_mouse_square': (Total ops = 100, Real ops = 22, Vars = 33) (SOL-10)
# Info: Optimizing partition '/vga_mouse_square/core': (Total ops = 100, Real ops = 22, Vars = 28) (SOL-10)
# Info: Optimizing partition '/vga_mouse_square/core': (Total ops = 100, Real ops = 22, Vars = 28) (SOL-10)
# Info: Optimizing partition '/vga_mouse_square': (Total ops = 100, Real ops = 22, Vars = 33) (SOL-10)
# Info: Optimizing partition '/vga_mouse_square': (Total ops = 100, Real ops = 22, Vars = 33) (SOL-10)
# Info: Optimizing partition '/vga_mouse_square/core': (Total ops = 100, Real ops = 22, Vars = 28) (SOL-10)
# Info: Optimizing partition '/vga_mouse_square/core': (Total ops = 74, Real ops = 18, Vars = 18) (SOL-10)
# Info: Optimizing partition '/vga_mouse_square': (Total ops = 74, Real ops = 18, Vars = 23) (SOL-10)
# Info: Optimizing partition '/vga_mouse_square': (Total ops = 74, Real ops = 18, Vars = 23) (SOL-10)
# Info: Optimizing partition '/vga_mouse_square/core': (Total ops = 71, Real ops = 18, Vars = 21) (SOL-10)
# Info: Optimizing partition '/vga_mouse_square/core': (Total ops = 34, Real ops = 8, Vars = 14) (SOL-10)
# Info: Optimizing partition '/vga_mouse_square': (Total ops = 34, Real ops = 8, Vars = 19) (SOL-10)
# Info: Optimizing partition '/vga_mouse_square/core': (Total ops = 34, Real ops = 8, Vars = 14) (SOL-10)
# Info: Optimizing partition '/vga_mouse_square': (Total ops = 34, Real ops = 8, Vars = 19) (SOL-10)
# Info: Optimizing partition '/vga_mouse_square': (Total ops = 34, Real ops = 8, Vars = 19) (SOL-10)
# Info: Optimizing partition '/vga_mouse_square/core': (Total ops = 34, Real ops = 8, Vars = 14) (SOL-10)
# Info: Optimizing partition '/vga_mouse_square/core': (Total ops = 38, Real ops = 11, Vars = 16) (SOL-10)
# Info: Optimizing partition '/vga_mouse_square/core': (Total ops = 32, Real ops = 11, Vars = 15) (SOL-10)
# Info: Optimizing partition '/vga_mouse_square/core': (Total ops = 32, Real ops = 11, Vars = 12) (SOL-10)
# Info: Optimizing partition '/vga_mouse_square': (Total ops = 32, Real ops = 11, Vars = 17) (SOL-10)
# Info: Optimizing partition '/vga_mouse_square': (Total ops = 32, Real ops = 11, Vars = 17) (SOL-10)
# Info: Optimizing partition '/vga_mouse_square/core': (Total ops = 32, Real ops = 11, Vars = 12) (SOL-10)
# Design 'vga_mouse_square' was read (SOL-1)
# Info: Completed transformation 'compile' on solution 'vga_mouse_square.v2': elapsed time 0.62 seconds, memory usage 160384kB, peak memory usage 184068kB (SOL-9)
go extract
# Info: Starting transformation 'architect' on solution 'vga_mouse_square.v2' (SOL-8)
# H:/lab project/student_files_2015/prj2/catapult_proj/vga_mouse/vga_mouse_square.c(46): Loop '/vga_mouse_square/core/main' is left rolled. (LOOP-4)
# H:/lab project/student_files_2015/prj2/catapult_proj/vga_mouse/vga_mouse_square.c(46): I/O-Port inferred - resource 'vga_xy:rsc' (from var: vga_xy) mapped to 'mgc_ioport.mgc_in_wire' (size: 20). (MEM-2)
# H:/lab project/student_files_2015/prj2/catapult_proj/vga_mouse/vga_mouse_square.c(46): I/O-Port inferred - resource 'mouse_xy:rsc' (from var: mouse_xy) mapped to 'mgc_ioport.mgc_in_wire' (size: 20). (MEM-2)
# H:/lab project/student_files_2015/prj2/catapult_proj/vga_mouse/vga_mouse_square.c(46): I/O-Port inferred - resource 'cursor_size:rsc' (from var: cursor_size) mapped to 'mgc_ioport.mgc_in_wire' (size: 8). (MEM-2)
# H:/lab project/student_files_2015/prj2/catapult_proj/vga_mouse/vga_mouse_square.c(47): I/O-Port inferred - resource 'video_in:rsc' (from var: video_in) mapped to 'mgc_ioport.mgc_in_wire' (size: 30). (MEM-2)
# H:/lab project/student_files_2015/prj2/catapult_proj/vga_mouse/vga_mouse_square.c(47): I/O-Port inferred - resource 'video_out:rsc' (from var: video_out) mapped to 'mgc_ioport.mgc_out_stdreg' (size: 30). (MEM-2)
# Info: Optimizing partition '/vga_mouse_square': (Total ops = 41, Real ops = 12, Vars = 20) (SOL-10)
# Info: Optimizing partition '/vga_mouse_square/core': (Total ops = 41, Real ops = 12, Vars = 12) (SOL-10)
# Info: Optimizing partition '/vga_mouse_square/core': (Total ops = 38, Real ops = 12, Vars = 9) (SOL-10)
# Info: Optimizing partition '/vga_mouse_square': (Total ops = 38, Real ops = 12, Vars = 17) (SOL-10)
# Info: Optimizing partition '/vga_mouse_square': (Total ops = 38, Real ops = 12, Vars = 17) (SOL-10)
# Info: Optimizing partition '/vga_mouse_square/core': (Total ops = 38, Real ops = 12, Vars = 9) (SOL-10)
# Info: Optimizing partition '/vga_mouse_square/core': (Total ops = 108, Real ops = 20, Vars = 53) (SOL-10)
# Info: Optimizing partition '/vga_mouse_square/core': (Total ops = 46, Real ops = 20, Vars = 11) (SOL-10)
# Design 'vga_mouse_square' contains '24' real operations. (SOL-11)
# Info: Completed transformation 'architect' on solution 'vga_mouse_square.v2': elapsed time 1.06 seconds, memory usage 160936kB, peak memory usage 184068kB (SOL-9)
# Info: Starting transformation 'allocate' on solution 'vga_mouse_square.v2' (SOL-8)
# Performing concurrent resource allocation and scheduling on '/vga_mouse_square/core' (CRAAS-1)
# Info: Select qualified components for data operations ... (CRAAS-3)
# Info: Apply resource constraints on data operations ... (CRAAS-4)
# H:/lab project/student_files_2015/prj2/catapult_proj/vga_mouse/vga_mouse_square.c(46): Prescheduled LOOP 'main' (2 c-steps) (SCHD-7)
# H:/lab project/student_files_2015/prj2/catapult_proj/vga_mouse/vga_mouse_square.c(46): Prescheduled SEQUENTIAL 'core' (total length 2 c-steps) (SCHD-8)
# Info: Initial schedule of SEQUENTIAL 'core': Latency = 1, Area (Datapath, Register, Total) = 111.53, 0.00, 111.53 (CRAAS-11)
# At least one feasible schedule exists. (CRAAS-9)
# Info: Final schedule of SEQUENTIAL 'core': Latency = 1, Area (Datapath, Register, Total) = 111.53, 0.00, 111.53 (CRAAS-12)
# Resource allocation and scheduling done. (CRAAS-2)
# Netlist written to file 'schedule.gnt' (NET-4)
# Info: Completed transformation 'allocate' on solution 'vga_mouse_square.v2': elapsed time 0.14 seconds, memory usage 161236kB, peak memory usage 184068kB (SOL-9)
# Info: Starting transformation 'schedule' on solution 'vga_mouse_square.v2' (SOL-8)
# Performing concurrent resource allocation and scheduling on '/vga_mouse_square/core' (CRAAS-1)
# Warning: Cannot build distributed pipeline in process 'core' because of missing handshake for resource 'video_out:rsc' (SCHD-15)
# Global signal 'vga_xy:rsc.z' added to design 'vga_mouse_square' for component 'vga_xy:rsc:mgc_in_wire' (LIB-3)
# Global signal 'mouse_xy:rsc.z' added to design 'vga_mouse_square' for component 'mouse_xy:rsc:mgc_in_wire' (LIB-3)
# Global signal 'cursor_size:rsc.z' added to design 'vga_mouse_square' for component 'cursor_size:rsc:mgc_in_wire' (LIB-3)
# Global signal 'video_in:rsc.z' added to design 'vga_mouse_square' for component 'video_in:rsc:mgc_in_wire' (LIB-3)
# Global signal 'video_out:rsc.z' added to design 'vga_mouse_square' for component 'video_out:rsc:mgc_out_stdreg' (LIB-3)
# Info: Optimizing partition '/vga_mouse_square': (Total ops = 99, Real ops = 25, Vars = 38) (SOL-10)
# Info: Optimizing partition '/vga_mouse_square/vga_mouse_square:core': (Total ops = 80, Real ops = 24, Vars = 24) (SOL-10)
# Info: Optimizing partition '/vga_mouse_square/vga_mouse_square:core/core': (Total ops = 72, Real ops = 24, Vars = 16) (SOL-10)
# Info: Optimizing partition '/vga_mouse_square/vga_mouse_square:core/core': (Total ops = 65, Real ops = 24, Vars = 11) (SOL-10)
# Info: Optimizing partition '/vga_mouse_square': (Total ops = 91, Real ops = 24, Vars = 32) (SOL-10)
# Info: Optimizing partition '/vga_mouse_square/vga_mouse_square:core': (Total ops = 73, Real ops = 24, Vars = 19) (SOL-10)
# Info: Optimizing partition '/vga_mouse_square/vga_mouse_square:core/core': (Total ops = 65, Real ops = 24, Vars = 11) (SOL-10)
# Info: Optimizing partition '/vga_mouse_square': (Total ops = 91, Real ops = 24, Vars = 32) (SOL-10)
# Info: Optimizing partition '/vga_mouse_square/vga_mouse_square:core': (Total ops = 73, Real ops = 24, Vars = 19) (SOL-10)
# Report written to file 'cycle.rpt'
# Netlist written to file 'cycle.v' (NET-4)
# Info: Completed transformation 'schedule' on solution 'vga_mouse_square.v2': elapsed time 0.81 seconds, memory usage 162548kB, peak memory usage 184068kB (SOL-9)
# Info: Starting transformation 'dpfsm' on solution 'vga_mouse_square.v2' (SOL-8)
# Performing FSM extraction... (FSM-1)
# Info: Optimizing partition '/vga_mouse_square': (Total ops = 91, Real ops = 23, Vars = 74) (SOL-10)
# Info: Optimizing partition '/vga_mouse_square/vga_mouse_square:core': (Total ops = 73, Real ops = 23, Vars = 61) (SOL-10)
# Info: Optimizing partition '/vga_mouse_square': (Total ops = 93, Real ops = 23, Vars = 22) (SOL-10)
# Info: Optimizing partition '/vga_mouse_square/vga_mouse_square:core': (Total ops = 75, Real ops = 23, Vars = 9) (SOL-10)
# Info: Optimizing partition '/vga_mouse_square': (Total ops = 81, Real ops = 18, Vars = 25) (SOL-10)
# Info: Optimizing partition '/vga_mouse_square/vga_mouse_square:core': (Total ops = 63, Real ops = 18, Vars = 12) (SOL-10)
# Info: Optimizing partition '/vga_mouse_square': (Total ops = 81, Real ops = 18, Vars = 25) (SOL-10)
# Info: Optimizing partition '/vga_mouse_square/vga_mouse_square:core': (Total ops = 63, Real ops = 18, Vars = 12) (SOL-10)
# Info: Optimizing partition '/vga_mouse_square/vga_mouse_square:core': (Total ops = 63, Real ops = 18, Vars = 12) (SOL-10)
# Info: Optimizing partition '/vga_mouse_square': (Total ops = 81, Real ops = 18, Vars = 25) (SOL-10)
# Info: Optimizing partition '/vga_mouse_square': (Total ops = 81, Real ops = 18, Vars = 25) (SOL-10)
# Info: Optimizing partition '/vga_mouse_square/vga_mouse_square:core': (Total ops = 63, Real ops = 18, Vars = 12) (SOL-10)
# Info: Optimizing partition '/vga_mouse_square': (Total ops = 81, Real ops = 18, Vars = 25) (SOL-10)
# Info: Optimizing partition '/vga_mouse_square/vga_mouse_square:core': (Total ops = 63, Real ops = 18, Vars = 12) (SOL-10)
# Info: Completed transformation 'dpfsm' on solution 'vga_mouse_square.v2': elapsed time 0.16 seconds, memory usage 162548kB, peak memory usage 184068kB (SOL-9)
# Info: Starting transformation 'extract' on solution 'vga_mouse_square.v2' (SOL-8)
# Info: Optimizing partition '/vga_mouse_square': (Total ops = 81, Real ops = 18, Vars = 75) (SOL-10)
# Info: Optimizing partition '/vga_mouse_square/vga_mouse_square:core': (Total ops = 63, Real ops = 18, Vars = 62) (SOL-10)
# Info: Optimizing partition '/vga_mouse_square': (Total ops = 81, Real ops = 18, Vars = 25) (SOL-10)
# Info: Optimizing partition '/vga_mouse_square/vga_mouse_square:core': (Total ops = 63, Real ops = 18, Vars = 12) (SOL-10)
# Info: Optimizing partition '/vga_mouse_square': (Total ops = 81, Real ops = 18, Vars = 25) (SOL-10)
# Info: Optimizing partition '/vga_mouse_square/vga_mouse_square:core': (Total ops = 63, Real ops = 18, Vars = 12) (SOL-10)
# Info: Optimizing partition '/vga_mouse_square/vga_mouse_square:core': (Total ops = 63, Real ops = 18, Vars = 12) (SOL-10)
# Info: Optimizing partition '/vga_mouse_square': (Total ops = 81, Real ops = 18, Vars = 25) (SOL-10)
# Info: Optimizing partition '/vga_mouse_square': (Total ops = 81, Real ops = 18, Vars = 25) (SOL-10)
# Info: Optimizing partition '/vga_mouse_square/vga_mouse_square:core': (Total ops = 63, Real ops = 18, Vars = 12) (SOL-10)
# Info: Optimizing partition '/vga_mouse_square': (Total ops = 81, Real ops = 18, Vars = 25) (SOL-10)
# Info: Optimizing partition '/vga_mouse_square/vga_mouse_square:core': (Total ops = 63, Real ops = 18, Vars = 12) (SOL-10)
# Info: Optimizing partition '/vga_mouse_square': (Total ops = 81, Real ops = 18, Vars = 75) (SOL-10)
# Info: Optimizing partition '/vga_mouse_square/vga_mouse_square:core': (Total ops = 63, Real ops = 18, Vars = 62) (SOL-10)
# Netlist written to file 'schematic.nlv' (NET-4)
# Info: Optimizing partition '/vga_mouse_square': (Total ops = 81, Real ops = 18, Vars = 75) (SOL-10)
# Info: Optimizing partition '/vga_mouse_square/vga_mouse_square:core': (Total ops = 63, Real ops = 18, Vars = 62) (SOL-10)
# Info: Optimizing partition '/vga_mouse_square': (Total ops = 78, Real ops = 18, Vars = 25) (SOL-10)
# Info: Optimizing partition '/vga_mouse_square/vga_mouse_square:core': (Total ops = 60, Real ops = 18, Vars = 12) (SOL-10)
# Info: Optimizing partition '/vga_mouse_square': (Total ops = 78, Real ops = 18, Vars = 25) (SOL-10)
# Info: Optimizing partition '/vga_mouse_square/vga_mouse_square:core': (Total ops = 60, Real ops = 18, Vars = 12) (SOL-10)
# Report written to file 'rtl.rpt'
# Netlist written to file 'rtl.v' (NET-4)
# generate concat
# order file name is: rtl.v_order.txt
# Add dependent file: ./rtl_mgc_ioport.v
# Add dependent file: ./rtl_mgc_ioport_v2001.v
# Add dependent file: ./rtl.v
# Finished writing concatenated file: H:/LAB/FINAL PROJECT/PROJECT/FINAL PROJECT/catapult_proj/vga_mouse/vga/vga_mouse_square.v2/concat_rtl.v
# Synthesis timing script written to file './rtl.v.psr_timing'
# IO timing constraints written to synthesis script file
# Synthesis script written to file 'rtl.v.psr'
# Info: Completed transformation 'extract' on solution 'vga_mouse_square.v2': elapsed time 1.83 seconds, memory usage 163624kB, peak memory usage 184068kB (SOL-9)
# File '$PROJECT_HOME/vga_mouse_square.c' saved
# Input file has changed
go new
solution file set {$PROJECT_HOME/vga_mouse_square.c} -updated
# Info: Branching solution 'solution.v1' at state 'new' (PRJ-2)
go analyze
# Info: Starting transformation 'analyze' on solution 'solution.v1' (SOL-8)
# Front End called with arguments: -- {H:\LAB\FINAL PROJECT\PROJECT\FINAL PROJECT\catapult_proj\vga_mouse\vga_mouse_square.c} (CIN-69)
# Edison Design Group C++/C Front End - Version 3.10.1 (CIN-1)
# $PROJECT_HOME/vga_mouse_square.c(45): Pragma 'hls_design<top>' detected on routine 'vga_mouse_square' (CIN-6)
# Source file analysis completed (CIN-68)
# Info: Completed transformation 'analyze' on solution 'solution.v1': elapsed time 1.02 seconds, memory usage 164404kB, peak memory usage 191872kB (SOL-9)
directive set -CLOCKS {clk {-CLOCK_PERIOD 37.037037037 -CLOCK_EDGE rising -CLOCK_HIGH_TIME 18.52 -CLOCK_OFFSET 0.000000 -CLOCK_UNCERTAINTY 0.0 -RESET_KIND async -RESET_SYNC_NAME rst -RESET_SYNC_ACTIVE high -RESET_ASYNC_NAME arst_n -RESET_ASYNC_ACTIVE low -ENABLE_NAME en -ENABLE_ACTIVE high}}
# /CLOCKS {clk {-CLOCK_PERIOD 37.037037037 -CLOCK_EDGE rising -CLOCK_UNCERTAINTY 0.0 -CLOCK_HIGH_TIME 18.52 -RESET_SYNC_NAME rst -RESET_ASYNC_NAME arst_n -RESET_KIND async -RESET_SYNC_ACTIVE high -RESET_ASYNC_ACTIVE low -ENABLE_NAME en -ENABLE_ACTIVE high}}
go compile
# Info: Starting transformation 'compile' on solution 'solution.v1' (SOL-8)
# Generating synthesis internal form... (CIN-3)
# $PROJECT_HOME/vga_mouse_square.c(46): Found top design routine 'vga_mouse_square' specified by directive (CIN-52)
# $PROJECT_HOME/vga_mouse_square.c(46): Synthesizing routine 'vga_mouse_square' (CIN-13)
# $PROJECT_HOME/vga_mouse_square.c(46): Inlining routine 'vga_mouse_square' (CIN-14)
# $PROJECT_HOME/vga_mouse_square.c(46): Optimizing block '/vga_mouse_square' ... (CIN-4)
# $PROJECT_HOME/vga_mouse_square.c(46): Inout port 'vga_xy' is only used as an input. (OPT-10)
# $PROJECT_HOME/vga_mouse_square.c(46): Inout port 'mouse_xy' is only used as an input. (OPT-10)
# $PROJECT_HOME/vga_mouse_square.c(47): Inout port 'video_in' is only used as an input. (OPT-10)
# $PROJECT_HOME/vga_mouse_square.c(47): Inout port 'video_out' is only used as an output. (OPT-11)
# Info: Optimizing partition '/vga_mouse_square': (Total ops = 102, Real ops = 23, Vars = 34) (SOL-10)
# Info: Optimizing partition '/vga_mouse_square/core': (Total ops = 102, Real ops = 23, Vars = 29) (SOL-10)
# Info: Optimizing partition '/vga_mouse_square/core': (Total ops = 102, Real ops = 23, Vars = 29) (SOL-10)
# Info: Optimizing partition '/vga_mouse_square': (Total ops = 102, Real ops = 23, Vars = 34) (SOL-10)
# Info: Optimizing partition '/vga_mouse_square': (Total ops = 102, Real ops = 23, Vars = 34) (SOL-10)
# Info: Optimizing partition '/vga_mouse_square/core': (Total ops = 102, Real ops = 23, Vars = 29) (SOL-10)
# Info: Optimizing partition '/vga_mouse_square/core': (Total ops = 76, Real ops = 19, Vars = 19) (SOL-10)
# Info: Optimizing partition '/vga_mouse_square': (Total ops = 76, Real ops = 19, Vars = 24) (SOL-10)
# Info: Optimizing partition '/vga_mouse_square': (Total ops = 76, Real ops = 19, Vars = 24) (SOL-10)
# Info: Optimizing partition '/vga_mouse_square/core': (Total ops = 73, Real ops = 19, Vars = 22) (SOL-10)
# Info: Optimizing partition '/vga_mouse_square/core': (Total ops = 35, Real ops = 9, Vars = 14) (SOL-10)
# Info: Optimizing partition '/vga_mouse_square': (Total ops = 35, Real ops = 9, Vars = 19) (SOL-10)
# Info: Optimizing partition '/vga_mouse_square/core': (Total ops = 35, Real ops = 9, Vars = 14) (SOL-10)
# Info: Optimizing partition '/vga_mouse_square': (Total ops = 35, Real ops = 9, Vars = 19) (SOL-10)
# Info: Optimizing partition '/vga_mouse_square': (Total ops = 35, Real ops = 9, Vars = 19) (SOL-10)
# Info: Optimizing partition '/vga_mouse_square/core': (Total ops = 35, Real ops = 9, Vars = 14) (SOL-10)
# Info: Optimizing partition '/vga_mouse_square/core': (Total ops = 39, Real ops = 12, Vars = 16) (SOL-10)
# Info: Optimizing partition '/vga_mouse_square/core': (Total ops = 33, Real ops = 12, Vars = 15) (SOL-10)
# Info: Optimizing partition '/vga_mouse_square/core': (Total ops = 33, Real ops = 12, Vars = 12) (SOL-10)
# Info: Optimizing partition '/vga_mouse_square': (Total ops = 33, Real ops = 12, Vars = 17) (SOL-10)
# Info: Optimizing partition '/vga_mouse_square': (Total ops = 33, Real ops = 12, Vars = 17) (SOL-10)
# Info: Optimizing partition '/vga_mouse_square/core': (Total ops = 33, Real ops = 12, Vars = 12) (SOL-10)
# Design 'vga_mouse_square' was read (SOL-1)
# Info: Completed transformation 'compile' on solution 'vga_mouse_square.v3': elapsed time 0.92 seconds, memory usage 169108kB, peak memory usage 191872kB (SOL-9)
options save
# Saving options to registry.
go extract
# Info: Starting transformation 'architect' on solution 'vga_mouse_square.v3' (SOL-8)
# $PROJECT_HOME/vga_mouse_square.c(46): Loop '/vga_mouse_square/core/main' is left rolled. (LOOP-4)
# $PROJECT_HOME/vga_mouse_square.c(46): I/O-Port inferred - resource 'vga_xy:rsc' (from var: vga_xy) mapped to 'mgc_ioport.mgc_in_wire' (size: 20). (MEM-2)
# $PROJECT_HOME/vga_mouse_square.c(46): I/O-Port inferred - resource 'mouse_xy:rsc' (from var: mouse_xy) mapped to 'mgc_ioport.mgc_in_wire' (size: 20). (MEM-2)
# $PROJECT_HOME/vga_mouse_square.c(46): I/O-Port inferred - resource 'cursor_size:rsc' (from var: cursor_size) mapped to 'mgc_ioport.mgc_in_wire' (size: 8). (MEM-2)
# $PROJECT_HOME/vga_mouse_square.c(47): I/O-Port inferred - resource 'video_in:rsc' (from var: video_in) mapped to 'mgc_ioport.mgc_in_wire' (size: 30). (MEM-2)
# $PROJECT_HOME/vga_mouse_square.c(47): I/O-Port inferred - resource 'video_out:rsc' (from var: video_out) mapped to 'mgc_ioport.mgc_out_stdreg' (size: 30). (MEM-2)
# Info: Optimizing partition '/vga_mouse_square': (Total ops = 42, Real ops = 13, Vars = 20) (SOL-10)
# Info: Optimizing partition '/vga_mouse_square/core': (Total ops = 42, Real ops = 13, Vars = 12) (SOL-10)
# Info: Optimizing partition '/vga_mouse_square/core': (Total ops = 38, Real ops = 12, Vars = 9) (SOL-10)
# Info: Optimizing partition '/vga_mouse_square': (Total ops = 38, Real ops = 12, Vars = 17) (SOL-10)
# Info: Optimizing partition '/vga_mouse_square': (Total ops = 38, Real ops = 12, Vars = 17) (SOL-10)
# Info: Optimizing partition '/vga_mouse_square/core': (Total ops = 38, Real ops = 12, Vars = 9) (SOL-10)
# Info: Optimizing partition '/vga_mouse_square/core': (Total ops = 108, Real ops = 20, Vars = 53) (SOL-10)
# Info: Optimizing partition '/vga_mouse_square/core': (Total ops = 46, Real ops = 20, Vars = 11) (SOL-10)
# Design 'vga_mouse_square' contains '24' real operations. (SOL-11)
# Info: Completed transformation 'architect' on solution 'vga_mouse_square.v3': elapsed time 1.62 seconds, memory usage 169492kB, peak memory usage 191872kB (SOL-9)
# Info: Starting transformation 'allocate' on solution 'vga_mouse_square.v3' (SOL-8)
# Performing concurrent resource allocation and scheduling on '/vga_mouse_square/core' (CRAAS-1)
# Info: Select qualified components for data operations ... (CRAAS-3)
# Info: Apply resource constraints on data operations ... (CRAAS-4)
# $PROJECT_HOME/vga_mouse_square.c(46): Prescheduled LOOP 'main' (2 c-steps) (SCHD-7)
# $PROJECT_HOME/vga_mouse_square.c(46): Prescheduled SEQUENTIAL 'core' (total length 2 c-steps) (SCHD-8)
# Info: Initial schedule of SEQUENTIAL 'core': Latency = 1, Area (Datapath, Register, Total) = 111.53, 0.00, 111.53 (CRAAS-11)
# At least one feasible schedule exists. (CRAAS-9)
# Info: Final schedule of SEQUENTIAL 'core': Latency = 1, Area (Datapath, Register, Total) = 111.53, 0.00, 111.53 (CRAAS-12)
# Resource allocation and scheduling done. (CRAAS-2)
# Netlist written to file 'schedule.gnt' (NET-4)
# Info: Completed transformation 'allocate' on solution 'vga_mouse_square.v3': elapsed time 0.14 seconds, memory usage 169848kB, peak memory usage 191872kB (SOL-9)
# Info: Starting transformation 'schedule' on solution 'vga_mouse_square.v3' (SOL-8)
# Performing concurrent resource allocation and scheduling on '/vga_mouse_square/core' (CRAAS-1)
# Warning: Cannot build distributed pipeline in process 'core' because of missing handshake for resource 'video_out:rsc' (SCHD-15)
# Global signal 'vga_xy:rsc.z' added to design 'vga_mouse_square' for component 'vga_xy:rsc:mgc_in_wire' (LIB-3)
# Global signal 'mouse_xy:rsc.z' added to design 'vga_mouse_square' for component 'mouse_xy:rsc:mgc_in_wire' (LIB-3)
# Global signal 'cursor_size:rsc.z' added to design 'vga_mouse_square' for component 'cursor_size:rsc:mgc_in_wire' (LIB-3)
# Global signal 'video_in:rsc.z' added to design 'vga_mouse_square' for component 'video_in:rsc:mgc_in_wire' (LIB-3)
# Global signal 'video_out:rsc.z' added to design 'vga_mouse_square' for component 'video_out:rsc:mgc_out_stdreg' (LIB-3)
# Info: Optimizing partition '/vga_mouse_square': (Total ops = 99, Real ops = 25, Vars = 38) (SOL-10)
# Info: Optimizing partition '/vga_mouse_square/vga_mouse_square:core': (Total ops = 80, Real ops = 24, Vars = 24) (SOL-10)
# Info: Optimizing partition '/vga_mouse_square/vga_mouse_square:core/core': (Total ops = 72, Real ops = 24, Vars = 16) (SOL-10)
# Info: Optimizing partition '/vga_mouse_square/vga_mouse_square:core/core': (Total ops = 65, Real ops = 24, Vars = 11) (SOL-10)
# Info: Optimizing partition '/vga_mouse_square': (Total ops = 91, Real ops = 24, Vars = 32) (SOL-10)
# Info: Optimizing partition '/vga_mouse_square/vga_mouse_square:core': (Total ops = 73, Real ops = 24, Vars = 19) (SOL-10)
# Info: Optimizing partition '/vga_mouse_square/vga_mouse_square:core/core': (Total ops = 65, Real ops = 24, Vars = 11) (SOL-10)
# Info: Optimizing partition '/vga_mouse_square': (Total ops = 91, Real ops = 24, Vars = 32) (SOL-10)
# Info: Optimizing partition '/vga_mouse_square/vga_mouse_square:core': (Total ops = 73, Real ops = 24, Vars = 19) (SOL-10)
# Report written to file 'cycle.rpt'
# Netlist written to file 'cycle.v' (NET-4)
# Info: Completed transformation 'schedule' on solution 'vga_mouse_square.v3': elapsed time 0.91 seconds, memory usage 171300kB, peak memory usage 191872kB (SOL-9)
# Info: Starting transformation 'dpfsm' on solution 'vga_mouse_square.v3' (SOL-8)
# Performing FSM extraction... (FSM-1)
# Info: Optimizing partition '/vga_mouse_square': (Total ops = 91, Real ops = 23, Vars = 74) (SOL-10)
# Info: Optimizing partition '/vga_mouse_square/vga_mouse_square:core': (Total ops = 73, Real ops = 23, Vars = 61) (SOL-10)
# Info: Optimizing partition '/vga_mouse_square': (Total ops = 93, Real ops = 23, Vars = 22) (SOL-10)
# Info: Optimizing partition '/vga_mouse_square/vga_mouse_square:core': (Total ops = 75, Real ops = 23, Vars = 9) (SOL-10)
# Info: Optimizing partition '/vga_mouse_square': (Total ops = 81, Real ops = 18, Vars = 25) (SOL-10)
# Info: Optimizing partition '/vga_mouse_square/vga_mouse_square:core': (Total ops = 63, Real ops = 18, Vars = 12) (SOL-10)
# Info: Optimizing partition '/vga_mouse_square': (Total ops = 81, Real ops = 18, Vars = 25) (SOL-10)
# Info: Optimizing partition '/vga_mouse_square/vga_mouse_square:core': (Total ops = 63, Real ops = 18, Vars = 12) (SOL-10)
# Info: Optimizing partition '/vga_mouse_square/vga_mouse_square:core': (Total ops = 63, Real ops = 18, Vars = 12) (SOL-10)
# Info: Optimizing partition '/vga_mouse_square': (Total ops = 81, Real ops = 18, Vars = 25) (SOL-10)
# Info: Optimizing partition '/vga_mouse_square': (Total ops = 81, Real ops = 18, Vars = 25) (SOL-10)
# Info: Optimizing partition '/vga_mouse_square/vga_mouse_square:core': (Total ops = 63, Real ops = 18, Vars = 12) (SOL-10)
# Info: Optimizing partition '/vga_mouse_square': (Total ops = 81, Real ops = 18, Vars = 25) (SOL-10)
# Info: Optimizing partition '/vga_mouse_square/vga_mouse_square:core': (Total ops = 63, Real ops = 18, Vars = 12) (SOL-10)
# Info: Completed transformation 'dpfsm' on solution 'vga_mouse_square.v3': elapsed time 0.16 seconds, memory usage 171300kB, peak memory usage 191872kB (SOL-9)
# Info: Starting transformation 'extract' on solution 'vga_mouse_square.v3' (SOL-8)
# Info: Optimizing partition '/vga_mouse_square': (Total ops = 81, Real ops = 18, Vars = 75) (SOL-10)
# Info: Optimizing partition '/vga_mouse_square/vga_mouse_square:core': (Total ops = 63, Real ops = 18, Vars = 62) (SOL-10)
# Info: Optimizing partition '/vga_mouse_square': (Total ops = 81, Real ops = 18, Vars = 25) (SOL-10)
# Info: Optimizing partition '/vga_mouse_square/vga_mouse_square:core': (Total ops = 63, Real ops = 18, Vars = 12) (SOL-10)
# Info: Optimizing partition '/vga_mouse_square': (Total ops = 81, Real ops = 18, Vars = 25) (SOL-10)
# Info: Optimizing partition '/vga_mouse_square/vga_mouse_square:core': (Total ops = 63, Real ops = 18, Vars = 12) (SOL-10)
# Info: Optimizing partition '/vga_mouse_square/vga_mouse_square:core': (Total ops = 63, Real ops = 18, Vars = 12) (SOL-10)
# Info: Optimizing partition '/vga_mouse_square': (Total ops = 81, Real ops = 18, Vars = 25) (SOL-10)
# Info: Optimizing partition '/vga_mouse_square': (Total ops = 81, Real ops = 18, Vars = 25) (SOL-10)
# Info: Optimizing partition '/vga_mouse_square/vga_mouse_square:core': (Total ops = 63, Real ops = 18, Vars = 12) (SOL-10)
# Info: Optimizing partition '/vga_mouse_square': (Total ops = 81, Real ops = 18, Vars = 25) (SOL-10)
# Info: Optimizing partition '/vga_mouse_square/vga_mouse_square:core': (Total ops = 63, Real ops = 18, Vars = 12) (SOL-10)
# Info: Optimizing partition '/vga_mouse_square': (Total ops = 81, Real ops = 18, Vars = 75) (SOL-10)
# Info: Optimizing partition '/vga_mouse_square/vga_mouse_square:core': (Total ops = 63, Real ops = 18, Vars = 62) (SOL-10)
# Netlist written to file 'schematic.nlv' (NET-4)
# Info: Optimizing partition '/vga_mouse_square': (Total ops = 81, Real ops = 18, Vars = 75) (SOL-10)
# Info: Optimizing partition '/vga_mouse_square/vga_mouse_square:core': (Total ops = 63, Real ops = 18, Vars = 62) (SOL-10)
# Info: Optimizing partition '/vga_mouse_square': (Total ops = 78, Real ops = 18, Vars = 25) (SOL-10)
# Info: Optimizing partition '/vga_mouse_square/vga_mouse_square:core': (Total ops = 60, Real ops = 18, Vars = 12) (SOL-10)
# Info: Optimizing partition '/vga_mouse_square': (Total ops = 78, Real ops = 18, Vars = 25) (SOL-10)
# Info: Optimizing partition '/vga_mouse_square/vga_mouse_square:core': (Total ops = 60, Real ops = 18, Vars = 12) (SOL-10)
# Report written to file 'rtl.rpt'
# Netlist written to file 'rtl.v' (NET-4)
# generate concat
# order file name is: rtl.v_order.txt
# Add dependent file: ./rtl_mgc_ioport.v
# Add dependent file: ./rtl_mgc_ioport_v2001.v
# Add dependent file: ./rtl.v
# Finished writing concatenated file: H:/LAB/FINAL PROJECT/PROJECT/FINAL PROJECT/catapult_proj/vga_mouse/vga/vga_mouse_square.v3/concat_rtl.v
# Synthesis timing script written to file './rtl.v.psr_timing'
# IO timing constraints written to synthesis script file
# Synthesis script written to file 'rtl.v.psr'
# Info: Completed transformation 'extract' on solution 'vga_mouse_square.v3': elapsed time 1.95 seconds, memory usage 173400kB, peak memory usage 191872kB (SOL-9)
project save
# Saving project file 'H:/LAB/FINAL PROJECT/PROJECT/FINAL PROJECT/catapult_proj/vga_mouse/vga.ccs'. (PRJ-5)
quit -f
